[ 2016-08-25T08:59:04+08:00 ] ::1 /aaaa/index.php?s=/Home/In/xinjian.html\
INFO: [ app_init ] --START--
INFO: Run Behavior\BuildLiteBehavior [ RunTime:0.000000s ]
INFO: Run Common\Behavior\InitHookBehavior [ RunTime:0.003000s ]
INFO: [ app_init ] --END-- [ RunTime:0.003000s ]
INFO: [ app_begin ] --START--
INFO: Run Behavior\ReadHtmlCacheBehavior [ RunTime:0.001000s ]
INFO: [ app_begin ] --END-- [ RunTime:0.001000s ]
SQL: SHOW COLUMNS FROM `one_config` [ RunTime:0.0220s ]
SQL: SELECT `type`,`name`,`value` FROM `one_config` WHERE `status` = 1  [ RunTime:0.0000s ]

[ 2016-08-25T08:59:05+08:00 ] ::1 /aaaa/index.php?s=/Home/Index/index.html
INFO: [ app_init ] --START--
INFO: Run Behavior\BuildLiteBehavior [ RunTime:0.000000s ]
INFO: Run Common\Behavior\InitHookBehavior [ RunTime:0.001000s ]
INFO: [ app_init ] --END-- [ RunTime:0.002000s ]
INFO: [ app_begin ] --START--
INFO: Run Behavior\ReadHtmlCacheBehavior [ RunTime:0.000000s ]
INFO: [ app_begin ] --END-- [ RunTime:0.001000s ]
SQL: SHOW COLUMNS FROM `one_config` [ RunTime:0.0020s ]
SQL: SELECT `type`,`name`,`value` FROM `one_config` WHERE `status` = 1  [ RunTime:0.0010s ]
SQL: SHOW COLUMNS FROM `one_duty` [ RunTime:0.0010s ]
SQL: SELECT * FROM `one_duty` WHERE `user_uid` = 1  [ RunTime:0.0010s ]
NOTIC: [8] Undefined offset: 0 E:\phpStudy\WWW\aaaa\Application\Home\Controller\IndexController.class.php 第 40 行.
SQL: SHOW COLUMNS FROM `one_xiangmu` [ RunTime:0.0020s ]
SQL: SHOW COLUMNS FROM `one_xiangmu` [ RunTime:0.0020s ]
SQL: SELECT COUNT(*) AS tp_count FROM `one_xiangmu` WHERE `user_uid` = 1 LIMIT 1   [ RunTime:0.0000s ]
SQL: SELECT `id`,`name`,`fenlei`,`location`,`company`,`man`,`phone`,`work_progress`,`next_plan`,`problem`,`help`,`action`,`major`,`major2`,`major3`,`major4`,`haimian`,`shenpi`,`user_uid`,`time`,`create_time`,`construction_year`,`construction_content`,`current_week`,`finish_time1`,`finish_time2`,`finish_time3`,`finish_time4`,`finish_time5`,`finish_time6`,`finish_time7`,`finish_time8`,`finish_time9`,`finish_time10`,`finish_time11`,`plan_01`,`plan_02`,`plan_03`,`plan_04`,`plan_05`,`plan_06`,`plan_07`,`money_need`,`next_year_plan`,`money_need_next` FROM `one_xiangmu` WHERE `user_uid` = 1 ORDER BY create_time desc  LIMIT 0,10   [ RunTime:0.0000s ]
SQL: SELECT * FROM `one_xiangmu`  [ RunTime:0.0010s ]
NOTIC: [8] Undefined variable: i E:\phpStudy\WWW\aaaa\Application\Home\Controller\IndexController.class.php 第 258 行.
NOTIC: [8] Undefined variable: i E:\phpStudy\WWW\aaaa\Application\Home\Controller\IndexController.class.php 第 258 行.
NOTIC: [8] Undefined variable: i E:\phpStudy\WWW\aaaa\Application\Home\Controller\IndexController.class.php 第 260 行.
NOTIC: [8] Undefined offset: -1 E:\phpStudy\WWW\aaaa\Application\Home\Controller\IndexController.class.php 第 260 行.
NOTIC: [8] Undefined variable: i E:\phpStudy\WWW\aaaa\Application\Home\Controller\IndexController.class.php 第 260 行.
NOTIC: [8] Undefined variable: i E:\phpStudy\WWW\aaaa\Application\Home\Controller\IndexController.class.php 第 258 行.
SQL: SHOW COLUMNS FROM `one_duty` [ RunTime:0.0020s ]
SQL: SELECT * FROM `one_duty`  [ RunTime:0.0000s ]
NOTIC: [8] Undefined variable: i E:\phpStudy\WWW\aaaa\Application\Home\Controller\IndexController.class.php 第 290 行.
NOTIC: [8] Undefined variable: i E:\phpStudy\WWW\aaaa\Application\Home\Controller\IndexController.class.php 第 290 行.
NOTIC: [8] Undefined variable: i E:\phpStudy\WWW\aaaa\Application\Home\Controller\IndexController.class.php 第 292 行.
NOTIC: [8] Undefined offset: -1 E:\phpStudy\WWW\aaaa\Application\Home\Controller\IndexController.class.php 第 292 行.
NOTIC: [8] Undefined variable: i E:\phpStudy\WWW\aaaa\Application\Home\Controller\IndexController.class.php 第 292 行.
NOTIC: [8] Undefined variable: i E:\phpStudy\WWW\aaaa\Application\Home\Controller\IndexController.class.php 第 290 行.
SQL: SELECT * FROM `one_xiangmu`  [ RunTime:0.0000s ]
NOTIC: [8] Undefined variable: i E:\phpStudy\WWW\aaaa\Application\Home\Controller\IndexController.class.php 第 258 行.
NOTIC: [8] Undefined variable: i E:\phpStudy\WWW\aaaa\Application\Home\Controller\IndexController.class.php 第 258 行.
NOTIC: [8] Undefined variable: i E:\phpStudy\WWW\aaaa\Application\Home\Controller\IndexController.class.php 第 260 行.
NOTIC: [8] Undefined offset: -1 E:\phpStudy\WWW\aaaa\Application\Home\Controller\IndexController.class.php 第 260 行.
NOTIC: [8] Undefined variable: i E:\phpStudy\WWW\aaaa\Application\Home\Controller\IndexController.class.php 第 260 行.
NOTIC: [8] Undefined variable: i E:\phpStudy\WWW\aaaa\Application\Home\Controller\IndexController.class.php 第 258 行.
SQL: SELECT * FROM `one_duty`  [ RunTime:0.0000s ]
NOTIC: [8] Undefined variable: i E:\phpStudy\WWW\aaaa\Application\Home\Controller\IndexController.class.php 第 290 行.
NOTIC: [8] Undefined variable: i E:\phpStudy\WWW\aaaa\Application\Home\Controller\IndexController.class.php 第 290 行.
NOTIC: [8] Undefined variable: i E:\phpStudy\WWW\aaaa\Application\Home\Controller\IndexController.class.php 第 292 行.
NOTIC: [8] Undefined offset: -1 E:\phpStudy\WWW\aaaa\Application\Home\Controller\IndexController.class.php 第 292 行.
NOTIC: [8] Undefined variable: i E:\phpStudy\WWW\aaaa\Application\Home\Controller\IndexController.class.php 第 292 行.
NOTIC: [8] Undefined variable: i E:\phpStudy\WWW\aaaa\Application\Home\Controller\IndexController.class.php 第 290 行.
SQL: SELECT * FROM `one_xiangmu`  [ RunTime:0.0010s ]
NOTIC: [8] Undefined variable: i E:\phpStudy\WWW\aaaa\Application\Home\Controller\IndexController.class.php 第 258 行.
NOTIC: [8] Undefined variable: i E:\phpStudy\WWW\aaaa\Application\Home\Controller\IndexController.class.php 第 258 行.
NOTIC: [8] Undefined variable: i E:\phpStudy\WWW\aaaa\Application\Home\Controller\IndexController.class.php 第 260 行.
NOTIC: [8] Undefined offset: -1 E:\phpStudy\WWW\aaaa\Application\Home\Controller\IndexController.class.php 第 260 行.
NOTIC: [8] Undefined variable: i E:\phpStudy\WWW\aaaa\Application\Home\Controller\IndexController.class.php 第 260 行.
NOTIC: [8] Undefined variable: i E:\phpStudy\WWW\aaaa\Application\Home\Controller\IndexController.class.php 第 258 行.
SQL: SELECT * FROM `one_duty`  [ RunTime:0.0000s ]
NOTIC: [8] Undefined variable: i E:\phpStudy\WWW\aaaa\Application\Home\Controller\IndexController.class.php 第 290 行.
NOTIC: [8] Undefined variable: i E:\phpStudy\WWW\aaaa\Application\Home\Controller\IndexController.class.php 第 290 行.
NOTIC: [8] Undefined variable: i E:\phpStudy\WWW\aaaa\Application\Home\Controller\IndexController.class.php 第 292 行.
NOTIC: [8] Undefined offset: -1 E:\phpStudy\WWW\aaaa\Application\Home\Controller\IndexController.class.php 第 292 行.
NOTIC: [8] Undefined variable: i E:\phpStudy\WWW\aaaa\Application\Home\Controller\IndexController.class.php 第 292 行.
NOTIC: [8] Undefined variable: i E:\phpStudy\WWW\aaaa\Application\Home\Controller\IndexController.class.php 第 290 行.
SQL: SELECT * FROM `one_xiangmu`  [ RunTime:0.0010s ]
NOTIC: [8] Undefined variable: i E:\phpStudy\WWW\aaaa\Application\Home\Controller\IndexController.class.php 第 258 行.
NOTIC: [8] Undefined variable: i E:\phpStudy\WWW\aaaa\Application\Home\Controller\IndexController.class.php 第 258 行.
NOTIC: [8] Undefined variable: i E:\phpStudy\WWW\aaaa\Application\Home\Controller\IndexController.class.php 第 260 行.
NOTIC: [8] Undefined offset: -1 E:\phpStudy\WWW\aaaa\Application\Home\Controller\IndexController.class.php 第 260 行.
NOTIC: [8] Undefined variable: i E:\phpStudy\WWW\aaaa\Application\Home\Controller\IndexController.class.php 第 260 行.
NOTIC: [8] Undefined variable: i E:\phpStudy\WWW\aaaa\Application\Home\Controller\IndexController.class.php 第 258 行.
SQL: SELECT * FROM `one_duty`  [ RunTime:0.0000s ]
NOTIC: [8] Undefined variable: i E:\phpStudy\WWW\aaaa\Application\Home\Controller\IndexController.class.php 第 290 行.
NOTIC: [8] Undefined variable: i E:\phpStudy\WWW\aaaa\Application\Home\Controller\IndexController.class.php 第 290 行.
NOTIC: [8] Undefined variable: i E:\phpStudy\WWW\aaaa\Application\Home\Controller\IndexController.class.php 第 292 行.
NOTIC: [8] Undefined offset: -1 E:\phpStudy\WWW\aaaa\Application\Home\Controller\IndexController.class.php 第 292 行.
NOTIC: [8] Undefined variable: i E:\phpStudy\WWW\aaaa\Application\Home\Controller\IndexController.class.php 第 292 行.
NOTIC: [8] Undefined variable: i E:\phpStudy\WWW\aaaa\Application\Home\Controller\IndexController.class.php 第 290 行.
SQL: SELECT * FROM `one_xiangmu`  [ RunTime:0.0010s ]
NOTIC: [8] Undefined variable: i E:\phpStudy\WWW\aaaa\Application\Home\Controller\IndexController.class.php 第 258 行.
NOTIC: [8] Undefined variable: i E:\phpStudy\WWW\aaaa\Application\Home\Controller\IndexController.class.php 第 258 行.
NOTIC: [8] Undefined variable: i E:\phpStudy\WWW\aaaa\Application\Home\Controller\IndexController.class.php 第 260 行.
NOTIC: [8] Undefined offset: -1 E:\phpStudy\WWW\aaaa\Application\Home\Controller\IndexController.class.php 第 260 行.
NOTIC: [8] Undefined variable: i E:\phpStudy\WWW\aaaa\Application\Home\Controller\IndexController.class.php 第 260 行.
NOTIC: [8] Undefined variable: i E:\phpStudy\WWW\aaaa\Application\Home\Controller\IndexController.class.php 第 258 行.
SQL: SELECT * FROM `one_duty`  [ RunTime:0.0000s ]
NOTIC: [8] Undefined variable: i E:\phpStudy\WWW\aaaa\Application\Home\Controller\IndexController.class.php 第 290 行.
NOTIC: [8] Undefined variable: i E:\phpStudy\WWW\aaaa\Application\Home\Controller\IndexController.class.php 第 290 行.
NOTIC: [8] Undefined variable: i E:\phpStudy\WWW\aaaa\Application\Home\Controller\IndexController.class.php 第 292 行.
NOTIC: [8] Undefined offset: -1 E:\phpStudy\WWW\aaaa\Application\Home\Controller\IndexController.class.php 第 292 行.
NOTIC: [8] Undefined variable: i E:\phpStudy\WWW\aaaa\Application\Home\Controller\IndexController.class.php 第 292 行.
NOTIC: [8] Undefined variable: i E:\phpStudy\WWW\aaaa\Application\Home\Controller\IndexController.class.php 第 290 行.
INFO: [ view_parse ] --START--
INFO: [ template_filter ] --START--
INFO: Run Behavior\ContentReplaceBehavior [ RunTime:0.000000s ]
INFO: [ template_filter ] --END-- [ RunTime:0.000000s ]
SQL: SHOW COLUMNS FROM `one_channel` [ RunTime:0.0030s ]
SQL: SELECT `id`,`pid`,`title`,`url`,`sort`,`create_time`,`update_time`,`status`,`target` FROM `one_channel` WHERE ( status=1 ) ORDER BY sort  [ RunTime:0.0010s ]
NOTIC: [8] Undefined variable: now E:\phpStudy\WWW\aaaa\Runtime\Cache\Home\769e70f2e46f34ceb60619bbda5e4691.php 第 188 行.
INFO: Run Behavior\ParseTemplateBehavior [ RunTime:0.062000s ]
INFO: [ view_parse ] --END-- [ RunTime:0.062000s ]
INFO: [ view_filter ] --START--
INFO: Run Behavior\WriteHtmlCacheBehavior [ RunTime:0.001000s ]
INFO: [ view_filter ] --END-- [ RunTime:0.001000s ]
INFO: [ app_end ] --START--
INFO: Run Behavior\ShowPageTraceBehavior [ RunTime:0.001000s ]
INFO: [ app_end ] --END-- [ RunTime:0.001000s ]

[ 2016-08-25T08:59:15+08:00 ] ::1 /aaaa/index.php?s=/Home/Test/index.html
INFO: [ app_init ] --START--
INFO: Run Behavior\BuildLiteBehavior [ RunTime:0.000000s ]
INFO: Run Common\Behavior\InitHookBehavior [ RunTime:0.001000s ]
INFO: [ app_init ] --END-- [ RunTime:0.001000s ]
INFO: [ app_begin ] --START--
INFO: Run Behavior\ReadHtmlCacheBehavior [ RunTime:0.000000s ]
INFO: [ app_begin ] --END-- [ RunTime:0.000000s ]
SQL: SHOW COLUMNS FROM `one_config` [ RunTime:0.0020s ]
SQL: SELECT `type`,`name`,`value` FROM `one_config` WHERE `status` = 1  [ RunTime:0.0000s ]
INFO: [ view_parse ] --START--
INFO: [ template_filter ] --START--
INFO: Run Behavior\ContentReplaceBehavior [ RunTime:0.000000s ]
INFO: [ template_filter ] --END-- [ RunTime:0.000000s ]
INFO: Run Behavior\ParseTemplateBehavior [ RunTime:0.004000s ]
INFO: [ view_parse ] --END-- [ RunTime:0.004000s ]
INFO: [ view_filter ] --START--
INFO: Run Behavior\WriteHtmlCacheBehavior [ RunTime:0.000000s ]
INFO: [ view_filter ] --END-- [ RunTime:0.000000s ]
INFO: [ app_end ] --START--
INFO: Run Behavior\ShowPageTraceBehavior [ RunTime:0.001000s ]
INFO: [ app_end ] --END-- [ RunTime:0.001000s ]

[ 2016-08-25T08:59:58+08:00 ] ::1 /aaaa/index.php?s=/Home/Test/index.html
INFO: [ app_init ] --START--
INFO: Run Behavior\BuildLiteBehavior [ RunTime:0.000000s ]
INFO: Run Common\Behavior\InitHookBehavior [ RunTime:0.001000s ]
INFO: [ app_init ] --END-- [ RunTime:0.001000s ]
INFO: [ app_begin ] --START--
INFO: Run Behavior\ReadHtmlCacheBehavior [ RunTime:0.001000s ]
INFO: [ app_begin ] --END-- [ RunTime:0.001000s ]
SQL: SHOW COLUMNS FROM `one_config` [ RunTime:0.0010s ]
SQL: SELECT `type`,`name`,`value` FROM `one_config` WHERE `status` = 1  [ RunTime:0.0020s ]
INFO: [ view_parse ] --START--
INFO: [ template_filter ] --START--
INFO: Run Behavior\ContentReplaceBehavior [ RunTime:0.000000s ]
INFO: [ template_filter ] --END-- [ RunTime:0.000000s ]
INFO: Run Behavior\ParseTemplateBehavior [ RunTime:0.004000s ]
INFO: [ view_parse ] --END-- [ RunTime:0.004000s ]
INFO: [ view_filter ] --START--
INFO: Run Behavior\WriteHtmlCacheBehavior [ RunTime:0.000000s ]
INFO: [ view_filter ] --END-- [ RunTime:0.000000s ]
INFO: [ app_end ] --START--
INFO: Run Behavior\ShowPageTraceBehavior [ RunTime:0.001000s ]
INFO: [ app_end ] --END-- [ RunTime:0.001000s ]

[ 2016-08-25T09:01:38+08:00 ] ::1 /aaaa/index.php?s=/Home/Test/index.html
INFO: [ app_init ] --START--
INFO: Run Behavior\BuildLiteBehavior [ RunTime:0.000000s ]
INFO: Run Common\Behavior\InitHookBehavior [ RunTime:0.001000s ]
INFO: [ app_init ] --END-- [ RunTime:0.001000s ]
INFO: [ app_begin ] --START--
INFO: Run Behavior\ReadHtmlCacheBehavior [ RunTime:0.000000s ]
INFO: [ app_begin ] --END-- [ RunTime:0.000000s ]
SQL: SHOW COLUMNS FROM `one_config` [ RunTime:0.0020s ]
SQL: SELECT `type`,`name`,`value` FROM `one_config` WHERE `status` = 1  [ RunTime:0.0000s ]
INFO: [ view_parse ] --START--
INFO: [ template_filter ] --START--
INFO: Run Behavior\ContentReplaceBehavior [ RunTime:0.000000s ]
INFO: [ template_filter ] --END-- [ RunTime:0.000000s ]
INFO: Run Behavior\ParseTemplateBehavior [ RunTime:0.004000s ]
INFO: [ view_parse ] --END-- [ RunTime:0.004000s ]
INFO: [ view_filter ] --START--
INFO: Run Behavior\WriteHtmlCacheBehavior [ RunTime:0.000000s ]
INFO: [ view_filter ] --END-- [ RunTime:0.000000s ]
INFO: [ app_end ] --START--
INFO: Run Behavior\ShowPageTraceBehavior [ RunTime:0.000000s ]
INFO: [ app_end ] --END-- [ RunTime:0.000000s ]

[ 2016-08-25T09:03:02+08:00 ] ::1 /aaaa/index.php?s=/Home/Test/index.html
INFO: [ app_init ] --START--
INFO: Run Behavior\BuildLiteBehavior [ RunTime:0.000000s ]
INFO: Run Common\Behavior\InitHookBehavior [ RunTime:0.002000s ]
INFO: [ app_init ] --END-- [ RunTime:0.002000s ]
INFO: [ app_begin ] --START--
INFO: Run Behavior\ReadHtmlCacheBehavior [ RunTime:0.001000s ]
INFO: [ app_begin ] --END-- [ RunTime:0.001000s ]
SQL: SHOW COLUMNS FROM `one_config` [ RunTime:0.0020s ]
SQL: SELECT `type`,`name`,`value` FROM `one_config` WHERE `status` = 1  [ RunTime:0.0000s ]
INFO: [ view_parse ] --START--
INFO: [ template_filter ] --START--
INFO: Run Behavior\ContentReplaceBehavior [ RunTime:0.000000s ]
INFO: [ template_filter ] --END-- [ RunTime:0.000000s ]
INFO: Run Behavior\ParseTemplateBehavior [ RunTime:0.004000s ]
INFO: [ view_parse ] --END-- [ RunTime:0.004000s ]
INFO: [ view_filter ] --START--
INFO: Run Behavior\WriteHtmlCacheBehavior [ RunTime:0.000000s ]
INFO: [ view_filter ] --END-- [ RunTime:0.000000s ]
INFO: [ app_end ] --START--
INFO: Run Behavior\ShowPageTraceBehavior [ RunTime:0.001000s ]
INFO: [ app_end ] --END-- [ RunTime:0.001000s ]

[ 2016-08-25T09:03:20+08:00 ] ::1 /aaaa/index.php?s=/Home/Test/index.html
INFO: [ app_init ] --START--
INFO: Run Behavior\BuildLiteBehavior [ RunTime:0.000000s ]
INFO: Run Common\Behavior\InitHookBehavior [ RunTime:0.001000s ]
INFO: [ app_init ] --END-- [ RunTime:0.001000s ]
INFO: [ app_begin ] --START--
INFO: Run Behavior\ReadHtmlCacheBehavior [ RunTime:0.000000s ]
INFO: [ app_begin ] --END-- [ RunTime:0.000000s ]
SQL: SHOW COLUMNS FROM `one_config` [ RunTime:0.0010s ]
SQL: SELECT `type`,`name`,`value` FROM `one_config` WHERE `status` = 1  [ RunTime:0.0000s ]
INFO: [ view_parse ] --START--
INFO: [ template_filter ] --START--
INFO: Run Behavior\ContentReplaceBehavior [ RunTime:0.000000s ]
INFO: [ template_filter ] --END-- [ RunTime:0.001000s ]
INFO: Run Behavior\ParseTemplateBehavior [ RunTime:0.005000s ]
INFO: [ view_parse ] --END-- [ RunTime:0.005000s ]
INFO: [ view_filter ] --START--
INFO: Run Behavior\WriteHtmlCacheBehavior [ RunTime:0.000000s ]
INFO: [ view_filter ] --END-- [ RunTime:0.000000s ]
INFO: [ app_end ] --START--
INFO: Run Behavior\ShowPageTraceBehavior [ RunTime:0.000000s ]
INFO: [ app_end ] --END-- [ RunTime:0.000000s ]

[ 2016-08-25T09:03:24+08:00 ] ::1 /aaaa/index.php?s=/Home/Test/index.html
INFO: [ app_init ] --START--
INFO: Run Behavior\BuildLiteBehavior [ RunTime:0.000000s ]
INFO: Run Common\Behavior\InitHookBehavior [ RunTime:0.002000s ]
INFO: [ app_init ] --END-- [ RunTime:0.002000s ]
INFO: [ app_begin ] --START--
INFO: Run Behavior\ReadHtmlCacheBehavior [ RunTime:0.000000s ]
INFO: [ app_begin ] --END-- [ RunTime:0.000000s ]
SQL: SHOW COLUMNS FROM `one_config` [ RunTime:0.0020s ]
SQL: SELECT `type`,`name`,`value` FROM `one_config` WHERE `status` = 1  [ RunTime:0.0000s ]
INFO: [ view_parse ] --START--
INFO: [ template_filter ] --START--
INFO: Run Behavior\ContentReplaceBehavior [ RunTime:0.000000s ]
INFO: [ template_filter ] --END-- [ RunTime:0.000000s ]
INFO: Run Behavior\ParseTemplateBehavior [ RunTime:0.004000s ]
INFO: [ view_parse ] --END-- [ RunTime:0.004000s ]
INFO: [ view_filter ] --START--
INFO: Run Behavior\WriteHtmlCacheBehavior [ RunTime:0.000000s ]
INFO: [ view_filter ] --END-- [ RunTime:0.000000s ]
INFO: [ app_end ] --START--
INFO: Run Behavior\ShowPageTraceBehavior [ RunTime:0.001000s ]
INFO: [ app_end ] --END-- [ RunTime:0.001000s ]

[ 2016-08-25T09:03:28+08:00 ] ::1 /aaaa/index.php?s=/Home/Test/index.html
INFO: [ app_init ] --START--
INFO: Run Behavior\BuildLiteBehavior [ RunTime:0.000000s ]
INFO: Run Common\Behavior\InitHookBehavior [ RunTime:0.001000s ]
INFO: [ app_init ] --END-- [ RunTime:0.001000s ]
INFO: [ app_begin ] --START--
INFO: Run Behavior\ReadHtmlCacheBehavior [ RunTime:0.000000s ]
INFO: [ app_begin ] --END-- [ RunTime:0.000000s ]
SQL: SHOW COLUMNS FROM `one_config` [ RunTime:0.0020s ]
SQL: SELECT `type`,`name`,`value` FROM `one_config` WHERE `status` = 1  [ RunTime:0.0000s ]
INFO: [ view_parse ] --START--
INFO: [ template_filter ] --START--
INFO: Run Behavior\ContentReplaceBehavior [ RunTime:0.000000s ]
INFO: [ template_filter ] --END-- [ RunTime:0.001000s ]
INFO: Run Behavior\ParseTemplateBehavior [ RunTime:0.004000s ]
INFO: [ view_parse ] --END-- [ RunTime:0.005000s ]
INFO: [ view_filter ] --START--
INFO: Run Behavior\WriteHtmlCacheBehavior [ RunTime:0.000000s ]
INFO: [ view_filter ] --END-- [ RunTime:0.000000s ]
INFO: [ app_end ] --START--
INFO: Run Behavior\ShowPageTraceBehavior [ RunTime:0.001000s ]
INFO: [ app_end ] --END-- [ RunTime:0.001000s ]

[ 2016-08-25T09:03:42+08:00 ] ::1 /aaaa/index.php?s=/Home/Test/index.html
INFO: [ app_init ] --START--
INFO: Run Behavior\BuildLiteBehavior [ RunTime:0.000000s ]
INFO: Run Common\Behavior\InitHookBehavior [ RunTime:0.001000s ]
INFO: [ app_init ] --END-- [ RunTime:0.001000s ]
INFO: [ app_begin ] --START--
INFO: Run Behavior\ReadHtmlCacheBehavior [ RunTime:0.001000s ]
INFO: [ app_begin ] --END-- [ RunTime:0.001000s ]
SQL: SHOW COLUMNS FROM `one_config` [ RunTime:0.0010s ]
SQL: SELECT `type`,`name`,`value` FROM `one_config` WHERE `status` = 1  [ RunTime:0.0000s ]
INFO: [ view_parse ] --START--
INFO: [ template_filter ] --START--
INFO: Run Behavior\ContentReplaceBehavior [ RunTime:0.000000s ]
INFO: [ template_filter ] --END-- [ RunTime:0.000000s ]
INFO: Run Behavior\ParseTemplateBehavior [ RunTime:0.003000s ]
INFO: [ view_parse ] --END-- [ RunTime:0.004000s ]
INFO: [ view_filter ] --START--
INFO: Run Behavior\WriteHtmlCacheBehavior [ RunTime:0.001000s ]
INFO: [ view_filter ] --END-- [ RunTime:0.001000s ]
INFO: [ app_end ] --START--
INFO: Run Behavior\ShowPageTraceBehavior [ RunTime:0.000000s ]
INFO: [ app_end ] --END-- [ RunTime:0.000000s ]

[ 2016-08-25T09:06:06+08:00 ] ::1 /aaaa/index.php?s=/Home/Test/index.html
INFO: [ app_init ] --START--
INFO: Run Behavior\BuildLiteBehavior [ RunTime:0.000000s ]
INFO: Run Common\Behavior\InitHookBehavior [ RunTime:0.001000s ]
INFO: [ app_init ] --END-- [ RunTime:0.001000s ]
INFO: [ app_begin ] --START--
INFO: Run Behavior\ReadHtmlCacheBehavior [ RunTime:0.000000s ]
INFO: [ app_begin ] --END-- [ RunTime:0.000000s ]
SQL: SHOW COLUMNS FROM `one_config` [ RunTime:0.0020s ]
SQL: SELECT `type`,`name`,`value` FROM `one_config` WHERE `status` = 1  [ RunTime:0.0010s ]
INFO: [ view_parse ] --START--
INFO: [ template_filter ] --START--
INFO: Run Behavior\ContentReplaceBehavior [ RunTime:0.000000s ]
INFO: [ template_filter ] --END-- [ RunTime:0.000000s ]
INFO: Run Behavior\ParseTemplateBehavior [ RunTime:0.005000s ]
INFO: [ view_parse ] --END-- [ RunTime:0.005000s ]
INFO: [ view_filter ] --START--
INFO: Run Behavior\WriteHtmlCacheBehavior [ RunTime:0.000000s ]
INFO: [ view_filter ] --END-- [ RunTime:0.000000s ]
INFO: [ app_end ] --START--
INFO: Run Behavior\ShowPageTraceBehavior [ RunTime:0.000000s ]
INFO: [ app_end ] --END-- [ RunTime:0.001000s ]

[ 2016-08-25T09:06:41+08:00 ] ::1 /aaaa/index.php?s=/Home/Test/index.html
INFO: [ app_init ] --START--
INFO: Run Behavior\BuildLiteBehavior [ RunTime:0.000000s ]
INFO: Run Common\Behavior\InitHookBehavior [ RunTime:0.001000s ]
INFO: [ app_init ] --END-- [ RunTime:0.001000s ]
INFO: [ app_begin ] --START--
INFO: Run Behavior\ReadHtmlCacheBehavior [ RunTime:0.000000s ]
INFO: [ app_begin ] --END-- [ RunTime:0.000000s ]
SQL: SHOW COLUMNS FROM `one_config` [ RunTime:0.0010s ]
SQL: SELECT `type`,`name`,`value` FROM `one_config` WHERE `status` = 1  [ RunTime:0.0000s ]
INFO: [ view_parse ] --START--
INFO: [ template_filter ] --START--
INFO: Run Behavior\ContentReplaceBehavior [ RunTime:0.000000s ]
INFO: [ template_filter ] --END-- [ RunTime:0.000000s ]
INFO: Run Behavior\ParseTemplateBehavior [ RunTime:0.004000s ]
INFO: [ view_parse ] --END-- [ RunTime:0.004000s ]
INFO: [ view_filter ] --START--
INFO: Run Behavior\WriteHtmlCacheBehavior [ RunTime:0.000000s ]
INFO: [ view_filter ] --END-- [ RunTime:0.000000s ]
INFO: [ app_end ] --START--
INFO: Run Behavior\ShowPageTraceBehavior [ RunTime:0.001000s ]
INFO: [ app_end ] --END-- [ RunTime:0.001000s ]

[ 2016-08-25T09:34:58+08:00 ] ::1 /aaaa/index.php?s=/Home/Index/index.html
INFO: [ app_init ] --START--
INFO: Run Behavior\BuildLiteBehavior [ RunTime:0.000000s ]
INFO: Run Common\Behavior\InitHookBehavior [ RunTime:0.003000s ]
INFO: [ app_init ] --END-- [ RunTime:0.005000s ]
INFO: [ app_begin ] --START--
INFO: Run Behavior\ReadHtmlCacheBehavior [ RunTime:0.001000s ]
INFO: [ app_begin ] --END-- [ RunTime:0.001000s ]
SQL: SHOW COLUMNS FROM `one_config` [ RunTime:0.0070s ]
SQL: SELECT `type`,`name`,`value` FROM `one_config` WHERE `status` = 1  [ RunTime:0.0000s ]
SQL: SHOW COLUMNS FROM `one_duty` [ RunTime:0.0020s ]
SQL: SELECT * FROM `one_duty` WHERE `user_uid` = 1  [ RunTime:0.0010s ]
NOTIC: [8] Undefined offset: 0 E:\phpStudy\WWW\aaaa\Application\Home\Controller\IndexController.class.php 第 40 行.
SQL: SHOW COLUMNS FROM `one_xiangmu` [ RunTime:0.0060s ]
SQL: SHOW COLUMNS FROM `one_xiangmu` [ RunTime:0.0010s ]
SQL: SELECT COUNT(*) AS tp_count FROM `one_xiangmu` WHERE `user_uid` = 1 LIMIT 1   [ RunTime:0.0020s ]
SQL: SELECT `id`,`name`,`fenlei`,`location`,`company`,`man`,`phone`,`work_progress`,`next_plan`,`problem`,`help`,`action`,`major`,`major2`,`major3`,`major4`,`haimian`,`shenpi`,`user_uid`,`time`,`create_time`,`construction_year`,`construction_content`,`current_week`,`finish_time1`,`finish_time2`,`finish_time3`,`finish_time4`,`finish_time5`,`finish_time6`,`finish_time7`,`finish_time8`,`finish_time9`,`finish_time10`,`finish_time11`,`plan_01`,`plan_02`,`plan_03`,`plan_04`,`plan_05`,`plan_06`,`plan_07`,`money_need`,`next_year_plan`,`money_need_next` FROM `one_xiangmu` WHERE `user_uid` = 1 ORDER BY create_time desc  LIMIT 0,10   [ RunTime:0.0050s ]
SQL: SELECT * FROM `one_xiangmu`  [ RunTime:0.0010s ]
NOTIC: [8] Undefined variable: i E:\phpStudy\WWW\aaaa\Application\Home\Controller\IndexController.class.php 第 258 行.
NOTIC: [8] Undefined variable: i E:\phpStudy\WWW\aaaa\Application\Home\Controller\IndexController.class.php 第 258 行.
NOTIC: [8] Undefined variable: i E:\phpStudy\WWW\aaaa\Application\Home\Controller\IndexController.class.php 第 260 行.
NOTIC: [8] Undefined offset: -1 E:\phpStudy\WWW\aaaa\Application\Home\Controller\IndexController.class.php 第 260 行.
NOTIC: [8] Undefined variable: i E:\phpStudy\WWW\aaaa\Application\Home\Controller\IndexController.class.php 第 260 行.
NOTIC: [8] Undefined variable: i E:\phpStudy\WWW\aaaa\Application\Home\Controller\IndexController.class.php 第 258 行.
SQL: SHOW COLUMNS FROM `one_duty` [ RunTime:0.0020s ]
SQL: SELECT * FROM `one_duty`  [ RunTime:0.0010s ]
NOTIC: [8] Undefined variable: i E:\phpStudy\WWW\aaaa\Application\Home\Controller\IndexController.class.php 第 290 行.
NOTIC: [8] Undefined variable: i E:\phpStudy\WWW\aaaa\Application\Home\Controller\IndexController.class.php 第 290 行.
NOTIC: [8] Undefined variable: i E:\phpStudy\WWW\aaaa\Application\Home\Controller\IndexController.class.php 第 292 行.
NOTIC: [8] Undefined offset: -1 E:\phpStudy\WWW\aaaa\Application\Home\Controller\IndexController.class.php 第 292 行.
NOTIC: [8] Undefined variable: i E:\phpStudy\WWW\aaaa\Application\Home\Controller\IndexController.class.php 第 292 行.
NOTIC: [8] Undefined variable: i E:\phpStudy\WWW\aaaa\Application\Home\Controller\IndexController.class.php 第 290 行.
SQL: SELECT * FROM `one_xiangmu`  [ RunTime:0.0000s ]
NOTIC: [8] Undefined variable: i E:\phpStudy\WWW\aaaa\Application\Home\Controller\IndexController.class.php 第 258 行.
NOTIC: [8] Undefined variable: i E:\phpStudy\WWW\aaaa\Application\Home\Controller\IndexController.class.php 第 258 行.
NOTIC: [8] Undefined variable: i E:\phpStudy\WWW\aaaa\Application\Home\Controller\IndexController.class.php 第 260 行.
NOTIC: [8] Undefined offset: -1 E:\phpStudy\WWW\aaaa\Application\Home\Controller\IndexController.class.php 第 260 行.
NOTIC: [8] Undefined variable: i E:\phpStudy\WWW\aaaa\Application\Home\Controller\IndexController.class.php 第 260 行.
NOTIC: [8] Undefined variable: i E:\phpStudy\WWW\aaaa\Application\Home\Controller\IndexController.class.php 第 258 行.
SQL: SELECT * FROM `one_duty`  [ RunTime:0.0000s ]
NOTIC: [8] Undefined variable: i E:\phpStudy\WWW\aaaa\Application\Home\Controller\IndexController.class.php 第 290 行.
NOTIC: [8] Undefined variable: i E:\phpStudy\WWW\aaaa\Application\Home\Controller\IndexController.class.php 第 290 行.
NOTIC: [8] Undefined variable: i E:\phpStudy\WWW\aaaa\Application\Home\Controller\IndexController.class.php 第 292 行.
NOTIC: [8] Undefined offset: -1 E:\phpStudy\WWW\aaaa\Application\Home\Controller\IndexController.class.php 第 292 行.
NOTIC: [8] Undefined variable: i E:\phpStudy\WWW\aaaa\Application\Home\Controller\IndexController.class.php 第 292 行.
NOTIC: [8] Undefined variable: i E:\phpStudy\WWW\aaaa\Application\Home\Controller\IndexController.class.php 第 290 行.
SQL: SELECT * FROM `one_xiangmu`  [ RunTime:0.0010s ]
NOTIC: [8] Undefined variable: i E:\phpStudy\WWW\aaaa\Application\Home\Controller\IndexController.class.php 第 258 行.
NOTIC: [8] Undefined variable: i E:\phpStudy\WWW\aaaa\Application\Home\Controller\IndexController.class.php 第 258 行.
NOTIC: [8] Undefined variable: i E:\phpStudy\WWW\aaaa\Application\Home\Controller\IndexController.class.php 第 260 行.
NOTIC: [8] Undefined offset: -1 E:\phpStudy\WWW\aaaa\Application\Home\Controller\IndexController.class.php 第 260 行.
NOTIC: [8] Undefined variable: i E:\phpStudy\WWW\aaaa\Application\Home\Controller\IndexController.class.php 第 260 行.
NOTIC: [8] Undefined variable: i E:\phpStudy\WWW\aaaa\Application\Home\Controller\IndexController.class.php 第 258 行.
SQL: SELECT * FROM `one_duty`  [ RunTime:0.0010s ]
NOTIC: [8] Undefined variable: i E:\phpStudy\WWW\aaaa\Application\Home\Controller\IndexController.class.php 第 290 行.
NOTIC: [8] Undefined variable: i E:\phpStudy\WWW\aaaa\Application\Home\Controller\IndexController.class.php 第 290 行.
NOTIC: [8] Undefined variable: i E:\phpStudy\WWW\aaaa\Application\Home\Controller\IndexController.class.php 第 292 行.
NOTIC: [8] Undefined offset: -1 E:\phpStudy\WWW\aaaa\Application\Home\Controller\IndexController.class.php 第 292 行.
NOTIC: [8] Undefined variable: i E:\phpStudy\WWW\aaaa\Application\Home\Controller\IndexController.class.php 第 292 行.
NOTIC: [8] Undefined variable: i E:\phpStudy\WWW\aaaa\Application\Home\Controller\IndexController.class.php 第 290 行.
SQL: SELECT * FROM `one_xiangmu`  [ RunTime:0.0000s ]
NOTIC: [8] Undefined variable: i E:\phpStudy\WWW\aaaa\Application\Home\Controller\IndexController.class.php 第 258 行.
NOTIC: [8] Undefined variable: i E:\phpStudy\WWW\aaaa\Application\Home\Controller\IndexController.class.php 第 258 行.
NOTIC: [8] Undefined variable: i E:\phpStudy\WWW\aaaa\Application\Home\Controller\IndexController.class.php 第 260 行.
NOTIC: [8] Undefined offset: -1 E:\phpStudy\WWW\aaaa\Application\Home\Controller\IndexController.class.php 第 260 行.
NOTIC: [8] Undefined variable: i E:\phpStudy\WWW\aaaa\Application\Home\Controller\IndexController.class.php 第 260 行.
NOTIC: [8] Undefined variable: i E:\phpStudy\WWW\aaaa\Application\Home\Controller\IndexController.class.php 第 258 行.
SQL: SELECT * FROM `one_duty`  [ RunTime:0.0000s ]
NOTIC: [8] Undefined variable: i E:\phpStudy\WWW\aaaa\Application\Home\Controller\IndexController.class.php 第 290 行.
NOTIC: [8] Undefined variable: i E:\phpStudy\WWW\aaaa\Application\Home\Controller\IndexController.class.php 第 290 行.
NOTIC: [8] Undefined variable: i E:\phpStudy\WWW\aaaa\Application\Home\Controller\IndexController.class.php 第 292 行.
NOTIC: [8] Undefined offset: -1 E:\phpStudy\WWW\aaaa\Application\Home\Controller\IndexController.class.php 第 292 行.
NOTIC: [8] Undefined variable: i E:\phpStudy\WWW\aaaa\Application\Home\Controller\IndexController.class.php 第 292 行.
NOTIC: [8] Undefined variable: i E:\phpStudy\WWW\aaaa\Application\Home\Controller\IndexController.class.php 第 290 行.
SQL: SELECT * FROM `one_xiangmu`  [ RunTime:0.0000s ]
NOTIC: [8] Undefined variable: i E:\phpStudy\WWW\aaaa\Application\Home\Controller\IndexController.class.php 第 258 行.
NOTIC: [8] Undefined variable: i E:\phpStudy\WWW\aaaa\Application\Home\Controller\IndexController.class.php 第 258 行.
NOTIC: [8] Undefined variable: i E:\phpStudy\WWW\aaaa\Application\Home\Controller\IndexController.class.php 第 260 行.
NOTIC: [8] Undefined offset: -1 E:\phpStudy\WWW\aaaa\Application\Home\Controller\IndexController.class.php 第 260 行.
NOTIC: [8] Undefined variable: i E:\phpStudy\WWW\aaaa\Application\Home\Controller\IndexController.class.php 第 260 行.
NOTIC: [8] Undefined variable: i E:\phpStudy\WWW\aaaa\Application\Home\Controller\IndexController.class.php 第 258 行.
SQL: SELECT * FROM `one_duty`  [ RunTime:0.0000s ]
NOTIC: [8] Undefined variable: i E:\phpStudy\WWW\aaaa\Application\Home\Controller\IndexController.class.php 第 290 行.
NOTIC: [8] Undefined variable: i E:\phpStudy\WWW\aaaa\Application\Home\Controller\IndexController.class.php 第 290 行.
NOTIC: [8] Undefined variable: i E:\phpStudy\WWW\aaaa\Application\Home\Controller\IndexController.class.php 第 292 行.
NOTIC: [8] Undefined offset: -1 E:\phpStudy\WWW\aaaa\Application\Home\Controller\IndexController.class.php 第 292 行.
NOTIC: [8] Undefined variable: i E:\phpStudy\WWW\aaaa\Application\Home\Controller\IndexController.class.php 第 292 行.
NOTIC: [8] Undefined variable: i E:\phpStudy\WWW\aaaa\Application\Home\Controller\IndexController.class.php 第 290 行.
INFO: [ view_parse ] --START--
INFO: [ template_filter ] --START--
INFO: Run Behavior\ContentReplaceBehavior [ RunTime:0.001000s ]
INFO: [ template_filter ] --END-- [ RunTime:0.001000s ]
SQL: SHOW COLUMNS FROM `one_channel` [ RunTime:0.0060s ]
SQL: SELECT `id`,`pid`,`title`,`url`,`sort`,`create_time`,`update_time`,`status`,`target` FROM `one_channel` WHERE ( status=1 ) ORDER BY sort  [ RunTime:0.0010s ]
NOTIC: [8] Undefined variable: now E:\phpStudy\WWW\aaaa\Runtime\Cache\Home\769e70f2e46f34ceb60619bbda5e4691.php 第 188 行.
INFO: Run Behavior\ParseTemplateBehavior [ RunTime:0.072000s ]
INFO: [ view_parse ] --END-- [ RunTime:0.072000s ]
INFO: [ view_filter ] --START--
INFO: Run Behavior\WriteHtmlCacheBehavior [ RunTime:0.000000s ]
INFO: [ view_filter ] --END-- [ RunTime:0.001000s ]
INFO: [ app_end ] --START--
INFO: Run Behavior\ShowPageTraceBehavior [ RunTime:0.001000s ]
INFO: [ app_end ] --END-- [ RunTime:0.001000s ]

[ 2016-08-25T09:35:06+08:00 ] ::1 /aaaa/index.php?s=/Home/Index/index.html
INFO: [ app_init ] --START--
INFO: Run Behavior\BuildLiteBehavior [ RunTime:0.000000s ]
INFO: Run Common\Behavior\InitHookBehavior [ RunTime:0.001000s ]
INFO: [ app_init ] --END-- [ RunTime:0.001000s ]
INFO: [ app_begin ] --START--
INFO: Run Behavior\ReadHtmlCacheBehavior [ RunTime:0.000000s ]
INFO: [ app_begin ] --END-- [ RunTime:0.000000s ]
SQL: SHOW COLUMNS FROM `one_config` [ RunTime:0.0050s ]
SQL: SELECT `type`,`name`,`value` FROM `one_config` WHERE `status` = 1  [ RunTime:0.0060s ]
SQL: SHOW COLUMNS FROM `one_duty` [ RunTime:0.0020s ]
SQL: SELECT * FROM `one_duty` WHERE `user_uid` = 1  [ RunTime:0.0000s ]
NOTIC: [8] Undefined offset: 0 E:\phpStudy\WWW\aaaa\Application\Home\Controller\IndexController.class.php 第 40 行.
SQL: SHOW COLUMNS FROM `one_xiangmu` [ RunTime:0.0020s ]
SQL: SHOW COLUMNS FROM `one_xiangmu` [ RunTime:0.0010s ]
SQL: SELECT COUNT(*) AS tp_count FROM `one_xiangmu` WHERE `user_uid` = 1 LIMIT 1   [ RunTime:0.0000s ]
SQL: SELECT `id`,`name`,`fenlei`,`location`,`company`,`man`,`phone`,`work_progress`,`next_plan`,`problem`,`help`,`action`,`major`,`major2`,`major3`,`major4`,`haimian`,`shenpi`,`user_uid`,`time`,`create_time`,`construction_year`,`construction_content`,`current_week`,`finish_time1`,`finish_time2`,`finish_time3`,`finish_time4`,`finish_time5`,`finish_time6`,`finish_time7`,`finish_time8`,`finish_time9`,`finish_time10`,`finish_time11`,`plan_01`,`plan_02`,`plan_03`,`plan_04`,`plan_05`,`plan_06`,`plan_07`,`money_need`,`next_year_plan`,`money_need_next` FROM `one_xiangmu` WHERE `user_uid` = 1 ORDER BY create_time desc  LIMIT 0,10   [ RunTime:0.0010s ]
SQL: SELECT * FROM `one_xiangmu`  [ RunTime:0.0000s ]
NOTIC: [8] Undefined variable: i E:\phpStudy\WWW\aaaa\Application\Home\Controller\IndexController.class.php 第 258 行.
NOTIC: [8] Undefined variable: i E:\phpStudy\WWW\aaaa\Application\Home\Controller\IndexController.class.php 第 258 行.
NOTIC: [8] Undefined variable: i E:\phpStudy\WWW\aaaa\Application\Home\Controller\IndexController.class.php 第 260 行.
NOTIC: [8] Undefined offset: -1 E:\phpStudy\WWW\aaaa\Application\Home\Controller\IndexController.class.php 第 260 行.
NOTIC: [8] Undefined variable: i E:\phpStudy\WWW\aaaa\Application\Home\Controller\IndexController.class.php 第 260 行.
NOTIC: [8] Undefined variable: i E:\phpStudy\WWW\aaaa\Application\Home\Controller\IndexController.class.php 第 258 行.
SQL: SHOW COLUMNS FROM `one_duty` [ RunTime:0.0060s ]
SQL: SELECT * FROM `one_duty`  [ RunTime:0.0000s ]
NOTIC: [8] Undefined variable: i E:\phpStudy\WWW\aaaa\Application\Home\Controller\IndexController.class.php 第 290 行.
NOTIC: [8] Undefined variable: i E:\phpStudy\WWW\aaaa\Application\Home\Controller\IndexController.class.php 第 290 行.
NOTIC: [8] Undefined variable: i E:\phpStudy\WWW\aaaa\Application\Home\Controller\IndexController.class.php 第 292 行.
NOTIC: [8] Undefined offset: -1 E:\phpStudy\WWW\aaaa\Application\Home\Controller\IndexController.class.php 第 292 行.
NOTIC: [8] Undefined variable: i E:\phpStudy\WWW\aaaa\Application\Home\Controller\IndexController.class.php 第 292 行.
NOTIC: [8] Undefined variable: i E:\phpStudy\WWW\aaaa\Application\Home\Controller\IndexController.class.php 第 290 行.
SQL: SELECT * FROM `one_xiangmu`  [ RunTime:0.0010s ]
NOTIC: [8] Undefined variable: i E:\phpStudy\WWW\aaaa\Application\Home\Controller\IndexController.class.php 第 258 行.
NOTIC: [8] Undefined variable: i E:\phpStudy\WWW\aaaa\Application\Home\Controller\IndexController.class.php 第 258 行.
NOTIC: [8] Undefined variable: i E:\phpStudy\WWW\aaaa\Application\Home\Controller\IndexController.class.php 第 260 行.
NOTIC: [8] Undefined offset: -1 E:\phpStudy\WWW\aaaa\Application\Home\Controller\IndexController.class.php 第 260 行.
NOTIC: [8] Undefined variable: i E:\phpStudy\WWW\aaaa\Application\Home\Controller\IndexController.class.php 第 260 行.
NOTIC: [8] Undefined variable: i E:\phpStudy\WWW\aaaa\Application\Home\Controller\IndexController.class.php 第 258 行.
SQL: SELECT * FROM `one_duty`  [ RunTime:0.0000s ]
NOTIC: [8] Undefined variable: i E:\phpStudy\WWW\aaaa\Application\Home\Controller\IndexController.class.php 第 290 行.
NOTIC: [8] Undefined variable: i E:\phpStudy\WWW\aaaa\Application\Home\Controller\IndexController.class.php 第 290 行.
NOTIC: [8] Undefined variable: i E:\phpStudy\WWW\aaaa\Application\Home\Controller\IndexController.class.php 第 292 行.
NOTIC: [8] Undefined offset: -1 E:\phpStudy\WWW\aaaa\Application\Home\Controller\IndexController.class.php 第 292 行.
NOTIC: [8] Undefined variable: i E:\phpStudy\WWW\aaaa\Application\Home\Controller\IndexController.class.php 第 292 行.
NOTIC: [8] Undefined variable: i E:\phpStudy\WWW\aaaa\Application\Home\Controller\IndexController.class.php 第 290 行.
SQL: SELECT * FROM `one_xiangmu`  [ RunTime:0.0010s ]
NOTIC: [8] Undefined variable: i E:\phpStudy\WWW\aaaa\Application\Home\Controller\IndexController.class.php 第 258 行.
NOTIC: [8] Undefined variable: i E:\phpStudy\WWW\aaaa\Application\Home\Controller\IndexController.class.php 第 258 行.
NOTIC: [8] Undefined variable: i E:\phpStudy\WWW\aaaa\Application\Home\Controller\IndexController.class.php 第 260 行.
NOTIC: [8] Undefined offset: -1 E:\phpStudy\WWW\aaaa\Application\Home\Controller\IndexController.class.php 第 260 行.
NOTIC: [8] Undefined variable: i E:\phpStudy\WWW\aaaa\Application\Home\Controller\IndexController.class.php 第 260 行.
NOTIC: [8] Undefined variable: i E:\phpStudy\WWW\aaaa\Application\Home\Controller\IndexController.class.php 第 258 行.
SQL: SELECT * FROM `one_duty`  [ RunTime:0.0000s ]
NOTIC: [8] Undefined variable: i E:\phpStudy\WWW\aaaa\Application\Home\Controller\IndexController.class.php 第 290 行.
NOTIC: [8] Undefined variable: i E:\phpStudy\WWW\aaaa\Application\Home\Controller\IndexController.class.php 第 290 行.
NOTIC: [8] Undefined variable: i E:\phpStudy\WWW\aaaa\Application\Home\Controller\IndexController.class.php 第 292 行.
NOTIC: [8] Undefined offset: -1 E:\phpStudy\WWW\aaaa\Application\Home\Controller\IndexController.class.php 第 292 行.
NOTIC: [8] Undefined variable: i E:\phpStudy\WWW\aaaa\Application\Home\Controller\IndexController.class.php 第 292 行.
NOTIC: [8] Undefined variable: i E:\phpStudy\WWW\aaaa\Application\Home\Controller\IndexController.class.php 第 290 行.
SQL: SELECT * FROM `one_xiangmu`  [ RunTime:0.0010s ]
NOTIC: [8] Undefined variable: i E:\phpStudy\WWW\aaaa\Application\Home\Controller\IndexController.class.php 第 258 行.
NOTIC: [8] Undefined variable: i E:\phpStudy\WWW\aaaa\Application\Home\Controller\IndexController.class.php 第 258 行.
NOTIC: [8] Undefined variable: i E:\phpStudy\WWW\aaaa\Application\Home\Controller\IndexController.class.php 第 260 行.
NOTIC: [8] Undefined offset: -1 E:\phpStudy\WWW\aaaa\Application\Home\Controller\IndexController.class.php 第 260 行.
NOTIC: [8] Undefined variable: i E:\phpStudy\WWW\aaaa\Application\Home\Controller\IndexController.class.php 第 260 行.
NOTIC: [8] Undefined variable: i E:\phpStudy\WWW\aaaa\Application\Home\Controller\IndexController.class.php 第 258 行.
SQL: SELECT * FROM `one_duty`  [ RunTime:0.0000s ]
NOTIC: [8] Undefined variable: i E:\phpStudy\WWW\aaaa\Application\Home\Controller\IndexController.class.php 第 290 行.
NOTIC: [8] Undefined variable: i E:\phpStudy\WWW\aaaa\Application\Home\Controller\IndexController.class.php 第 290 行.
NOTIC: [8] Undefined variable: i E:\phpStudy\WWW\aaaa\Application\Home\Controller\IndexController.class.php 第 292 行.
NOTIC: [8] Undefined offset: -1 E:\phpStudy\WWW\aaaa\Application\Home\Controller\IndexController.class.php 第 292 行.
NOTIC: [8] Undefined variable: i E:\phpStudy\WWW\aaaa\Application\Home\Controller\IndexController.class.php 第 292 行.
NOTIC: [8] Undefined variable: i E:\phpStudy\WWW\aaaa\Application\Home\Controller\IndexController.class.php 第 290 行.
SQL: SELECT * FROM `one_xiangmu`  [ RunTime:0.0100s ]
NOTIC: [8] Undefined variable: i E:\phpStudy\WWW\aaaa\Application\Home\Controller\IndexController.class.php 第 258 行.
NOTIC: [8] Undefined variable: i E:\phpStudy\WWW\aaaa\Application\Home\Controller\IndexController.class.php 第 258 行.
NOTIC: [8] Undefined variable: i E:\phpStudy\WWW\aaaa\Application\Home\Controller\IndexController.class.php 第 260 行.
NOTIC: [8] Undefined offset: -1 E:\phpStudy\WWW\aaaa\Application\Home\Controller\IndexController.class.php 第 260 行.
NOTIC: [8] Undefined variable: i E:\phpStudy\WWW\aaaa\Application\Home\Controller\IndexController.class.php 第 260 行.
NOTIC: [8] Undefined variable: i E:\phpStudy\WWW\aaaa\Application\Home\Controller\IndexController.class.php 第 258 行.
SQL: SELECT * FROM `one_duty`  [ RunTime:0.0010s ]
NOTIC: [8] Undefined variable: i E:\phpStudy\WWW\aaaa\Application\Home\Controller\IndexController.class.php 第 290 行.
NOTIC: [8] Undefined variable: i E:\phpStudy\WWW\aaaa\Application\Home\Controller\IndexController.class.php 第 290 行.
NOTIC: [8] Undefined variable: i E:\phpStudy\WWW\aaaa\Application\Home\Controller\IndexController.class.php 第 292 行.
NOTIC: [8] Undefined offset: -1 E:\phpStudy\WWW\aaaa\Application\Home\Controller\IndexController.class.php 第 292 行.
NOTIC: [8] Undefined variable: i E:\phpStudy\WWW\aaaa\Application\Home\Controller\IndexController.class.php 第 292 行.
NOTIC: [8] Undefined variable: i E:\phpStudy\WWW\aaaa\Application\Home\Controller\IndexController.class.php 第 290 行.
INFO: [ view_parse ] --START--
INFO: [ template_filter ] --START--
INFO: Run Behavior\ContentReplaceBehavior [ RunTime:0.000000s ]
INFO: [ template_filter ] --END-- [ RunTime:0.000000s ]
SQL: SHOW COLUMNS FROM `one_channel` [ RunTime:0.0060s ]
SQL: SELECT `id`,`pid`,`title`,`url`,`sort`,`create_time`,`update_time`,`status`,`target` FROM `one_channel` WHERE ( status=1 ) ORDER BY sort  [ RunTime:0.0020s ]
NOTIC: [8] Undefined variable: now E:\phpStudy\WWW\aaaa\Runtime\Cache\Home\769e70f2e46f34ceb60619bbda5e4691.php 第 188 行.
INFO: Run Behavior\ParseTemplateBehavior [ RunTime:0.020000s ]
INFO: [ view_parse ] --END-- [ RunTime:0.020000s ]
INFO: [ view_filter ] --START--
INFO: Run Behavior\WriteHtmlCacheBehavior [ RunTime:0.000000s ]
INFO: [ view_filter ] --END-- [ RunTime:0.000000s ]
INFO: [ app_end ] --START--
INFO: Run Behavior\ShowPageTraceBehavior [ RunTime:0.001000s ]
INFO: [ app_end ] --END-- [ RunTime:0.001000s ]

[ 2016-08-25T09:36:44+08:00 ] ::1 /aaaa/index.php?s=/Home/Index/index.html
INFO: [ app_init ] --START--
INFO: Run Behavior\BuildLiteBehavior [ RunTime:0.000000s ]
INFO: Run Common\Behavior\InitHookBehavior [ RunTime:0.001000s ]
INFO: [ app_init ] --END-- [ RunTime:0.001000s ]
INFO: [ app_begin ] --START--
INFO: Run Behavior\ReadHtmlCacheBehavior [ RunTime:0.000000s ]
INFO: [ app_begin ] --END-- [ RunTime:0.000000s ]
SQL: SHOW COLUMNS FROM `one_config` [ RunTime:0.0020s ]
SQL: SELECT `type`,`name`,`value` FROM `one_config` WHERE `status` = 1  [ RunTime:0.0010s ]
SQL: SHOW COLUMNS FROM `one_duty` [ RunTime:0.0010s ]
SQL: SELECT * FROM `one_duty` WHERE `user_uid` = 1  [ RunTime:0.0000s ]
NOTIC: [8] Undefined offset: 0 E:\phpStudy\WWW\aaaa\Application\Home\Controller\IndexController.class.php 第 40 行.
SQL: SHOW COLUMNS FROM `one_xiangmu` [ RunTime:0.0010s ]
SQL: SHOW COLUMNS FROM `one_xiangmu` [ RunTime:0.0020s ]
SQL: SELECT COUNT(*) AS tp_count FROM `one_xiangmu` WHERE `user_uid` = 1 LIMIT 1   [ RunTime:0.0000s ]
SQL: SELECT `id`,`name`,`fenlei`,`location`,`company`,`man`,`phone`,`work_progress`,`next_plan`,`problem`,`help`,`action`,`major`,`major2`,`major3`,`major4`,`haimian`,`shenpi`,`user_uid`,`time`,`create_time`,`construction_year`,`construction_content`,`current_week`,`finish_time1`,`finish_time2`,`finish_time3`,`finish_time4`,`finish_time5`,`finish_time6`,`finish_time7`,`finish_time8`,`finish_time9`,`finish_time10`,`finish_time11`,`plan_01`,`plan_02`,`plan_03`,`plan_04`,`plan_05`,`plan_06`,`plan_07`,`money_need`,`next_year_plan`,`money_need_next` FROM `one_xiangmu` WHERE `user_uid` = 1 ORDER BY create_time desc  LIMIT 0,10   [ RunTime:0.0000s ]
SQL: SELECT * FROM `one_xiangmu`  [ RunTime:0.0000s ]
NOTIC: [8] Undefined variable: i E:\phpStudy\WWW\aaaa\Application\Home\Controller\IndexController.class.php 第 258 行.
NOTIC: [8] Undefined variable: i E:\phpStudy\WWW\aaaa\Application\Home\Controller\IndexController.class.php 第 258 行.
NOTIC: [8] Undefined variable: i E:\phpStudy\WWW\aaaa\Application\Home\Controller\IndexController.class.php 第 260 行.
NOTIC: [8] Undefined offset: -1 E:\phpStudy\WWW\aaaa\Application\Home\Controller\IndexController.class.php 第 260 行.
NOTIC: [8] Undefined variable: i E:\phpStudy\WWW\aaaa\Application\Home\Controller\IndexController.class.php 第 260 行.
NOTIC: [8] Undefined variable: i E:\phpStudy\WWW\aaaa\Application\Home\Controller\IndexController.class.php 第 258 行.
SQL: SHOW COLUMNS FROM `one_duty` [ RunTime:0.0010s ]
SQL: SELECT * FROM `one_duty`  [ RunTime:0.0000s ]
NOTIC: [8] Undefined variable: i E:\phpStudy\WWW\aaaa\Application\Home\Controller\IndexController.class.php 第 290 行.
NOTIC: [8] Undefined variable: i E:\phpStudy\WWW\aaaa\Application\Home\Controller\IndexController.class.php 第 290 行.
NOTIC: [8] Undefined variable: i E:\phpStudy\WWW\aaaa\Application\Home\Controller\IndexController.class.php 第 292 行.
NOTIC: [8] Undefined offset: -1 E:\phpStudy\WWW\aaaa\Application\Home\Controller\IndexController.class.php 第 292 行.
NOTIC: [8] Undefined variable: i E:\phpStudy\WWW\aaaa\Application\Home\Controller\IndexController.class.php 第 292 行.
NOTIC: [8] Undefined variable: i E:\phpStudy\WWW\aaaa\Application\Home\Controller\IndexController.class.php 第 290 行.
SQL: SELECT * FROM `one_xiangmu`  [ RunTime:0.0000s ]
NOTIC: [8] Undefined variable: i E:\phpStudy\WWW\aaaa\Application\Home\Controller\IndexController.class.php 第 258 行.
NOTIC: [8] Undefined variable: i E:\phpStudy\WWW\aaaa\Application\Home\Controller\IndexController.class.php 第 258 行.
NOTIC: [8] Undefined variable: i E:\phpStudy\WWW\aaaa\Application\Home\Controller\IndexController.class.php 第 260 行.
NOTIC: [8] Undefined offset: -1 E:\phpStudy\WWW\aaaa\Application\Home\Controller\IndexController.class.php 第 260 行.
NOTIC: [8] Undefined variable: i E:\phpStudy\WWW\aaaa\Application\Home\Controller\IndexController.class.php 第 260 行.
NOTIC: [8] Undefined variable: i E:\phpStudy\WWW\aaaa\Application\Home\Controller\IndexController.class.php 第 258 行.
SQL: SELECT * FROM `one_duty`  [ RunTime:0.0010s ]
NOTIC: [8] Undefined variable: i E:\phpStudy\WWW\aaaa\Application\Home\Controller\IndexController.class.php 第 290 行.
NOTIC: [8] Undefined variable: i E:\phpStudy\WWW\aaaa\Application\Home\Controller\IndexController.class.php 第 290 行.
NOTIC: [8] Undefined variable: i E:\phpStudy\WWW\aaaa\Application\Home\Controller\IndexController.class.php 第 292 行.
NOTIC: [8] Undefined offset: -1 E:\phpStudy\WWW\aaaa\Application\Home\Controller\IndexController.class.php 第 292 行.
NOTIC: [8] Undefined variable: i E:\phpStudy\WWW\aaaa\Application\Home\Controller\IndexController.class.php 第 292 行.
NOTIC: [8] Undefined variable: i E:\phpStudy\WWW\aaaa\Application\Home\Controller\IndexController.class.php 第 290 行.
SQL: SELECT * FROM `one_xiangmu`  [ RunTime:0.0000s ]
NOTIC: [8] Undefined variable: i E:\phpStudy\WWW\aaaa\Application\Home\Controller\IndexController.class.php 第 258 行.
NOTIC: [8] Undefined variable: i E:\phpStudy\WWW\aaaa\Application\Home\Controller\IndexController.class.php 第 258 行.
NOTIC: [8] Undefined variable: i E:\phpStudy\WWW\aaaa\Application\Home\Controller\IndexController.class.php 第 260 行.
NOTIC: [8] Undefined offset: -1 E:\phpStudy\WWW\aaaa\Application\Home\Controller\IndexController.class.php 第 260 行.
NOTIC: [8] Undefined variable: i E:\phpStudy\WWW\aaaa\Application\Home\Controller\IndexController.class.php 第 260 行.
NOTIC: [8] Undefined variable: i E:\phpStudy\WWW\aaaa\Application\Home\Controller\IndexController.class.php 第 258 行.
SQL: SELECT * FROM `one_duty`  [ RunTime:0.0010s ]
NOTIC: [8] Undefined variable: i E:\phpStudy\WWW\aaaa\Application\Home\Controller\IndexController.class.php 第 290 行.
NOTIC: [8] Undefined variable: i E:\phpStudy\WWW\aaaa\Application\Home\Controller\IndexController.class.php 第 290 行.
NOTIC: [8] Undefined variable: i E:\phpStudy\WWW\aaaa\Application\Home\Controller\IndexController.class.php 第 292 行.
NOTIC: [8] Undefined offset: -1 E:\phpStudy\WWW\aaaa\Application\Home\Controller\IndexController.class.php 第 292 行.
NOTIC: [8] Undefined variable: i E:\phpStudy\WWW\aaaa\Application\Home\Controller\IndexController.class.php 第 292 行.
NOTIC: [8] Undefined variable: i E:\phpStudy\WWW\aaaa\Application\Home\Controller\IndexController.class.php 第 290 行.
SQL: SELECT * FROM `one_xiangmu`  [ RunTime:0.0000s ]
NOTIC: [8] Undefined variable: i E:\phpStudy\WWW\aaaa\Application\Home\Controller\IndexController.class.php 第 258 行.
NOTIC: [8] Undefined variable: i E:\phpStudy\WWW\aaaa\Application\Home\Controller\IndexController.class.php 第 258 行.
NOTIC: [8] Undefined variable: i E:\phpStudy\WWW\aaaa\Application\Home\Controller\IndexController.class.php 第 260 行.
NOTIC: [8] Undefined offset: -1 E:\phpStudy\WWW\aaaa\Application\Home\Controller\IndexController.class.php 第 260 行.
NOTIC: [8] Undefined variable: i E:\phpStudy\WWW\aaaa\Application\Home\Controller\IndexController.class.php 第 260 行.
NOTIC: [8] Undefined variable: i E:\phpStudy\WWW\aaaa\Application\Home\Controller\IndexController.class.php 第 258 行.
SQL: SELECT * FROM `one_duty`  [ RunTime:0.0000s ]
NOTIC: [8] Undefined variable: i E:\phpStudy\WWW\aaaa\Application\Home\Controller\IndexController.class.php 第 290 行.
NOTIC: [8] Undefined variable: i E:\phpStudy\WWW\aaaa\Application\Home\Controller\IndexController.class.php 第 290 行.
NOTIC: [8] Undefined variable: i E:\phpStudy\WWW\aaaa\Application\Home\Controller\IndexController.class.php 第 292 行.
NOTIC: [8] Undefined offset: -1 E:\phpStudy\WWW\aaaa\Application\Home\Controller\IndexController.class.php 第 292 行.
NOTIC: [8] Undefined variable: i E:\phpStudy\WWW\aaaa\Application\Home\Controller\IndexController.class.php 第 292 行.
NOTIC: [8] Undefined variable: i E:\phpStudy\WWW\aaaa\Application\Home\Controller\IndexController.class.php 第 290 行.
SQL: SELECT * FROM `one_xiangmu`  [ RunTime:0.0000s ]
NOTIC: [8] Undefined variable: i E:\phpStudy\WWW\aaaa\Application\Home\Controller\IndexController.class.php 第 258 行.
NOTIC: [8] Undefined variable: i E:\phpStudy\WWW\aaaa\Application\Home\Controller\IndexController.class.php 第 258 行.
NOTIC: [8] Undefined variable: i E:\phpStudy\WWW\aaaa\Application\Home\Controller\IndexController.class.php 第 260 行.
NOTIC: [8] Undefined offset: -1 E:\phpStudy\WWW\aaaa\Application\Home\Controller\IndexController.class.php 第 260 行.
NOTIC: [8] Undefined variable: i E:\phpStudy\WWW\aaaa\Application\Home\Controller\IndexController.class.php 第 260 行.
NOTIC: [8] Undefined variable: i E:\phpStudy\WWW\aaaa\Application\Home\Controller\IndexController.class.php 第 258 行.
SQL: SELECT * FROM `one_duty`  [ RunTime:0.0000s ]
NOTIC: [8] Undefined variable: i E:\phpStudy\WWW\aaaa\Application\Home\Controller\IndexController.class.php 第 290 行.
NOTIC: [8] Undefined variable: i E:\phpStudy\WWW\aaaa\Application\Home\Controller\IndexController.class.php 第 290 行.
NOTIC: [8] Undefined variable: i E:\phpStudy\WWW\aaaa\Application\Home\Controller\IndexController.class.php 第 292 行.
NOTIC: [8] Undefined offset: -1 E:\phpStudy\WWW\aaaa\Application\Home\Controller\IndexController.class.php 第 292 行.
NOTIC: [8] Undefined variable: i E:\phpStudy\WWW\aaaa\Application\Home\Controller\IndexController.class.php 第 292 行.
NOTIC: [8] Undefined variable: i E:\phpStudy\WWW\aaaa\Application\Home\Controller\IndexController.class.php 第 290 行.
INFO: [ view_parse ] --START--
INFO: [ template_filter ] --START--
INFO: Run Behavior\ContentReplaceBehavior [ RunTime:0.000000s ]
INFO: [ template_filter ] --END-- [ RunTime:0.000000s ]
SQL: SHOW COLUMNS FROM `one_channel` [ RunTime:0.0020s ]
SQL: SELECT `id`,`pid`,`title`,`url`,`sort`,`create_time`,`update_time`,`status`,`target` FROM `one_channel` WHERE ( status=1 ) ORDER BY sort  [ RunTime:0.0010s ]
NOTIC: [8] Undefined variable: now E:\phpStudy\WWW\aaaa\Runtime\Cache\Home\769e70f2e46f34ceb60619bbda5e4691.php 第 188 行.
INFO: Run Behavior\ParseTemplateBehavior [ RunTime:0.014000s ]
INFO: [ view_parse ] --END-- [ RunTime:0.014000s ]
INFO: [ view_filter ] --START--
INFO: Run Behavior\WriteHtmlCacheBehavior [ RunTime:0.000000s ]
INFO: [ view_filter ] --END-- [ RunTime:0.000000s ]
INFO: [ app_end ] --START--
INFO: Run Behavior\ShowPageTraceBehavior [ RunTime:0.000000s ]
INFO: [ app_end ] --END-- [ RunTime:0.000000s ]

[ 2016-08-25T09:37:00+08:00 ] ::1 /aaaa/index.php?s=/Home/Tese/index.html
INFO: [ app_init ] --START--
INFO: Run Behavior\BuildLiteBehavior [ RunTime:0.000000s ]
INFO: Run Common\Behavior\InitHookBehavior [ RunTime:0.002000s ]
INFO: [ app_init ] --END-- [ RunTime:0.002000s ]
INFO: [ app_begin ] --START--
INFO: Run Behavior\ReadHtmlCacheBehavior [ RunTime:0.000000s ]
INFO: [ app_begin ] --END-- [ RunTime:0.000000s ]
SQL: SHOW COLUMNS FROM `one_config` [ RunTime:0.0010s ]
SQL: SELECT `type`,`name`,`value` FROM `one_config` WHERE `status` = 1  [ RunTime:0.0000s ]

[ 2016-08-25T09:37:01+08:00 ] ::1 /aaaa/index.php?s=/Home/Index/index.html
INFO: [ app_init ] --START--
INFO: Run Behavior\BuildLiteBehavior [ RunTime:0.000000s ]
INFO: Run Common\Behavior\InitHookBehavior [ RunTime:0.001000s ]
INFO: [ app_init ] --END-- [ RunTime:0.001000s ]
INFO: [ app_begin ] --START--
INFO: Run Behavior\ReadHtmlCacheBehavior [ RunTime:0.000000s ]
INFO: [ app_begin ] --END-- [ RunTime:0.000000s ]
SQL: SHOW COLUMNS FROM `one_config` [ RunTime:0.0010s ]
SQL: SELECT `type`,`name`,`value` FROM `one_config` WHERE `status` = 1  [ RunTime:0.0000s ]
SQL: SHOW COLUMNS FROM `one_duty` [ RunTime:0.0010s ]
SQL: SELECT * FROM `one_duty` WHERE `user_uid` = 1  [ RunTime:0.0000s ]
NOTIC: [8] Undefined offset: 0 E:\phpStudy\WWW\aaaa\Application\Home\Controller\IndexController.class.php 第 40 行.
SQL: SHOW COLUMNS FROM `one_xiangmu` [ RunTime:0.0010s ]
SQL: SHOW COLUMNS FROM `one_xiangmu` [ RunTime:0.0020s ]
SQL: SELECT COUNT(*) AS tp_count FROM `one_xiangmu` WHERE `user_uid` = 1 LIMIT 1   [ RunTime:0.0000s ]
SQL: SELECT `id`,`name`,`fenlei`,`location`,`company`,`man`,`phone`,`work_progress`,`next_plan`,`problem`,`help`,`action`,`major`,`major2`,`major3`,`major4`,`haimian`,`shenpi`,`user_uid`,`time`,`create_time`,`construction_year`,`construction_content`,`current_week`,`finish_time1`,`finish_time2`,`finish_time3`,`finish_time4`,`finish_time5`,`finish_time6`,`finish_time7`,`finish_time8`,`finish_time9`,`finish_time10`,`finish_time11`,`plan_01`,`plan_02`,`plan_03`,`plan_04`,`plan_05`,`plan_06`,`plan_07`,`money_need`,`next_year_plan`,`money_need_next` FROM `one_xiangmu` WHERE `user_uid` = 1 ORDER BY create_time desc  LIMIT 0,10   [ RunTime:0.0000s ]
SQL: SELECT * FROM `one_xiangmu`  [ RunTime:0.0000s ]
NOTIC: [8] Undefined variable: i E:\phpStudy\WWW\aaaa\Application\Home\Controller\IndexController.class.php 第 258 行.
NOTIC: [8] Undefined variable: i E:\phpStudy\WWW\aaaa\Application\Home\Controller\IndexController.class.php 第 258 行.
NOTIC: [8] Undefined variable: i E:\phpStudy\WWW\aaaa\Application\Home\Controller\IndexController.class.php 第 260 行.
NOTIC: [8] Undefined offset: -1 E:\phpStudy\WWW\aaaa\Application\Home\Controller\IndexController.class.php 第 260 行.
NOTIC: [8] Undefined variable: i E:\phpStudy\WWW\aaaa\Application\Home\Controller\IndexController.class.php 第 260 行.
NOTIC: [8] Undefined variable: i E:\phpStudy\WWW\aaaa\Application\Home\Controller\IndexController.class.php 第 258 行.
SQL: SHOW COLUMNS FROM `one_duty` [ RunTime:0.0010s ]
SQL: SELECT * FROM `one_duty`  [ RunTime:0.0000s ]
NOTIC: [8] Undefined variable: i E:\phpStudy\WWW\aaaa\Application\Home\Controller\IndexController.class.php 第 290 行.
NOTIC: [8] Undefined variable: i E:\phpStudy\WWW\aaaa\Application\Home\Controller\IndexController.class.php 第 290 行.
NOTIC: [8] Undefined variable: i E:\phpStudy\WWW\aaaa\Application\Home\Controller\IndexController.class.php 第 292 行.
NOTIC: [8] Undefined offset: -1 E:\phpStudy\WWW\aaaa\Application\Home\Controller\IndexController.class.php 第 292 行.
NOTIC: [8] Undefined variable: i E:\phpStudy\WWW\aaaa\Application\Home\Controller\IndexController.class.php 第 292 行.
NOTIC: [8] Undefined variable: i E:\phpStudy\WWW\aaaa\Application\Home\Controller\IndexController.class.php 第 290 行.
SQL: SELECT * FROM `one_xiangmu`  [ RunTime:0.0010s ]
NOTIC: [8] Undefined variable: i E:\phpStudy\WWW\aaaa\Application\Home\Controller\IndexController.class.php 第 258 行.
NOTIC: [8] Undefined variable: i E:\phpStudy\WWW\aaaa\Application\Home\Controller\IndexController.class.php 第 258 行.
NOTIC: [8] Undefined variable: i E:\phpStudy\WWW\aaaa\Application\Home\Controller\IndexController.class.php 第 260 行.
NOTIC: [8] Undefined offset: -1 E:\phpStudy\WWW\aaaa\Application\Home\Controller\IndexController.class.php 第 260 行.
NOTIC: [8] Undefined variable: i E:\phpStudy\WWW\aaaa\Application\Home\Controller\IndexController.class.php 第 260 行.
NOTIC: [8] Undefined variable: i E:\phpStudy\WWW\aaaa\Application\Home\Controller\IndexController.class.php 第 258 行.
SQL: SELECT * FROM `one_duty`  [ RunTime:0.0000s ]
NOTIC: [8] Undefined variable: i E:\phpStudy\WWW\aaaa\Application\Home\Controller\IndexController.class.php 第 290 行.
NOTIC: [8] Undefined variable: i E:\phpStudy\WWW\aaaa\Application\Home\Controller\IndexController.class.php 第 290 行.
NOTIC: [8] Undefined variable: i E:\phpStudy\WWW\aaaa\Application\Home\Controller\IndexController.class.php 第 292 行.
NOTIC: [8] Undefined offset: -1 E:\phpStudy\WWW\aaaa\Application\Home\Controller\IndexController.class.php 第 292 行.
NOTIC: [8] Undefined variable: i E:\phpStudy\WWW\aaaa\Application\Home\Controller\IndexController.class.php 第 292 行.
NOTIC: [8] Undefined variable: i E:\phpStudy\WWW\aaaa\Application\Home\Controller\IndexController.class.php 第 290 行.
SQL: SELECT * FROM `one_xiangmu`  [ RunTime:0.0010s ]
NOTIC: [8] Undefined variable: i E:\phpStudy\WWW\aaaa\Application\Home\Controller\IndexController.class.php 第 258 行.
NOTIC: [8] Undefined variable: i E:\phpStudy\WWW\aaaa\Application\Home\Controller\IndexController.class.php 第 258 行.
NOTIC: [8] Undefined variable: i E:\phpStudy\WWW\aaaa\Application\Home\Controller\IndexController.class.php 第 260 行.
NOTIC: [8] Undefined offset: -1 E:\phpStudy\WWW\aaaa\Application\Home\Controller\IndexController.class.php 第 260 行.
NOTIC: [8] Undefined variable: i E:\phpStudy\WWW\aaaa\Application\Home\Controller\IndexController.class.php 第 260 行.
NOTIC: [8] Undefined variable: i E:\phpStudy\WWW\aaaa\Application\Home\Controller\IndexController.class.php 第 258 行.
SQL: SELECT * FROM `one_duty`  [ RunTime:0.0000s ]
NOTIC: [8] Undefined variable: i E:\phpStudy\WWW\aaaa\Application\Home\Controller\IndexController.class.php 第 290 行.
NOTIC: [8] Undefined variable: i E:\phpStudy\WWW\aaaa\Application\Home\Controller\IndexController.class.php 第 290 行.
NOTIC: [8] Undefined variable: i E:\phpStudy\WWW\aaaa\Application\Home\Controller\IndexController.class.php 第 292 行.
NOTIC: [8] Undefined offset: -1 E:\phpStudy\WWW\aaaa\Application\Home\Controller\IndexController.class.php 第 292 行.
NOTIC: [8] Undefined variable: i E:\phpStudy\WWW\aaaa\Application\Home\Controller\IndexController.class.php 第 292 行.
NOTIC: [8] Undefined variable: i E:\phpStudy\WWW\aaaa\Application\Home\Controller\IndexController.class.php 第 290 行.
SQL: SELECT * FROM `one_xiangmu`  [ RunTime:0.0010s ]
NOTIC: [8] Undefined variable: i E:\phpStudy\WWW\aaaa\Application\Home\Controller\IndexController.class.php 第 258 行.
NOTIC: [8] Undefined variable: i E:\phpStudy\WWW\aaaa\Application\Home\Controller\IndexController.class.php 第 258 行.
NOTIC: [8] Undefined variable: i E:\phpStudy\WWW\aaaa\Application\Home\Controller\IndexController.class.php 第 260 行.
NOTIC: [8] Undefined offset: -1 E:\phpStudy\WWW\aaaa\Application\Home\Controller\IndexController.class.php 第 260 行.
NOTIC: [8] Undefined variable: i E:\phpStudy\WWW\aaaa\Application\Home\Controller\IndexController.class.php 第 260 行.
NOTIC: [8] Undefined variable: i E:\phpStudy\WWW\aaaa\Application\Home\Controller\IndexController.class.php 第 258 行.
SQL: SELECT * FROM `one_duty`  [ RunTime:0.0000s ]
NOTIC: [8] Undefined variable: i E:\phpStudy\WWW\aaaa\Application\Home\Controller\IndexController.class.php 第 290 行.
NOTIC: [8] Undefined variable: i E:\phpStudy\WWW\aaaa\Application\Home\Controller\IndexController.class.php 第 290 行.
NOTIC: [8] Undefined variable: i E:\phpStudy\WWW\aaaa\Application\Home\Controller\IndexController.class.php 第 292 行.
NOTIC: [8] Undefined offset: -1 E:\phpStudy\WWW\aaaa\Application\Home\Controller\IndexController.class.php 第 292 行.
NOTIC: [8] Undefined variable: i E:\phpStudy\WWW\aaaa\Application\Home\Controller\IndexController.class.php 第 292 行.
NOTIC: [8] Undefined variable: i E:\phpStudy\WWW\aaaa\Application\Home\Controller\IndexController.class.php 第 290 行.
SQL: SELECT * FROM `one_xiangmu`  [ RunTime:0.0000s ]
NOTIC: [8] Undefined variable: i E:\phpStudy\WWW\aaaa\Application\Home\Controller\IndexController.class.php 第 258 行.
NOTIC: [8] Undefined variable: i E:\phpStudy\WWW\aaaa\Application\Home\Controller\IndexController.class.php 第 258 行.
NOTIC: [8] Undefined variable: i E:\phpStudy\WWW\aaaa\Application\Home\Controller\IndexController.class.php 第 260 行.
NOTIC: [8] Undefined offset: -1 E:\phpStudy\WWW\aaaa\Application\Home\Controller\IndexController.class.php 第 260 行.
NOTIC: [8] Undefined variable: i E:\phpStudy\WWW\aaaa\Application\Home\Controller\IndexController.class.php 第 260 行.
NOTIC: [8] Undefined variable: i E:\phpStudy\WWW\aaaa\Application\Home\Controller\IndexController.class.php 第 258 行.
SQL: SELECT * FROM `one_duty`  [ RunTime:0.0000s ]
NOTIC: [8] Undefined variable: i E:\phpStudy\WWW\aaaa\Application\Home\Controller\IndexController.class.php 第 290 行.
NOTIC: [8] Undefined variable: i E:\phpStudy\WWW\aaaa\Application\Home\Controller\IndexController.class.php 第 290 行.
NOTIC: [8] Undefined variable: i E:\phpStudy\WWW\aaaa\Application\Home\Controller\IndexController.class.php 第 292 行.
NOTIC: [8] Undefined offset: -1 E:\phpStudy\WWW\aaaa\Application\Home\Controller\IndexController.class.php 第 292 行.
NOTIC: [8] Undefined variable: i E:\phpStudy\WWW\aaaa\Application\Home\Controller\IndexController.class.php 第 292 行.
NOTIC: [8] Undefined variable: i E:\phpStudy\WWW\aaaa\Application\Home\Controller\IndexController.class.php 第 290 行.
INFO: [ view_parse ] --START--
INFO: [ template_filter ] --START--
INFO: Run Behavior\ContentReplaceBehavior [ RunTime:0.000000s ]
INFO: [ template_filter ] --END-- [ RunTime:0.000000s ]
SQL: SHOW COLUMNS FROM `one_channel` [ RunTime:0.0030s ]
SQL: SELECT `id`,`pid`,`title`,`url`,`sort`,`create_time`,`update_time`,`status`,`target` FROM `one_channel` WHERE ( status=1 ) ORDER BY sort  [ RunTime:0.0000s ]
NOTIC: [8] Undefined variable: now E:\phpStudy\WWW\aaaa\Runtime\Cache\Home\769e70f2e46f34ceb60619bbda5e4691.php 第 188 行.
INFO: Run Behavior\ParseTemplateBehavior [ RunTime:0.017000s ]
INFO: [ view_parse ] --END-- [ RunTime:0.017000s ]
INFO: [ view_filter ] --START--
INFO: Run Behavior\WriteHtmlCacheBehavior [ RunTime:0.000000s ]
INFO: [ view_filter ] --END-- [ RunTime:0.000000s ]
INFO: [ app_end ] --START--
INFO: Run Behavior\ShowPageTraceBehavior [ RunTime:0.000000s ]
INFO: [ app_end ] --END-- [ RunTime:0.000000s ]

[ 2016-08-25T09:37:11+08:00 ] ::1 /aaaa/index.php?s=/Home/Test/index.html
INFO: [ app_init ] --START--
INFO: Run Behavior\BuildLiteBehavior [ RunTime:0.000000s ]
INFO: Run Common\Behavior\InitHookBehavior [ RunTime:0.001000s ]
INFO: [ app_init ] --END-- [ RunTime:0.002000s ]
INFO: [ app_begin ] --START--
INFO: Run Behavior\ReadHtmlCacheBehavior [ RunTime:0.000000s ]
INFO: [ app_begin ] --END-- [ RunTime:0.001000s ]
SQL: SHOW COLUMNS FROM `one_config` [ RunTime:0.0010s ]
SQL: SELECT `type`,`name`,`value` FROM `one_config` WHERE `status` = 1  [ RunTime:0.0000s ]
INFO: [ view_parse ] --START--
INFO: [ template_filter ] --START--
INFO: Run Behavior\ContentReplaceBehavior [ RunTime:0.000000s ]
INFO: [ template_filter ] --END-- [ RunTime:0.000000s ]
INFO: Run Behavior\ParseTemplateBehavior [ RunTime:0.004000s ]
INFO: [ view_parse ] --END-- [ RunTime:0.004000s ]
INFO: [ view_filter ] --START--
INFO: Run Behavior\WriteHtmlCacheBehavior [ RunTime:0.001000s ]
INFO: [ view_filter ] --END-- [ RunTime:0.001000s ]
INFO: [ app_end ] --START--
INFO: Run Behavior\ShowPageTraceBehavior [ RunTime:0.000000s ]
INFO: [ app_end ] --END-- [ RunTime:0.000000s ]

[ 2016-08-25T09:39:39+08:00 ] ::1 /aaaa/index.php?s=/Home/Test/index.html
INFO: [ app_init ] --START--
INFO: Run Behavior\BuildLiteBehavior [ RunTime:0.000000s ]
INFO: Run Common\Behavior\InitHookBehavior [ RunTime:0.001000s ]
INFO: [ app_init ] --END-- [ RunTime:0.001000s ]
INFO: [ app_begin ] --START--
INFO: Run Behavior\ReadHtmlCacheBehavior [ RunTime:0.000000s ]
INFO: [ app_begin ] --END-- [ RunTime:0.001000s ]
SQL: SHOW COLUMNS FROM `one_config` [ RunTime:0.0010s ]
SQL: SELECT `type`,`name`,`value` FROM `one_config` WHERE `status` = 1  [ RunTime:0.0000s ]
INFO: [ view_parse ] --START--
INFO: [ template_filter ] --START--
INFO: Run Behavior\ContentReplaceBehavior [ RunTime:0.000000s ]
INFO: [ template_filter ] --END-- [ RunTime:0.000000s ]
INFO: Run Behavior\ParseTemplateBehavior [ RunTime:0.004000s ]
INFO: [ view_parse ] --END-- [ RunTime:0.004000s ]
INFO: [ view_filter ] --START--
INFO: Run Behavior\WriteHtmlCacheBehavior [ RunTime:0.001000s ]
INFO: [ view_filter ] --END-- [ RunTime:0.001000s ]
INFO: [ app_end ] --START--
INFO: Run Behavior\ShowPageTraceBehavior [ RunTime:0.000000s ]
INFO: [ app_end ] --END-- [ RunTime:0.000000s ]

[ 2016-08-25T16:43:22+08:00 ] ::1 /aaaa/index.php?s=/Home/In/xinjian.html
INFO: [ app_init ] --START--
INFO: Run Behavior\BuildLiteBehavior [ RunTime:0.000000s ]
INFO: Run Common\Behavior\InitHookBehavior [ RunTime:0.003000s ]
INFO: [ app_init ] --END-- [ RunTime:0.003000s ]
INFO: [ app_begin ] --START--
INFO: Run Behavior\ReadHtmlCacheBehavior [ RunTime:0.000000s ]
INFO: [ app_begin ] --END-- [ RunTime:0.000000s ]
SQL: SHOW COLUMNS FROM `one_config` [ RunTime:0.0380s ]
SQL: SELECT `type`,`name`,`value` FROM `one_config` WHERE `status` = 1  [ RunTime:0.0010s ]
NOTIC: [8] Undefined index: biaoge E:\phpStudy\WWW\aaaa\Application\Home\Controller\InController.class.php 第 40 行.
NOTIC: [8] Undefined index: error E:\phpStudy\WWW\aaaa\ThinkPHP\Library\Think\Upload.class.php 第 269 行.
NOTIC: [8] Undefined index: tmp_name E:\phpStudy\WWW\aaaa\ThinkPHP\Library\Think\Upload.class.php 第 280 行.
INFO: [ app_end ] --START--
INFO: Run Behavior\ShowPageTraceBehavior [ RunTime:0.001000s ]
INFO: [ app_end ] --END-- [ RunTime:0.001000s ]

[ 2016-08-25T16:43:29+08:00 ] ::1 /aaaa/index.php
INFO: [ app_init ] --START--
INFO: Run Behavior\BuildLiteBehavior [ RunTime:0.000000s ]
INFO: Run Common\Behavior\InitHookBehavior [ RunTime:0.001000s ]
INFO: [ app_init ] --END-- [ RunTime:0.002000s ]
INFO: [ app_begin ] --START--
INFO: Run Behavior\ReadHtmlCacheBehavior [ RunTime:0.000000s ]
INFO: [ app_begin ] --END-- [ RunTime:0.000000s ]
SQL: SHOW COLUMNS FROM `one_config` [ RunTime:0.0010s ]
SQL: SELECT `type`,`name`,`value` FROM `one_config` WHERE `status` = 1  [ RunTime:0.0000s ]

[ 2016-08-25T16:43:30+08:00 ] ::1 /aaaa/index.php?s=/Home/User/login.html
INFO: [ app_init ] --START--
INFO: Run Behavior\BuildLiteBehavior [ RunTime:0.000000s ]
INFO: Run Common\Behavior\InitHookBehavior [ RunTime:0.001000s ]
INFO: [ app_init ] --END-- [ RunTime:0.001000s ]
INFO: [ app_begin ] --START--
INFO: Run Behavior\ReadHtmlCacheBehavior [ RunTime:0.000000s ]
INFO: [ app_begin ] --END-- [ RunTime:0.001000s ]
SQL: SHOW COLUMNS FROM `one_config` [ RunTime:0.0010s ]
SQL: SELECT `type`,`name`,`value` FROM `one_config` WHERE `status` = 1  [ RunTime:0.0010s ]
INFO: [ view_parse ] --START--
INFO: [ template_filter ] --START--
INFO: Run Behavior\ContentReplaceBehavior [ RunTime:0.000000s ]
INFO: [ template_filter ] --END-- [ RunTime:0.000000s ]
INFO: Run Behavior\ParseTemplateBehavior [ RunTime:0.023000s ]
INFO: [ view_parse ] --END-- [ RunTime:0.023000s ]
INFO: [ view_filter ] --START--
INFO: Run Behavior\WriteHtmlCacheBehavior [ RunTime:0.000000s ]
INFO: [ view_filter ] --END-- [ RunTime:0.000000s ]
INFO: [ app_end ] --START--
INFO: Run Behavior\ShowPageTraceBehavior [ RunTime:0.000000s ]
INFO: [ app_end ] --END-- [ RunTime:0.000000s ]

[ 2016-08-25T16:43:33+08:00 ] ::1 /aaaa/index.php?s=/Home/User/login.html
INFO: [ app_init ] --START--
INFO: Run Behavior\BuildLiteBehavior [ RunTime:0.000000s ]
INFO: Run Common\Behavior\InitHookBehavior [ RunTime:0.001000s ]
INFO: [ app_init ] --END-- [ RunTime:0.001000s ]
INFO: [ app_begin ] --START--
INFO: Run Behavior\ReadHtmlCacheBehavior [ RunTime:0.000000s ]
INFO: [ app_begin ] --END-- [ RunTime:0.000000s ]
SQL: SHOW COLUMNS FROM `one_config` [ RunTime:0.0010s ]
SQL: SELECT `type`,`name`,`value` FROM `one_config` WHERE `status` = 1  [ RunTime:0.0000s ]
SQL: SHOW COLUMNS FROM `one_member` [ RunTime:0.0040s ]
SQL: SELECT `uid`,`nickname`,`work_place`,`first_time`,`qq`,`score`,`login`,`reg_ip`,`reg_time`,`last_login_ip`,`last_login_time`,`status` FROM `one_member` WHERE `uid` = 1 LIMIT 1   [ RunTime:0.0010s ]
SQL: UPDATE `one_member` SET `login`=`login`+1,`last_login_time`='1472114611',`last_login_ip`='0' WHERE `uid` = 1 [ RunTime:0.0010s ]
SQL: SHOW COLUMNS FROM `one_action` [ RunTime:0.0060s ]
SQL: SELECT * FROM `one_action` WHERE `name` = 'user_login' LIMIT 1   [ RunTime:0.0000s ]
SQL: SHOW COLUMNS FROM `one_action_log` [ RunTime:0.0050s ]
SQL: INSERT INTO `one_action_log` (`action_id`,`user_id`,`action_ip`,`model`,`record_id`,`create_time`,`remark`) VALUES ('1','1','0','member','1','1472114611','gaoyuan在2016-08-25 16:43登录了后台') [ RunTime:0.0060s ]
SQL: SELECT * FROM `one_action` WHERE `name` = 'user_login' LIMIT 1   [ RunTime:0.0000s ]
NOTIC: [8] Undefined offset: 1 E:\phpStudy\WWW\aaaa\Application\Common\Common\function.php 第 679 行.
NOTIC: [2] array_key_exists() expects parameter 2 to be array, null given E:\phpStudy\WWW\aaaa\Application\Common\Common\function.php 第 679 行.
SQL: SELECT COUNT(*) AS tp_count FROM `one_action_log` WHERE `action_id` = 1 AND `user_id` = 1 AND `create_time` > 1472028211 LIMIT 1   [ RunTime:0.0450s ]
SQL: SHOW COLUMNS FROM `one_member` [ RunTime:0.0010s ]
SQL: UPDATE `one_member` SET `score`=score+10 WHERE ( uid=1 AND status>-1 ) [ RunTime:0.0000s ]

[ 2016-08-25T16:43:34+08:00 ] ::1 /aaaa/index.php?s=/Home/Index/index.html
INFO: [ app_init ] --START--
INFO: Run Behavior\BuildLiteBehavior [ RunTime:0.000000s ]
INFO: Run Common\Behavior\InitHookBehavior [ RunTime:0.001000s ]
INFO: [ app_init ] --END-- [ RunTime:0.001000s ]
INFO: [ app_begin ] --START--
INFO: Run Behavior\ReadHtmlCacheBehavior [ RunTime:0.000000s ]
INFO: [ app_begin ] --END-- [ RunTime:0.001000s ]
SQL: SHOW COLUMNS FROM `one_config` [ RunTime:0.0010s ]
SQL: SELECT `type`,`name`,`value` FROM `one_config` WHERE `status` = 1  [ RunTime:0.0000s ]
SQL: SHOW COLUMNS FROM `one_duty` [ RunTime:0.0020s ]
SQL: SELECT * FROM `one_duty` WHERE `user_uid` = 1  [ RunTime:0.0040s ]
NOTIC: [8] Undefined offset: 0 E:\phpStudy\WWW\aaaa\Application\Home\Controller\IndexController.class.php 第 40 行.
SQL: SHOW COLUMNS FROM `one_xiangmu` [ RunTime:0.0040s ]
SQL: SHOW COLUMNS FROM `one_xiangmu` [ RunTime:0.0020s ]
SQL: SELECT COUNT(*) AS tp_count FROM `one_xiangmu` WHERE `user_uid` = 1 LIMIT 1   [ RunTime:0.0020s ]
SQL: SELECT `id`,`name`,`fenlei`,`location`,`company`,`man`,`phone`,`work_progress`,`next_plan`,`problem`,`help`,`action`,`major`,`major2`,`major3`,`major4`,`haimian`,`shenpi`,`user_uid`,`time`,`create_time`,`construction_year`,`construction_content`,`current_week`,`finish_time1`,`finish_time2`,`finish_time3`,`finish_time4`,`finish_time5`,`finish_time6`,`finish_time7`,`finish_time8`,`finish_time9`,`finish_time10`,`finish_time11`,`plan_01`,`plan_02`,`plan_03`,`plan_04`,`plan_05`,`plan_06`,`plan_07`,`money_need`,`next_year_plan`,`money_need_next` FROM `one_xiangmu` WHERE `user_uid` = 1 ORDER BY create_time desc  LIMIT 0,10   [ RunTime:0.0170s ]
SQL: SELECT * FROM `one_xiangmu`  [ RunTime:0.0010s ]
NOTIC: [8] Undefined variable: i E:\phpStudy\WWW\aaaa\Application\Home\Controller\IndexController.class.php 第 258 行.
NOTIC: [8] Undefined variable: i E:\phpStudy\WWW\aaaa\Application\Home\Controller\IndexController.class.php 第 258 行.
NOTIC: [8] Undefined variable: i E:\phpStudy\WWW\aaaa\Application\Home\Controller\IndexController.class.php 第 260 行.
NOTIC: [8] Undefined offset: -1 E:\phpStudy\WWW\aaaa\Application\Home\Controller\IndexController.class.php 第 260 行.
NOTIC: [8] Undefined variable: i E:\phpStudy\WWW\aaaa\Application\Home\Controller\IndexController.class.php 第 260 行.
NOTIC: [8] Undefined variable: i E:\phpStudy\WWW\aaaa\Application\Home\Controller\IndexController.class.php 第 258 行.
SQL: SHOW COLUMNS FROM `one_duty` [ RunTime:0.0010s ]
SQL: SELECT * FROM `one_duty`  [ RunTime:0.0000s ]
NOTIC: [8] Undefined variable: i E:\phpStudy\WWW\aaaa\Application\Home\Controller\IndexController.class.php 第 290 行.
NOTIC: [8] Undefined variable: i E:\phpStudy\WWW\aaaa\Application\Home\Controller\IndexController.class.php 第 290 行.
NOTIC: [8] Undefined variable: i E:\phpStudy\WWW\aaaa\Application\Home\Controller\IndexController.class.php 第 292 行.
NOTIC: [8] Undefined offset: -1 E:\phpStudy\WWW\aaaa\Application\Home\Controller\IndexController.class.php 第 292 行.
NOTIC: [8] Undefined variable: i E:\phpStudy\WWW\aaaa\Application\Home\Controller\IndexController.class.php 第 292 行.
NOTIC: [8] Undefined variable: i E:\phpStudy\WWW\aaaa\Application\Home\Controller\IndexController.class.php 第 290 行.
SQL: SELECT * FROM `one_xiangmu`  [ RunTime:0.0000s ]
NOTIC: [8] Undefined variable: i E:\phpStudy\WWW\aaaa\Application\Home\Controller\IndexController.class.php 第 258 行.
NOTIC: [8] Undefined variable: i E:\phpStudy\WWW\aaaa\Application\Home\Controller\IndexController.class.php 第 258 行.
NOTIC: [8] Undefined variable: i E:\phpStudy\WWW\aaaa\Application\Home\Controller\IndexController.class.php 第 260 行.
NOTIC: [8] Undefined offset: -1 E:\phpStudy\WWW\aaaa\Application\Home\Controller\IndexController.class.php 第 260 行.
NOTIC: [8] Undefined variable: i E:\phpStudy\WWW\aaaa\Application\Home\Controller\IndexController.class.php 第 260 行.
NOTIC: [8] Undefined variable: i E:\phpStudy\WWW\aaaa\Application\Home\Controller\IndexController.class.php 第 258 行.
SQL: SELECT * FROM `one_duty`  [ RunTime:0.0000s ]
NOTIC: [8] Undefined variable: i E:\phpStudy\WWW\aaaa\Application\Home\Controller\IndexController.class.php 第 290 行.
NOTIC: [8] Undefined variable: i E:\phpStudy\WWW\aaaa\Application\Home\Controller\IndexController.class.php 第 290 行.
NOTIC: [8] Undefined variable: i E:\phpStudy\WWW\aaaa\Application\Home\Controller\IndexController.class.php 第 292 行.
NOTIC: [8] Undefined offset: -1 E:\phpStudy\WWW\aaaa\Application\Home\Controller\IndexController.class.php 第 292 行.
NOTIC: [8] Undefined variable: i E:\phpStudy\WWW\aaaa\Application\Home\Controller\IndexController.class.php 第 292 行.
NOTIC: [8] Undefined variable: i E:\phpStudy\WWW\aaaa\Application\Home\Controller\IndexController.class.php 第 290 行.
SQL: SELECT * FROM `one_xiangmu`  [ RunTime:0.0010s ]
NOTIC: [8] Undefined variable: i E:\phpStudy\WWW\aaaa\Application\Home\Controller\IndexController.class.php 第 258 行.
NOTIC: [8] Undefined variable: i E:\phpStudy\WWW\aaaa\Application\Home\Controller\IndexController.class.php 第 258 行.
NOTIC: [8] Undefined variable: i E:\phpStudy\WWW\aaaa\Application\Home\Controller\IndexController.class.php 第 260 行.
NOTIC: [8] Undefined offset: -1 E:\phpStudy\WWW\aaaa\Application\Home\Controller\IndexController.class.php 第 260 行.
NOTIC: [8] Undefined variable: i E:\phpStudy\WWW\aaaa\Application\Home\Controller\IndexController.class.php 第 260 行.
NOTIC: [8] Undefined variable: i E:\phpStudy\WWW\aaaa\Application\Home\Controller\IndexController.class.php 第 258 行.
SQL: SELECT * FROM `one_duty`  [ RunTime:0.0000s ]
NOTIC: [8] Undefined variable: i E:\phpStudy\WWW\aaaa\Application\Home\Controller\IndexController.class.php 第 290 行.
NOTIC: [8] Undefined variable: i E:\phpStudy\WWW\aaaa\Application\Home\Controller\IndexController.class.php 第 290 行.
NOTIC: [8] Undefined variable: i E:\phpStudy\WWW\aaaa\Application\Home\Controller\IndexController.class.php 第 292 行.
NOTIC: [8] Undefined offset: -1 E:\phpStudy\WWW\aaaa\Application\Home\Controller\IndexController.class.php 第 292 行.
NOTIC: [8] Undefined variable: i E:\phpStudy\WWW\aaaa\Application\Home\Controller\IndexController.class.php 第 292 行.
NOTIC: [8] Undefined variable: i E:\phpStudy\WWW\aaaa\Application\Home\Controller\IndexController.class.php 第 290 行.
SQL: SELECT * FROM `one_xiangmu`  [ RunTime:0.0010s ]
NOTIC: [8] Undefined variable: i E:\phpStudy\WWW\aaaa\Application\Home\Controller\IndexController.class.php 第 258 行.
NOTIC: [8] Undefined variable: i E:\phpStudy\WWW\aaaa\Application\Home\Controller\IndexController.class.php 第 258 行.
NOTIC: [8] Undefined variable: i E:\phpStudy\WWW\aaaa\Application\Home\Controller\IndexController.class.php 第 260 行.
NOTIC: [8] Undefined offset: -1 E:\phpStudy\WWW\aaaa\Application\Home\Controller\IndexController.class.php 第 260 行.
NOTIC: [8] Undefined variable: i E:\phpStudy\WWW\aaaa\Application\Home\Controller\IndexController.class.php 第 260 行.
NOTIC: [8] Undefined variable: i E:\phpStudy\WWW\aaaa\Application\Home\Controller\IndexController.class.php 第 258 行.
SQL: SELECT * FROM `one_duty`  [ RunTime:0.0000s ]
NOTIC: [8] Undefined variable: i E:\phpStudy\WWW\aaaa\Application\Home\Controller\IndexController.class.php 第 290 行.
NOTIC: [8] Undefined variable: i E:\phpStudy\WWW\aaaa\Application\Home\Controller\IndexController.class.php 第 290 行.
NOTIC: [8] Undefined variable: i E:\phpStudy\WWW\aaaa\Application\Home\Controller\IndexController.class.php 第 292 行.
NOTIC: [8] Undefined offset: -1 E:\phpStudy\WWW\aaaa\Application\Home\Controller\IndexController.class.php 第 292 行.
NOTIC: [8] Undefined variable: i E:\phpStudy\WWW\aaaa\Application\Home\Controller\IndexController.class.php 第 292 行.
NOTIC: [8] Undefined variable: i E:\phpStudy\WWW\aaaa\Application\Home\Controller\IndexController.class.php 第 290 行.
SQL: SELECT * FROM `one_xiangmu`  [ RunTime:0.0010s ]
NOTIC: [8] Undefined variable: i E:\phpStudy\WWW\aaaa\Application\Home\Controller\IndexController.class.php 第 258 行.
NOTIC: [8] Undefined variable: i E:\phpStudy\WWW\aaaa\Application\Home\Controller\IndexController.class.php 第 258 行.
NOTIC: [8] Undefined variable: i E:\phpStudy\WWW\aaaa\Application\Home\Controller\IndexController.class.php 第 260 行.
NOTIC: [8] Undefined offset: -1 E:\phpStudy\WWW\aaaa\Application\Home\Controller\IndexController.class.php 第 260 行.
NOTIC: [8] Undefined variable: i E:\phpStudy\WWW\aaaa\Application\Home\Controller\IndexController.class.php 第 260 行.
NOTIC: [8] Undefined variable: i E:\phpStudy\WWW\aaaa\Application\Home\Controller\IndexController.class.php 第 258 行.
SQL: SELECT * FROM `one_duty`  [ RunTime:0.0000s ]
NOTIC: [8] Undefined variable: i E:\phpStudy\WWW\aaaa\Application\Home\Controller\IndexController.class.php 第 290 行.
NOTIC: [8] Undefined variable: i E:\phpStudy\WWW\aaaa\Application\Home\Controller\IndexController.class.php 第 290 行.
NOTIC: [8] Undefined variable: i E:\phpStudy\WWW\aaaa\Application\Home\Controller\IndexController.class.php 第 292 行.
NOTIC: [8] Undefined offset: -1 E:\phpStudy\WWW\aaaa\Application\Home\Controller\IndexController.class.php 第 292 行.
NOTIC: [8] Undefined variable: i E:\phpStudy\WWW\aaaa\Application\Home\Controller\IndexController.class.php 第 292 行.
NOTIC: [8] Undefined variable: i E:\phpStudy\WWW\aaaa\Application\Home\Controller\IndexController.class.php 第 290 行.
INFO: [ view_parse ] --START--
INFO: [ template_filter ] --START--
INFO: Run Behavior\ContentReplaceBehavior [ RunTime:0.000000s ]
INFO: [ template_filter ] --END-- [ RunTime:0.000000s ]
SQL: SHOW COLUMNS FROM `one_channel` [ RunTime:0.0030s ]
SQL: SELECT `id`,`pid`,`title`,`url`,`sort`,`create_time`,`update_time`,`status`,`target` FROM `one_channel` WHERE ( status=1 ) ORDER BY sort  [ RunTime:0.0000s ]
NOTIC: [8] Undefined variable: now E:\phpStudy\WWW\aaaa\Runtime\Cache\Home\769e70f2e46f34ceb60619bbda5e4691.php 第 188 行.
INFO: Run Behavior\ParseTemplateBehavior [ RunTime:0.023000s ]
INFO: [ view_parse ] --END-- [ RunTime:0.023000s ]
INFO: [ view_filter ] --START--
INFO: Run Behavior\WriteHtmlCacheBehavior [ RunTime:0.001000s ]
INFO: [ view_filter ] --END-- [ RunTime:0.001000s ]
INFO: [ app_end ] --START--
INFO: Run Behavior\ShowPageTraceBehavior [ RunTime:0.000000s ]
INFO: [ app_end ] --END-- [ RunTime:0.000000s ]

[ 2016-08-25T16:43:37+08:00 ] ::1 /aaaa/index.php?s=/Home/Index/xiangmu_copy_chakan/id/595/name/sssssss/fenlei/%E6%94%BF%E5%BA%9C%E6%8A%95%E8%B5%84%E5%9C%B0%E9%93%81%E9%93%81%E8%B7%AF%E5%BB%BA%E8%AE%BE/user_uid/1.html
INFO: [ app_init ] --START--
INFO: Run Behavior\BuildLiteBehavior [ RunTime:0.000000s ]
INFO: Run Common\Behavior\InitHookBehavior [ RunTime:0.001000s ]
INFO: [ app_init ] --END-- [ RunTime:0.001000s ]
INFO: [ app_begin ] --START--
INFO: Run Behavior\ReadHtmlCacheBehavior [ RunTime:0.001000s ]
INFO: [ app_begin ] --END-- [ RunTime:0.001000s ]
SQL: SHOW COLUMNS FROM `one_config` [ RunTime:0.0010s ]
SQL: SELECT `type`,`name`,`value` FROM `one_config` WHERE `status` = 1  [ RunTime:0.0000s ]
SQL: SHOW COLUMNS FROM `one_xiangmu_copy` [ RunTime:0.0410s ]
SQL: SELECT `user_uid` FROM `one_xiangmu_copy` WHERE `xiangmu_id` = 595  [ RunTime:0.0160s ]
SQL: SHOW COLUMNS FROM `one_xiangmu_copy` [ RunTime:0.0020s ]
SQL: SELECT COUNT(*) AS tp_count FROM `one_xiangmu_copy` WHERE `xiangmu_id` = 595 LIMIT 1   [ RunTime:0.0000s ]
SQL: SELECT `xiangmu_id`,`id`,`name`,`fenlei`,`location`,`company`,`man`,`phone`,`work_progress`,`next_plan`,`problem`,`help`,`action`,`major`,`major2`,`major3`,`major4`,`haimian`,`shenpi`,`user_uid`,`time`,`create_time`,`construction_year`,`construction_content`,`current_week`,`finish_time1`,`finish_time2`,`finish_time3`,`finish_time4`,`finish_time5`,`finish_time6`,`finish_time7`,`finish_time8`,`finish_time9`,`finish_time10`,`finish_time11`,`plan_01`,`plan_02`,`plan_03`,`plan_04`,`plan_05`,`plan_06`,`plan_07`,`money_need`,`next_year_plan`,`money_need_next` FROM `one_xiangmu_copy` WHERE `xiangmu_id` = 595 ORDER BY create_time desc LIMIT 0,10   [ RunTime:0.0010s ]
INFO: [ view_parse ] --START--
INFO: [ template_filter ] --START--
INFO: Run Behavior\ContentReplaceBehavior [ RunTime:0.001000s ]
INFO: [ template_filter ] --END-- [ RunTime:0.001000s ]
SQL: SHOW COLUMNS FROM `one_channel` [ RunTime:0.0010s ]
SQL: SELECT `id`,`pid`,`title`,`url`,`sort`,`create_time`,`update_time`,`status`,`target` FROM `one_channel` WHERE ( status=1 ) ORDER BY sort  [ RunTime:0.0000s ]
INFO: Run Behavior\ParseTemplateBehavior [ RunTime:0.017000s ]
INFO: [ view_parse ] --END-- [ RunTime:0.017000s ]
INFO: [ view_filter ] --START--
INFO: Run Behavior\WriteHtmlCacheBehavior [ RunTime:0.000000s ]
INFO: [ view_filter ] --END-- [ RunTime:0.000000s ]
INFO: [ app_end ] --START--
INFO: Run Behavior\ShowPageTraceBehavior [ RunTime:0.000000s ]
INFO: [ app_end ] --END-- [ RunTime:0.000000s ]

[ 2016-08-25T16:43:43+08:00 ] ::1 /aaaa/index.php?s=/Home/Index/dayin_current/xiangmu_id/595/name/sssssss/fenlei/%E6%94%BF%E5%BA%9C%E6%8A%95%E8%B5%84%E5%9C%B0%E9%93%81%E9%93%81%E8%B7%AF%E5%BB%BA%E8%AE%BE/man/sss/location/ssss/phone/ss/work_progress/ss/next_plan/ss/problem/ss.html
INFO: [ app_init ] --START--
INFO: Run Behavior\BuildLiteBehavior [ RunTime:0.000000s ]
INFO: Run Common\Behavior\InitHookBehavior [ RunTime:0.001000s ]
INFO: [ app_init ] --END-- [ RunTime:0.001000s ]
INFO: [ app_begin ] --START--
INFO: Run Behavior\ReadHtmlCacheBehavior [ RunTime:0.001000s ]
INFO: [ app_begin ] --END-- [ RunTime:0.001000s ]
SQL: SHOW COLUMNS FROM `one_config` [ RunTime:0.0020s ]
SQL: SELECT `type`,`name`,`value` FROM `one_config` WHERE `status` = 1  [ RunTime:0.0020s ]
SQL: SHOW COLUMNS FROM `one_xiangmu_copy` [ RunTime:0.0020s ]
SQL: SELECT `xiangmu_id`,`name`,`fenlei`,`location`,`company`,`man`,`phone`,`work_progress`,`next_plan`,`problem`,`help`,`action`,`major`,`major2`,`major3`,`major4`,`haimian`,`shenpi`,`construction_year`,`construction_content`,`current_week`,`finish_time1`,`finish_time2`,`finish_time3`,`finish_time4`,`finish_time5`,`finish_time6`,`finish_time7`,`finish_time8`,`finish_time9`,`finish_time10`,`finish_time11`,`plan_01`,`plan_02`,`plan_03`,`plan_04`,`plan_05`,`plan_06`,`plan_07`,`money_need`,`next_year_plan`,`money_need_next` FROM `one_xiangmu_copy` WHERE `xiangmu_id` = 595  [ RunTime:0.0000s ]
NOTIC: [8] Use of undefined constant 项目记录 - assumed '项目记录' E:\phpStudy\WWW\aaaa\Application\Home\Controller\IndexController.class.php 第 752 行.

[ 2016-08-25T16:43:56+08:00 ] ::1 /aaaa/index.php?s=/Home/Index/bianji2/id/595/name/sssssss/fenlei/%E6%94%BF%E5%BA%9C%E6%8A%95%E8%B5%84%E5%9C%B0%E9%93%81%E9%93%81%E8%B7%AF%E5%BB%BA%E8%AE%BE/man/sss/location/ssss/phone/ss/work_progress/ss/next_plan/ss/problem/ss.html
INFO: [ app_init ] --START--
INFO: Run Behavior\BuildLiteBehavior [ RunTime:0.000000s ]
INFO: Run Common\Behavior\InitHookBehavior [ RunTime:0.001000s ]
INFO: [ app_init ] --END-- [ RunTime:0.002000s ]
INFO: [ app_begin ] --START--
INFO: Run Behavior\ReadHtmlCacheBehavior [ RunTime:0.000000s ]
INFO: [ app_begin ] --END-- [ RunTime:0.000000s ]
SQL: SHOW COLUMNS FROM `one_config` [ RunTime:0.0010s ]
SQL: SELECT `type`,`name`,`value` FROM `one_config` WHERE `status` = 1  [ RunTime:0.0010s ]
SQL: SHOW COLUMNS FROM `one_duty` [ RunTime:0.0010s ]
SQL: SELECT * FROM `one_duty`  [ RunTime:0.0000s ]
NOTIC: [8] Undefined variable: i E:\phpStudy\WWW\aaaa\Application\Home\Controller\IndexController.class.php 第 290 行.
NOTIC: [8] Undefined variable: i E:\phpStudy\WWW\aaaa\Application\Home\Controller\IndexController.class.php 第 290 行.
NOTIC: [8] Undefined variable: i E:\phpStudy\WWW\aaaa\Application\Home\Controller\IndexController.class.php 第 292 行.
NOTIC: [8] Undefined offset: -1 E:\phpStudy\WWW\aaaa\Application\Home\Controller\IndexController.class.php 第 292 行.
NOTIC: [8] Undefined variable: i E:\phpStudy\WWW\aaaa\Application\Home\Controller\IndexController.class.php 第 292 行.
NOTIC: [8] Undefined variable: i E:\phpStudy\WWW\aaaa\Application\Home\Controller\IndexController.class.php 第 290 行.
SQL: SHOW COLUMNS FROM `one_xiangmu` [ RunTime:0.0010s ]
SQL: SELECT * FROM `one_xiangmu` WHERE `id` = 595  [ RunTime:0.0010s ]
SQL: SHOW COLUMNS FROM `one_xiangmu_fenlei` [ RunTime:0.0010s ]
SQL: SELECT * FROM `one_xiangmu_fenlei`  [ RunTime:0.0000s ]
INFO: [ view_parse ] --START--
INFO: [ template_filter ] --START--
INFO: Run Behavior\ContentReplaceBehavior [ RunTime:0.000000s ]
INFO: [ template_filter ] --END-- [ RunTime:0.000000s ]
SQL: SHOW COLUMNS FROM `one_channel` [ RunTime:0.0010s ]
SQL: SELECT `id`,`pid`,`title`,`url`,`sort`,`create_time`,`update_time`,`status`,`target` FROM `one_channel` WHERE ( status=1 ) ORDER BY sort  [ RunTime:0.0000s ]
NOTIC: [8] Use of undefined constant Index - assumed 'Index' E:\phpStudy\WWW\aaaa\Runtime\Cache\Home\fa726c4abc8ac974eddb0eb1b4c7cbf5.php 第 141 行.
NOTIC: [8] Use of undefined constant bianji2 - assumed 'bianji2' E:\phpStudy\WWW\aaaa\Runtime\Cache\Home\fa726c4abc8ac974eddb0eb1b4c7cbf5.php 第 141 行.
NOTIC: [2] Division by zero E:\phpStudy\WWW\aaaa\Runtime\Cache\Home\fa726c4abc8ac974eddb0eb1b4c7cbf5.php 第 141 行.
NOTIC: [8] Undefined index: name E:\phpStudy\WWW\aaaa\Runtime\Cache\Home\fa726c4abc8ac974eddb0eb1b4c7cbf5.php 第 164 行.
NOTIC: [8] Undefined index: name E:\phpStudy\WWW\aaaa\Runtime\Cache\Home\fa726c4abc8ac974eddb0eb1b4c7cbf5.php 第 164 行.
NOTIC: [8] Undefined index: name E:\phpStudy\WWW\aaaa\Runtime\Cache\Home\fa726c4abc8ac974eddb0eb1b4c7cbf5.php 第 164 行.
NOTIC: [8] Undefined index: name E:\phpStudy\WWW\aaaa\Runtime\Cache\Home\fa726c4abc8ac974eddb0eb1b4c7cbf5.php 第 164 行.
NOTIC: [8] Undefined index: name E:\phpStudy\WWW\aaaa\Runtime\Cache\Home\fa726c4abc8ac974eddb0eb1b4c7cbf5.php 第 164 行.
NOTIC: [8] Undefined index: name E:\phpStudy\WWW\aaaa\Runtime\Cache\Home\fa726c4abc8ac974eddb0eb1b4c7cbf5.php 第 164 行.
NOTIC: [8] Undefined index: name E:\phpStudy\WWW\aaaa\Runtime\Cache\Home\fa726c4abc8ac974eddb0eb1b4c7cbf5.php 第 164 行.
NOTIC: [8] Undefined index: name E:\phpStudy\WWW\aaaa\Runtime\Cache\Home\fa726c4abc8ac974eddb0eb1b4c7cbf5.php 第 164 行.
INFO: Run Behavior\ParseTemplateBehavior [ RunTime:0.021000s ]
INFO: [ view_parse ] --END-- [ RunTime:0.021000s ]
INFO: [ view_filter ] --START--
INFO: Run Behavior\WriteHtmlCacheBehavior [ RunTime:0.000000s ]
INFO: [ view_filter ] --END-- [ RunTime:0.000000s ]
INFO: [ app_end ] --START--
INFO: Run Behavior\ShowPageTraceBehavior [ RunTime:0.000000s ]
INFO: [ app_end ] --END-- [ RunTime:0.000000s ]

[ 2016-08-25T16:44:07+08:00 ] ::1 /aaaa/index.php?s=/Home/Index/xiangmu_copy_chakan/id/595/name/sssssss/fenlei/%E6%94%BF%E5%BA%9C%E6%8A%95%E8%B5%84%E5%9C%B0%E9%93%81%E9%93%81%E8%B7%AF%E5%BB%BA%E8%AE%BE/user_uid/1.html
INFO: [ app_init ] --START--
INFO: Run Behavior\BuildLiteBehavior [ RunTime:0.000000s ]
INFO: Run Common\Behavior\InitHookBehavior [ RunTime:0.001000s ]
INFO: [ app_init ] --END-- [ RunTime:0.001000s ]
INFO: [ app_begin ] --START--
INFO: Run Behavior\ReadHtmlCacheBehavior [ RunTime:0.000000s ]
INFO: [ app_begin ] --END-- [ RunTime:0.000000s ]
SQL: SHOW COLUMNS FROM `one_config` [ RunTime:0.0020s ]
SQL: SELECT `type`,`name`,`value` FROM `one_config` WHERE `status` = 1  [ RunTime:0.0000s ]
SQL: SHOW COLUMNS FROM `one_xiangmu_copy` [ RunTime:0.0010s ]
SQL: SELECT `user_uid` FROM `one_xiangmu_copy` WHERE `xiangmu_id` = 595  [ RunTime:0.0010s ]
SQL: SHOW COLUMNS FROM `one_xiangmu_copy` [ RunTime:0.0010s ]
SQL: SELECT COUNT(*) AS tp_count FROM `one_xiangmu_copy` WHERE `xiangmu_id` = 595 LIMIT 1   [ RunTime:0.0000s ]
SQL: SELECT `xiangmu_id`,`id`,`name`,`fenlei`,`location`,`company`,`man`,`phone`,`work_progress`,`next_plan`,`problem`,`help`,`action`,`major`,`major2`,`major3`,`major4`,`haimian`,`shenpi`,`user_uid`,`time`,`create_time`,`construction_year`,`construction_content`,`current_week`,`finish_time1`,`finish_time2`,`finish_time3`,`finish_time4`,`finish_time5`,`finish_time6`,`finish_time7`,`finish_time8`,`finish_time9`,`finish_time10`,`finish_time11`,`plan_01`,`plan_02`,`plan_03`,`plan_04`,`plan_05`,`plan_06`,`plan_07`,`money_need`,`next_year_plan`,`money_need_next` FROM `one_xiangmu_copy` WHERE `xiangmu_id` = 595 ORDER BY create_time desc LIMIT 0,10   [ RunTime:0.0000s ]
INFO: [ view_parse ] --START--
INFO: [ template_filter ] --START--
INFO: Run Behavior\ContentReplaceBehavior [ RunTime:0.000000s ]
INFO: [ template_filter ] --END-- [ RunTime:0.000000s ]
SQL: SHOW COLUMNS FROM `one_channel` [ RunTime:0.0020s ]
SQL: SELECT `id`,`pid`,`title`,`url`,`sort`,`create_time`,`update_time`,`status`,`target` FROM `one_channel` WHERE ( status=1 ) ORDER BY sort  [ RunTime:0.0000s ]
INFO: Run Behavior\ParseTemplateBehavior [ RunTime:0.016000s ]
INFO: [ view_parse ] --END-- [ RunTime:0.016000s ]
INFO: [ view_filter ] --START--
INFO: Run Behavior\WriteHtmlCacheBehavior [ RunTime:0.000000s ]
INFO: [ view_filter ] --END-- [ RunTime:0.000000s ]
INFO: [ app_end ] --START--
INFO: Run Behavior\ShowPageTraceBehavior [ RunTime:0.001000s ]
INFO: [ app_end ] --END-- [ RunTime:0.001000s ]

[ 2016-08-25T16:44:09+08:00 ] ::1 /aaaa/index.php?s=/Home/Index/bianji2/id/595/name/sssssss/fenlei/%E6%94%BF%E5%BA%9C%E6%8A%95%E8%B5%84%E5%9C%B0%E9%93%81%E9%93%81%E8%B7%AF%E5%BB%BA%E8%AE%BE/man/sss/location/ssss/phone/ss/work_progress/ss/next_plan/ss/problem/ss.html
INFO: [ app_init ] --START--
INFO: Run Behavior\BuildLiteBehavior [ RunTime:0.000000s ]
INFO: Run Common\Behavior\InitHookBehavior [ RunTime:0.002000s ]
INFO: [ app_init ] --END-- [ RunTime:0.002000s ]
INFO: [ app_begin ] --START--
INFO: Run Behavior\ReadHtmlCacheBehavior [ RunTime:0.001000s ]
INFO: [ app_begin ] --END-- [ RunTime:0.001000s ]
SQL: SHOW COLUMNS FROM `one_config` [ RunTime:0.0010s ]
SQL: SELECT `type`,`name`,`value` FROM `one_config` WHERE `status` = 1  [ RunTime:0.0020s ]
SQL: SHOW COLUMNS FROM `one_duty` [ RunTime:0.0010s ]
SQL: SELECT * FROM `one_duty`  [ RunTime:0.0000s ]
NOTIC: [8] Undefined variable: i E:\phpStudy\WWW\aaaa\Application\Home\Controller\IndexController.class.php 第 290 行.
NOTIC: [8] Undefined variable: i E:\phpStudy\WWW\aaaa\Application\Home\Controller\IndexController.class.php 第 290 行.
NOTIC: [8] Undefined variable: i E:\phpStudy\WWW\aaaa\Application\Home\Controller\IndexController.class.php 第 292 行.
NOTIC: [8] Undefined offset: -1 E:\phpStudy\WWW\aaaa\Application\Home\Controller\IndexController.class.php 第 292 行.
NOTIC: [8] Undefined variable: i E:\phpStudy\WWW\aaaa\Application\Home\Controller\IndexController.class.php 第 292 行.
NOTIC: [8] Undefined variable: i E:\phpStudy\WWW\aaaa\Application\Home\Controller\IndexController.class.php 第 290 行.
SQL: SHOW COLUMNS FROM `one_xiangmu` [ RunTime:0.0010s ]
SQL: SELECT * FROM `one_xiangmu` WHERE `id` = 595  [ RunTime:0.0000s ]
SQL: SHOW COLUMNS FROM `one_xiangmu_fenlei` [ RunTime:0.0010s ]
SQL: SELECT * FROM `one_xiangmu_fenlei`  [ RunTime:0.0000s ]
INFO: [ view_parse ] --START--
INFO: [ template_filter ] --START--
INFO: Run Behavior\ContentReplaceBehavior [ RunTime:0.000000s ]
INFO: [ template_filter ] --END-- [ RunTime:0.000000s ]
SQL: SHOW COLUMNS FROM `one_channel` [ RunTime:0.0020s ]
SQL: SELECT `id`,`pid`,`title`,`url`,`sort`,`create_time`,`update_time`,`status`,`target` FROM `one_channel` WHERE ( status=1 ) ORDER BY sort  [ RunTime:0.0000s ]
NOTIC: [8] Use of undefined constant Index - assumed 'Index' E:\phpStudy\WWW\aaaa\Runtime\Cache\Home\fa726c4abc8ac974eddb0eb1b4c7cbf5.php 第 141 行.
NOTIC: [8] Use of undefined constant bianji2 - assumed 'bianji2' E:\phpStudy\WWW\aaaa\Runtime\Cache\Home\fa726c4abc8ac974eddb0eb1b4c7cbf5.php 第 141 行.
NOTIC: [2] Division by zero E:\phpStudy\WWW\aaaa\Runtime\Cache\Home\fa726c4abc8ac974eddb0eb1b4c7cbf5.php 第 141 行.
NOTIC: [8] Undefined index: name E:\phpStudy\WWW\aaaa\Runtime\Cache\Home\fa726c4abc8ac974eddb0eb1b4c7cbf5.php 第 164 行.
NOTIC: [8] Undefined index: name E:\phpStudy\WWW\aaaa\Runtime\Cache\Home\fa726c4abc8ac974eddb0eb1b4c7cbf5.php 第 164 行.
NOTIC: [8] Undefined index: name E:\phpStudy\WWW\aaaa\Runtime\Cache\Home\fa726c4abc8ac974eddb0eb1b4c7cbf5.php 第 164 行.
NOTIC: [8] Undefined index: name E:\phpStudy\WWW\aaaa\Runtime\Cache\Home\fa726c4abc8ac974eddb0eb1b4c7cbf5.php 第 164 行.
NOTIC: [8] Undefined index: name E:\phpStudy\WWW\aaaa\Runtime\Cache\Home\fa726c4abc8ac974eddb0eb1b4c7cbf5.php 第 164 行.
NOTIC: [8] Undefined index: name E:\phpStudy\WWW\aaaa\Runtime\Cache\Home\fa726c4abc8ac974eddb0eb1b4c7cbf5.php 第 164 行.
NOTIC: [8] Undefined index: name E:\phpStudy\WWW\aaaa\Runtime\Cache\Home\fa726c4abc8ac974eddb0eb1b4c7cbf5.php 第 164 行.
NOTIC: [8] Undefined index: name E:\phpStudy\WWW\aaaa\Runtime\Cache\Home\fa726c4abc8ac974eddb0eb1b4c7cbf5.php 第 164 行.
INFO: Run Behavior\ParseTemplateBehavior [ RunTime:0.020000s ]
INFO: [ view_parse ] --END-- [ RunTime:0.020000s ]
INFO: [ view_filter ] --START--
INFO: Run Behavior\WriteHtmlCacheBehavior [ RunTime:0.000000s ]
INFO: [ view_filter ] --END-- [ RunTime:0.000000s ]
INFO: [ app_end ] --START--
INFO: Run Behavior\ShowPageTraceBehavior [ RunTime:0.001000s ]
INFO: [ app_end ] --END-- [ RunTime:0.001000s ]

[ 2016-08-25T16:44:18+08:00 ] ::1 /aaaa/index.php?s=/Home/Index/bianji3/id/764/name/sssssss/fenlei/%E6%94%BF%E5%BA%9C%E6%8A%95%E8%B5%84%E5%9C%B0%E9%93%81%E9%93%81%E8%B7%AF%E5%BB%BA%E8%AE%BE/man/sss/location/ssss/phone/ss/work_progress/ss/next_plan/ss/problem/ss.html
INFO: [ app_init ] --START--
INFO: Run Behavior\BuildLiteBehavior [ RunTime:0.000000s ]
INFO: Run Common\Behavior\InitHookBehavior [ RunTime:0.001000s ]
INFO: [ app_init ] --END-- [ RunTime:0.002000s ]
INFO: [ app_begin ] --START--
INFO: Run Behavior\ReadHtmlCacheBehavior [ RunTime:0.001000s ]
INFO: [ app_begin ] --END-- [ RunTime:0.001000s ]
SQL: SHOW COLUMNS FROM `one_config` [ RunTime:0.0010s ]
SQL: SELECT `type`,`name`,`value` FROM `one_config` WHERE `status` = 1  [ RunTime:0.0000s ]
SQL: SHOW COLUMNS FROM `one_duty` [ RunTime:0.0010s ]
SQL: SELECT * FROM `one_duty`  [ RunTime:0.0000s ]
NOTIC: [8] Undefined variable: i E:\phpStudy\WWW\aaaa\Application\Home\Controller\IndexController.class.php 第 290 行.
NOTIC: [8] Undefined variable: i E:\phpStudy\WWW\aaaa\Application\Home\Controller\IndexController.class.php 第 290 行.
NOTIC: [8] Undefined variable: i E:\phpStudy\WWW\aaaa\Application\Home\Controller\IndexController.class.php 第 292 行.
NOTIC: [8] Undefined offset: -1 E:\phpStudy\WWW\aaaa\Application\Home\Controller\IndexController.class.php 第 292 行.
NOTIC: [8] Undefined variable: i E:\phpStudy\WWW\aaaa\Application\Home\Controller\IndexController.class.php 第 292 行.
NOTIC: [8] Undefined variable: i E:\phpStudy\WWW\aaaa\Application\Home\Controller\IndexController.class.php 第 290 行.
SQL: SHOW COLUMNS FROM `one_xiangmu_fenlei` [ RunTime:0.0010s ]
SQL: SELECT * FROM `one_xiangmu_fenlei`  [ RunTime:0.0000s ]
SQL: SHOW COLUMNS FROM `one_xiangmu_copy` [ RunTime:0.0010s ]
SQL: SHOW COLUMNS FROM `one_xiangmu` [ RunTime:0.0020s ]
SQL: SELECT * FROM `one_xiangmu_copy` WHERE `id` = 764 ORDER BY create_time desc  [ RunTime:0.0000s ]
INFO: [ view_parse ] --START--
INFO: [ template_filter ] --START--
INFO: Run Behavior\ContentReplaceBehavior [ RunTime:0.000000s ]
INFO: [ template_filter ] --END-- [ RunTime:0.000000s ]
SQL: SHOW COLUMNS FROM `one_channel` [ RunTime:0.0020s ]
SQL: SELECT `id`,`pid`,`title`,`url`,`sort`,`create_time`,`update_time`,`status`,`target` FROM `one_channel` WHERE ( status=1 ) ORDER BY sort  [ RunTime:0.0000s ]
NOTIC: [8] Use of undefined constant Index - assumed 'Index' E:\phpStudy\WWW\aaaa\Runtime\Cache\Home\8b1e26891b972ca34e63df7feaab825b.php 第 141 行.
NOTIC: [8] Use of undefined constant bianji3 - assumed 'bianji3' E:\phpStudy\WWW\aaaa\Runtime\Cache\Home\8b1e26891b972ca34e63df7feaab825b.php 第 141 行.
NOTIC: [2] Division by zero E:\phpStudy\WWW\aaaa\Runtime\Cache\Home\8b1e26891b972ca34e63df7feaab825b.php 第 141 行.
NOTIC: [8] Undefined index: name E:\phpStudy\WWW\aaaa\Runtime\Cache\Home\8b1e26891b972ca34e63df7feaab825b.php 第 165 行.
NOTIC: [8] Undefined index: name E:\phpStudy\WWW\aaaa\Runtime\Cache\Home\8b1e26891b972ca34e63df7feaab825b.php 第 165 行.
NOTIC: [8] Undefined index: name E:\phpStudy\WWW\aaaa\Runtime\Cache\Home\8b1e26891b972ca34e63df7feaab825b.php 第 165 行.
NOTIC: [8] Undefined index: name E:\phpStudy\WWW\aaaa\Runtime\Cache\Home\8b1e26891b972ca34e63df7feaab825b.php 第 165 行.
NOTIC: [8] Undefined index: name E:\phpStudy\WWW\aaaa\Runtime\Cache\Home\8b1e26891b972ca34e63df7feaab825b.php 第 165 行.
NOTIC: [8] Undefined index: name E:\phpStudy\WWW\aaaa\Runtime\Cache\Home\8b1e26891b972ca34e63df7feaab825b.php 第 165 行.
NOTIC: [8] Undefined index: name E:\phpStudy\WWW\aaaa\Runtime\Cache\Home\8b1e26891b972ca34e63df7feaab825b.php 第 165 行.
NOTIC: [8] Undefined index: name E:\phpStudy\WWW\aaaa\Runtime\Cache\Home\8b1e26891b972ca34e63df7feaab825b.php 第 165 行.
INFO: Run Behavior\ParseTemplateBehavior [ RunTime:0.021000s ]
INFO: [ view_parse ] --END-- [ RunTime:0.021000s ]
INFO: [ view_filter ] --START--
INFO: Run Behavior\WriteHtmlCacheBehavior [ RunTime:0.000000s ]
INFO: [ view_filter ] --END-- [ RunTime:0.000000s ]
INFO: [ app_end ] --START--
INFO: Run Behavior\ShowPageTraceBehavior [ RunTime:0.000000s ]
INFO: [ app_end ] --END-- [ RunTime:0.000000s ]

