[ 2016-08-03T08:30:20+08:00 ] ::1 /aaaa/index.php
INFO: [ app_init ] --START--
INFO: Run Behavior\BuildLiteBehavior [ RunTime:0.000000s ]
INFO: Run Common\Behavior\InitHookBehavior [ RunTime:0.001000s ]
INFO: [ app_init ] --END-- [ RunTime:0.002000s ]
INFO: [ app_begin ] --START--
INFO: Run Behavior\ReadHtmlCacheBehavior [ RunTime:0.000000s ]
INFO: [ app_begin ] --END-- [ RunTime:0.000000s ]
SQL: SHOW COLUMNS FROM `one_config` [ RunTime:0.0030s ]
SQL: SELECT `type`,`name`,`value` FROM `one_config` WHERE `status` = 1  [ RunTime:0.0000s ]

[ 2016-08-03T08:30:21+08:00 ] ::1 /aaaa/index.php?s=/Home/User/login.html
INFO: [ app_init ] --START--
INFO: Run Behavior\BuildLiteBehavior [ RunTime:0.000000s ]
INFO: Run Common\Behavior\InitHookBehavior [ RunTime:0.002000s ]
INFO: [ app_init ] --END-- [ RunTime:0.002000s ]
INFO: [ app_begin ] --START--
INFO: Run Behavior\ReadHtmlCacheBehavior [ RunTime:0.001000s ]
INFO: [ app_begin ] --END-- [ RunTime:0.001000s ]
SQL: SHOW COLUMNS FROM `one_config` [ RunTime:0.0040s ]
SQL: SELECT `type`,`name`,`value` FROM `one_config` WHERE `status` = 1  [ RunTime:0.0010s ]
INFO: [ view_parse ] --START--
INFO: [ template_filter ] --START--
INFO: Run Behavior\ContentReplaceBehavior [ RunTime:0.000000s ]
INFO: [ template_filter ] --END-- [ RunTime:0.000000s ]
INFO: Run Behavior\ParseTemplateBehavior [ RunTime:0.041002s ]
INFO: [ view_parse ] --END-- [ RunTime:0.041002s ]
INFO: [ view_filter ] --START--
INFO: Run Behavior\WriteHtmlCacheBehavior [ RunTime:0.001000s ]
INFO: [ view_filter ] --END-- [ RunTime:0.001000s ]
INFO: [ app_end ] --START--
INFO: Run Behavior\ShowPageTraceBehavior [ RunTime:0.000000s ]
INFO: [ app_end ] --END-- [ RunTime:0.000000s ]

[ 2016-08-03T08:30:21+08:00 ] ::1 /aaaa/index.php?s=/Home/User/verify.html
INFO: [ app_init ] --START--
INFO: Run Behavior\BuildLiteBehavior [ RunTime:0.000000s ]
INFO: Run Common\Behavior\InitHookBehavior [ RunTime:0.001000s ]
INFO: [ app_init ] --END-- [ RunTime:0.001000s ]
INFO: [ app_begin ] --START--
INFO: Run Behavior\ReadHtmlCacheBehavior [ RunTime:0.000000s ]
INFO: [ app_begin ] --END-- [ RunTime:0.000000s ]
SQL: SHOW COLUMNS FROM `one_config` [ RunTime:0.0040s ]
SQL: SELECT `type`,`name`,`value` FROM `one_config` WHERE `status` = 1  [ RunTime:0.0010s ]
INFO: [ app_end ] --START--
INFO: Run Behavior\ShowPageTraceBehavior [ RunTime:0.001001s ]
INFO: [ app_end ] --END-- [ RunTime:0.001001s ]

[ 2016-08-03T08:30:41+08:00 ] ::1 /aaaa/index.php?s=/Home/User/login.html
INFO: [ app_init ] --START--
INFO: Run Behavior\BuildLiteBehavior [ RunTime:0.000000s ]
INFO: Run Common\Behavior\InitHookBehavior [ RunTime:0.000000s ]
INFO: [ app_init ] --END-- [ RunTime:0.000000s ]
INFO: [ app_begin ] --START--
INFO: Run Behavior\ReadHtmlCacheBehavior [ RunTime:0.000000s ]
INFO: [ app_begin ] --END-- [ RunTime:0.000000s ]
SQL: SHOW COLUMNS FROM `one_config` [ RunTime:0.0040s ]
SQL: SELECT `type`,`name`,`value` FROM `one_config` WHERE `status` = 1  [ RunTime:0.0010s ]
SQL: SHOW COLUMNS FROM `one_member` [ RunTime:0.0000s ]
SQL: SELECT `uid`,`nickname`,`work_place`,`first_time`,`qq`,`score`,`login`,`reg_ip`,`reg_time`,`last_login_ip`,`last_login_time`,`status` FROM `one_member` WHERE `uid` = 18 LIMIT 1   [ RunTime:0.0000s ]
SQL: UPDATE `one_member` SET `login`=`login`+1,`last_login_time`='1470184241',`last_login_ip`='0' WHERE `uid` = 18 [ RunTime:0.0000s ]
SQL: SHOW COLUMNS FROM `one_action` [ RunTime:0.0000s ]
SQL: SELECT * FROM `one_action` WHERE `name` = 'user_login' LIMIT 1   [ RunTime:0.0156s ]
SQL: SHOW COLUMNS FROM `one_action_log` [ RunTime:0.0000s ]
SQL: INSERT INTO `one_action_log` (`action_id`,`user_id`,`action_ip`,`model`,`record_id`,`create_time`,`remark`) VALUES ('1','18','0','member','18','1470184241','company在2016-08-03 08:30登录了后台') [ RunTime:0.0000s ]
SQL: SELECT * FROM `one_action` WHERE `name` = 'user_login' LIMIT 1   [ RunTime:0.0000s ]
NOTIC: [8] Undefined offset: 1 D:\phpStudy\WWW\aaaa\Application\Common\Common\function.php 第 679 行.
NOTIC: [2] array_key_exists() expects parameter 2 to be array, null given D:\phpStudy\WWW\aaaa\Application\Common\Common\function.php 第 679 行.
SQL: SELECT COUNT(*) AS tp_count FROM `one_action_log` WHERE `action_id` = 1 AND `user_id` = 18 AND `create_time` > 1470097841 LIMIT 1   [ RunTime:0.0000s ]
SQL: SHOW COLUMNS FROM `one_member` [ RunTime:0.0000s ]
SQL: UPDATE `one_member` SET `score`=score+10 WHERE ( uid=18 AND status>-1 ) [ RunTime:0.0000s ]

[ 2016-08-03T08:30:41+08:00 ] ::1 /aaaa/index.php?s=/Home/Index/index.html
INFO: [ app_init ] --START--
INFO: Run Behavior\BuildLiteBehavior [ RunTime:0.000000s ]
INFO: Run Common\Behavior\InitHookBehavior [ RunTime:0.015600s ]
INFO: [ app_init ] --END-- [ RunTime:0.015600s ]
INFO: [ app_begin ] --START--
INFO: Run Behavior\ReadHtmlCacheBehavior [ RunTime:0.000000s ]
INFO: [ app_begin ] --END-- [ RunTime:0.000000s ]
SQL: SHOW COLUMNS FROM `one_config` [ RunTime:0.0040s ]
SQL: SELECT `type`,`name`,`value` FROM `one_config` WHERE `status` = 1  [ RunTime:0.0000s ]
SQL: SHOW COLUMNS FROM `one_duty` [ RunTime:0.0030s ]
SQL: SELECT * FROM `one_duty` WHERE `user_uid` = 18  [ RunTime:0.0000s ]
SQL: SHOW COLUMNS FROM `one_duty_member` [ RunTime:0.0040s ]
SQL: SELECT `user_uid` FROM `one_duty_member` WHERE `duty_id` = 3  [ RunTime:0.0000s ]
SQL: SHOW COLUMNS FROM `one_xiangmu` [ RunTime:0.0040s ]
SQL: SELECT COUNT(*) AS tp_count FROM `one_xiangmu` WHERE `user_uid` IN ('7','8','18') LIMIT 1   [ RunTime:0.0010s ]
SQL: SELECT `id`,`name`,`fenlei`,`location`,`company`,`man`,`phone`,`work_progress`,`next_plan`,`problem`,`help`,`action`,`major`,`major2`,`major3`,`major4`,`user_uid`,`time`,`create_time`,`construction_year`,`construction_content`,`current_week`,`finish_time1`,`finish_time2`,`finish_time3`,`finish_time4`,`finish_time5`,`finish_time6`,`finish_time7`,`finish_time8`,`finish_time9`,`finish_time10`,`finish_time11`,`plan_01`,`plan_02`,`plan_03`,`plan_04`,`plan_05`,`plan_06`,`plan_07`,`money_need`,`next_year_plan`,`money_need_next` FROM `one_xiangmu` WHERE `user_uid` IN ('7','8','18') ORDER BY create_time desc LIMIT 0,10   [ RunTime:0.0010s ]
INFO: [ view_parse ] --START--
INFO: [ template_filter ] --START--
INFO: Run Behavior\ContentReplaceBehavior [ RunTime:0.000000s ]
INFO: [ template_filter ] --END-- [ RunTime:0.000000s ]
SQL: SHOW COLUMNS FROM `one_channel` [ RunTime:0.0030s ]
SQL: SELECT `id`,`pid`,`title`,`url`,`sort`,`create_time`,`update_time`,`status`,`target` FROM `one_channel` WHERE ( status=1 ) ORDER BY sort  [ RunTime:0.0010s ]
NOTIC: [8] Undefined variable: r1 D:\phpStudy\WWW\aaaa\Runtime\Cache\Home\769e70f2e46f34ceb60619bbda5e4691.php 第 166 行.
NOTIC: [8] Undefined variable: now D:\phpStudy\WWW\aaaa\Runtime\Cache\Home\769e70f2e46f34ceb60619bbda5e4691.php 第 180 行.
INFO: Run Behavior\ParseTemplateBehavior [ RunTime:0.050003s ]
INFO: [ view_parse ] --END-- [ RunTime:0.050003s ]
INFO: [ view_filter ] --START--
INFO: Run Behavior\WriteHtmlCacheBehavior [ RunTime:0.000000s ]
INFO: [ view_filter ] --END-- [ RunTime:0.000000s ]
INFO: [ app_end ] --START--
INFO: Run Behavior\ShowPageTraceBehavior [ RunTime:0.001000s ]
INFO: [ app_end ] --END-- [ RunTime:0.001000s ]

[ 2016-08-03T08:30:46+08:00 ] ::1 /aaaa/index.php?s=/Home/Index/next_index/PHPSESSID/rd23sbgojojkgfanu9bhh87m94.html
INFO: [ app_init ] --START--
INFO: Run Behavior\BuildLiteBehavior [ RunTime:0.000000s ]
INFO: Run Common\Behavior\InitHookBehavior [ RunTime:0.001000s ]
INFO: [ app_init ] --END-- [ RunTime:0.002000s ]
INFO: [ app_begin ] --START--
INFO: Run Behavior\ReadHtmlCacheBehavior [ RunTime:0.001000s ]
INFO: [ app_begin ] --END-- [ RunTime:0.001000s ]
SQL: SHOW COLUMNS FROM `one_config` [ RunTime:0.0030s ]
SQL: SELECT `type`,`name`,`value` FROM `one_config` WHERE `status` = 1  [ RunTime:0.0010s ]
SQL: SHOW COLUMNS FROM `one_duty` [ RunTime:0.0030s ]
SQL: SELECT * FROM `one_duty` WHERE `user_uid` = 18  [ RunTime:0.0000s ]
SQL: SHOW COLUMNS FROM `one_duty_member` [ RunTime:0.0040s ]
SQL: SELECT `user_uid` FROM `one_duty_member` WHERE `duty_id` = 3  [ RunTime:0.0000s ]
SQL: SHOW COLUMNS FROM `one_xiangmu` [ RunTime:0.0050s ]
SQL: SELECT COUNT(*) AS tp_count FROM `one_xiangmu` WHERE `user_uid` IN ('7','8','18') LIMIT 1   [ RunTime:0.0010s ]
SQL: SELECT `id`,`name`,`fenlei`,`location`,`company`,`man`,`phone`,`work_progress`,`next_plan`,`problem`,`help`,`action`,`major`,`major2`,`major3`,`major4`,`user_uid`,`time`,`create_time`,`construction_year`,`construction_content`,`current_week`,`finish_time1`,`finish_time2`,`finish_time3`,`finish_time4`,`finish_time5`,`finish_time6`,`finish_time7`,`finish_time8`,`finish_time9`,`finish_time10`,`finish_time11`,`plan_01`,`plan_02`,`plan_03`,`plan_04`,`plan_05`,`plan_06`,`plan_07`,`money_need`,`next_year_plan`,`money_need_next` FROM `one_xiangmu` WHERE `user_uid` IN ('7','8','18') ORDER BY create_time desc LIMIT 0,10   [ RunTime:0.0010s ]
INFO: [ view_parse ] --START--
INFO: [ template_filter ] --START--
INFO: Run Behavior\ContentReplaceBehavior [ RunTime:0.001000s ]
INFO: [ template_filter ] --END-- [ RunTime:0.001000s ]
SQL: SHOW COLUMNS FROM `one_channel` [ RunTime:0.0040s ]
SQL: SELECT `id`,`pid`,`title`,`url`,`sort`,`create_time`,`update_time`,`status`,`target` FROM `one_channel` WHERE ( status=1 ) ORDER BY sort  [ RunTime:0.0010s ]
NOTIC: [8] Undefined variable: r1 D:\phpStudy\WWW\aaaa\Runtime\Cache\Home\a15993092cbc885cb25234263004426b.php 第 166 行.
NOTIC: [8] Undefined variable: next_now D:\phpStudy\WWW\aaaa\Runtime\Cache\Home\a15993092cbc885cb25234263004426b.php 第 179 行.
NOTIC: [8] Undefined index: finsih_time6 D:\phpStudy\WWW\aaaa\Runtime\Cache\Home\a15993092cbc885cb25234263004426b.php 第 279 行.
NOTIC: [8] Undefined index: finsih_time7 D:\phpStudy\WWW\aaaa\Runtime\Cache\Home\a15993092cbc885cb25234263004426b.php 第 280 行.
NOTIC: [8] Undefined index: finsih_time8 D:\phpStudy\WWW\aaaa\Runtime\Cache\Home\a15993092cbc885cb25234263004426b.php 第 281 行.
NOTIC: [8] Undefined index: finsih_time9 D:\phpStudy\WWW\aaaa\Runtime\Cache\Home\a15993092cbc885cb25234263004426b.php 第 282 行.
NOTIC: [8] Undefined index: finsih_time10 D:\phpStudy\WWW\aaaa\Runtime\Cache\Home\a15993092cbc885cb25234263004426b.php 第 283 行.
NOTIC: [8] Undefined index: finsih_time11 D:\phpStudy\WWW\aaaa\Runtime\Cache\Home\a15993092cbc885cb25234263004426b.php 第 284 行.
NOTIC: [8] Undefined index: finsih_time6 D:\phpStudy\WWW\aaaa\Runtime\Cache\Home\a15993092cbc885cb25234263004426b.php 第 279 行.
NOTIC: [8] Undefined index: finsih_time7 D:\phpStudy\WWW\aaaa\Runtime\Cache\Home\a15993092cbc885cb25234263004426b.php 第 280 行.
NOTIC: [8] Undefined index: finsih_time8 D:\phpStudy\WWW\aaaa\Runtime\Cache\Home\a15993092cbc885cb25234263004426b.php 第 281 行.
NOTIC: [8] Undefined index: finsih_time9 D:\phpStudy\WWW\aaaa\Runtime\Cache\Home\a15993092cbc885cb25234263004426b.php 第 282 行.
NOTIC: [8] Undefined index: finsih_time10 D:\phpStudy\WWW\aaaa\Runtime\Cache\Home\a15993092cbc885cb25234263004426b.php 第 283 行.
NOTIC: [8] Undefined index: finsih_time11 D:\phpStudy\WWW\aaaa\Runtime\Cache\Home\a15993092cbc885cb25234263004426b.php 第 284 行.
NOTIC: [8] Undefined index: finsih_time6 D:\phpStudy\WWW\aaaa\Runtime\Cache\Home\a15993092cbc885cb25234263004426b.php 第 279 行.
NOTIC: [8] Undefined index: finsih_time7 D:\phpStudy\WWW\aaaa\Runtime\Cache\Home\a15993092cbc885cb25234263004426b.php 第 280 行.
NOTIC: [8] Undefined index: finsih_time8 D:\phpStudy\WWW\aaaa\Runtime\Cache\Home\a15993092cbc885cb25234263004426b.php 第 281 行.
NOTIC: [8] Undefined index: finsih_time9 D:\phpStudy\WWW\aaaa\Runtime\Cache\Home\a15993092cbc885cb25234263004426b.php 第 282 行.
NOTIC: [8] Undefined index: finsih_time10 D:\phpStudy\WWW\aaaa\Runtime\Cache\Home\a15993092cbc885cb25234263004426b.php 第 283 行.
NOTIC: [8] Undefined index: finsih_time11 D:\phpStudy\WWW\aaaa\Runtime\Cache\Home\a15993092cbc885cb25234263004426b.php 第 284 行.
NOTIC: [8] Undefined index: finsih_time6 D:\phpStudy\WWW\aaaa\Runtime\Cache\Home\a15993092cbc885cb25234263004426b.php 第 279 行.
NOTIC: [8] Undefined index: finsih_time7 D:\phpStudy\WWW\aaaa\Runtime\Cache\Home\a15993092cbc885cb25234263004426b.php 第 280 行.
NOTIC: [8] Undefined index: finsih_time8 D:\phpStudy\WWW\aaaa\Runtime\Cache\Home\a15993092cbc885cb25234263004426b.php 第 281 行.
NOTIC: [8] Undefined index: finsih_time9 D:\phpStudy\WWW\aaaa\Runtime\Cache\Home\a15993092cbc885cb25234263004426b.php 第 282 行.
NOTIC: [8] Undefined index: finsih_time10 D:\phpStudy\WWW\aaaa\Runtime\Cache\Home\a15993092cbc885cb25234263004426b.php 第 283 行.
NOTIC: [8] Undefined index: finsih_time11 D:\phpStudy\WWW\aaaa\Runtime\Cache\Home\a15993092cbc885cb25234263004426b.php 第 284 行.
NOTIC: [8] Undefined index: finsih_time6 D:\phpStudy\WWW\aaaa\Runtime\Cache\Home\a15993092cbc885cb25234263004426b.php 第 279 行.
NOTIC: [8] Undefined index: finsih_time7 D:\phpStudy\WWW\aaaa\Runtime\Cache\Home\a15993092cbc885cb25234263004426b.php 第 280 行.
NOTIC: [8] Undefined index: finsih_time8 D:\phpStudy\WWW\aaaa\Runtime\Cache\Home\a15993092cbc885cb25234263004426b.php 第 281 行.
NOTIC: [8] Undefined index: finsih_time9 D:\phpStudy\WWW\aaaa\Runtime\Cache\Home\a15993092cbc885cb25234263004426b.php 第 282 行.
NOTIC: [8] Undefined index: finsih_time10 D:\phpStudy\WWW\aaaa\Runtime\Cache\Home\a15993092cbc885cb25234263004426b.php 第 283 行.
NOTIC: [8] Undefined index: finsih_time11 D:\phpStudy\WWW\aaaa\Runtime\Cache\Home\a15993092cbc885cb25234263004426b.php 第 284 行.
NOTIC: [8] Undefined index: finsih_time6 D:\phpStudy\WWW\aaaa\Runtime\Cache\Home\a15993092cbc885cb25234263004426b.php 第 279 行.
NOTIC: [8] Undefined index: finsih_time7 D:\phpStudy\WWW\aaaa\Runtime\Cache\Home\a15993092cbc885cb25234263004426b.php 第 280 行.
NOTIC: [8] Undefined index: finsih_time8 D:\phpStudy\WWW\aaaa\Runtime\Cache\Home\a15993092cbc885cb25234263004426b.php 第 281 行.
NOTIC: [8] Undefined index: finsih_time9 D:\phpStudy\WWW\aaaa\Runtime\Cache\Home\a15993092cbc885cb25234263004426b.php 第 282 行.
NOTIC: [8] Undefined index: finsih_time10 D:\phpStudy\WWW\aaaa\Runtime\Cache\Home\a15993092cbc885cb25234263004426b.php 第 283 行.
NOTIC: [8] Undefined index: finsih_time11 D:\phpStudy\WWW\aaaa\Runtime\Cache\Home\a15993092cbc885cb25234263004426b.php 第 284 行.
NOTIC: [8] Undefined index: finsih_time6 D:\phpStudy\WWW\aaaa\Runtime\Cache\Home\a15993092cbc885cb25234263004426b.php 第 279 行.
NOTIC: [8] Undefined index: finsih_time7 D:\phpStudy\WWW\aaaa\Runtime\Cache\Home\a15993092cbc885cb25234263004426b.php 第 280 行.
NOTIC: [8] Undefined index: finsih_time8 D:\phpStudy\WWW\aaaa\Runtime\Cache\Home\a15993092cbc885cb25234263004426b.php 第 281 行.
NOTIC: [8] Undefined index: finsih_time9 D:\phpStudy\WWW\aaaa\Runtime\Cache\Home\a15993092cbc885cb25234263004426b.php 第 282 行.
NOTIC: [8] Undefined index: finsih_time10 D:\phpStudy\WWW\aaaa\Runtime\Cache\Home\a15993092cbc885cb25234263004426b.php 第 283 行.
NOTIC: [8] Undefined index: finsih_time11 D:\phpStudy\WWW\aaaa\Runtime\Cache\Home\a15993092cbc885cb25234263004426b.php 第 284 行.
NOTIC: [8] Undefined index: finsih_time6 D:\phpStudy\WWW\aaaa\Runtime\Cache\Home\a15993092cbc885cb25234263004426b.php 第 279 行.
NOTIC: [8] Undefined index: finsih_time7 D:\phpStudy\WWW\aaaa\Runtime\Cache\Home\a15993092cbc885cb25234263004426b.php 第 280 行.
NOTIC: [8] Undefined index: finsih_time8 D:\phpStudy\WWW\aaaa\Runtime\Cache\Home\a15993092cbc885cb25234263004426b.php 第 281 行.
NOTIC: [8] Undefined index: finsih_time9 D:\phpStudy\WWW\aaaa\Runtime\Cache\Home\a15993092cbc885cb25234263004426b.php 第 282 行.
NOTIC: [8] Undefined index: finsih_time10 D:\phpStudy\WWW\aaaa\Runtime\Cache\Home\a15993092cbc885cb25234263004426b.php 第 283 行.
NOTIC: [8] Undefined index: finsih_time11 D:\phpStudy\WWW\aaaa\Runtime\Cache\Home\a15993092cbc885cb25234263004426b.php 第 284 行.
NOTIC: [8] Undefined index: finsih_time6 D:\phpStudy\WWW\aaaa\Runtime\Cache\Home\a15993092cbc885cb25234263004426b.php 第 279 行.
NOTIC: [8] Undefined index: finsih_time7 D:\phpStudy\WWW\aaaa\Runtime\Cache\Home\a15993092cbc885cb25234263004426b.php 第 280 行.
NOTIC: [8] Undefined index: finsih_time8 D:\phpStudy\WWW\aaaa\Runtime\Cache\Home\a15993092cbc885cb25234263004426b.php 第 281 行.
NOTIC: [8] Undefined index: finsih_time9 D:\phpStudy\WWW\aaaa\Runtime\Cache\Home\a15993092cbc885cb25234263004426b.php 第 282 行.
NOTIC: [8] Undefined index: finsih_time10 D:\phpStudy\WWW\aaaa\Runtime\Cache\Home\a15993092cbc885cb25234263004426b.php 第 283 行.
NOTIC: [8] Undefined index: finsih_time11 D:\phpStudy\WWW\aaaa\Runtime\Cache\Home\a15993092cbc885cb25234263004426b.php 第 284 行.
NOTIC: [8] Undefined index: finsih_time6 D:\phpStudy\WWW\aaaa\Runtime\Cache\Home\a15993092cbc885cb25234263004426b.php 第 279 行.
NOTIC: [8] Undefined index: finsih_time7 D:\phpStudy\WWW\aaaa\Runtime\Cache\Home\a15993092cbc885cb25234263004426b.php 第 280 行.
NOTIC: [8] Undefined index: finsih_time8 D:\phpStudy\WWW\aaaa\Runtime\Cache\Home\a15993092cbc885cb25234263004426b.php 第 281 行.
NOTIC: [8] Undefined index: finsih_time9 D:\phpStudy\WWW\aaaa\Runtime\Cache\Home\a15993092cbc885cb25234263004426b.php 第 282 行.
NOTIC: [8] Undefined index: finsih_time10 D:\phpStudy\WWW\aaaa\Runtime\Cache\Home\a15993092cbc885cb25234263004426b.php 第 283 行.
NOTIC: [8] Undefined index: finsih_time11 D:\phpStudy\WWW\aaaa\Runtime\Cache\Home\a15993092cbc885cb25234263004426b.php 第 284 行.
INFO: Run Behavior\ParseTemplateBehavior [ RunTime:0.045003s ]
INFO: [ view_parse ] --END-- [ RunTime:0.045003s ]
INFO: [ view_filter ] --START--
INFO: Run Behavior\WriteHtmlCacheBehavior [ RunTime:0.000000s ]
INFO: [ view_filter ] --END-- [ RunTime:0.000000s ]
INFO: [ app_end ] --START--
INFO: Run Behavior\ShowPageTraceBehavior [ RunTime:0.000000s ]
INFO: [ app_end ] --END-- [ RunTime:0.000000s ]

[ 2016-08-03T08:30:49+08:00 ] ::1 /aaaa/index.php?s=/Home/Index/index/PHPSESSID/rd23sbgojojkgfanu9bhh87m94.html
INFO: [ app_init ] --START--
INFO: Run Behavior\BuildLiteBehavior [ RunTime:0.000000s ]
INFO: Run Common\Behavior\InitHookBehavior [ RunTime:0.002000s ]
INFO: [ app_init ] --END-- [ RunTime:0.002000s ]
INFO: [ app_begin ] --START--
INFO: Run Behavior\ReadHtmlCacheBehavior [ RunTime:0.000000s ]
INFO: [ app_begin ] --END-- [ RunTime:0.000000s ]
SQL: SHOW COLUMNS FROM `one_config` [ RunTime:0.0030s ]
SQL: SELECT `type`,`name`,`value` FROM `one_config` WHERE `status` = 1  [ RunTime:0.0000s ]
SQL: SHOW COLUMNS FROM `one_duty` [ RunTime:0.0030s ]
SQL: SELECT * FROM `one_duty` WHERE `user_uid` = 18  [ RunTime:0.0010s ]
SQL: SHOW COLUMNS FROM `one_duty_member` [ RunTime:0.0030s ]
SQL: SELECT `user_uid` FROM `one_duty_member` WHERE `duty_id` = 3  [ RunTime:0.0000s ]
SQL: SHOW COLUMNS FROM `one_xiangmu` [ RunTime:0.0040s ]
SQL: SELECT COUNT(*) AS tp_count FROM `one_xiangmu` WHERE `user_uid` IN ('7','8','18') LIMIT 1   [ RunTime:0.0010s ]
SQL: SELECT `id`,`name`,`fenlei`,`location`,`company`,`man`,`phone`,`work_progress`,`next_plan`,`problem`,`help`,`action`,`major`,`major2`,`major3`,`major4`,`user_uid`,`time`,`create_time`,`construction_year`,`construction_content`,`current_week`,`finish_time1`,`finish_time2`,`finish_time3`,`finish_time4`,`finish_time5`,`finish_time6`,`finish_time7`,`finish_time8`,`finish_time9`,`finish_time10`,`finish_time11`,`plan_01`,`plan_02`,`plan_03`,`plan_04`,`plan_05`,`plan_06`,`plan_07`,`money_need`,`next_year_plan`,`money_need_next` FROM `one_xiangmu` WHERE `user_uid` IN ('7','8','18') ORDER BY create_time desc LIMIT 0,10   [ RunTime:0.0010s ]
INFO: [ view_parse ] --START--
INFO: [ template_filter ] --START--
INFO: Run Behavior\ContentReplaceBehavior [ RunTime:0.000000s ]
INFO: [ template_filter ] --END-- [ RunTime:0.000000s ]
SQL: SHOW COLUMNS FROM `one_channel` [ RunTime:0.0030s ]
SQL: SELECT `id`,`pid`,`title`,`url`,`sort`,`create_time`,`update_time`,`status`,`target` FROM `one_channel` WHERE ( status=1 ) ORDER BY sort  [ RunTime:0.0000s ]
NOTIC: [8] Undefined variable: r1 D:\phpStudy\WWW\aaaa\Runtime\Cache\Home\769e70f2e46f34ceb60619bbda5e4691.php 第 166 行.
NOTIC: [8] Undefined variable: now D:\phpStudy\WWW\aaaa\Runtime\Cache\Home\769e70f2e46f34ceb60619bbda5e4691.php 第 180 行.
INFO: Run Behavior\ParseTemplateBehavior [ RunTime:0.026002s ]
INFO: [ view_parse ] --END-- [ RunTime:0.026002s ]
INFO: [ view_filter ] --START--
INFO: Run Behavior\WriteHtmlCacheBehavior [ RunTime:0.000000s ]
INFO: [ view_filter ] --END-- [ RunTime:0.000000s ]
INFO: [ app_end ] --START--
INFO: Run Behavior\ShowPageTraceBehavior [ RunTime:0.000000s ]
INFO: [ app_end ] --END-- [ RunTime:0.000000s ]

[ 2016-08-03T08:33:29+08:00 ] ::1 /aaaa/index.php?s=/Home/Index/city_project.html
INFO: [ app_init ] --START--
INFO: Run Behavior\BuildLiteBehavior [ RunTime:0.000000s ]
INFO: Run Common\Behavior\InitHookBehavior [ RunTime:0.001000s ]
INFO: [ app_init ] --END-- [ RunTime:0.002000s ]
INFO: [ app_begin ] --START--
INFO: Run Behavior\ReadHtmlCacheBehavior [ RunTime:0.001000s ]
INFO: [ app_begin ] --END-- [ RunTime:0.001000s ]
SQL: SHOW COLUMNS FROM `one_config` [ RunTime:0.0040s ]
SQL: SELECT `type`,`name`,`value` FROM `one_config` WHERE `status` = 1  [ RunTime:0.0010s ]
SQL: SHOW COLUMNS FROM `one_xiangmu` [ RunTime:0.0050s ]
SQL: SELECT * FROM `one_xiangmu` WHERE `major` = '是'  [ RunTime:0.0010s ]
INFO: [ view_parse ] --START--
INFO: [ template_filter ] --START--
INFO: Run Behavior\ContentReplaceBehavior [ RunTime:0.000000s ]
INFO: [ template_filter ] --END-- [ RunTime:0.000000s ]
SQL: SHOW COLUMNS FROM `one_channel` [ RunTime:0.0030s ]
SQL: SELECT `id`,`pid`,`title`,`url`,`sort`,`create_time`,`update_time`,`status`,`target` FROM `one_channel` WHERE ( status=1 ) ORDER BY sort  [ RunTime:0.0000s ]
NOTIC: [8] Undefined variable: r1 D:\phpStudy\WWW\aaaa\Runtime\Cache\Home\5ae299187f729e72707398d41afe5b9e.php 第 166 行.
NOTIC: [8] Undefined variable: _page D:\phpStudy\WWW\aaaa\Runtime\Cache\Home\5ae299187f729e72707398d41afe5b9e.php 第 250 行.
INFO: Run Behavior\ParseTemplateBehavior [ RunTime:0.026002s ]
INFO: [ view_parse ] --END-- [ RunTime:0.026002s ]
INFO: [ view_filter ] --START--
INFO: Run Behavior\WriteHtmlCacheBehavior [ RunTime:0.000000s ]
INFO: [ view_filter ] --END-- [ RunTime:0.000000s ]
INFO: [ app_end ] --START--
INFO: Run Behavior\ShowPageTraceBehavior [ RunTime:0.001000s ]
INFO: [ app_end ] --END-- [ RunTime:0.001000s ]

[ 2016-08-03T08:33:30+08:00 ] ::1 /aaaa/index.php?s=/Home/Index/major2.html
INFO: [ app_init ] --START--
INFO: Run Behavior\BuildLiteBehavior [ RunTime:0.000000s ]
INFO: Run Common\Behavior\InitHookBehavior [ RunTime:0.000000s ]
INFO: [ app_init ] --END-- [ RunTime:0.000000s ]
INFO: [ app_begin ] --START--
INFO: Run Behavior\ReadHtmlCacheBehavior [ RunTime:0.000000s ]
INFO: [ app_begin ] --END-- [ RunTime:0.000000s ]
SQL: SHOW COLUMNS FROM `one_config` [ RunTime:0.0030s ]
SQL: SELECT `type`,`name`,`value` FROM `one_config` WHERE `status` = 1  [ RunTime:0.0010s ]
SQL: SHOW COLUMNS FROM `one_xiangmu` [ RunTime:0.0040s ]
SQL: SELECT * FROM `one_xiangmu` WHERE `major2` = '是'  [ RunTime:0.0010s ]
INFO: [ view_parse ] --START--
INFO: [ template_filter ] --START--
INFO: Run Behavior\ContentReplaceBehavior [ RunTime:0.001000s ]
INFO: [ template_filter ] --END-- [ RunTime:0.001000s ]
SQL: SHOW COLUMNS FROM `one_channel` [ RunTime:0.0030s ]
SQL: SELECT `id`,`pid`,`title`,`url`,`sort`,`create_time`,`update_time`,`status`,`target` FROM `one_channel` WHERE ( status=1 ) ORDER BY sort  [ RunTime:0.0000s ]
NOTIC: [8] Undefined variable: r1 D:\phpStudy\WWW\aaaa\Runtime\Cache\Home\03a28cac76615929efda152cf4921423.php 第 166 行.
NOTIC: [8] Undefined variable: _page D:\phpStudy\WWW\aaaa\Runtime\Cache\Home\03a28cac76615929efda152cf4921423.php 第 250 行.
INFO: Run Behavior\ParseTemplateBehavior [ RunTime:0.026002s ]
INFO: [ view_parse ] --END-- [ RunTime:0.026002s ]
INFO: [ view_filter ] --START--
INFO: Run Behavior\WriteHtmlCacheBehavior [ RunTime:0.001000s ]
INFO: [ view_filter ] --END-- [ RunTime:0.001000s ]
INFO: [ app_end ] --START--
INFO: Run Behavior\ShowPageTraceBehavior [ RunTime:0.000000s ]
INFO: [ app_end ] --END-- [ RunTime:0.000000s ]

[ 2016-08-03T08:33:31+08:00 ] ::1 /aaaa/index.php?s=/Home/Index/major3.html
INFO: [ app_init ] --START--
INFO: Run Behavior\BuildLiteBehavior [ RunTime:0.000000s ]
INFO: Run Common\Behavior\InitHookBehavior [ RunTime:0.000000s ]
INFO: [ app_init ] --END-- [ RunTime:0.000000s ]
INFO: [ app_begin ] --START--
INFO: Run Behavior\ReadHtmlCacheBehavior [ RunTime:0.000000s ]
INFO: [ app_begin ] --END-- [ RunTime:0.000000s ]
SQL: SHOW COLUMNS FROM `one_config` [ RunTime:0.0030s ]
SQL: SELECT `type`,`name`,`value` FROM `one_config` WHERE `status` = 1  [ RunTime:0.0000s ]
SQL: SHOW COLUMNS FROM `one_xiangmu` [ RunTime:0.0050s ]
SQL: SELECT * FROM `one_xiangmu` WHERE `major3` = '是'  [ RunTime:0.0010s ]
INFO: [ view_parse ] --START--
INFO: [ template_filter ] --START--
INFO: Run Behavior\ContentReplaceBehavior [ RunTime:0.000000s ]
INFO: [ template_filter ] --END-- [ RunTime:0.000000s ]
SQL: SHOW COLUMNS FROM `one_channel` [ RunTime:0.0040s ]
SQL: SELECT `id`,`pid`,`title`,`url`,`sort`,`create_time`,`update_time`,`status`,`target` FROM `one_channel` WHERE ( status=1 ) ORDER BY sort  [ RunTime:0.0010s ]
NOTIC: [8] Undefined variable: r1 D:\phpStudy\WWW\aaaa\Runtime\Cache\Home\b834eb92cd9008c8c0f23bbd2b0ac721.php 第 166 行.
NOTIC: [8] Undefined variable: _page D:\phpStudy\WWW\aaaa\Runtime\Cache\Home\b834eb92cd9008c8c0f23bbd2b0ac721.php 第 250 行.
INFO: Run Behavior\ParseTemplateBehavior [ RunTime:0.026001s ]
INFO: [ view_parse ] --END-- [ RunTime:0.026001s ]
INFO: [ view_filter ] --START--
INFO: Run Behavior\WriteHtmlCacheBehavior [ RunTime:0.000000s ]
INFO: [ view_filter ] --END-- [ RunTime:0.000000s ]
INFO: [ app_end ] --START--
INFO: Run Behavior\ShowPageTraceBehavior [ RunTime:0.001000s ]
INFO: [ app_end ] --END-- [ RunTime:0.001000s ]

[ 2016-08-03T08:33:31+08:00 ] ::1 /aaaa/index.php?s=/Home/Index/major4.html
INFO: [ app_init ] --START--
INFO: Run Behavior\BuildLiteBehavior [ RunTime:0.000000s ]
INFO: Run Common\Behavior\InitHookBehavior [ RunTime:0.001000s ]
INFO: [ app_init ] --END-- [ RunTime:0.002000s ]
INFO: [ app_begin ] --START--
INFO: Run Behavior\ReadHtmlCacheBehavior [ RunTime:0.001000s ]
INFO: [ app_begin ] --END-- [ RunTime:0.001000s ]
SQL: SHOW COLUMNS FROM `one_config` [ RunTime:0.0030s ]
SQL: SELECT `type`,`name`,`value` FROM `one_config` WHERE `status` = 1  [ RunTime:0.0010s ]
SQL: SHOW COLUMNS FROM `one_xiangmu` [ RunTime:0.0040s ]
SQL: SELECT * FROM `one_xiangmu` WHERE `major4` = '是'  [ RunTime:0.0010s ]
INFO: [ view_parse ] --START--
INFO: [ template_filter ] --START--
INFO: Run Behavior\ContentReplaceBehavior [ RunTime:0.001000s ]
INFO: [ template_filter ] --END-- [ RunTime:0.001000s ]
SQL: SHOW COLUMNS FROM `one_channel` [ RunTime:0.0030s ]
SQL: SELECT `id`,`pid`,`title`,`url`,`sort`,`create_time`,`update_time`,`status`,`target` FROM `one_channel` WHERE ( status=1 ) ORDER BY sort  [ RunTime:0.0000s ]
NOTIC: [8] Undefined variable: r1 D:\phpStudy\WWW\aaaa\Runtime\Cache\Home\cc4b7445c6cfd5c2342ec498bbaa221c.php 第 166 行.
NOTIC: [8] Undefined variable: _page D:\phpStudy\WWW\aaaa\Runtime\Cache\Home\cc4b7445c6cfd5c2342ec498bbaa221c.php 第 250 行.
INFO: Run Behavior\ParseTemplateBehavior [ RunTime:0.025002s ]
INFO: [ view_parse ] --END-- [ RunTime:0.025002s ]
INFO: [ view_filter ] --START--
INFO: Run Behavior\WriteHtmlCacheBehavior [ RunTime:0.001000s ]
INFO: [ view_filter ] --END-- [ RunTime:0.001000s ]
INFO: [ app_end ] --START--
INFO: Run Behavior\ShowPageTraceBehavior [ RunTime:0.001000s ]
INFO: [ app_end ] --END-- [ RunTime:0.001000s ]

[ 2016-08-03T08:33:32+08:00 ] ::1 /aaaa/index.php?s=/Home/Index/major3.html
INFO: [ app_init ] --START--
INFO: Run Behavior\BuildLiteBehavior [ RunTime:0.000000s ]
INFO: Run Common\Behavior\InitHookBehavior [ RunTime:0.000000s ]
INFO: [ app_init ] --END-- [ RunTime:0.000000s ]
INFO: [ app_begin ] --START--
INFO: Run Behavior\ReadHtmlCacheBehavior [ RunTime:0.000000s ]
INFO: [ app_begin ] --END-- [ RunTime:0.015600s ]
SQL: SHOW COLUMNS FROM `one_config` [ RunTime:0.0040s ]
SQL: SELECT `type`,`name`,`value` FROM `one_config` WHERE `status` = 1  [ RunTime:0.0010s ]
SQL: SHOW COLUMNS FROM `one_xiangmu` [ RunTime:0.0040s ]
SQL: SELECT * FROM `one_xiangmu` WHERE `major3` = '是'  [ RunTime:0.0010s ]
INFO: [ view_parse ] --START--
INFO: [ template_filter ] --START--
INFO: Run Behavior\ContentReplaceBehavior [ RunTime:0.000000s ]
INFO: [ template_filter ] --END-- [ RunTime:0.000000s ]
SQL: SHOW COLUMNS FROM `one_channel` [ RunTime:0.0030s ]
SQL: SELECT `id`,`pid`,`title`,`url`,`sort`,`create_time`,`update_time`,`status`,`target` FROM `one_channel` WHERE ( status=1 ) ORDER BY sort  [ RunTime:0.0000s ]
NOTIC: [8] Undefined variable: r1 D:\phpStudy\WWW\aaaa\Runtime\Cache\Home\b834eb92cd9008c8c0f23bbd2b0ac721.php 第 166 行.
NOTIC: [8] Undefined variable: _page D:\phpStudy\WWW\aaaa\Runtime\Cache\Home\b834eb92cd9008c8c0f23bbd2b0ac721.php 第 250 行.
INFO: Run Behavior\ParseTemplateBehavior [ RunTime:0.025001s ]
INFO: [ view_parse ] --END-- [ RunTime:0.025001s ]
INFO: [ view_filter ] --START--
INFO: Run Behavior\WriteHtmlCacheBehavior [ RunTime:0.000000s ]
INFO: [ view_filter ] --END-- [ RunTime:0.000000s ]
INFO: [ app_end ] --START--
INFO: Run Behavior\ShowPageTraceBehavior [ RunTime:0.000000s ]
INFO: [ app_end ] --END-- [ RunTime:0.000000s ]

[ 2016-08-03T08:33:32+08:00 ] ::1 /aaaa/index.php?s=/Home/Index/major2.html
INFO: [ app_init ] --START--
INFO: Run Behavior\BuildLiteBehavior [ RunTime:0.000000s ]
INFO: Run Common\Behavior\InitHookBehavior [ RunTime:0.000000s ]
INFO: [ app_init ] --END-- [ RunTime:0.000000s ]
INFO: [ app_begin ] --START--
INFO: Run Behavior\ReadHtmlCacheBehavior [ RunTime:0.000000s ]
INFO: [ app_begin ] --END-- [ RunTime:0.000000s ]
SQL: SHOW COLUMNS FROM `one_config` [ RunTime:0.0030s ]
SQL: SELECT `type`,`name`,`value` FROM `one_config` WHERE `status` = 1  [ RunTime:0.0010s ]
SQL: SHOW COLUMNS FROM `one_xiangmu` [ RunTime:0.0040s ]
SQL: SELECT * FROM `one_xiangmu` WHERE `major2` = '是'  [ RunTime:0.0010s ]
INFO: [ view_parse ] --START--
INFO: [ template_filter ] --START--
INFO: Run Behavior\ContentReplaceBehavior [ RunTime:0.000000s ]
INFO: [ template_filter ] --END-- [ RunTime:0.000000s ]
SQL: SHOW COLUMNS FROM `one_channel` [ RunTime:0.0040s ]
SQL: SELECT `id`,`pid`,`title`,`url`,`sort`,`create_time`,`update_time`,`status`,`target` FROM `one_channel` WHERE ( status=1 ) ORDER BY sort  [ RunTime:0.0010s ]
NOTIC: [8] Undefined variable: r1 D:\phpStudy\WWW\aaaa\Runtime\Cache\Home\03a28cac76615929efda152cf4921423.php 第 166 行.
NOTIC: [8] Undefined variable: _page D:\phpStudy\WWW\aaaa\Runtime\Cache\Home\03a28cac76615929efda152cf4921423.php 第 250 行.
INFO: Run Behavior\ParseTemplateBehavior [ RunTime:0.025001s ]
INFO: [ view_parse ] --END-- [ RunTime:0.025001s ]
INFO: [ view_filter ] --START--
INFO: Run Behavior\WriteHtmlCacheBehavior [ RunTime:0.001000s ]
INFO: [ view_filter ] --END-- [ RunTime:0.001000s ]
INFO: [ app_end ] --START--
INFO: Run Behavior\ShowPageTraceBehavior [ RunTime:0.000000s ]
INFO: [ app_end ] --END-- [ RunTime:0.000000s ]

[ 2016-08-03T08:33:33+08:00 ] ::1 /aaaa/index.php?s=/Home/Index/city_project.html
INFO: [ app_init ] --START--
INFO: Run Behavior\BuildLiteBehavior [ RunTime:0.000000s ]
INFO: Run Common\Behavior\InitHookBehavior [ RunTime:0.001000s ]
INFO: [ app_init ] --END-- [ RunTime:0.002000s ]
INFO: [ app_begin ] --START--
INFO: Run Behavior\ReadHtmlCacheBehavior [ RunTime:0.001000s ]
INFO: [ app_begin ] --END-- [ RunTime:0.001000s ]
SQL: SHOW COLUMNS FROM `one_config` [ RunTime:0.0040s ]
SQL: SELECT `type`,`name`,`value` FROM `one_config` WHERE `status` = 1  [ RunTime:0.0010s ]
SQL: SHOW COLUMNS FROM `one_xiangmu` [ RunTime:0.0040s ]
SQL: SELECT * FROM `one_xiangmu` WHERE `major` = '是'  [ RunTime:0.0010s ]
INFO: [ view_parse ] --START--
INFO: [ template_filter ] --START--
INFO: Run Behavior\ContentReplaceBehavior [ RunTime:0.001000s ]
INFO: [ template_filter ] --END-- [ RunTime:0.001000s ]
SQL: SHOW COLUMNS FROM `one_channel` [ RunTime:0.0050s ]
SQL: SELECT `id`,`pid`,`title`,`url`,`sort`,`create_time`,`update_time`,`status`,`target` FROM `one_channel` WHERE ( status=1 ) ORDER BY sort  [ RunTime:0.0010s ]
NOTIC: [8] Undefined variable: r1 D:\phpStudy\WWW\aaaa\Runtime\Cache\Home\5ae299187f729e72707398d41afe5b9e.php 第 166 行.
NOTIC: [8] Undefined variable: _page D:\phpStudy\WWW\aaaa\Runtime\Cache\Home\5ae299187f729e72707398d41afe5b9e.php 第 250 行.
INFO: Run Behavior\ParseTemplateBehavior [ RunTime:0.028002s ]
INFO: [ view_parse ] --END-- [ RunTime:0.028002s ]
INFO: [ view_filter ] --START--
INFO: Run Behavior\WriteHtmlCacheBehavior [ RunTime:0.000000s ]
INFO: [ view_filter ] --END-- [ RunTime:0.000000s ]
INFO: [ app_end ] --START--
INFO: Run Behavior\ShowPageTraceBehavior [ RunTime:0.001000s ]
INFO: [ app_end ] --END-- [ RunTime:0.001000s ]

[ 2016-08-03T08:33:33+08:00 ] ::1 /aaaa/index.php?s=/Home/Index/major2.html
INFO: [ app_init ] --START--
INFO: Run Behavior\BuildLiteBehavior [ RunTime:0.000000s ]
INFO: Run Common\Behavior\InitHookBehavior [ RunTime:0.000000s ]
INFO: [ app_init ] --END-- [ RunTime:0.000000s ]
INFO: [ app_begin ] --START--
INFO: Run Behavior\ReadHtmlCacheBehavior [ RunTime:0.000000s ]
INFO: [ app_begin ] --END-- [ RunTime:0.000000s ]
SQL: SHOW COLUMNS FROM `one_config` [ RunTime:0.0040s ]
SQL: SELECT `type`,`name`,`value` FROM `one_config` WHERE `status` = 1  [ RunTime:0.0010s ]
SQL: SHOW COLUMNS FROM `one_xiangmu` [ RunTime:0.0040s ]
SQL: SELECT * FROM `one_xiangmu` WHERE `major2` = '是'  [ RunTime:0.0010s ]
INFO: [ view_parse ] --START--
INFO: [ template_filter ] --START--
INFO: Run Behavior\ContentReplaceBehavior [ RunTime:0.000000s ]
INFO: [ template_filter ] --END-- [ RunTime:0.000000s ]
SQL: SHOW COLUMNS FROM `one_channel` [ RunTime:0.0040s ]
SQL: SELECT `id`,`pid`,`title`,`url`,`sort`,`create_time`,`update_time`,`status`,`target` FROM `one_channel` WHERE ( status=1 ) ORDER BY sort  [ RunTime:0.0000s ]
NOTIC: [8] Undefined variable: r1 D:\phpStudy\WWW\aaaa\Runtime\Cache\Home\03a28cac76615929efda152cf4921423.php 第 166 行.
NOTIC: [8] Undefined variable: _page D:\phpStudy\WWW\aaaa\Runtime\Cache\Home\03a28cac76615929efda152cf4921423.php 第 250 行.
INFO: Run Behavior\ParseTemplateBehavior [ RunTime:0.025001s ]
INFO: [ view_parse ] --END-- [ RunTime:0.025001s ]
INFO: [ view_filter ] --START--
INFO: Run Behavior\WriteHtmlCacheBehavior [ RunTime:0.001000s ]
INFO: [ view_filter ] --END-- [ RunTime:0.001000s ]
INFO: [ app_end ] --START--
INFO: Run Behavior\ShowPageTraceBehavior [ RunTime:0.000000s ]
INFO: [ app_end ] --END-- [ RunTime:0.000000s ]

[ 2016-08-03T08:33:34+08:00 ] ::1 /aaaa/index.php?s=/Home/Index/major3.html
INFO: [ app_init ] --START--
INFO: Run Behavior\BuildLiteBehavior [ RunTime:0.000000s ]
INFO: Run Common\Behavior\InitHookBehavior [ RunTime:0.000000s ]
INFO: [ app_init ] --END-- [ RunTime:0.000000s ]
INFO: [ app_begin ] --START--
INFO: Run Behavior\ReadHtmlCacheBehavior [ RunTime:0.000000s ]
INFO: [ app_begin ] --END-- [ RunTime:0.000000s ]
SQL: SHOW COLUMNS FROM `one_config` [ RunTime:0.0040s ]
SQL: SELECT `type`,`name`,`value` FROM `one_config` WHERE `status` = 1  [ RunTime:0.0010s ]
SQL: SHOW COLUMNS FROM `one_xiangmu` [ RunTime:0.0040s ]
SQL: SELECT * FROM `one_xiangmu` WHERE `major3` = '是'  [ RunTime:0.0010s ]
INFO: [ view_parse ] --START--
INFO: [ template_filter ] --START--
INFO: Run Behavior\ContentReplaceBehavior [ RunTime:0.000000s ]
INFO: [ template_filter ] --END-- [ RunTime:0.000000s ]
SQL: SHOW COLUMNS FROM `one_channel` [ RunTime:0.0030s ]
SQL: SELECT `id`,`pid`,`title`,`url`,`sort`,`create_time`,`update_time`,`status`,`target` FROM `one_channel` WHERE ( status=1 ) ORDER BY sort  [ RunTime:0.0000s ]
NOTIC: [8] Undefined variable: r1 D:\phpStudy\WWW\aaaa\Runtime\Cache\Home\b834eb92cd9008c8c0f23bbd2b0ac721.php 第 166 行.
NOTIC: [8] Undefined variable: _page D:\phpStudy\WWW\aaaa\Runtime\Cache\Home\b834eb92cd9008c8c0f23bbd2b0ac721.php 第 250 行.
INFO: Run Behavior\ParseTemplateBehavior [ RunTime:0.024001s ]
INFO: [ view_parse ] --END-- [ RunTime:0.024001s ]
INFO: [ view_filter ] --START--
INFO: Run Behavior\WriteHtmlCacheBehavior [ RunTime:0.001001s ]
INFO: [ view_filter ] --END-- [ RunTime:0.001001s ]
INFO: [ app_end ] --START--
INFO: Run Behavior\ShowPageTraceBehavior [ RunTime:0.000000s ]
INFO: [ app_end ] --END-- [ RunTime:0.000000s ]

[ 2016-08-03T08:33:34+08:00 ] ::1 /aaaa/index.php?s=/Home/Index/major4.html
INFO: [ app_init ] --START--
INFO: Run Behavior\BuildLiteBehavior [ RunTime:0.000000s ]
INFO: Run Common\Behavior\InitHookBehavior [ RunTime:0.015601s ]
INFO: [ app_init ] --END-- [ RunTime:0.015601s ]
INFO: [ app_begin ] --START--
INFO: Run Behavior\ReadHtmlCacheBehavior [ RunTime:0.000000s ]
INFO: [ app_begin ] --END-- [ RunTime:0.000000s ]
SQL: SHOW COLUMNS FROM `one_config` [ RunTime:0.0176s ]
SQL: SELECT `type`,`name`,`value` FROM `one_config` WHERE `status` = 1  [ RunTime:0.0010s ]
SQL: SHOW COLUMNS FROM `one_xiangmu` [ RunTime:0.0040s ]
SQL: SELECT * FROM `one_xiangmu` WHERE `major4` = '是'  [ RunTime:0.0010s ]
INFO: [ view_parse ] --START--
INFO: [ template_filter ] --START--
INFO: Run Behavior\ContentReplaceBehavior [ RunTime:0.001000s ]
INFO: [ template_filter ] --END-- [ RunTime:0.001000s ]
SQL: SHOW COLUMNS FROM `one_channel` [ RunTime:0.0040s ]
SQL: SELECT `id`,`pid`,`title`,`url`,`sort`,`create_time`,`update_time`,`status`,`target` FROM `one_channel` WHERE ( status=1 ) ORDER BY sort  [ RunTime:0.0020s ]
NOTIC: [8] Undefined variable: r1 D:\phpStudy\WWW\aaaa\Runtime\Cache\Home\cc4b7445c6cfd5c2342ec498bbaa221c.php 第 166 行.
NOTIC: [8] Undefined variable: _page D:\phpStudy\WWW\aaaa\Runtime\Cache\Home\cc4b7445c6cfd5c2342ec498bbaa221c.php 第 250 行.
INFO: Run Behavior\ParseTemplateBehavior [ RunTime:0.027002s ]
INFO: [ view_parse ] --END-- [ RunTime:0.027002s ]
INFO: [ view_filter ] --START--
INFO: Run Behavior\WriteHtmlCacheBehavior [ RunTime:0.001000s ]
INFO: [ view_filter ] --END-- [ RunTime:0.001000s ]
INFO: [ app_end ] --START--
INFO: Run Behavior\ShowPageTraceBehavior [ RunTime:0.000000s ]
INFO: [ app_end ] --END-- [ RunTime:0.000000s ]

[ 2016-08-03T08:33:35+08:00 ] ::1 /aaaa/index.php?s=/Home/Index/major3.html
INFO: [ app_init ] --START--
INFO: Run Behavior\BuildLiteBehavior [ RunTime:0.000000s ]
INFO: Run Common\Behavior\InitHookBehavior [ RunTime:0.001000s ]
INFO: [ app_init ] --END-- [ RunTime:0.001000s ]
INFO: [ app_begin ] --START--
INFO: Run Behavior\ReadHtmlCacheBehavior [ RunTime:0.001001s ]
INFO: [ app_begin ] --END-- [ RunTime:0.001001s ]
SQL: SHOW COLUMNS FROM `one_config` [ RunTime:0.0030s ]
SQL: SELECT `type`,`name`,`value` FROM `one_config` WHERE `status` = 1  [ RunTime:0.0010s ]
SQL: SHOW COLUMNS FROM `one_xiangmu` [ RunTime:0.0040s ]
SQL: SELECT * FROM `one_xiangmu` WHERE `major3` = '是'  [ RunTime:0.0000s ]
INFO: [ view_parse ] --START--
INFO: [ template_filter ] --START--
INFO: Run Behavior\ContentReplaceBehavior [ RunTime:0.000000s ]
INFO: [ template_filter ] --END-- [ RunTime:0.000000s ]
SQL: SHOW COLUMNS FROM `one_channel` [ RunTime:0.0040s ]
SQL: SELECT `id`,`pid`,`title`,`url`,`sort`,`create_time`,`update_time`,`status`,`target` FROM `one_channel` WHERE ( status=1 ) ORDER BY sort  [ RunTime:0.0010s ]
NOTIC: [8] Undefined variable: r1 D:\phpStudy\WWW\aaaa\Runtime\Cache\Home\b834eb92cd9008c8c0f23bbd2b0ac721.php 第 166 行.
NOTIC: [8] Undefined variable: _page D:\phpStudy\WWW\aaaa\Runtime\Cache\Home\b834eb92cd9008c8c0f23bbd2b0ac721.php 第 250 行.
INFO: Run Behavior\ParseTemplateBehavior [ RunTime:0.025001s ]
INFO: [ view_parse ] --END-- [ RunTime:0.025001s ]
INFO: [ view_filter ] --START--
INFO: Run Behavior\WriteHtmlCacheBehavior [ RunTime:0.000000s ]
INFO: [ view_filter ] --END-- [ RunTime:0.000000s ]
INFO: [ app_end ] --START--
INFO: Run Behavior\ShowPageTraceBehavior [ RunTime:0.001000s ]
INFO: [ app_end ] --END-- [ RunTime:0.001000s ]

[ 2016-08-03T08:33:35+08:00 ] ::1 /aaaa/index.php?s=/Home/Index/major2.html
INFO: [ app_init ] --START--
INFO: Run Behavior\BuildLiteBehavior [ RunTime:0.000000s ]
INFO: Run Common\Behavior\InitHookBehavior [ RunTime:0.000000s ]
INFO: [ app_init ] --END-- [ RunTime:0.000000s ]
INFO: [ app_begin ] --START--
INFO: Run Behavior\ReadHtmlCacheBehavior [ RunTime:0.000000s ]
INFO: [ app_begin ] --END-- [ RunTime:0.001000s ]
SQL: SHOW COLUMNS FROM `one_config` [ RunTime:0.0030s ]
SQL: SELECT `type`,`name`,`value` FROM `one_config` WHERE `status` = 1  [ RunTime:0.0000s ]
SQL: SHOW COLUMNS FROM `one_xiangmu` [ RunTime:0.0050s ]
SQL: SELECT * FROM `one_xiangmu` WHERE `major2` = '是'  [ RunTime:0.0010s ]
INFO: [ view_parse ] --START--
INFO: [ template_filter ] --START--
INFO: Run Behavior\ContentReplaceBehavior [ RunTime:0.001000s ]
INFO: [ template_filter ] --END-- [ RunTime:0.001000s ]
SQL: SHOW COLUMNS FROM `one_channel` [ RunTime:0.0040s ]
SQL: SELECT `id`,`pid`,`title`,`url`,`sort`,`create_time`,`update_time`,`status`,`target` FROM `one_channel` WHERE ( status=1 ) ORDER BY sort  [ RunTime:0.0010s ]
NOTIC: [8] Undefined variable: r1 D:\phpStudy\WWW\aaaa\Runtime\Cache\Home\03a28cac76615929efda152cf4921423.php 第 166 行.
NOTIC: [8] Undefined variable: _page D:\phpStudy\WWW\aaaa\Runtime\Cache\Home\03a28cac76615929efda152cf4921423.php 第 250 行.
INFO: Run Behavior\ParseTemplateBehavior [ RunTime:0.025001s ]
INFO: [ view_parse ] --END-- [ RunTime:0.025001s ]
INFO: [ view_filter ] --START--
INFO: Run Behavior\WriteHtmlCacheBehavior [ RunTime:0.000000s ]
INFO: [ view_filter ] --END-- [ RunTime:0.000000s ]
INFO: [ app_end ] --START--
INFO: Run Behavior\ShowPageTraceBehavior [ RunTime:0.001000s ]
INFO: [ app_end ] --END-- [ RunTime:0.001000s ]

[ 2016-08-03T08:33:36+08:00 ] ::1 /aaaa/index.php?s=/Home/Index/city_project.html
INFO: [ app_init ] --START--
INFO: Run Behavior\BuildLiteBehavior [ RunTime:0.000000s ]
INFO: Run Common\Behavior\InitHookBehavior [ RunTime:0.000000s ]
INFO: [ app_init ] --END-- [ RunTime:0.000000s ]
INFO: [ app_begin ] --START--
INFO: Run Behavior\ReadHtmlCacheBehavior [ RunTime:0.000000s ]
INFO: [ app_begin ] --END-- [ RunTime:0.000000s ]
SQL: SHOW COLUMNS FROM `one_config` [ RunTime:0.0030s ]
SQL: SELECT `type`,`name`,`value` FROM `one_config` WHERE `status` = 1  [ RunTime:0.0000s ]
SQL: SHOW COLUMNS FROM `one_xiangmu` [ RunTime:0.0040s ]
SQL: SELECT * FROM `one_xiangmu` WHERE `major` = '是'  [ RunTime:0.0010s ]
INFO: [ view_parse ] --START--
INFO: [ template_filter ] --START--
INFO: Run Behavior\ContentReplaceBehavior [ RunTime:0.001000s ]
INFO: [ template_filter ] --END-- [ RunTime:0.001000s ]
SQL: SHOW COLUMNS FROM `one_channel` [ RunTime:0.0040s ]
SQL: SELECT `id`,`pid`,`title`,`url`,`sort`,`create_time`,`update_time`,`status`,`target` FROM `one_channel` WHERE ( status=1 ) ORDER BY sort  [ RunTime:0.0010s ]
NOTIC: [8] Undefined variable: r1 D:\phpStudy\WWW\aaaa\Runtime\Cache\Home\5ae299187f729e72707398d41afe5b9e.php 第 166 行.
NOTIC: [8] Undefined variable: _page D:\phpStudy\WWW\aaaa\Runtime\Cache\Home\5ae299187f729e72707398d41afe5b9e.php 第 250 行.
INFO: Run Behavior\ParseTemplateBehavior [ RunTime:0.024001s ]
INFO: [ view_parse ] --END-- [ RunTime:0.024001s ]
INFO: [ view_filter ] --START--
INFO: Run Behavior\WriteHtmlCacheBehavior [ RunTime:0.000000s ]
INFO: [ view_filter ] --END-- [ RunTime:0.001000s ]
INFO: [ app_end ] --START--
INFO: Run Behavior\ShowPageTraceBehavior [ RunTime:0.001000s ]
INFO: [ app_end ] --END-- [ RunTime:0.001000s ]

[ 2016-08-03T08:35:20+08:00 ] ::1 /aaaa/index.php?s=/Home/Index/index.html
INFO: [ app_init ] --START--
INFO: Run Behavior\BuildLiteBehavior [ RunTime:0.000000s ]
INFO: Run Common\Behavior\InitHookBehavior [ RunTime:0.000000s ]
INFO: [ app_init ] --END-- [ RunTime:0.000000s ]
INFO: [ app_begin ] --START--
INFO: Run Behavior\ReadHtmlCacheBehavior [ RunTime:0.000000s ]
INFO: [ app_begin ] --END-- [ RunTime:0.000000s ]
SQL: SHOW COLUMNS FROM `one_config` [ RunTime:0.0030s ]
SQL: SELECT `type`,`name`,`value` FROM `one_config` WHERE `status` = 1  [ RunTime:0.0000s ]
SQL: SHOW COLUMNS FROM `one_duty` [ RunTime:0.0030s ]
SQL: SELECT * FROM `one_duty` WHERE `user_uid` = 18  [ RunTime:0.0010s ]
SQL: SHOW COLUMNS FROM `one_duty_member` [ RunTime:0.0030s ]
SQL: SELECT `user_uid` FROM `one_duty_member` WHERE `duty_id` = 3  [ RunTime:0.0010s ]
SQL: SHOW COLUMNS FROM `one_xiangmu` [ RunTime:0.0040s ]
SQL: SELECT COUNT(*) AS tp_count FROM `one_xiangmu` WHERE `user_uid` IN ('7','8','18') LIMIT 1   [ RunTime:0.0010s ]
SQL: SELECT `id`,`name`,`fenlei`,`location`,`company`,`man`,`phone`,`work_progress`,`next_plan`,`problem`,`help`,`action`,`major`,`major2`,`major3`,`major4`,`user_uid`,`time`,`create_time`,`construction_year`,`construction_content`,`current_week`,`finish_time1`,`finish_time2`,`finish_time3`,`finish_time4`,`finish_time5`,`finish_time6`,`finish_time7`,`finish_time8`,`finish_time9`,`finish_time10`,`finish_time11`,`plan_01`,`plan_02`,`plan_03`,`plan_04`,`plan_05`,`plan_06`,`plan_07`,`money_need`,`next_year_plan`,`money_need_next` FROM `one_xiangmu` WHERE `user_uid` IN ('7','8','18') ORDER BY create_time desc LIMIT 0,10   [ RunTime:0.0010s ]
INFO: [ view_parse ] --START--
INFO: [ template_filter ] --START--
INFO: Run Behavior\ContentReplaceBehavior [ RunTime:0.000000s ]
INFO: [ template_filter ] --END-- [ RunTime:0.000000s ]
SQL: SHOW COLUMNS FROM `one_channel` [ RunTime:0.0030s ]
SQL: SELECT `id`,`pid`,`title`,`url`,`sort`,`create_time`,`update_time`,`status`,`target` FROM `one_channel` WHERE ( status=1 ) ORDER BY sort  [ RunTime:0.0000s ]
NOTIC: [8] Undefined variable: r1 D:\phpStudy\WWW\aaaa\Runtime\Cache\Home\769e70f2e46f34ceb60619bbda5e4691.php 第 166 行.
NOTIC: [8] Undefined variable: now D:\phpStudy\WWW\aaaa\Runtime\Cache\Home\769e70f2e46f34ceb60619bbda5e4691.php 第 180 行.
INFO: Run Behavior\ParseTemplateBehavior [ RunTime:0.025001s ]
INFO: [ view_parse ] --END-- [ RunTime:0.025001s ]
INFO: [ view_filter ] --START--
INFO: Run Behavior\WriteHtmlCacheBehavior [ RunTime:0.000000s ]
INFO: [ view_filter ] --END-- [ RunTime:0.000000s ]
INFO: [ app_end ] --START--
INFO: Run Behavior\ShowPageTraceBehavior [ RunTime:0.001000s ]
INFO: [ app_end ] --END-- [ RunTime:0.001000s ]

[ 2016-08-03T08:35:35+08:00 ] ::1 /aaaa/index.php?s=/Home/User/login.html
INFO: [ app_init ] --START--
INFO: Run Behavior\BuildLiteBehavior [ RunTime:0.000000s ]
INFO: Run Common\Behavior\InitHookBehavior [ RunTime:0.000000s ]
INFO: [ app_init ] --END-- [ RunTime:0.000000s ]
INFO: [ app_begin ] --START--
INFO: Run Behavior\ReadHtmlCacheBehavior [ RunTime:0.000000s ]
INFO: [ app_begin ] --END-- [ RunTime:0.000000s ]
SQL: SHOW COLUMNS FROM `one_config` [ RunTime:0.0030s ]
SQL: SELECT `type`,`name`,`value` FROM `one_config` WHERE `status` = 1  [ RunTime:0.0010s ]
INFO: [ view_parse ] --START--
INFO: [ template_filter ] --START--
INFO: Run Behavior\ContentReplaceBehavior [ RunTime:0.000000s ]
INFO: [ template_filter ] --END-- [ RunTime:0.000000s ]
INFO: Run Behavior\ParseTemplateBehavior [ RunTime:0.008000s ]
INFO: [ view_parse ] --END-- [ RunTime:0.008000s ]
INFO: [ view_filter ] --START--
INFO: Run Behavior\WriteHtmlCacheBehavior [ RunTime:0.001000s ]
INFO: [ view_filter ] --END-- [ RunTime:0.001000s ]
INFO: [ app_end ] --START--
INFO: Run Behavior\ShowPageTraceBehavior [ RunTime:0.000000s ]
INFO: [ app_end ] --END-- [ RunTime:0.000000s ]

[ 2016-08-03T08:35:36+08:00 ] ::1 /aaaa/index.php?s=/Home/User/verify.html
INFO: [ app_init ] --START--
INFO: Run Behavior\BuildLiteBehavior [ RunTime:0.000000s ]
INFO: Run Common\Behavior\InitHookBehavior [ RunTime:0.001000s ]
INFO: [ app_init ] --END-- [ RunTime:0.002000s ]
INFO: [ app_begin ] --START--
INFO: Run Behavior\ReadHtmlCacheBehavior [ RunTime:0.001000s ]
INFO: [ app_begin ] --END-- [ RunTime:0.001000s ]
SQL: SHOW COLUMNS FROM `one_config` [ RunTime:0.0050s ]
SQL: SELECT `type`,`name`,`value` FROM `one_config` WHERE `status` = 1  [ RunTime:0.0000s ]
INFO: [ app_end ] --START--
INFO: Run Behavior\ShowPageTraceBehavior [ RunTime:0.000000s ]
INFO: [ app_end ] --END-- [ RunTime:0.000000s ]

[ 2016-08-03T08:51:30+08:00 ] ::1 /aaaa/index.php?s=/Home/User/register.html
INFO: [ app_init ] --START--
INFO: Run Behavior\BuildLiteBehavior [ RunTime:0.000000s ]
INFO: Run Common\Behavior\InitHookBehavior [ RunTime:0.002000s ]
INFO: [ app_init ] --END-- [ RunTime:0.002000s ]
INFO: [ app_begin ] --START--
INFO: Run Behavior\ReadHtmlCacheBehavior [ RunTime:0.000000s ]
INFO: [ app_begin ] --END-- [ RunTime:0.000000s ]
SQL: SHOW COLUMNS FROM `one_config` [ RunTime:0.0040s ]
SQL: SELECT `type`,`name`,`value` FROM `one_config` WHERE `status` = 1  [ RunTime:0.0010s ]
INFO: [ view_parse ] --START--
INFO: [ template_filter ] --START--
INFO: Run Behavior\ContentReplaceBehavior [ RunTime:0.001000s ]
INFO: [ template_filter ] --END-- [ RunTime:0.001000s ]
SQL: SHOW COLUMNS FROM `one_channel` [ RunTime:0.0050s ]
SQL: SELECT `id`,`pid`,`title`,`url`,`sort`,`create_time`,`update_time`,`status`,`target` FROM `one_channel` WHERE ( status=1 ) ORDER BY sort  [ RunTime:0.0000s ]
INFO: Run Behavior\ParseTemplateBehavior [ RunTime:0.065004s ]
INFO: [ view_parse ] --END-- [ RunTime:0.065004s ]
INFO: [ view_filter ] --START--
INFO: Run Behavior\WriteHtmlCacheBehavior [ RunTime:0.000000s ]
INFO: [ view_filter ] --END-- [ RunTime:0.000000s ]
INFO: [ app_end ] --START--
INFO: Run Behavior\ShowPageTraceBehavior [ RunTime:0.000000s ]
INFO: [ app_end ] --END-- [ RunTime:0.000000s ]

[ 2016-08-03T08:51:30+08:00 ] ::1 /aaaa/index.php?s=/Home/User/verify.html
INFO: [ app_init ] --START--
INFO: Run Behavior\BuildLiteBehavior [ RunTime:0.000000s ]
INFO: Run Common\Behavior\InitHookBehavior [ RunTime:0.001000s ]
INFO: [ app_init ] --END-- [ RunTime:0.002000s ]
INFO: [ app_begin ] --START--
INFO: Run Behavior\ReadHtmlCacheBehavior [ RunTime:0.000000s ]
INFO: [ app_begin ] --END-- [ RunTime:0.000000s ]
SQL: SHOW COLUMNS FROM `one_config` [ RunTime:0.0050s ]
SQL: SELECT `type`,`name`,`value` FROM `one_config` WHERE `status` = 1  [ RunTime:0.0010s ]
INFO: [ app_end ] --START--
INFO: Run Behavior\ShowPageTraceBehavior [ RunTime:0.001000s ]
INFO: [ app_end ] --END-- [ RunTime:0.001000s ]

[ 2016-08-03T08:53:28+08:00 ] ::1 /aaaa/index.php?s=/Home/User/login.html
INFO: [ app_init ] --START--
INFO: Run Behavior\BuildLiteBehavior [ RunTime:0.000000s ]
INFO: Run Common\Behavior\InitHookBehavior [ RunTime:0.001000s ]
INFO: [ app_init ] --END-- [ RunTime:0.002000s ]
INFO: [ app_begin ] --START--
INFO: Run Behavior\ReadHtmlCacheBehavior [ RunTime:0.001000s ]
INFO: [ app_begin ] --END-- [ RunTime:0.001000s ]
SQL: SHOW COLUMNS FROM `one_config` [ RunTime:0.0040s ]
SQL: SELECT `type`,`name`,`value` FROM `one_config` WHERE `status` = 1  [ RunTime:0.0010s ]
INFO: [ view_parse ] --START--
INFO: [ template_filter ] --START--
INFO: Run Behavior\ContentReplaceBehavior [ RunTime:0.000000s ]
INFO: [ template_filter ] --END-- [ RunTime:0.000000s ]
INFO: Run Behavior\ParseTemplateBehavior [ RunTime:0.007001s ]
INFO: [ view_parse ] --END-- [ RunTime:0.007001s ]
INFO: [ view_filter ] --START--
INFO: Run Behavior\WriteHtmlCacheBehavior [ RunTime:0.001000s ]
INFO: [ view_filter ] --END-- [ RunTime:0.001000s ]
INFO: [ app_end ] --START--
INFO: Run Behavior\ShowPageTraceBehavior [ RunTime:0.000000s ]
INFO: [ app_end ] --END-- [ RunTime:0.000000s ]

[ 2016-08-03T08:53:28+08:00 ] ::1 /aaaa/index.php?s=/Home/User/verify.html
INFO: [ app_init ] --START--
INFO: Run Behavior\BuildLiteBehavior [ RunTime:0.000000s ]
INFO: Run Common\Behavior\InitHookBehavior [ RunTime:0.001000s ]
INFO: [ app_init ] --END-- [ RunTime:0.001000s ]
INFO: [ app_begin ] --START--
INFO: Run Behavior\ReadHtmlCacheBehavior [ RunTime:0.001000s ]
INFO: [ app_begin ] --END-- [ RunTime:0.001000s ]
SQL: SHOW COLUMNS FROM `one_config` [ RunTime:0.0040s ]
SQL: SELECT `type`,`name`,`value` FROM `one_config` WHERE `status` = 1  [ RunTime:0.0020s ]
INFO: [ app_end ] --START--
INFO: Run Behavior\ShowPageTraceBehavior [ RunTime:0.001000s ]
INFO: [ app_end ] --END-- [ RunTime:0.001000s ]

[ 2016-08-03T08:53:46+08:00 ] ::1 /aaaa/index.php?s=/Home/User/login.html
INFO: [ app_init ] --START--
INFO: Run Behavior\BuildLiteBehavior [ RunTime:0.000000s ]
INFO: Run Common\Behavior\InitHookBehavior [ RunTime:0.000000s ]
INFO: [ app_init ] --END-- [ RunTime:0.000000s ]
INFO: [ app_begin ] --START--
INFO: Run Behavior\ReadHtmlCacheBehavior [ RunTime:0.000000s ]
INFO: [ app_begin ] --END-- [ RunTime:0.000000s ]
SQL: SHOW COLUMNS FROM `one_config` [ RunTime:0.0040s ]
SQL: SELECT `type`,`name`,`value` FROM `one_config` WHERE `status` = 1  [ RunTime:0.0010s ]
INFO: [ view_parse ] --START--
INFO: [ template_filter ] --START--
INFO: Run Behavior\ContentReplaceBehavior [ RunTime:0.001000s ]
INFO: [ template_filter ] --END-- [ RunTime:0.001000s ]
INFO: Run Behavior\ParseTemplateBehavior [ RunTime:0.008001s ]
INFO: [ view_parse ] --END-- [ RunTime:0.008001s ]
INFO: [ view_filter ] --START--
INFO: Run Behavior\WriteHtmlCacheBehavior [ RunTime:0.000000s ]
INFO: [ view_filter ] --END-- [ RunTime:0.000000s ]
INFO: [ app_end ] --START--
INFO: Run Behavior\ShowPageTraceBehavior [ RunTime:0.001000s ]
INFO: [ app_end ] --END-- [ RunTime:0.001000s ]

[ 2016-08-03T08:53:46+08:00 ] ::1 /aaaa/index.php?s=/Home/User/verify.html
INFO: [ app_init ] --START--
INFO: Run Behavior\BuildLiteBehavior [ RunTime:0.000000s ]
INFO: Run Common\Behavior\InitHookBehavior [ RunTime:0.001000s ]
INFO: [ app_init ] --END-- [ RunTime:0.001000s ]
INFO: [ app_begin ] --START--
INFO: Run Behavior\ReadHtmlCacheBehavior [ RunTime:0.001000s ]
INFO: [ app_begin ] --END-- [ RunTime:0.001000s ]
SQL: SHOW COLUMNS FROM `one_config` [ RunTime:0.0050s ]
SQL: SELECT `type`,`name`,`value` FROM `one_config` WHERE `status` = 1  [ RunTime:0.0010s ]
INFO: [ app_end ] --START--
INFO: Run Behavior\ShowPageTraceBehavior [ RunTime:0.001000s ]
INFO: [ app_end ] --END-- [ RunTime:0.001000s ]

[ 2016-08-03T08:54:14+08:00 ] ::1 /aaaa/index.php?s=/Home/User/login.html
INFO: [ app_init ] --START--
INFO: Run Behavior\BuildLiteBehavior [ RunTime:0.000000s ]
INFO: Run Common\Behavior\InitHookBehavior [ RunTime:0.000000s ]
INFO: [ app_init ] --END-- [ RunTime:0.000000s ]
INFO: [ app_begin ] --START--
INFO: Run Behavior\ReadHtmlCacheBehavior [ RunTime:0.000000s ]
INFO: [ app_begin ] --END-- [ RunTime:0.000000s ]
SQL: SHOW COLUMNS FROM `one_config` [ RunTime:0.0050s ]
SQL: SELECT `type`,`name`,`value` FROM `one_config` WHERE `status` = 1  [ RunTime:0.0010s ]
INFO: [ view_parse ] --START--
INFO: [ template_filter ] --START--
INFO: Run Behavior\ContentReplaceBehavior [ RunTime:0.000000s ]
INFO: [ template_filter ] --END-- [ RunTime:0.000000s ]
INFO: Run Behavior\ParseTemplateBehavior [ RunTime:0.011000s ]
INFO: [ view_parse ] --END-- [ RunTime:0.011000s ]
INFO: [ view_filter ] --START--
INFO: Run Behavior\WriteHtmlCacheBehavior [ RunTime:0.000000s ]
INFO: [ view_filter ] --END-- [ RunTime:0.000000s ]
INFO: [ app_end ] --START--
INFO: Run Behavior\ShowPageTraceBehavior [ RunTime:0.001001s ]
INFO: [ app_end ] --END-- [ RunTime:0.001001s ]

[ 2016-08-03T08:54:14+08:00 ] ::1 /aaaa/index.php?s=/Home/User/verify.html
INFO: [ app_init ] --START--
INFO: Run Behavior\BuildLiteBehavior [ RunTime:0.000000s ]
INFO: Run Common\Behavior\InitHookBehavior [ RunTime:0.003001s ]
INFO: [ app_init ] --END-- [ RunTime:0.003001s ]
INFO: [ app_begin ] --START--
INFO: Run Behavior\ReadHtmlCacheBehavior [ RunTime:0.000000s ]
INFO: [ app_begin ] --END-- [ RunTime:0.001000s ]
SQL: SHOW COLUMNS FROM `one_config` [ RunTime:0.0040s ]
SQL: SELECT `type`,`name`,`value` FROM `one_config` WHERE `status` = 1  [ RunTime:0.0010s ]
INFO: [ app_end ] --START--
INFO: Run Behavior\ShowPageTraceBehavior [ RunTime:0.001000s ]
INFO: [ app_end ] --END-- [ RunTime:0.001000s ]

[ 2016-08-03T08:54:59+08:00 ] ::1 /aaaa/index.php?s=/Home/User/login.html
INFO: [ app_init ] --START--
INFO: Run Behavior\BuildLiteBehavior [ RunTime:0.000000s ]
INFO: Run Common\Behavior\InitHookBehavior [ RunTime:0.000000s ]
INFO: [ app_init ] --END-- [ RunTime:0.000000s ]
INFO: [ app_begin ] --START--
INFO: Run Behavior\ReadHtmlCacheBehavior [ RunTime:0.000000s ]
INFO: [ app_begin ] --END-- [ RunTime:0.000000s ]
SQL: SHOW COLUMNS FROM `one_config` [ RunTime:0.0060s ]
SQL: SELECT `type`,`name`,`value` FROM `one_config` WHERE `status` = 1  [ RunTime:0.0020s ]
INFO: [ view_parse ] --START--
INFO: [ template_filter ] --START--
INFO: Run Behavior\ContentReplaceBehavior [ RunTime:0.000000s ]
INFO: [ template_filter ] --END-- [ RunTime:0.000000s ]
INFO: Run Behavior\ParseTemplateBehavior [ RunTime:0.011000s ]
INFO: [ view_parse ] --END-- [ RunTime:0.011000s ]
INFO: [ view_filter ] --START--
INFO: Run Behavior\WriteHtmlCacheBehavior [ RunTime:0.000000s ]
INFO: [ view_filter ] --END-- [ RunTime:0.000000s ]
INFO: [ app_end ] --START--
INFO: Run Behavior\ShowPageTraceBehavior [ RunTime:0.001000s ]
INFO: [ app_end ] --END-- [ RunTime:0.001000s ]

[ 2016-08-03T08:54:59+08:00 ] ::1 /aaaa/index.php?s=/Home/User/verify.html
INFO: [ app_init ] --START--
INFO: Run Behavior\BuildLiteBehavior [ RunTime:0.001001s ]
INFO: Run Common\Behavior\InitHookBehavior [ RunTime:0.001000s ]
INFO: [ app_init ] --END-- [ RunTime:0.002001s ]
INFO: [ app_begin ] --START--
INFO: Run Behavior\ReadHtmlCacheBehavior [ RunTime:0.000000s ]
INFO: [ app_begin ] --END-- [ RunTime:0.000000s ]
SQL: SHOW COLUMNS FROM `one_config` [ RunTime:0.0040s ]
SQL: SELECT `type`,`name`,`value` FROM `one_config` WHERE `status` = 1  [ RunTime:0.0010s ]
INFO: [ app_end ] --START--
INFO: Run Behavior\ShowPageTraceBehavior [ RunTime:0.001000s ]
INFO: [ app_end ] --END-- [ RunTime:0.001000s ]

[ 2016-08-03T08:55:01+08:00 ] ::1 /aaaa/index.php?s=/Home/User/register.html
INFO: [ app_init ] --START--
INFO: Run Behavior\BuildLiteBehavior [ RunTime:0.000000s ]
INFO: Run Common\Behavior\InitHookBehavior [ RunTime:0.001000s ]
INFO: [ app_init ] --END-- [ RunTime:0.002000s ]
INFO: [ app_begin ] --START--
INFO: Run Behavior\ReadHtmlCacheBehavior [ RunTime:0.000000s ]
INFO: [ app_begin ] --END-- [ RunTime:0.000000s ]
SQL: SHOW COLUMNS FROM `one_config` [ RunTime:0.0040s ]
SQL: SELECT `type`,`name`,`value` FROM `one_config` WHERE `status` = 1  [ RunTime:0.0010s ]
INFO: [ view_parse ] --START--
INFO: [ template_filter ] --START--
INFO: Run Behavior\ContentReplaceBehavior [ RunTime:0.000000s ]
INFO: [ template_filter ] --END-- [ RunTime:0.000000s ]
SQL: SHOW COLUMNS FROM `one_channel` [ RunTime:0.0040s ]
SQL: SELECT `id`,`pid`,`title`,`url`,`sort`,`create_time`,`update_time`,`status`,`target` FROM `one_channel` WHERE ( status=1 ) ORDER BY sort  [ RunTime:0.0000s ]
INFO: Run Behavior\ParseTemplateBehavior [ RunTime:0.021002s ]
INFO: [ view_parse ] --END-- [ RunTime:0.021002s ]
INFO: [ view_filter ] --START--
INFO: Run Behavior\WriteHtmlCacheBehavior [ RunTime:0.000000s ]
INFO: [ view_filter ] --END-- [ RunTime:0.000000s ]
INFO: [ app_end ] --START--
INFO: Run Behavior\ShowPageTraceBehavior [ RunTime:0.001000s ]
INFO: [ app_end ] --END-- [ RunTime:0.001000s ]

[ 2016-08-03T08:55:01+08:00 ] ::1 /aaaa/index.php?s=/Home/User/verify.html
INFO: [ app_init ] --START--
INFO: Run Behavior\BuildLiteBehavior [ RunTime:0.000000s ]
INFO: Run Common\Behavior\InitHookBehavior [ RunTime:0.001000s ]
INFO: [ app_init ] --END-- [ RunTime:0.002000s ]
INFO: [ app_begin ] --START--
INFO: Run Behavior\ReadHtmlCacheBehavior [ RunTime:0.000000s ]
INFO: [ app_begin ] --END-- [ RunTime:0.000000s ]
SQL: SHOW COLUMNS FROM `one_config` [ RunTime:0.0060s ]
SQL: SELECT `type`,`name`,`value` FROM `one_config` WHERE `status` = 1  [ RunTime:0.0010s ]
INFO: [ app_end ] --START--
INFO: Run Behavior\ShowPageTraceBehavior [ RunTime:0.001000s ]
INFO: [ app_end ] --END-- [ RunTime:0.001000s ]

[ 2016-08-03T08:56:43+08:00 ] ::1 /aaaa/index.php?s=/Home/User/login.html
INFO: [ app_init ] --START--
INFO: Run Behavior\BuildLiteBehavior [ RunTime:0.000000s ]
INFO: Run Common\Behavior\InitHookBehavior [ RunTime:0.000000s ]
INFO: [ app_init ] --END-- [ RunTime:0.000000s ]
INFO: [ app_begin ] --START--
INFO: Run Behavior\ReadHtmlCacheBehavior [ RunTime:0.015600s ]
INFO: [ app_begin ] --END-- [ RunTime:0.015600s ]
SQL: SHOW COLUMNS FROM `one_config` [ RunTime:0.0030s ]
SQL: SELECT `type`,`name`,`value` FROM `one_config` WHERE `status` = 1  [ RunTime:0.0000s ]

[ 2016-08-03T08:56:43+08:00 ] ::1 /aaaa/index.php?s=/Home/User/verify.html&random=0.6620952807573046
INFO: [ app_init ] --START--
INFO: Run Behavior\BuildLiteBehavior [ RunTime:0.000000s ]
INFO: Run Common\Behavior\InitHookBehavior [ RunTime:0.001000s ]
INFO: [ app_init ] --END-- [ RunTime:0.001000s ]
INFO: [ app_begin ] --START--
INFO: Run Behavior\ReadHtmlCacheBehavior [ RunTime:0.001000s ]
INFO: [ app_begin ] --END-- [ RunTime:0.001000s ]
SQL: SHOW COLUMNS FROM `one_config` [ RunTime:0.0040s ]
SQL: SELECT `type`,`name`,`value` FROM `one_config` WHERE `status` = 1  [ RunTime:0.0010s ]
INFO: [ app_end ] --START--
INFO: Run Behavior\ShowPageTraceBehavior [ RunTime:0.000000s ]
INFO: [ app_end ] --END-- [ RunTime:0.000000s ]

[ 2016-08-03T08:56:48+08:00 ] ::1 /aaaa/index.php?s=/Home/User/login.html
INFO: [ app_init ] --START--
INFO: Run Behavior\BuildLiteBehavior [ RunTime:0.000000s ]
INFO: Run Common\Behavior\InitHookBehavior [ RunTime:0.000000s ]
INFO: [ app_init ] --END-- [ RunTime:0.000000s ]
INFO: [ app_begin ] --START--
INFO: Run Behavior\ReadHtmlCacheBehavior [ RunTime:0.000000s ]
INFO: [ app_begin ] --END-- [ RunTime:0.000000s ]
SQL: SHOW COLUMNS FROM `one_config` [ RunTime:0.0156s ]
SQL: SELECT `type`,`name`,`value` FROM `one_config` WHERE `status` = 1  [ RunTime:0.0010s ]
SQL: SHOW COLUMNS FROM `one_member` [ RunTime:0.0000s ]
SQL: SELECT `uid`,`nickname`,`work_place`,`first_time`,`qq`,`score`,`login`,`reg_ip`,`reg_time`,`last_login_ip`,`last_login_time`,`status` FROM `one_member` WHERE `uid` = 1 LIMIT 1   [ RunTime:0.0000s ]
SQL: UPDATE `one_member` SET `login`=`login`+1,`last_login_time`='1470185808',`last_login_ip`='0' WHERE `uid` = 1 [ RunTime:0.0000s ]
SQL: SHOW COLUMNS FROM `one_action` [ RunTime:0.0156s ]
SQL: SELECT * FROM `one_action` WHERE `name` = 'user_login' LIMIT 1   [ RunTime:0.0000s ]
SQL: SHOW COLUMNS FROM `one_action_log` [ RunTime:0.0000s ]
SQL: INSERT INTO `one_action_log` (`action_id`,`user_id`,`action_ip`,`model`,`record_id`,`create_time`,`remark`) VALUES ('1','1','0','member','1','1470185808','gaoyuan在2016-08-03 08:56登录了后台') [ RunTime:0.0000s ]
SQL: SELECT * FROM `one_action` WHERE `name` = 'user_login' LIMIT 1   [ RunTime:0.0000s ]
NOTIC: [8] Undefined offset: 1 D:\phpStudy\WWW\aaaa\Application\Common\Common\function.php 第 679 行.
NOTIC: [2] array_key_exists() expects parameter 2 to be array, null given D:\phpStudy\WWW\aaaa\Application\Common\Common\function.php 第 679 行.
SQL: SELECT COUNT(*) AS tp_count FROM `one_action_log` WHERE `action_id` = 1 AND `user_id` = 1 AND `create_time` > 1470099408 LIMIT 1   [ RunTime:0.0000s ]

[ 2016-08-03T08:56:48+08:00 ] ::1 /aaaa/index.php?s=/Home/Index/index.html
INFO: [ app_init ] --START--
INFO: Run Behavior\BuildLiteBehavior [ RunTime:0.000000s ]
INFO: Run Common\Behavior\InitHookBehavior [ RunTime:0.000000s ]
INFO: [ app_init ] --END-- [ RunTime:0.000000s ]
INFO: [ app_begin ] --START--
INFO: Run Behavior\ReadHtmlCacheBehavior [ RunTime:0.000000s ]
INFO: [ app_begin ] --END-- [ RunTime:0.000000s ]
SQL: SHOW COLUMNS FROM `one_config` [ RunTime:0.0040s ]
SQL: SELECT `type`,`name`,`value` FROM `one_config` WHERE `status` = 1  [ RunTime:0.0010s ]
SQL: SHOW COLUMNS FROM `one_duty` [ RunTime:0.0040s ]
SQL: SELECT * FROM `one_duty` WHERE `user_uid` = 1  [ RunTime:0.0010s ]
NOTIC: [8] Undefined offset: 0 D:\phpStudy\WWW\aaaa\Application\Home\Controller\IndexController.class.php 第 40 行.
SQL: SHOW COLUMNS FROM `one_xiangmu` [ RunTime:0.0050s ]
SQL: SHOW COLUMNS FROM `one_xiangmu` [ RunTime:0.0050s ]
SQL: SELECT COUNT(*) AS tp_count FROM `one_xiangmu` WHERE `user_uid` = 1 LIMIT 1   [ RunTime:0.0000s ]
SQL: SELECT `id`,`name`,`fenlei`,`location`,`company`,`man`,`phone`,`work_progress`,`next_plan`,`problem`,`help`,`action`,`major`,`major2`,`major3`,`major4`,`user_uid`,`time`,`create_time`,`construction_year`,`construction_content`,`current_week`,`finish_time1`,`finish_time2`,`finish_time3`,`finish_time4`,`finish_time5`,`finish_time6`,`finish_time7`,`finish_time8`,`finish_time9`,`finish_time10`,`finish_time11`,`plan_01`,`plan_02`,`plan_03`,`plan_04`,`plan_05`,`plan_06`,`plan_07`,`money_need`,`next_year_plan`,`money_need_next` FROM `one_xiangmu` WHERE `user_uid` = 1 ORDER BY create_time desc  LIMIT 0,10   [ RunTime:0.0010s ]
SQL: SELECT * FROM `one_xiangmu`  [ RunTime:0.0010s ]
NOTIC: [8] Undefined variable: i D:\phpStudy\WWW\aaaa\Application\Home\Controller\IndexController.class.php 第 235 行.
NOTIC: [8] Undefined variable: i D:\phpStudy\WWW\aaaa\Application\Home\Controller\IndexController.class.php 第 235 行.
NOTIC: [8] Undefined variable: i D:\phpStudy\WWW\aaaa\Application\Home\Controller\IndexController.class.php 第 237 行.
NOTIC: [8] Undefined offset: -1 D:\phpStudy\WWW\aaaa\Application\Home\Controller\IndexController.class.php 第 237 行.
NOTIC: [8] Undefined variable: i D:\phpStudy\WWW\aaaa\Application\Home\Controller\IndexController.class.php 第 237 行.
NOTIC: [8] Undefined variable: i D:\phpStudy\WWW\aaaa\Application\Home\Controller\IndexController.class.php 第 235 行.
SQL: SHOW COLUMNS FROM `one_duty` [ RunTime:0.0030s ]
SQL: SELECT * FROM `one_duty`  [ RunTime:0.0010s ]
NOTIC: [8] Undefined variable: i D:\phpStudy\WWW\aaaa\Application\Home\Controller\IndexController.class.php 第 267 行.
NOTIC: [8] Undefined variable: i D:\phpStudy\WWW\aaaa\Application\Home\Controller\IndexController.class.php 第 267 行.
NOTIC: [8] Undefined variable: i D:\phpStudy\WWW\aaaa\Application\Home\Controller\IndexController.class.php 第 269 行.
NOTIC: [8] Undefined offset: -1 D:\phpStudy\WWW\aaaa\Application\Home\Controller\IndexController.class.php 第 269 行.
NOTIC: [8] Undefined variable: i D:\phpStudy\WWW\aaaa\Application\Home\Controller\IndexController.class.php 第 269 行.
NOTIC: [8] Undefined variable: i D:\phpStudy\WWW\aaaa\Application\Home\Controller\IndexController.class.php 第 267 行.
SQL: SELECT * FROM `one_xiangmu`  [ RunTime:0.0010s ]
NOTIC: [8] Undefined variable: i D:\phpStudy\WWW\aaaa\Application\Home\Controller\IndexController.class.php 第 235 行.
NOTIC: [8] Undefined variable: i D:\phpStudy\WWW\aaaa\Application\Home\Controller\IndexController.class.php 第 235 行.
NOTIC: [8] Undefined variable: i D:\phpStudy\WWW\aaaa\Application\Home\Controller\IndexController.class.php 第 237 行.
NOTIC: [8] Undefined offset: -1 D:\phpStudy\WWW\aaaa\Application\Home\Controller\IndexController.class.php 第 237 行.
NOTIC: [8] Undefined variable: i D:\phpStudy\WWW\aaaa\Application\Home\Controller\IndexController.class.php 第 237 行.
NOTIC: [8] Undefined variable: i D:\phpStudy\WWW\aaaa\Application\Home\Controller\IndexController.class.php 第 235 行.
SQL: SELECT * FROM `one_duty`  [ RunTime:0.0000s ]
NOTIC: [8] Undefined variable: i D:\phpStudy\WWW\aaaa\Application\Home\Controller\IndexController.class.php 第 267 行.
NOTIC: [8] Undefined variable: i D:\phpStudy\WWW\aaaa\Application\Home\Controller\IndexController.class.php 第 267 行.
NOTIC: [8] Undefined variable: i D:\phpStudy\WWW\aaaa\Application\Home\Controller\IndexController.class.php 第 269 行.
NOTIC: [8] Undefined offset: -1 D:\phpStudy\WWW\aaaa\Application\Home\Controller\IndexController.class.php 第 269 行.
NOTIC: [8] Undefined variable: i D:\phpStudy\WWW\aaaa\Application\Home\Controller\IndexController.class.php 第 269 行.
NOTIC: [8] Undefined variable: i D:\phpStudy\WWW\aaaa\Application\Home\Controller\IndexController.class.php 第 267 行.
SQL: SELECT * FROM `one_xiangmu`  [ RunTime:0.0000s ]
NOTIC: [8] Undefined variable: i D:\phpStudy\WWW\aaaa\Application\Home\Controller\IndexController.class.php 第 235 行.
NOTIC: [8] Undefined variable: i D:\phpStudy\WWW\aaaa\Application\Home\Controller\IndexController.class.php 第 235 行.
NOTIC: [8] Undefined variable: i D:\phpStudy\WWW\aaaa\Application\Home\Controller\IndexController.class.php 第 237 行.
NOTIC: [8] Undefined offset: -1 D:\phpStudy\WWW\aaaa\Application\Home\Controller\IndexController.class.php 第 237 行.
NOTIC: [8] Undefined variable: i D:\phpStudy\WWW\aaaa\Application\Home\Controller\IndexController.class.php 第 237 行.
NOTIC: [8] Undefined variable: i D:\phpStudy\WWW\aaaa\Application\Home\Controller\IndexController.class.php 第 235 行.
SQL: SELECT * FROM `one_duty`  [ RunTime:0.0000s ]
NOTIC: [8] Undefined variable: i D:\phpStudy\WWW\aaaa\Application\Home\Controller\IndexController.class.php 第 267 行.
NOTIC: [8] Undefined variable: i D:\phpStudy\WWW\aaaa\Application\Home\Controller\IndexController.class.php 第 267 行.
NOTIC: [8] Undefined variable: i D:\phpStudy\WWW\aaaa\Application\Home\Controller\IndexController.class.php 第 269 行.
NOTIC: [8] Undefined offset: -1 D:\phpStudy\WWW\aaaa\Application\Home\Controller\IndexController.class.php 第 269 行.
NOTIC: [8] Undefined variable: i D:\phpStudy\WWW\aaaa\Application\Home\Controller\IndexController.class.php 第 269 行.
NOTIC: [8] Undefined variable: i D:\phpStudy\WWW\aaaa\Application\Home\Controller\IndexController.class.php 第 267 行.
SQL: SELECT * FROM `one_xiangmu`  [ RunTime:0.0010s ]
NOTIC: [8] Undefined variable: i D:\phpStudy\WWW\aaaa\Application\Home\Controller\IndexController.class.php 第 235 行.
NOTIC: [8] Undefined variable: i D:\phpStudy\WWW\aaaa\Application\Home\Controller\IndexController.class.php 第 235 行.
NOTIC: [8] Undefined variable: i D:\phpStudy\WWW\aaaa\Application\Home\Controller\IndexController.class.php 第 237 行.
NOTIC: [8] Undefined offset: -1 D:\phpStudy\WWW\aaaa\Application\Home\Controller\IndexController.class.php 第 237 行.
NOTIC: [8] Undefined variable: i D:\phpStudy\WWW\aaaa\Application\Home\Controller\IndexController.class.php 第 237 行.
NOTIC: [8] Undefined variable: i D:\phpStudy\WWW\aaaa\Application\Home\Controller\IndexController.class.php 第 235 行.
SQL: SELECT * FROM `one_duty`  [ RunTime:0.0010s ]
NOTIC: [8] Undefined variable: i D:\phpStudy\WWW\aaaa\Application\Home\Controller\IndexController.class.php 第 267 行.
NOTIC: [8] Undefined variable: i D:\phpStudy\WWW\aaaa\Application\Home\Controller\IndexController.class.php 第 267 行.
NOTIC: [8] Undefined variable: i D:\phpStudy\WWW\aaaa\Application\Home\Controller\IndexController.class.php 第 269 行.
NOTIC: [8] Undefined offset: -1 D:\phpStudy\WWW\aaaa\Application\Home\Controller\IndexController.class.php 第 269 行.
NOTIC: [8] Undefined variable: i D:\phpStudy\WWW\aaaa\Application\Home\Controller\IndexController.class.php 第 269 行.
NOTIC: [8] Undefined variable: i D:\phpStudy\WWW\aaaa\Application\Home\Controller\IndexController.class.php 第 267 行.
INFO: [ view_parse ] --START--
INFO: [ template_filter ] --START--
INFO: Run Behavior\ContentReplaceBehavior [ RunTime:0.001000s ]
INFO: [ template_filter ] --END-- [ RunTime:0.001000s ]
SQL: SHOW COLUMNS FROM `one_channel` [ RunTime:0.0040s ]
SQL: SELECT `id`,`pid`,`title`,`url`,`sort`,`create_time`,`update_time`,`status`,`target` FROM `one_channel` WHERE ( status=1 ) ORDER BY sort  [ RunTime:0.0000s ]
NOTIC: [8] Undefined variable: r1 D:\phpStudy\WWW\aaaa\Runtime\Cache\Home\769e70f2e46f34ceb60619bbda5e4691.php 第 166 行.
NOTIC: [8] Undefined variable: now D:\phpStudy\WWW\aaaa\Runtime\Cache\Home\769e70f2e46f34ceb60619bbda5e4691.php 第 180 行.
INFO: Run Behavior\ParseTemplateBehavior [ RunTime:0.025001s ]
INFO: [ view_parse ] --END-- [ RunTime:0.025001s ]
INFO: [ view_filter ] --START--
INFO: Run Behavior\WriteHtmlCacheBehavior [ RunTime:0.001000s ]
INFO: [ view_filter ] --END-- [ RunTime:0.001000s ]
INFO: [ app_end ] --START--
INFO: Run Behavior\ShowPageTraceBehavior [ RunTime:0.000000s ]
INFO: [ app_end ] --END-- [ RunTime:0.001001s ]

[ 2016-08-03T09:01:37+08:00 ] ::1 /aaaa/index.php?s=/Home/Index/index.html
INFO: [ app_init ] --START--
INFO: Run Behavior\BuildLiteBehavior [ RunTime:0.000000s ]
INFO: Run Common\Behavior\InitHookBehavior [ RunTime:0.001000s ]
INFO: [ app_init ] --END-- [ RunTime:0.002000s ]
INFO: [ app_begin ] --START--
INFO: Run Behavior\ReadHtmlCacheBehavior [ RunTime:0.000000s ]
INFO: [ app_begin ] --END-- [ RunTime:0.001001s ]
SQL: SHOW COLUMNS FROM `one_config` [ RunTime:0.0040s ]
SQL: SELECT `type`,`name`,`value` FROM `one_config` WHERE `status` = 1  [ RunTime:0.0010s ]
SQL: SHOW COLUMNS FROM `one_duty` [ RunTime:0.0030s ]
SQL: SELECT * FROM `one_duty` WHERE `user_uid` = 1  [ RunTime:0.0010s ]
NOTIC: [8] Undefined offset: 0 D:\phpStudy\WWW\aaaa\Application\Home\Controller\IndexController.class.php 第 40 行.
SQL: SHOW COLUMNS FROM `one_xiangmu` [ RunTime:0.0050s ]
SQL: SHOW COLUMNS FROM `one_xiangmu` [ RunTime:0.0040s ]
SQL: SELECT COUNT(*) AS tp_count FROM `one_xiangmu` WHERE `user_uid` = 1 LIMIT 1   [ RunTime:0.0000s ]
SQL: SELECT `id`,`name`,`fenlei`,`location`,`company`,`man`,`phone`,`work_progress`,`next_plan`,`problem`,`help`,`action`,`major`,`major2`,`major3`,`major4`,`user_uid`,`time`,`create_time`,`construction_year`,`construction_content`,`current_week`,`finish_time1`,`finish_time2`,`finish_time3`,`finish_time4`,`finish_time5`,`finish_time6`,`finish_time7`,`finish_time8`,`finish_time9`,`finish_time10`,`finish_time11`,`plan_01`,`plan_02`,`plan_03`,`plan_04`,`plan_05`,`plan_06`,`plan_07`,`money_need`,`next_year_plan`,`money_need_next` FROM `one_xiangmu` WHERE `user_uid` = 1 ORDER BY create_time desc  LIMIT 0,10   [ RunTime:0.0010s ]
SQL: SELECT * FROM `one_xiangmu`  [ RunTime:0.0010s ]
NOTIC: [8] Undefined variable: i D:\phpStudy\WWW\aaaa\Application\Home\Controller\IndexController.class.php 第 235 行.
NOTIC: [8] Undefined variable: i D:\phpStudy\WWW\aaaa\Application\Home\Controller\IndexController.class.php 第 235 行.
NOTIC: [8] Undefined variable: i D:\phpStudy\WWW\aaaa\Application\Home\Controller\IndexController.class.php 第 237 行.
NOTIC: [8] Undefined offset: -1 D:\phpStudy\WWW\aaaa\Application\Home\Controller\IndexController.class.php 第 237 行.
NOTIC: [8] Undefined variable: i D:\phpStudy\WWW\aaaa\Application\Home\Controller\IndexController.class.php 第 237 行.
NOTIC: [8] Undefined variable: i D:\phpStudy\WWW\aaaa\Application\Home\Controller\IndexController.class.php 第 235 行.
SQL: SHOW COLUMNS FROM `one_duty` [ RunTime:0.0030s ]
SQL: SELECT * FROM `one_duty`  [ RunTime:0.0000s ]
NOTIC: [8] Undefined variable: i D:\phpStudy\WWW\aaaa\Application\Home\Controller\IndexController.class.php 第 267 行.
NOTIC: [8] Undefined variable: i D:\phpStudy\WWW\aaaa\Application\Home\Controller\IndexController.class.php 第 267 行.
NOTIC: [8] Undefined variable: i D:\phpStudy\WWW\aaaa\Application\Home\Controller\IndexController.class.php 第 269 行.
NOTIC: [8] Undefined offset: -1 D:\phpStudy\WWW\aaaa\Application\Home\Controller\IndexController.class.php 第 269 行.
NOTIC: [8] Undefined variable: i D:\phpStudy\WWW\aaaa\Application\Home\Controller\IndexController.class.php 第 269 行.
NOTIC: [8] Undefined variable: i D:\phpStudy\WWW\aaaa\Application\Home\Controller\IndexController.class.php 第 267 行.
SQL: SELECT * FROM `one_xiangmu`  [ RunTime:0.0010s ]
NOTIC: [8] Undefined variable: i D:\phpStudy\WWW\aaaa\Application\Home\Controller\IndexController.class.php 第 235 行.
NOTIC: [8] Undefined variable: i D:\phpStudy\WWW\aaaa\Application\Home\Controller\IndexController.class.php 第 235 行.
NOTIC: [8] Undefined variable: i D:\phpStudy\WWW\aaaa\Application\Home\Controller\IndexController.class.php 第 237 行.
NOTIC: [8] Undefined offset: -1 D:\phpStudy\WWW\aaaa\Application\Home\Controller\IndexController.class.php 第 237 行.
NOTIC: [8] Undefined variable: i D:\phpStudy\WWW\aaaa\Application\Home\Controller\IndexController.class.php 第 237 行.
NOTIC: [8] Undefined variable: i D:\phpStudy\WWW\aaaa\Application\Home\Controller\IndexController.class.php 第 235 行.
SQL: SELECT * FROM `one_duty`  [ RunTime:0.0000s ]
NOTIC: [8] Undefined variable: i D:\phpStudy\WWW\aaaa\Application\Home\Controller\IndexController.class.php 第 267 行.
NOTIC: [8] Undefined variable: i D:\phpStudy\WWW\aaaa\Application\Home\Controller\IndexController.class.php 第 267 行.
NOTIC: [8] Undefined variable: i D:\phpStudy\WWW\aaaa\Application\Home\Controller\IndexController.class.php 第 269 行.
NOTIC: [8] Undefined offset: -1 D:\phpStudy\WWW\aaaa\Application\Home\Controller\IndexController.class.php 第 269 行.
NOTIC: [8] Undefined variable: i D:\phpStudy\WWW\aaaa\Application\Home\Controller\IndexController.class.php 第 269 行.
NOTIC: [8] Undefined variable: i D:\phpStudy\WWW\aaaa\Application\Home\Controller\IndexController.class.php 第 267 行.
SQL: SELECT * FROM `one_xiangmu`  [ RunTime:0.0010s ]
NOTIC: [8] Undefined variable: i D:\phpStudy\WWW\aaaa\Application\Home\Controller\IndexController.class.php 第 235 行.
NOTIC: [8] Undefined variable: i D:\phpStudy\WWW\aaaa\Application\Home\Controller\IndexController.class.php 第 235 行.
NOTIC: [8] Undefined variable: i D:\phpStudy\WWW\aaaa\Application\Home\Controller\IndexController.class.php 第 237 行.
NOTIC: [8] Undefined offset: -1 D:\phpStudy\WWW\aaaa\Application\Home\Controller\IndexController.class.php 第 237 行.
NOTIC: [8] Undefined variable: i D:\phpStudy\WWW\aaaa\Application\Home\Controller\IndexController.class.php 第 237 行.
NOTIC: [8] Undefined variable: i D:\phpStudy\WWW\aaaa\Application\Home\Controller\IndexController.class.php 第 235 行.
SQL: SELECT * FROM `one_duty`  [ RunTime:0.0000s ]
NOTIC: [8] Undefined variable: i D:\phpStudy\WWW\aaaa\Application\Home\Controller\IndexController.class.php 第 267 行.
NOTIC: [8] Undefined variable: i D:\phpStudy\WWW\aaaa\Application\Home\Controller\IndexController.class.php 第 267 行.
NOTIC: [8] Undefined variable: i D:\phpStudy\WWW\aaaa\Application\Home\Controller\IndexController.class.php 第 269 行.
NOTIC: [8] Undefined offset: -1 D:\phpStudy\WWW\aaaa\Application\Home\Controller\IndexController.class.php 第 269 行.
NOTIC: [8] Undefined variable: i D:\phpStudy\WWW\aaaa\Application\Home\Controller\IndexController.class.php 第 269 行.
NOTIC: [8] Undefined variable: i D:\phpStudy\WWW\aaaa\Application\Home\Controller\IndexController.class.php 第 267 行.
SQL: SELECT * FROM `one_xiangmu`  [ RunTime:0.0020s ]
NOTIC: [8] Undefined variable: i D:\phpStudy\WWW\aaaa\Application\Home\Controller\IndexController.class.php 第 235 行.
NOTIC: [8] Undefined variable: i D:\phpStudy\WWW\aaaa\Application\Home\Controller\IndexController.class.php 第 235 行.
NOTIC: [8] Undefined variable: i D:\phpStudy\WWW\aaaa\Application\Home\Controller\IndexController.class.php 第 237 行.
NOTIC: [8] Undefined offset: -1 D:\phpStudy\WWW\aaaa\Application\Home\Controller\IndexController.class.php 第 237 行.
NOTIC: [8] Undefined variable: i D:\phpStudy\WWW\aaaa\Application\Home\Controller\IndexController.class.php 第 237 行.
NOTIC: [8] Undefined variable: i D:\phpStudy\WWW\aaaa\Application\Home\Controller\IndexController.class.php 第 235 行.
SQL: SELECT * FROM `one_duty`  [ RunTime:0.0000s ]
NOTIC: [8] Undefined variable: i D:\phpStudy\WWW\aaaa\Application\Home\Controller\IndexController.class.php 第 267 行.
NOTIC: [8] Undefined variable: i D:\phpStudy\WWW\aaaa\Application\Home\Controller\IndexController.class.php 第 267 行.
NOTIC: [8] Undefined variable: i D:\phpStudy\WWW\aaaa\Application\Home\Controller\IndexController.class.php 第 269 行.
NOTIC: [8] Undefined offset: -1 D:\phpStudy\WWW\aaaa\Application\Home\Controller\IndexController.class.php 第 269 行.
NOTIC: [8] Undefined variable: i D:\phpStudy\WWW\aaaa\Application\Home\Controller\IndexController.class.php 第 269 行.
NOTIC: [8] Undefined variable: i D:\phpStudy\WWW\aaaa\Application\Home\Controller\IndexController.class.php 第 267 行.
INFO: [ view_parse ] --START--
INFO: [ template_filter ] --START--
INFO: Run Behavior\ContentReplaceBehavior [ RunTime:0.001000s ]
INFO: [ template_filter ] --END-- [ RunTime:0.001000s ]
SQL: SHOW COLUMNS FROM `one_channel` [ RunTime:0.0050s ]
SQL: SELECT `id`,`pid`,`title`,`url`,`sort`,`create_time`,`update_time`,`status`,`target` FROM `one_channel` WHERE ( status=1 ) ORDER BY sort  [ RunTime:0.0010s ]
NOTIC: [8] Undefined variable: r1 D:\phpStudy\WWW\aaaa\Runtime\Cache\Home\769e70f2e46f34ceb60619bbda5e4691.php 第 166 行.
NOTIC: [8] Undefined variable: now D:\phpStudy\WWW\aaaa\Runtime\Cache\Home\769e70f2e46f34ceb60619bbda5e4691.php 第 180 行.
INFO: Run Behavior\ParseTemplateBehavior [ RunTime:0.041003s ]
INFO: [ view_parse ] --END-- [ RunTime:0.041003s ]
INFO: [ view_filter ] --START--
INFO: Run Behavior\WriteHtmlCacheBehavior [ RunTime:0.000000s ]
INFO: [ view_filter ] --END-- [ RunTime:0.000000s ]
INFO: [ app_end ] --START--
INFO: Run Behavior\ShowPageTraceBehavior [ RunTime:0.000000s ]
INFO: [ app_end ] --END-- [ RunTime:0.000000s ]

[ 2016-08-03T09:16:18+08:00 ] ::1 /aaaa/index.php?s=/Home/Index/index.html
INFO: [ app_init ] --START--
INFO: Run Behavior\BuildLiteBehavior [ RunTime:0.000000s ]
INFO: Run Common\Behavior\InitHookBehavior [ RunTime:0.001000s ]
INFO: [ app_init ] --END-- [ RunTime:0.002001s ]
INFO: [ app_begin ] --START--
INFO: Run Behavior\ReadHtmlCacheBehavior [ RunTime:0.001000s ]
INFO: [ app_begin ] --END-- [ RunTime:0.001000s ]
SQL: SHOW COLUMNS FROM `one_config` [ RunTime:0.0040s ]
SQL: SELECT `type`,`name`,`value` FROM `one_config` WHERE `status` = 1  [ RunTime:0.0000s ]
SQL: SHOW COLUMNS FROM `one_duty` [ RunTime:0.0040s ]
SQL: SELECT * FROM `one_duty` WHERE `user_uid` = 1  [ RunTime:0.0000s ]
NOTIC: [8] Undefined offset: 0 D:\phpStudy\WWW\aaaa\Application\Home\Controller\IndexController.class.php 第 40 行.
SQL: SHOW COLUMNS FROM `one_xiangmu` [ RunTime:0.0050s ]
SQL: SHOW COLUMNS FROM `one_xiangmu` [ RunTime:0.0050s ]
SQL: SELECT COUNT(*) AS tp_count FROM `one_xiangmu` WHERE `user_uid` = 1 LIMIT 1   [ RunTime:0.0010s ]
SQL: SELECT `id`,`name`,`fenlei`,`location`,`company`,`man`,`phone`,`work_progress`,`next_plan`,`problem`,`help`,`action`,`major`,`major2`,`major3`,`major4`,`user_uid`,`time`,`create_time`,`construction_year`,`construction_content`,`current_week`,`finish_time1`,`finish_time2`,`finish_time3`,`finish_time4`,`finish_time5`,`finish_time6`,`finish_time7`,`finish_time8`,`finish_time9`,`finish_time10`,`finish_time11`,`plan_01`,`plan_02`,`plan_03`,`plan_04`,`plan_05`,`plan_06`,`plan_07`,`money_need`,`next_year_plan`,`money_need_next` FROM `one_xiangmu` WHERE `user_uid` = 1 ORDER BY create_time desc  LIMIT 0,10   [ RunTime:0.0010s ]
SQL: SELECT * FROM `one_xiangmu`  [ RunTime:0.0020s ]
NOTIC: [8] Undefined variable: i D:\phpStudy\WWW\aaaa\Application\Home\Controller\IndexController.class.php 第 235 行.
NOTIC: [8] Undefined variable: i D:\phpStudy\WWW\aaaa\Application\Home\Controller\IndexController.class.php 第 235 行.
NOTIC: [8] Undefined variable: i D:\phpStudy\WWW\aaaa\Application\Home\Controller\IndexController.class.php 第 237 行.
NOTIC: [8] Undefined offset: -1 D:\phpStudy\WWW\aaaa\Application\Home\Controller\IndexController.class.php 第 237 行.
NOTIC: [8] Undefined variable: i D:\phpStudy\WWW\aaaa\Application\Home\Controller\IndexController.class.php 第 237 行.
NOTIC: [8] Undefined variable: i D:\phpStudy\WWW\aaaa\Application\Home\Controller\IndexController.class.php 第 235 行.
SQL: SHOW COLUMNS FROM `one_duty` [ RunTime:0.0030s ]
SQL: SELECT * FROM `one_duty`  [ RunTime:0.0000s ]
NOTIC: [8] Undefined variable: i D:\phpStudy\WWW\aaaa\Application\Home\Controller\IndexController.class.php 第 267 行.
NOTIC: [8] Undefined variable: i D:\phpStudy\WWW\aaaa\Application\Home\Controller\IndexController.class.php 第 267 行.
NOTIC: [8] Undefined variable: i D:\phpStudy\WWW\aaaa\Application\Home\Controller\IndexController.class.php 第 269 行.
NOTIC: [8] Undefined offset: -1 D:\phpStudy\WWW\aaaa\Application\Home\Controller\IndexController.class.php 第 269 行.
NOTIC: [8] Undefined variable: i D:\phpStudy\WWW\aaaa\Application\Home\Controller\IndexController.class.php 第 269 行.
NOTIC: [8] Undefined variable: i D:\phpStudy\WWW\aaaa\Application\Home\Controller\IndexController.class.php 第 267 行.
SQL: SELECT * FROM `one_xiangmu`  [ RunTime:0.0010s ]
NOTIC: [8] Undefined variable: i D:\phpStudy\WWW\aaaa\Application\Home\Controller\IndexController.class.php 第 235 行.
NOTIC: [8] Undefined variable: i D:\phpStudy\WWW\aaaa\Application\Home\Controller\IndexController.class.php 第 235 行.
NOTIC: [8] Undefined variable: i D:\phpStudy\WWW\aaaa\Application\Home\Controller\IndexController.class.php 第 237 行.
NOTIC: [8] Undefined offset: -1 D:\phpStudy\WWW\aaaa\Application\Home\Controller\IndexController.class.php 第 237 行.
NOTIC: [8] Undefined variable: i D:\phpStudy\WWW\aaaa\Application\Home\Controller\IndexController.class.php 第 237 行.
NOTIC: [8] Undefined variable: i D:\phpStudy\WWW\aaaa\Application\Home\Controller\IndexController.class.php 第 235 行.
SQL: SELECT * FROM `one_duty`  [ RunTime:0.0000s ]
NOTIC: [8] Undefined variable: i D:\phpStudy\WWW\aaaa\Application\Home\Controller\IndexController.class.php 第 267 行.
NOTIC: [8] Undefined variable: i D:\phpStudy\WWW\aaaa\Application\Home\Controller\IndexController.class.php 第 267 行.
NOTIC: [8] Undefined variable: i D:\phpStudy\WWW\aaaa\Application\Home\Controller\IndexController.class.php 第 269 行.
NOTIC: [8] Undefined offset: -1 D:\phpStudy\WWW\aaaa\Application\Home\Controller\IndexController.class.php 第 269 行.
NOTIC: [8] Undefined variable: i D:\phpStudy\WWW\aaaa\Application\Home\Controller\IndexController.class.php 第 269 行.
NOTIC: [8] Undefined variable: i D:\phpStudy\WWW\aaaa\Application\Home\Controller\IndexController.class.php 第 267 行.
SQL: SELECT * FROM `one_xiangmu`  [ RunTime:0.0000s ]
NOTIC: [8] Undefined variable: i D:\phpStudy\WWW\aaaa\Application\Home\Controller\IndexController.class.php 第 235 行.
NOTIC: [8] Undefined variable: i D:\phpStudy\WWW\aaaa\Application\Home\Controller\IndexController.class.php 第 235 行.
NOTIC: [8] Undefined variable: i D:\phpStudy\WWW\aaaa\Application\Home\Controller\IndexController.class.php 第 237 行.
NOTIC: [8] Undefined offset: -1 D:\phpStudy\WWW\aaaa\Application\Home\Controller\IndexController.class.php 第 237 行.
NOTIC: [8] Undefined variable: i D:\phpStudy\WWW\aaaa\Application\Home\Controller\IndexController.class.php 第 237 行.
NOTIC: [8] Undefined variable: i D:\phpStudy\WWW\aaaa\Application\Home\Controller\IndexController.class.php 第 235 行.
SQL: SELECT * FROM `one_duty`  [ RunTime:0.0000s ]
NOTIC: [8] Undefined variable: i D:\phpStudy\WWW\aaaa\Application\Home\Controller\IndexController.class.php 第 267 行.
NOTIC: [8] Undefined variable: i D:\phpStudy\WWW\aaaa\Application\Home\Controller\IndexController.class.php 第 267 行.
NOTIC: [8] Undefined variable: i D:\phpStudy\WWW\aaaa\Application\Home\Controller\IndexController.class.php 第 269 行.
NOTIC: [8] Undefined offset: -1 D:\phpStudy\WWW\aaaa\Application\Home\Controller\IndexController.class.php 第 269 行.
NOTIC: [8] Undefined variable: i D:\phpStudy\WWW\aaaa\Application\Home\Controller\IndexController.class.php 第 269 行.
NOTIC: [8] Undefined variable: i D:\phpStudy\WWW\aaaa\Application\Home\Controller\IndexController.class.php 第 267 行.
SQL: SELECT * FROM `one_xiangmu`  [ RunTime:0.0010s ]
NOTIC: [8] Undefined variable: i D:\phpStudy\WWW\aaaa\Application\Home\Controller\IndexController.class.php 第 235 行.
NOTIC: [8] Undefined variable: i D:\phpStudy\WWW\aaaa\Application\Home\Controller\IndexController.class.php 第 235 行.
NOTIC: [8] Undefined variable: i D:\phpStudy\WWW\aaaa\Application\Home\Controller\IndexController.class.php 第 237 行.
NOTIC: [8] Undefined offset: -1 D:\phpStudy\WWW\aaaa\Application\Home\Controller\IndexController.class.php 第 237 行.
NOTIC: [8] Undefined variable: i D:\phpStudy\WWW\aaaa\Application\Home\Controller\IndexController.class.php 第 237 行.
NOTIC: [8] Undefined variable: i D:\phpStudy\WWW\aaaa\Application\Home\Controller\IndexController.class.php 第 235 行.
SQL: SELECT * FROM `one_duty`  [ RunTime:0.0010s ]
NOTIC: [8] Undefined variable: i D:\phpStudy\WWW\aaaa\Application\Home\Controller\IndexController.class.php 第 267 行.
NOTIC: [8] Undefined variable: i D:\phpStudy\WWW\aaaa\Application\Home\Controller\IndexController.class.php 第 267 行.
NOTIC: [8] Undefined variable: i D:\phpStudy\WWW\aaaa\Application\Home\Controller\IndexController.class.php 第 269 行.
NOTIC: [8] Undefined offset: -1 D:\phpStudy\WWW\aaaa\Application\Home\Controller\IndexController.class.php 第 269 行.
NOTIC: [8] Undefined variable: i D:\phpStudy\WWW\aaaa\Application\Home\Controller\IndexController.class.php 第 269 行.
NOTIC: [8] Undefined variable: i D:\phpStudy\WWW\aaaa\Application\Home\Controller\IndexController.class.php 第 267 行.
INFO: [ view_parse ] --START--
INFO: [ template_filter ] --START--
INFO: Run Behavior\ContentReplaceBehavior [ RunTime:0.000000s ]
INFO: [ template_filter ] --END-- [ RunTime:0.000000s ]
SQL: SHOW COLUMNS FROM `one_channel` [ RunTime:0.0050s ]
SQL: SELECT `id`,`pid`,`title`,`url`,`sort`,`create_time`,`update_time`,`status`,`target` FROM `one_channel` WHERE ( status=1 ) ORDER BY sort  [ RunTime:0.0010s ]
NOTIC: [8] Undefined variable: r1 D:\phpStudy\WWW\aaaa\Runtime\Cache\Home\769e70f2e46f34ceb60619bbda5e4691.php 第 166 行.
NOTIC: [8] Undefined variable: now D:\phpStudy\WWW\aaaa\Runtime\Cache\Home\769e70f2e46f34ceb60619bbda5e4691.php 第 180 行.
INFO: Run Behavior\ParseTemplateBehavior [ RunTime:0.042002s ]
INFO: [ view_parse ] --END-- [ RunTime:0.042002s ]
INFO: [ view_filter ] --START--
INFO: Run Behavior\WriteHtmlCacheBehavior [ RunTime:0.001001s ]
INFO: [ view_filter ] --END-- [ RunTime:0.001001s ]
INFO: [ app_end ] --START--
INFO: Run Behavior\ShowPageTraceBehavior [ RunTime:0.000000s ]
INFO: [ app_end ] --END-- [ RunTime:0.000000s ]

