[ 2016-09-13T10:51:38+08:00 ] ::1 /aaaa/index.php?s=/Home/Index/xinjian.html
INFO: [ app_init ] --START--
INFO: Run Behavior\BuildLiteBehavior [ RunTime:0.000000s ]
INFO: Run Common\Behavior\InitHookBehavior [ RunTime:0.001000s ]
INFO: [ app_init ] --END-- [ RunTime:0.001000s ]
INFO: [ app_begin ] --START--
INFO: Run Behavior\ReadHtmlCacheBehavior [ RunTime:0.000000s ]
INFO: [ app_begin ] --END-- [ RunTime:0.000000s ]
SQL: SHOW COLUMNS FROM `one_config` [ RunTime:0.0020s ]
SQL: SELECT `type`,`name`,`value` FROM `one_config` WHERE `status` = 1  [ RunTime:0.0000s ]
SQL: SHOW COLUMNS FROM `one_xiangmu` [ RunTime:0.0020s ]
SQL: SHOW COLUMNS FROM `one_xiangmu_copy` [ RunTime:0.0020s ]
SQL: SHOW COLUMNS FROM `one_xiangmu_first` [ RunTime:0.0060s ]
SQL: SHOW COLUMNS FROM `one_duty` [ RunTime:0.0010s ]
SQL: SELECT * FROM `one_duty`  [ RunTime:0.0000s ]
NOTIC: [8] Undefined variable: i E:\phpStudy\WWW\aaaa\Application\Home\Controller\IndexController.class.php 第 340 行.
NOTIC: [8] Undefined variable: i E:\phpStudy\WWW\aaaa\Application\Home\Controller\IndexController.class.php 第 340 行.
NOTIC: [8] Undefined variable: i E:\phpStudy\WWW\aaaa\Application\Home\Controller\IndexController.class.php 第 342 行.
NOTIC: [8] Undefined offset: -1 E:\phpStudy\WWW\aaaa\Application\Home\Controller\IndexController.class.php 第 342 行.
NOTIC: [8] Undefined variable: i E:\phpStudy\WWW\aaaa\Application\Home\Controller\IndexController.class.php 第 342 行.
NOTIC: [8] Undefined variable: i E:\phpStudy\WWW\aaaa\Application\Home\Controller\IndexController.class.php 第 340 行.
SQL: SHOW COLUMNS FROM `one_xiangmu_fenlei` [ RunTime:0.0030s ]
SQL: SELECT * FROM `one_xiangmu_fenlei`  [ RunTime:0.0050s ]
INFO: [ view_parse ] --START--
INFO: [ template_filter ] --START--
INFO: Run Behavior\ContentReplaceBehavior [ RunTime:0.001000s ]
INFO: [ template_filter ] --END-- [ RunTime:0.001000s ]
SQL: SHOW COLUMNS FROM `one_channel` [ RunTime:0.0010s ]
SQL: SELECT `id`,`pid`,`title`,`url`,`sort`,`create_time`,`update_time`,`status`,`target` FROM `one_channel` WHERE ( status=1 ) ORDER BY sort  [ RunTime:0.0010s ]
NOTIC: [8] Use of undefined constant Xiangmu - assumed 'Xiangmu' E:\phpStudy\WWW\aaaa\Runtime\Cache\Home\f9abadd9f5823ae3f704384070266d49.php 第 143 行.
NOTIC: [8] Use of undefined constant xinjian - assumed 'xinjian' E:\phpStudy\WWW\aaaa\Runtime\Cache\Home\f9abadd9f5823ae3f704384070266d49.php 第 143 行.
NOTIC: [2] Division by zero E:\phpStudy\WWW\aaaa\Runtime\Cache\Home\f9abadd9f5823ae3f704384070266d49.php 第 143 行.
NOTIC: [8] Undefined index: name E:\phpStudy\WWW\aaaa\Runtime\Cache\Home\f9abadd9f5823ae3f704384070266d49.php 第 147 行.
NOTIC: [8] Undefined variable: result_1 E:\phpStudy\WWW\aaaa\Runtime\Cache\Home\f9abadd9f5823ae3f704384070266d49.php 第 169 行.
NOTIC: [8] Undefined variable: result_1 E:\phpStudy\WWW\aaaa\Runtime\Cache\Home\f9abadd9f5823ae3f704384070266d49.php 第 199 行.
NOTIC: [8] Undefined variable: result_1 E:\phpStudy\WWW\aaaa\Runtime\Cache\Home\f9abadd9f5823ae3f704384070266d49.php 第 207 行.
NOTIC: [8] Undefined variable: result_1 E:\phpStudy\WWW\aaaa\Runtime\Cache\Home\f9abadd9f5823ae3f704384070266d49.php 第 214 行.
NOTIC: [8] Undefined variable: result_1 E:\phpStudy\WWW\aaaa\Runtime\Cache\Home\f9abadd9f5823ae3f704384070266d49.php 第 222 行.
NOTIC: [8] Undefined variable: result_1 E:\phpStudy\WWW\aaaa\Runtime\Cache\Home\f9abadd9f5823ae3f704384070266d49.php 第 227 行.
NOTIC: [8] Undefined variable: result_1 E:\phpStudy\WWW\aaaa\Runtime\Cache\Home\f9abadd9f5823ae3f704384070266d49.php 第 235 行.
NOTIC: [8] Undefined variable: result_1 E:\phpStudy\WWW\aaaa\Runtime\Cache\Home\f9abadd9f5823ae3f704384070266d49.php 第 242 行.
NOTIC: [8] Undefined variable: result_1 E:\phpStudy\WWW\aaaa\Runtime\Cache\Home\f9abadd9f5823ae3f704384070266d49.php 第 249 行.
NOTIC: [8] Undefined variable: result_1 E:\phpStudy\WWW\aaaa\Runtime\Cache\Home\f9abadd9f5823ae3f704384070266d49.php 第 255 行.
NOTIC: [8] Undefined variable: result_1 E:\phpStudy\WWW\aaaa\Runtime\Cache\Home\f9abadd9f5823ae3f704384070266d49.php 第 261 行.
NOTIC: [8] Undefined variable: result_1 E:\phpStudy\WWW\aaaa\Runtime\Cache\Home\f9abadd9f5823ae3f704384070266d49.php 第 268 行.
NOTIC: [8] Undefined variable: result_1 E:\phpStudy\WWW\aaaa\Runtime\Cache\Home\f9abadd9f5823ae3f704384070266d49.php 第 276 行.
NOTIC: [8] Undefined variable: result_1 E:\phpStudy\WWW\aaaa\Runtime\Cache\Home\f9abadd9f5823ae3f704384070266d49.php 第 284 行.
NOTIC: [8] Undefined variable: result_1 E:\phpStudy\WWW\aaaa\Runtime\Cache\Home\f9abadd9f5823ae3f704384070266d49.php 第 292 行.
NOTIC: [8] Undefined variable: result_1 E:\phpStudy\WWW\aaaa\Runtime\Cache\Home\f9abadd9f5823ae3f704384070266d49.php 第 300 行.
NOTIC: [8] Undefined variable: result_1 E:\phpStudy\WWW\aaaa\Runtime\Cache\Home\f9abadd9f5823ae3f704384070266d49.php 第 308 行.
NOTIC: [8] Undefined variable: result_1 E:\phpStudy\WWW\aaaa\Runtime\Cache\Home\f9abadd9f5823ae3f704384070266d49.php 第 316 行.
NOTIC: [8] Undefined variable: result_1 E:\phpStudy\WWW\aaaa\Runtime\Cache\Home\f9abadd9f5823ae3f704384070266d49.php 第 324 行.
NOTIC: [8] Undefined variable: result_1 E:\phpStudy\WWW\aaaa\Runtime\Cache\Home\f9abadd9f5823ae3f704384070266d49.php 第 332 行.
NOTIC: [8] Undefined variable: result_1 E:\phpStudy\WWW\aaaa\Runtime\Cache\Home\f9abadd9f5823ae3f704384070266d49.php 第 340 行.
NOTIC: [8] Undefined variable: result_1 E:\phpStudy\WWW\aaaa\Runtime\Cache\Home\f9abadd9f5823ae3f704384070266d49.php 第 348 行.
NOTIC: [8] Undefined variable: result_1 E:\phpStudy\WWW\aaaa\Runtime\Cache\Home\f9abadd9f5823ae3f704384070266d49.php 第 358 行.
NOTIC: [8] Undefined variable: result_1 E:\phpStudy\WWW\aaaa\Runtime\Cache\Home\f9abadd9f5823ae3f704384070266d49.php 第 366 行.
NOTIC: [8] Undefined variable: result_1 E:\phpStudy\WWW\aaaa\Runtime\Cache\Home\f9abadd9f5823ae3f704384070266d49.php 第 374 行.
NOTIC: [8] Undefined variable: result_1 E:\phpStudy\WWW\aaaa\Runtime\Cache\Home\f9abadd9f5823ae3f704384070266d49.php 第 382 行.
NOTIC: [8] Undefined variable: result_1 E:\phpStudy\WWW\aaaa\Runtime\Cache\Home\f9abadd9f5823ae3f704384070266d49.php 第 390 行.
NOTIC: [8] Undefined variable: result_1 E:\phpStudy\WWW\aaaa\Runtime\Cache\Home\f9abadd9f5823ae3f704384070266d49.php 第 398 行.
NOTIC: [8] Undefined variable: result_1 E:\phpStudy\WWW\aaaa\Runtime\Cache\Home\f9abadd9f5823ae3f704384070266d49.php 第 406 行.
NOTIC: [8] Undefined variable: result_1 E:\phpStudy\WWW\aaaa\Runtime\Cache\Home\f9abadd9f5823ae3f704384070266d49.php 第 414 行.
NOTIC: [8] Undefined variable: r1 E:\phpStudy\WWW\aaaa\Runtime\Cache\Home\f9abadd9f5823ae3f704384070266d49.php 第 422 行.
NOTIC: [8] Undefined variable: r1 E:\phpStudy\WWW\aaaa\Runtime\Cache\Home\f9abadd9f5823ae3f704384070266d49.php 第 425 行.
NOTIC: [8] Undefined variable: r1 E:\phpStudy\WWW\aaaa\Runtime\Cache\Home\f9abadd9f5823ae3f704384070266d49.php 第 429 行.
NOTIC: [8] Undefined variable: r1 E:\phpStudy\WWW\aaaa\Runtime\Cache\Home\f9abadd9f5823ae3f704384070266d49.php 第 440 行.
NOTIC: [8] Undefined variable: r1 E:\phpStudy\WWW\aaaa\Runtime\Cache\Home\f9abadd9f5823ae3f704384070266d49.php 第 446 行.
NOTIC: [8] Undefined variable: r1 E:\phpStudy\WWW\aaaa\Runtime\Cache\Home\f9abadd9f5823ae3f704384070266d49.php 第 452 行.
NOTIC: [8] Undefined variable: r1 E:\phpStudy\WWW\aaaa\Runtime\Cache\Home\f9abadd9f5823ae3f704384070266d49.php 第 458 行.
NOTIC: [8] Undefined variable: r1 E:\phpStudy\WWW\aaaa\Runtime\Cache\Home\f9abadd9f5823ae3f704384070266d49.php 第 464 行.
NOTIC: [8] Undefined variable: r1 E:\phpStudy\WWW\aaaa\Runtime\Cache\Home\f9abadd9f5823ae3f704384070266d49.php 第 470 行.
INFO: Run Behavior\ParseTemplateBehavior [ RunTime:0.019000s ]
INFO: [ view_parse ] --END-- [ RunTime:0.019000s ]
INFO: [ view_filter ] --START--
INFO: Run Behavior\WriteHtmlCacheBehavior [ RunTime:0.000000s ]
INFO: [ view_filter ] --END-- [ RunTime:0.000000s ]
INFO: [ app_end ] --START--
INFO: Run Behavior\ShowPageTraceBehavior [ RunTime:0.001000s ]
INFO: [ app_end ] --END-- [ RunTime:0.001000s ]

[ 2016-09-13T10:52:06+08:00 ] ::1 /aaaa/index.php?s=/Home/Index/xinjian.html
INFO: [ app_init ] --START--
INFO: Run Behavior\BuildLiteBehavior [ RunTime:0.001000s ]
INFO: Run Common\Behavior\InitHookBehavior [ RunTime:0.001000s ]
INFO: [ app_init ] --END-- [ RunTime:0.002000s ]
INFO: [ app_begin ] --START--
INFO: Run Behavior\ReadHtmlCacheBehavior [ RunTime:0.001000s ]
INFO: [ app_begin ] --END-- [ RunTime:0.001000s ]
SQL: SHOW COLUMNS FROM `one_config` [ RunTime:0.0010s ]
SQL: SELECT `type`,`name`,`value` FROM `one_config` WHERE `status` = 1  [ RunTime:0.0000s ]
SQL: SHOW COLUMNS FROM `one_xiangmu` [ RunTime:0.0010s ]
SQL: SHOW COLUMNS FROM `one_xiangmu_copy` [ RunTime:0.0020s ]
SQL: SHOW COLUMNS FROM `one_xiangmu_first` [ RunTime:0.0020s ]
SQL: SHOW COLUMNS FROM `one_duty` [ RunTime:0.0030s ]
SQL: SELECT * FROM `one_duty`  [ RunTime:0.0010s ]
NOTIC: [8] Undefined variable: i E:\phpStudy\WWW\aaaa\Application\Home\Controller\IndexController.class.php 第 340 行.
NOTIC: [8] Undefined variable: i E:\phpStudy\WWW\aaaa\Application\Home\Controller\IndexController.class.php 第 340 行.
NOTIC: [8] Undefined variable: i E:\phpStudy\WWW\aaaa\Application\Home\Controller\IndexController.class.php 第 342 行.
NOTIC: [8] Undefined offset: -1 E:\phpStudy\WWW\aaaa\Application\Home\Controller\IndexController.class.php 第 342 行.
NOTIC: [8] Undefined variable: i E:\phpStudy\WWW\aaaa\Application\Home\Controller\IndexController.class.php 第 342 行.
NOTIC: [8] Undefined variable: i E:\phpStudy\WWW\aaaa\Application\Home\Controller\IndexController.class.php 第 340 行.
SQL: SHOW COLUMNS FROM `one_xiangmu_fenlei` [ RunTime:0.0010s ]
SQL: SELECT * FROM `one_xiangmu_fenlei`  [ RunTime:0.0000s ]
NOTIC: [8] Undefined index: validate E:\phpStudy\WWW\aaaa\ThinkPHP\Library\Think\Model.class.php 第 1185 行.
NOTIC: [8] Undefined index: auto E:\phpStudy\WWW\aaaa\ThinkPHP\Library\Think\Model.class.php 第 1128 行.
SQL: INSERT INTO `one_xiangmu_first` (`help`,`action`,`shenpi`,`major`,`major2`,`major3`,`haimian`,`major4`,`user_uid`,`fenlei`,`name`,`next_plan`,`location`,`company`,`man`,`phone`,`work_progress`,`problem`,`construction_year`,`construction_content`,`current_week`,`finish_time1`,`finish_time2`,`finish_time3`,`finish_time4`,`finish_time5`,`finish_time6`,`finish_time7`,`finish_time8`,`finish_time9`,`finish_time10`,`finish_time11`,`plan_01`,`plan_02`,`plan_03`,`plan_04`,`plan_05`,`plan_06`,`plan_07`,`money_need`,`next_year_plan`,`money_need_next`,`create_time`) VALUES ('否','否','是','否','是','否','否','否','1','工业投资类','枯桃花卉中心','枯桃花卉中心','枯桃花卉中心','区城管局','枯桃花卉中心','枯桃花卉中心','枯桃花卉中心','枯桃花卉中心','0','枯桃花卉中心','','','','','','','','','','','','','','','','','','','','','','','1473735125') [ RunTime:0.0400s ]
NOTIC: [8] Undefined index: validate E:\phpStudy\WWW\aaaa\ThinkPHP\Library\Think\Model.class.php 第 1185 行.
NOTIC: [8] Undefined index: auto E:\phpStudy\WWW\aaaa\ThinkPHP\Library\Think\Model.class.php 第 1128 行.
SQL: INSERT INTO `one_xiangmu` (`help`,`action`,`shenpi`,`major`,`major2`,`major3`,`haimian`,`major4`,`user_uid`,`fenlei`,`name`,`next_plan`,`location`,`company`,`man`,`phone`,`work_progress`,`problem`,`construction_year`,`construction_content`,`current_week`,`finish_time1`,`finish_time2`,`finish_time3`,`finish_time4`,`finish_time5`,`finish_time6`,`finish_time7`,`finish_time8`,`finish_time9`,`finish_time10`,`finish_time11`,`plan_01`,`plan_02`,`plan_03`,`plan_04`,`plan_05`,`plan_06`,`plan_07`,`money_need`,`next_year_plan`,`money_need_next`,`create_time`) VALUES ('否','否','是','否','是','否','否','否','1','工业投资类','枯桃花卉中心','枯桃花卉中心','枯桃花卉中心','区城管局','枯桃花卉中心','枯桃花卉中心','枯桃花卉中心','枯桃花卉中心','枯桃花卉中心','枯桃花卉中心','','','','','','','','','','','','','','','','','','','','','','','1473735125') [ RunTime:0.0280s ]
NOTIC: [8] Undefined index: validate E:\phpStudy\WWW\aaaa\ThinkPHP\Library\Think\Model.class.php 第 1185 行.
NOTIC: [8] Undefined index: auto E:\phpStudy\WWW\aaaa\ThinkPHP\Library\Think\Model.class.php 第 1128 行.
SQL: INSERT INTO `one_xiangmu_copy` (`help`,`action`,`shenpi`,`major`,`major2`,`major3`,`haimian`,`major4`,`user_uid`,`fenlei`,`name`,`next_plan`,`location`,`company`,`man`,`phone`,`work_progress`,`problem`,`construction_year`,`construction_content`,`current_week`,`finish_time1`,`finish_time2`,`finish_time3`,`finish_time4`,`finish_time5`,`finish_time6`,`finish_time7`,`finish_time8`,`finish_time9`,`finish_time10`,`finish_time11`,`plan_01`,`plan_02`,`plan_03`,`plan_04`,`plan_05`,`plan_06`,`plan_07`,`money_need`,`next_year_plan`,`money_need_next`,`xiangmu_id`,`create_time`) VALUES ('否','否','是','否','是','否','否','否','1','工业投资类','枯桃花卉中心','枯桃花卉中心','枯桃花卉中心','区城管局','枯桃花卉中心','枯桃花卉中心','枯桃花卉中心','枯桃花卉中心','枯桃花卉中心','枯桃花卉中心','','','','','','','','','','','','','','','','','','','','','','','607','1473735125') [ RunTime:0.0300s ]
SQL: SHOW COLUMNS FROM `one_fenlei_stage` [ RunTime:0.0020s ]
SQL: SELECT * FROM `one_fenlei_stage` WHERE `fenlei_name` = '工业投资类'  [ RunTime:0.0010s ]
SQL: SHOW COLUMNS FROM `one_item_name` [ RunTime:0.0010s ]
SQL: SELECT * FROM `one_item_name` WHERE `fenlei_id` = 1  [ RunTime:0.0010s ]
SQL: SHOW COLUMNS FROM `one_first_stage` [ RunTime:0.0010s ]
SQL: INSERT INTO `one_first_stage` (`xiangmu_id`,`stage`,`item_name`) VALUES ('607','1','建设项目的规划选址测量') [ RunTime:0.0080s ]
SQL: INSERT INTO `one_first_stage` (`xiangmu_id`,`stage`,`item_name`) VALUES ('607','1','建设项目用地预审') [ RunTime:0.0010s ]
SQL: INSERT INTO `one_first_stage` (`xiangmu_id`,`stage`,`item_name`) VALUES ('607','1','建设项目环境影响评价登记表（报告表、报告书）审批') [ RunTime:0.0000s ]
SQL: INSERT INTO `one_first_stage` (`xiangmu_id`,`stage`,`item_name`) VALUES ('607','1','工业类企业投资项目核准') [ RunTime:0.0000s ]
SQL: INSERT INTO `one_first_stage` (`xiangmu_id`,`stage`,`item_name`) VALUES ('607','1','集体建设用地审批') [ RunTime:0.0000s ]
SQL: INSERT INTO `one_first_stage` (`xiangmu_id`,`stage`,`item_name`) VALUES ('607','1','固定资产投资项目节能评估审查') [ RunTime:0.0000s ]
SQL: INSERT INTO `one_first_stage` (`xiangmu_id`,`stage`,`item_name`) VALUES ('607','1','海域使用许可') [ RunTime:0.0000s ]
SQL: INSERT INTO `one_first_stage` (`xiangmu_id`,`stage`,`item_name`) VALUES ('607','1','海洋工程建设项目环境影响报告书核准') [ RunTime:0.0000s ]
SQL: INSERT INTO `one_first_stage` (`xiangmu_id`,`stage`,`item_name`) VALUES ('607','1','建设项目选址许可') [ RunTime:0.0000s ]
SQL: INSERT INTO `one_first_stage` (`xiangmu_id`,`stage`,`item_name`) VALUES ('607','1','建设项目规划许可施工设计卫生审查') [ RunTime:0.0000s ]
SQL: INSERT INTO `one_first_stage` (`xiangmu_id`,`stage`,`item_name`) VALUES ('607','1','确定抗震设防要求核准（重大工程）') [ RunTime:0.0000s ]
SQL: INSERT INTO `one_first_stage` (`xiangmu_id`,`stage`,`item_name`) VALUES ('607','1','确定抗震设防要求确定（一般工程）') [ RunTime:0.0000s ]
SQL: INSERT INTO `one_first_stage` (`xiangmu_id`,`stage`,`item_name`) VALUES ('607','1','青岛市统一坐标和高程系统1:500地形图') [ RunTime:0.0000s ]
SQL: INSERT INTO `one_first_stage` (`xiangmu_id`,`stage`,`item_name`) VALUES ('607','1','青岛市建设项目合理用能评估') [ RunTime:0.0000s ]
SQL: INSERT INTO `one_first_stage` (`xiangmu_id`,`stage`,`item_name`) VALUES ('607','1','《大中型建设项目雷击风险评估报告》编制及技术审查') [ RunTime:0.0000s ]
SQL: INSERT INTO `one_first_stage` (`xiangmu_id`,`stage`,`item_name`) VALUES ('607','1','国有土地使用、转让许可') [ RunTime:0.0000s ]
SQL: INSERT INTO `one_first_stage` (`xiangmu_id`,`stage`,`item_name`) VALUES ('607','1','危险化学品生产、储存建设项目安全审查') [ RunTime:0.0010s ]
SQL: INSERT INTO `one_first_stage` (`xiangmu_id`,`stage`,`item_name`) VALUES ('607','1','权限内使用非深水岸线建设港口设施许可（绿色通道）') [ RunTime:0.0000s ]
SQL: INSERT INTO `one_first_stage` (`xiangmu_id`,`stage`,`item_name`) VALUES ('607','2','建设工程设计方案审查') [ RunTime:0.0000s ]
SQL: INSERT INTO `one_first_stage` (`xiangmu_id`,`stage`,`item_name`) VALUES ('607','2','结合民用建筑修建防空地下室审核') [ RunTime:0.0000s ]
SQL: INSERT INTO `one_first_stage` (`xiangmu_id`,`stage`,`item_name`) VALUES ('607','2','防空地下室方案设计文件审查') [ RunTime:0.0000s ]
SQL: INSERT INTO `one_first_stage` (`xiangmu_id`,`stage`,`item_name`) VALUES ('607','2','建设用地规划许可') [ RunTime:0.0010s ]
SQL: INSERT INTO `one_first_stage` (`xiangmu_id`,`stage`,`item_name`) VALUES ('607','2','建设工程规划许可') [ RunTime:0.0000s ]
SQL: INSERT INTO `one_first_stage` (`xiangmu_id`,`stage`,`item_name`) VALUES ('607','2','建设工程设计方案') [ RunTime:0.0000s ]
SQL: INSERT INTO `one_first_stage` (`xiangmu_id`,`stage`,`item_name`) VALUES ('607','2','绿化工程（含绿地内工程建设）设计方案审核和竣工验收') [ RunTime:0.0000s ]
SQL: INSERT INTO `one_first_stage` (`xiangmu_id`,`stage`,`item_name`) VALUES ('607','2','修建性详细规划审查') [ RunTime:0.0000s ]
SQL: INSERT INTO `one_first_stage` (`xiangmu_id`,`stage`,`item_name`) VALUES ('607','2','城市二次供水设计方案意见确定') [ RunTime:0.0000s ]
SQL: INSERT INTO `one_first_stage` (`xiangmu_id`,`stage`,`item_name`) VALUES ('607','2','市政公用设施规划设计条件确定') [ RunTime:0.0000s ]
SQL: INSERT INTO `one_first_stage` (`xiangmu_id`,`stage`,`item_name`) VALUES ('607','2','雨水、污水设施及专用排水设施接入城市排水管网许可') [ RunTime:0.0000s ]
SQL: INSERT INTO `one_first_stage` (`xiangmu_id`,`stage`,`item_name`) VALUES ('607','2','再生水利用设施建设工程的设计方案及其变更审查') [ RunTime:0.0000s ]
SQL: INSERT INTO `one_first_stage` (`xiangmu_id`,`stage`,`item_name`) VALUES ('607','2','规划（建筑）方案征集及专家评审') [ RunTime:0.0000s ]
SQL: INSERT INTO `one_first_stage` (`xiangmu_id`,`stage`,`item_name`) VALUES ('607','2','日照分析') [ RunTime:0.0000s ]
SQL: INSERT INTO `one_first_stage` (`xiangmu_id`,`stage`,`item_name`) VALUES ('607','2','建筑边坡与基坑工程评审') [ RunTime:0.0000s ]
SQL: INSERT INTO `one_first_stage` (`xiangmu_id`,`stage`,`item_name`) VALUES ('607','2','《项目建议书》、《可行性研究报告》和《初步设计及概算》评审') [ RunTime:0.0000s ]
SQL: INSERT INTO `one_first_stage` (`xiangmu_id`,`stage`,`item_name`) VALUES ('607','2','地质勘察报告审查') [ RunTime:0.0000s ]
SQL: INSERT INTO `one_first_stage` (`xiangmu_id`,`stage`,`item_name`) VALUES ('607','2','市政管线工程规划设计条件') [ RunTime:0.0000s ]
SQL: INSERT INTO `one_first_stage` (`xiangmu_id`,`stage`,`item_name`) VALUES ('607','2','建设项目规划条件变更许可') [ RunTime:0.0000s ]
SQL: INSERT INTO `one_first_stage` (`xiangmu_id`,`stage`,`item_name`) VALUES ('607','3','建设工程施工图设计审查——建筑工程') [ RunTime:0.0000s ]
SQL: INSERT INTO `one_first_stage` (`xiangmu_id`,`stage`,`item_name`) VALUES ('607','3','建设消防设计审核') [ RunTime:0.0000s ]
SQL: INSERT INTO `one_first_stage` (`xiangmu_id`,`stage`,`item_name`) VALUES ('607','3','人防施工图审查') [ RunTime:0.0000s ]
SQL: INSERT INTO `one_first_stage` (`xiangmu_id`,`stage`,`item_name`) VALUES ('607','3','建设项目防雷设计审图意见书') [ RunTime:0.0010s ]
SQL: INSERT INTO `one_first_stage` (`xiangmu_id`,`stage`,`item_name`) VALUES ('607','3','建设项目定位放（验）线') [ RunTime:0.0000s ]
SQL: INSERT INTO `one_first_stage` (`xiangmu_id`,`stage`,`item_name`) VALUES ('607','3','建设项目建设条件意见书审批') [ RunTime:0.0000s ]
SQL: INSERT INTO `one_first_stage` (`xiangmu_id`,`stage`,`item_name`) VALUES ('607','3','港口工程初步设计审批（绿色通道）') [ RunTime:0.0000s ]
SQL: INSERT INTO `one_first_stage` (`xiangmu_id`,`stage`,`item_name`) VALUES ('607','3','防空地下室建设许可') [ RunTime:0.0000s ]
SQL: INSERT INTO `one_first_stage` (`xiangmu_id`,`stage`,`item_name`) VALUES ('607','3','港口工程施工图设计审批（绿色通道）') [ RunTime:0.0000s ]
SQL: INSERT INTO `one_first_stage` (`xiangmu_id`,`stage`,`item_name`) VALUES ('607','4','城市建筑垃圾处置核准（处置计划）') [ RunTime:0.0000s ]
SQL: INSERT INTO `one_first_stage` (`xiangmu_id`,`stage`,`item_name`) VALUES ('607','4','通航水域岸线安全使用许可业务') [ RunTime:0.0000s ]
SQL: INSERT INTO `one_first_stage` (`xiangmu_id`,`stage`,`item_name`) VALUES ('607','4','港口建设项目开工备案（绿色通道）') [ RunTime:0.0000s ]
SQL: INSERT INTO `one_first_stage` (`xiangmu_id`,`stage`,`item_name`) VALUES ('607','4','通航水域水上水下活动许可业务') [ RunTime:0.0000s ]
SQL: INSERT INTO `one_first_stage` (`xiangmu_id`,`stage`,`item_name`) VALUES ('607','4','建筑工程施工许可') [ RunTime:0.0000s ]

[ 2016-09-13T10:52:07+08:00 ] ::1 /aaaa/index.php?s=/Home/Index/index.html
INFO: [ app_init ] --START--
INFO: Run Behavior\BuildLiteBehavior [ RunTime:0.000000s ]
INFO: Run Common\Behavior\InitHookBehavior [ RunTime:0.001000s ]
INFO: [ app_init ] --END-- [ RunTime:0.001000s ]
INFO: [ app_begin ] --START--
INFO: Run Behavior\ReadHtmlCacheBehavior [ RunTime:0.001000s ]
INFO: [ app_begin ] --END-- [ RunTime:0.001000s ]
SQL: SHOW COLUMNS FROM `one_config` [ RunTime:0.0010s ]
SQL: SELECT `type`,`name`,`value` FROM `one_config` WHERE `status` = 1  [ RunTime:0.0010s ]
SQL: SHOW COLUMNS FROM `one_xiangmu_fenlei` [ RunTime:0.0010s ]
SQL: SELECT * FROM `one_xiangmu_fenlei`  [ RunTime:0.0010s ]
SQL: SHOW COLUMNS FROM `one_duty` [ RunTime:0.0010s ]
SQL: SELECT * FROM `one_duty` WHERE `user_uid` = 1  [ RunTime:0.0000s ]
NOTIC: [8] Undefined offset: 0 E:\phpStudy\WWW\aaaa\Application\Home\Controller\IndexController.class.php 第 43 行.
SQL: SHOW COLUMNS FROM `one_xiangmu` [ RunTime:0.0020s ]
SQL: SHOW COLUMNS FROM `one_xiangmu` [ RunTime:0.0030s ]
SQL: SELECT COUNT(*) AS tp_count FROM `one_xiangmu` WHERE `user_uid` = 1 LIMIT 1   [ RunTime:0.0000s ]
SQL: SELECT `id`,`name`,`fenlei`,`location`,`company`,`man`,`phone`,`work_progress`,`next_plan`,`problem`,`help`,`action`,`major`,`major2`,`major3`,`major4`,`haimian`,`shenpi`,`user_uid`,`time`,`create_time`,`construction_year`,`construction_content`,`current_week`,`finish_time1`,`finish_time2`,`finish_time3`,`finish_time4`,`finish_time5`,`finish_time6`,`finish_time7`,`finish_time8`,`finish_time9`,`finish_time10`,`finish_time11`,`plan_01`,`plan_02`,`plan_03`,`plan_04`,`plan_05`,`plan_06`,`plan_07`,`money_need`,`next_year_plan`,`money_need_next` FROM `one_xiangmu` WHERE `user_uid` = 1 ORDER BY create_time desc  LIMIT 0,12   [ RunTime:0.0000s ]
SQL: SELECT * FROM `one_xiangmu`  [ RunTime:0.0010s ]
NOTIC: [8] Undefined variable: i E:\phpStudy\WWW\aaaa\Application\Home\Controller\IndexController.class.php 第 308 行.
NOTIC: [8] Undefined variable: i E:\phpStudy\WWW\aaaa\Application\Home\Controller\IndexController.class.php 第 308 行.
NOTIC: [8] Undefined variable: i E:\phpStudy\WWW\aaaa\Application\Home\Controller\IndexController.class.php 第 310 行.
NOTIC: [8] Undefined offset: -1 E:\phpStudy\WWW\aaaa\Application\Home\Controller\IndexController.class.php 第 310 行.
NOTIC: [8] Undefined variable: i E:\phpStudy\WWW\aaaa\Application\Home\Controller\IndexController.class.php 第 310 行.
NOTIC: [8] Undefined variable: i E:\phpStudy\WWW\aaaa\Application\Home\Controller\IndexController.class.php 第 308 行.
SQL: SHOW COLUMNS FROM `one_duty` [ RunTime:0.0010s ]
SQL: SELECT * FROM `one_duty`  [ RunTime:0.0000s ]
NOTIC: [8] Undefined variable: i E:\phpStudy\WWW\aaaa\Application\Home\Controller\IndexController.class.php 第 340 行.
NOTIC: [8] Undefined variable: i E:\phpStudy\WWW\aaaa\Application\Home\Controller\IndexController.class.php 第 340 行.
NOTIC: [8] Undefined variable: i E:\phpStudy\WWW\aaaa\Application\Home\Controller\IndexController.class.php 第 342 行.
NOTIC: [8] Undefined offset: -1 E:\phpStudy\WWW\aaaa\Application\Home\Controller\IndexController.class.php 第 342 行.
NOTIC: [8] Undefined variable: i E:\phpStudy\WWW\aaaa\Application\Home\Controller\IndexController.class.php 第 342 行.
NOTIC: [8] Undefined variable: i E:\phpStudy\WWW\aaaa\Application\Home\Controller\IndexController.class.php 第 340 行.
SQL: SELECT * FROM `one_xiangmu`  [ RunTime:0.0010s ]
NOTIC: [8] Undefined variable: i E:\phpStudy\WWW\aaaa\Application\Home\Controller\IndexController.class.php 第 308 行.
NOTIC: [8] Undefined variable: i E:\phpStudy\WWW\aaaa\Application\Home\Controller\IndexController.class.php 第 308 行.
NOTIC: [8] Undefined variable: i E:\phpStudy\WWW\aaaa\Application\Home\Controller\IndexController.class.php 第 310 行.
NOTIC: [8] Undefined offset: -1 E:\phpStudy\WWW\aaaa\Application\Home\Controller\IndexController.class.php 第 310 行.
NOTIC: [8] Undefined variable: i E:\phpStudy\WWW\aaaa\Application\Home\Controller\IndexController.class.php 第 310 行.
NOTIC: [8] Undefined variable: i E:\phpStudy\WWW\aaaa\Application\Home\Controller\IndexController.class.php 第 308 行.
SQL: SELECT * FROM `one_duty`  [ RunTime:0.0000s ]
NOTIC: [8] Undefined variable: i E:\phpStudy\WWW\aaaa\Application\Home\Controller\IndexController.class.php 第 340 行.
NOTIC: [8] Undefined variable: i E:\phpStudy\WWW\aaaa\Application\Home\Controller\IndexController.class.php 第 340 行.
NOTIC: [8] Undefined variable: i E:\phpStudy\WWW\aaaa\Application\Home\Controller\IndexController.class.php 第 342 行.
NOTIC: [8] Undefined offset: -1 E:\phpStudy\WWW\aaaa\Application\Home\Controller\IndexController.class.php 第 342 行.
NOTIC: [8] Undefined variable: i E:\phpStudy\WWW\aaaa\Application\Home\Controller\IndexController.class.php 第 342 行.
NOTIC: [8] Undefined variable: i E:\phpStudy\WWW\aaaa\Application\Home\Controller\IndexController.class.php 第 340 行.
SQL: SELECT * FROM `one_xiangmu`  [ RunTime:0.0000s ]
NOTIC: [8] Undefined variable: i E:\phpStudy\WWW\aaaa\Application\Home\Controller\IndexController.class.php 第 308 行.
NOTIC: [8] Undefined variable: i E:\phpStudy\WWW\aaaa\Application\Home\Controller\IndexController.class.php 第 308 行.
NOTIC: [8] Undefined variable: i E:\phpStudy\WWW\aaaa\Application\Home\Controller\IndexController.class.php 第 310 行.
NOTIC: [8] Undefined offset: -1 E:\phpStudy\WWW\aaaa\Application\Home\Controller\IndexController.class.php 第 310 行.
NOTIC: [8] Undefined variable: i E:\phpStudy\WWW\aaaa\Application\Home\Controller\IndexController.class.php 第 310 行.
NOTIC: [8] Undefined variable: i E:\phpStudy\WWW\aaaa\Application\Home\Controller\IndexController.class.php 第 308 行.
SQL: SELECT * FROM `one_duty`  [ RunTime:0.0010s ]
NOTIC: [8] Undefined variable: i E:\phpStudy\WWW\aaaa\Application\Home\Controller\IndexController.class.php 第 340 行.
NOTIC: [8] Undefined variable: i E:\phpStudy\WWW\aaaa\Application\Home\Controller\IndexController.class.php 第 340 行.
NOTIC: [8] Undefined variable: i E:\phpStudy\WWW\aaaa\Application\Home\Controller\IndexController.class.php 第 342 行.
NOTIC: [8] Undefined offset: -1 E:\phpStudy\WWW\aaaa\Application\Home\Controller\IndexController.class.php 第 342 行.
NOTIC: [8] Undefined variable: i E:\phpStudy\WWW\aaaa\Application\Home\Controller\IndexController.class.php 第 342 行.
NOTIC: [8] Undefined variable: i E:\phpStudy\WWW\aaaa\Application\Home\Controller\IndexController.class.php 第 340 行.
SQL: SELECT * FROM `one_xiangmu`  [ RunTime:0.0000s ]
NOTIC: [8] Undefined variable: i E:\phpStudy\WWW\aaaa\Application\Home\Controller\IndexController.class.php 第 308 行.
NOTIC: [8] Undefined variable: i E:\phpStudy\WWW\aaaa\Application\Home\Controller\IndexController.class.php 第 308 行.
NOTIC: [8] Undefined variable: i E:\phpStudy\WWW\aaaa\Application\Home\Controller\IndexController.class.php 第 310 行.
NOTIC: [8] Undefined offset: -1 E:\phpStudy\WWW\aaaa\Application\Home\Controller\IndexController.class.php 第 310 行.
NOTIC: [8] Undefined variable: i E:\phpStudy\WWW\aaaa\Application\Home\Controller\IndexController.class.php 第 310 行.
NOTIC: [8] Undefined variable: i E:\phpStudy\WWW\aaaa\Application\Home\Controller\IndexController.class.php 第 308 行.
SQL: SELECT * FROM `one_duty`  [ RunTime:0.0000s ]
NOTIC: [8] Undefined variable: i E:\phpStudy\WWW\aaaa\Application\Home\Controller\IndexController.class.php 第 340 行.
NOTIC: [8] Undefined variable: i E:\phpStudy\WWW\aaaa\Application\Home\Controller\IndexController.class.php 第 340 行.
NOTIC: [8] Undefined variable: i E:\phpStudy\WWW\aaaa\Application\Home\Controller\IndexController.class.php 第 342 行.
NOTIC: [8] Undefined offset: -1 E:\phpStudy\WWW\aaaa\Application\Home\Controller\IndexController.class.php 第 342 行.
NOTIC: [8] Undefined variable: i E:\phpStudy\WWW\aaaa\Application\Home\Controller\IndexController.class.php 第 342 行.
NOTIC: [8] Undefined variable: i E:\phpStudy\WWW\aaaa\Application\Home\Controller\IndexController.class.php 第 340 行.
INFO: [ view_parse ] --START--
INFO: [ template_filter ] --START--
INFO: Run Behavior\ContentReplaceBehavior [ RunTime:0.000000s ]
INFO: [ template_filter ] --END-- [ RunTime:0.000000s ]
SQL: SHOW COLUMNS FROM `one_channel` [ RunTime:0.0020s ]
SQL: SELECT `id`,`pid`,`title`,`url`,`sort`,`create_time`,`update_time`,`status`,`target` FROM `one_channel` WHERE ( status=1 ) ORDER BY sort  [ RunTime:0.0000s ]
NOTIC: [8] Undefined variable: now E:\phpStudy\WWW\aaaa\Runtime\Cache\Home\769e70f2e46f34ceb60619bbda5e4691.php 第 222 行.
INFO: Run Behavior\ParseTemplateBehavior [ RunTime:0.016000s ]
INFO: [ view_parse ] --END-- [ RunTime:0.016000s ]
INFO: [ view_filter ] --START--
INFO: Run Behavior\WriteHtmlCacheBehavior [ RunTime:0.000000s ]
INFO: [ view_filter ] --END-- [ RunTime:0.000000s ]
INFO: [ app_end ] --START--
INFO: Run Behavior\ShowPageTraceBehavior [ RunTime:0.001000s ]
INFO: [ app_end ] --END-- [ RunTime:0.001000s ]

[ 2016-09-13T10:54:10+08:00 ] ::1 /aaaa/index.php?s=/Home/Index/xinjian.html
INFO: [ app_init ] --START--
INFO: Run Behavior\BuildLiteBehavior [ RunTime:0.000000s ]
INFO: Run Common\Behavior\InitHookBehavior [ RunTime:0.001000s ]
INFO: [ app_init ] --END-- [ RunTime:0.001000s ]
INFO: [ app_begin ] --START--
INFO: Run Behavior\ReadHtmlCacheBehavior [ RunTime:0.001000s ]
INFO: [ app_begin ] --END-- [ RunTime:0.001000s ]
SQL: SHOW COLUMNS FROM `one_config` [ RunTime:0.0020s ]
SQL: SELECT `type`,`name`,`value` FROM `one_config` WHERE `status` = 1  [ RunTime:0.0000s ]
SQL: SHOW COLUMNS FROM `one_xiangmu` [ RunTime:0.0010s ]
SQL: SHOW COLUMNS FROM `one_xiangmu_copy` [ RunTime:0.0010s ]
SQL: SHOW COLUMNS FROM `one_xiangmu_first` [ RunTime:0.0010s ]
SQL: SHOW COLUMNS FROM `one_duty` [ RunTime:0.0040s ]
SQL: SELECT * FROM `one_duty`  [ RunTime:0.0000s ]
NOTIC: [8] Undefined variable: i E:\phpStudy\WWW\aaaa\Application\Home\Controller\IndexController.class.php 第 340 行.
NOTIC: [8] Undefined variable: i E:\phpStudy\WWW\aaaa\Application\Home\Controller\IndexController.class.php 第 340 行.
NOTIC: [8] Undefined variable: i E:\phpStudy\WWW\aaaa\Application\Home\Controller\IndexController.class.php 第 342 行.
NOTIC: [8] Undefined offset: -1 E:\phpStudy\WWW\aaaa\Application\Home\Controller\IndexController.class.php 第 342 行.
NOTIC: [8] Undefined variable: i E:\phpStudy\WWW\aaaa\Application\Home\Controller\IndexController.class.php 第 342 行.
NOTIC: [8] Undefined variable: i E:\phpStudy\WWW\aaaa\Application\Home\Controller\IndexController.class.php 第 340 行.
SQL: SHOW COLUMNS FROM `one_xiangmu_fenlei` [ RunTime:0.0010s ]
SQL: SELECT * FROM `one_xiangmu_fenlei`  [ RunTime:0.0000s ]
INFO: [ view_parse ] --START--
INFO: [ template_filter ] --START--
INFO: Run Behavior\ContentReplaceBehavior [ RunTime:0.000000s ]
INFO: [ template_filter ] --END-- [ RunTime:0.001000s ]
SQL: SHOW COLUMNS FROM `one_channel` [ RunTime:0.0010s ]
SQL: SELECT `id`,`pid`,`title`,`url`,`sort`,`create_time`,`update_time`,`status`,`target` FROM `one_channel` WHERE ( status=1 ) ORDER BY sort  [ RunTime:0.0000s ]
NOTIC: [8] Use of undefined constant Xiangmu - assumed 'Xiangmu' E:\phpStudy\WWW\aaaa\Runtime\Cache\Home\f9abadd9f5823ae3f704384070266d49.php 第 143 行.
NOTIC: [8] Use of undefined constant xinjian - assumed 'xinjian' E:\phpStudy\WWW\aaaa\Runtime\Cache\Home\f9abadd9f5823ae3f704384070266d49.php 第 143 行.
NOTIC: [2] Division by zero E:\phpStudy\WWW\aaaa\Runtime\Cache\Home\f9abadd9f5823ae3f704384070266d49.php 第 143 行.
NOTIC: [8] Undefined index: name E:\phpStudy\WWW\aaaa\Runtime\Cache\Home\f9abadd9f5823ae3f704384070266d49.php 第 147 行.
NOTIC: [8] Undefined variable: result_1 E:\phpStudy\WWW\aaaa\Runtime\Cache\Home\f9abadd9f5823ae3f704384070266d49.php 第 169 行.
NOTIC: [8] Undefined variable: result_1 E:\phpStudy\WWW\aaaa\Runtime\Cache\Home\f9abadd9f5823ae3f704384070266d49.php 第 199 行.
NOTIC: [8] Undefined variable: result_1 E:\phpStudy\WWW\aaaa\Runtime\Cache\Home\f9abadd9f5823ae3f704384070266d49.php 第 207 行.
NOTIC: [8] Undefined variable: result_1 E:\phpStudy\WWW\aaaa\Runtime\Cache\Home\f9abadd9f5823ae3f704384070266d49.php 第 214 行.
NOTIC: [8] Undefined variable: result_1 E:\phpStudy\WWW\aaaa\Runtime\Cache\Home\f9abadd9f5823ae3f704384070266d49.php 第 222 行.
NOTIC: [8] Undefined variable: result_1 E:\phpStudy\WWW\aaaa\Runtime\Cache\Home\f9abadd9f5823ae3f704384070266d49.php 第 227 行.
NOTIC: [8] Undefined variable: result_1 E:\phpStudy\WWW\aaaa\Runtime\Cache\Home\f9abadd9f5823ae3f704384070266d49.php 第 235 行.
NOTIC: [8] Undefined variable: result_1 E:\phpStudy\WWW\aaaa\Runtime\Cache\Home\f9abadd9f5823ae3f704384070266d49.php 第 242 行.
NOTIC: [8] Undefined variable: result_1 E:\phpStudy\WWW\aaaa\Runtime\Cache\Home\f9abadd9f5823ae3f704384070266d49.php 第 249 行.
NOTIC: [8] Undefined variable: result_1 E:\phpStudy\WWW\aaaa\Runtime\Cache\Home\f9abadd9f5823ae3f704384070266d49.php 第 255 行.
NOTIC: [8] Undefined variable: result_1 E:\phpStudy\WWW\aaaa\Runtime\Cache\Home\f9abadd9f5823ae3f704384070266d49.php 第 261 行.
NOTIC: [8] Undefined variable: result_1 E:\phpStudy\WWW\aaaa\Runtime\Cache\Home\f9abadd9f5823ae3f704384070266d49.php 第 268 行.
NOTIC: [8] Undefined variable: result_1 E:\phpStudy\WWW\aaaa\Runtime\Cache\Home\f9abadd9f5823ae3f704384070266d49.php 第 276 行.
NOTIC: [8] Undefined variable: result_1 E:\phpStudy\WWW\aaaa\Runtime\Cache\Home\f9abadd9f5823ae3f704384070266d49.php 第 284 行.
NOTIC: [8] Undefined variable: result_1 E:\phpStudy\WWW\aaaa\Runtime\Cache\Home\f9abadd9f5823ae3f704384070266d49.php 第 292 行.
NOTIC: [8] Undefined variable: result_1 E:\phpStudy\WWW\aaaa\Runtime\Cache\Home\f9abadd9f5823ae3f704384070266d49.php 第 300 行.
NOTIC: [8] Undefined variable: result_1 E:\phpStudy\WWW\aaaa\Runtime\Cache\Home\f9abadd9f5823ae3f704384070266d49.php 第 308 行.
NOTIC: [8] Undefined variable: result_1 E:\phpStudy\WWW\aaaa\Runtime\Cache\Home\f9abadd9f5823ae3f704384070266d49.php 第 316 行.
NOTIC: [8] Undefined variable: result_1 E:\phpStudy\WWW\aaaa\Runtime\Cache\Home\f9abadd9f5823ae3f704384070266d49.php 第 324 行.
NOTIC: [8] Undefined variable: result_1 E:\phpStudy\WWW\aaaa\Runtime\Cache\Home\f9abadd9f5823ae3f704384070266d49.php 第 332 行.
NOTIC: [8] Undefined variable: result_1 E:\phpStudy\WWW\aaaa\Runtime\Cache\Home\f9abadd9f5823ae3f704384070266d49.php 第 340 行.
NOTIC: [8] Undefined variable: result_1 E:\phpStudy\WWW\aaaa\Runtime\Cache\Home\f9abadd9f5823ae3f704384070266d49.php 第 348 行.
NOTIC: [8] Undefined variable: result_1 E:\phpStudy\WWW\aaaa\Runtime\Cache\Home\f9abadd9f5823ae3f704384070266d49.php 第 358 行.
NOTIC: [8] Undefined variable: result_1 E:\phpStudy\WWW\aaaa\Runtime\Cache\Home\f9abadd9f5823ae3f704384070266d49.php 第 366 行.
NOTIC: [8] Undefined variable: result_1 E:\phpStudy\WWW\aaaa\Runtime\Cache\Home\f9abadd9f5823ae3f704384070266d49.php 第 374 行.
NOTIC: [8] Undefined variable: result_1 E:\phpStudy\WWW\aaaa\Runtime\Cache\Home\f9abadd9f5823ae3f704384070266d49.php 第 382 行.
NOTIC: [8] Undefined variable: result_1 E:\phpStudy\WWW\aaaa\Runtime\Cache\Home\f9abadd9f5823ae3f704384070266d49.php 第 390 行.
NOTIC: [8] Undefined variable: result_1 E:\phpStudy\WWW\aaaa\Runtime\Cache\Home\f9abadd9f5823ae3f704384070266d49.php 第 398 行.
NOTIC: [8] Undefined variable: result_1 E:\phpStudy\WWW\aaaa\Runtime\Cache\Home\f9abadd9f5823ae3f704384070266d49.php 第 406 行.
NOTIC: [8] Undefined variable: result_1 E:\phpStudy\WWW\aaaa\Runtime\Cache\Home\f9abadd9f5823ae3f704384070266d49.php 第 414 行.
NOTIC: [8] Undefined variable: r1 E:\phpStudy\WWW\aaaa\Runtime\Cache\Home\f9abadd9f5823ae3f704384070266d49.php 第 422 行.
NOTIC: [8] Undefined variable: r1 E:\phpStudy\WWW\aaaa\Runtime\Cache\Home\f9abadd9f5823ae3f704384070266d49.php 第 425 行.
NOTIC: [8] Undefined variable: r1 E:\phpStudy\WWW\aaaa\Runtime\Cache\Home\f9abadd9f5823ae3f704384070266d49.php 第 429 行.
NOTIC: [8] Undefined variable: r1 E:\phpStudy\WWW\aaaa\Runtime\Cache\Home\f9abadd9f5823ae3f704384070266d49.php 第 440 行.
NOTIC: [8] Undefined variable: r1 E:\phpStudy\WWW\aaaa\Runtime\Cache\Home\f9abadd9f5823ae3f704384070266d49.php 第 446 行.
NOTIC: [8] Undefined variable: r1 E:\phpStudy\WWW\aaaa\Runtime\Cache\Home\f9abadd9f5823ae3f704384070266d49.php 第 452 行.
NOTIC: [8] Undefined variable: r1 E:\phpStudy\WWW\aaaa\Runtime\Cache\Home\f9abadd9f5823ae3f704384070266d49.php 第 458 行.
NOTIC: [8] Undefined variable: r1 E:\phpStudy\WWW\aaaa\Runtime\Cache\Home\f9abadd9f5823ae3f704384070266d49.php 第 464 行.
NOTIC: [8] Undefined variable: r1 E:\phpStudy\WWW\aaaa\Runtime\Cache\Home\f9abadd9f5823ae3f704384070266d49.php 第 470 行.
INFO: Run Behavior\ParseTemplateBehavior [ RunTime:0.019000s ]
INFO: [ view_parse ] --END-- [ RunTime:0.019000s ]
INFO: [ view_filter ] --START--
INFO: Run Behavior\WriteHtmlCacheBehavior [ RunTime:0.000000s ]
INFO: [ view_filter ] --END-- [ RunTime:0.000000s ]
INFO: [ app_end ] --START--
INFO: Run Behavior\ShowPageTraceBehavior [ RunTime:0.000000s ]
INFO: [ app_end ] --END-- [ RunTime:0.000000s ]

[ 2016-09-13T10:54:24+08:00 ] ::1 /aaaa/index.php?s=/Home/Index/xinjian.html
INFO: [ app_init ] --START--
INFO: Run Behavior\BuildLiteBehavior [ RunTime:0.000000s ]
INFO: Run Common\Behavior\InitHookBehavior [ RunTime:0.001000s ]
INFO: [ app_init ] --END-- [ RunTime:0.001000s ]
INFO: [ app_begin ] --START--
INFO: Run Behavior\ReadHtmlCacheBehavior [ RunTime:0.001000s ]
INFO: [ app_begin ] --END-- [ RunTime:0.001000s ]
SQL: SHOW COLUMNS FROM `one_config` [ RunTime:0.0010s ]
SQL: SELECT `type`,`name`,`value` FROM `one_config` WHERE `status` = 1  [ RunTime:0.0000s ]
SQL: SHOW COLUMNS FROM `one_xiangmu` [ RunTime:0.0020s ]
SQL: SHOW COLUMNS FROM `one_xiangmu_copy` [ RunTime:0.0020s ]
SQL: SHOW COLUMNS FROM `one_xiangmu_first` [ RunTime:0.0020s ]
SQL: SHOW COLUMNS FROM `one_duty` [ RunTime:0.0020s ]
SQL: SELECT * FROM `one_duty`  [ RunTime:0.0000s ]
NOTIC: [8] Undefined variable: i E:\phpStudy\WWW\aaaa\Application\Home\Controller\IndexController.class.php 第 340 行.
NOTIC: [8] Undefined variable: i E:\phpStudy\WWW\aaaa\Application\Home\Controller\IndexController.class.php 第 340 行.
NOTIC: [8] Undefined variable: i E:\phpStudy\WWW\aaaa\Application\Home\Controller\IndexController.class.php 第 342 行.
NOTIC: [8] Undefined offset: -1 E:\phpStudy\WWW\aaaa\Application\Home\Controller\IndexController.class.php 第 342 行.
NOTIC: [8] Undefined variable: i E:\phpStudy\WWW\aaaa\Application\Home\Controller\IndexController.class.php 第 342 行.
NOTIC: [8] Undefined variable: i E:\phpStudy\WWW\aaaa\Application\Home\Controller\IndexController.class.php 第 340 行.
SQL: SHOW COLUMNS FROM `one_xiangmu_fenlei` [ RunTime:0.0020s ]
SQL: SELECT * FROM `one_xiangmu_fenlei`  [ RunTime:0.0000s ]
NOTIC: [8] Undefined index: validate E:\phpStudy\WWW\aaaa\ThinkPHP\Library\Think\Model.class.php 第 1185 行.
NOTIC: [8] Undefined index: auto E:\phpStudy\WWW\aaaa\ThinkPHP\Library\Think\Model.class.php 第 1128 行.
SQL: INSERT INTO `one_xiangmu_first` (`help`,`action`,`shenpi`,`major`,`major2`,`major3`,`haimian`,`major4`,`user_uid`,`fenlei`,`name`,`next_plan`,`location`,`company`,`man`,`phone`,`work_progress`,`problem`,`construction_year`,`construction_content`,`current_week`,`finish_time1`,`finish_time2`,`finish_time3`,`finish_time4`,`finish_time5`,`finish_time6`,`finish_time7`,`finish_time8`,`finish_time9`,`finish_time10`,`finish_time11`,`plan_01`,`plan_02`,`plan_03`,`plan_04`,`plan_05`,`plan_06`,`plan_07`,`money_need`,`next_year_plan`,`money_need_next`,`create_time`) VALUES ('否','否','否','否','否','否','否','否','1','政府投资类','枯桃花卉中心','枯桃花卉中心','枯桃花卉中心','区城管局','枯桃花卉中心','枯桃花卉中心','枯桃花卉中心','','0','','','','','','','','','','','','','','','','','','','','','','','','1473735263') [ RunTime:0.0350s ]
NOTIC: [8] Undefined index: validate E:\phpStudy\WWW\aaaa\ThinkPHP\Library\Think\Model.class.php 第 1185 行.
NOTIC: [8] Undefined index: auto E:\phpStudy\WWW\aaaa\ThinkPHP\Library\Think\Model.class.php 第 1128 行.
SQL: INSERT INTO `one_xiangmu` (`help`,`action`,`shenpi`,`major`,`major2`,`major3`,`haimian`,`major4`,`user_uid`,`fenlei`,`name`,`next_plan`,`location`,`company`,`man`,`phone`,`work_progress`,`problem`,`construction_year`,`construction_content`,`current_week`,`finish_time1`,`finish_time2`,`finish_time3`,`finish_time4`,`finish_time5`,`finish_time6`,`finish_time7`,`finish_time8`,`finish_time9`,`finish_time10`,`finish_time11`,`plan_01`,`plan_02`,`plan_03`,`plan_04`,`plan_05`,`plan_06`,`plan_07`,`money_need`,`next_year_plan`,`money_need_next`,`create_time`) VALUES ('否','否','否','否','否','否','否','否','1','政府投资类','枯桃花卉中心','枯桃花卉中心','枯桃花卉中心','区城管局','枯桃花卉中心','枯桃花卉中心','枯桃花卉中心','','','','','','','','','','','','','','','','','','','','','','','','','','1473735263') [ RunTime:0.0250s ]
NOTIC: [8] Undefined index: validate E:\phpStudy\WWW\aaaa\ThinkPHP\Library\Think\Model.class.php 第 1185 行.
NOTIC: [8] Undefined index: auto E:\phpStudy\WWW\aaaa\ThinkPHP\Library\Think\Model.class.php 第 1128 行.
SQL: INSERT INTO `one_xiangmu_copy` (`help`,`action`,`shenpi`,`major`,`major2`,`major3`,`haimian`,`major4`,`user_uid`,`fenlei`,`name`,`next_plan`,`location`,`company`,`man`,`phone`,`work_progress`,`problem`,`construction_year`,`construction_content`,`current_week`,`finish_time1`,`finish_time2`,`finish_time3`,`finish_time4`,`finish_time5`,`finish_time6`,`finish_time7`,`finish_time8`,`finish_time9`,`finish_time10`,`finish_time11`,`plan_01`,`plan_02`,`plan_03`,`plan_04`,`plan_05`,`plan_06`,`plan_07`,`money_need`,`next_year_plan`,`money_need_next`,`xiangmu_id`,`create_time`) VALUES ('否','否','否','否','否','否','否','否','1','政府投资类','枯桃花卉中心','枯桃花卉中心','枯桃花卉中心','区城管局','枯桃花卉中心','枯桃花卉中心','枯桃花卉中心','','','','','','','','','','','','','','','','','','','','','','','','','','608','1473735263') [ RunTime:0.0280s ]
SQL: SHOW COLUMNS FROM `one_fenlei_stage` [ RunTime:0.0010s ]
SQL: SELECT * FROM `one_fenlei_stage` WHERE `fenlei_name` = '政府投资类'  [ RunTime:0.0000s ]
SQL: SHOW COLUMNS FROM `one_item_name` [ RunTime:0.0010s ]
SQL: SELECT * FROM `one_item_name` WHERE `fenlei_id` = 3  [ RunTime:0.0010s ]
SQL: SHOW COLUMNS FROM `one_first_stage` [ RunTime:0.0010s ]
SQL: INSERT INTO `one_first_stage` (`xiangmu_id`,`stage`,`item_name`) VALUES ('608','5','政府投资项目项目建议书审批') [ RunTime:0.0000s ]
SQL: INSERT INTO `one_first_stage` (`xiangmu_id`,`stage`,`item_name`) VALUES ('608','5','青岛市统一坐标和高程系统1:500地形图') [ RunTime:0.0000s ]
SQL: INSERT INTO `one_first_stage` (`xiangmu_id`,`stage`,`item_name`) VALUES ('608','5','建设项目选址许可') [ RunTime:0.0000s ]
SQL: INSERT INTO `one_first_stage` (`xiangmu_id`,`stage`,`item_name`) VALUES ('608','5','建设项目用地预审') [ RunTime:0.0000s ]
SQL: INSERT INTO `one_first_stage` (`xiangmu_id`,`stage`,`item_name`) VALUES ('608','5','工业类企业投资项目核准') [ RunTime:0.0000s ]
SQL: INSERT INTO `one_first_stage` (`xiangmu_id`,`stage`,`item_name`) VALUES ('608','5','城市建设类企业投资项目核准') [ RunTime:0.0000s ]
SQL: INSERT INTO `one_first_stage` (`xiangmu_id`,`stage`,`item_name`) VALUES ('608','5','能源交通类企业投资项目核准') [ RunTime:0.0000s ]
SQL: INSERT INTO `one_first_stage` (`xiangmu_id`,`stage`,`item_name`) VALUES ('608','5','社会事业类企业投资项目核准') [ RunTime:0.0000s ]
SQL: INSERT INTO `one_first_stage` (`xiangmu_id`,`stage`,`item_name`) VALUES ('608','5','农村经济类企业投资项目核准') [ RunTime:0.0000s ]
SQL: INSERT INTO `one_first_stage` (`xiangmu_id`,`stage`,`item_name`) VALUES ('608','5','财贸流通类企业投资项目核准') [ RunTime:0.0000s ]
SQL: INSERT INTO `one_first_stage` (`xiangmu_id`,`stage`,`item_name`) VALUES ('608','5','外商投资项目核准') [ RunTime:0.0000s ]
SQL: INSERT INTO `one_first_stage` (`xiangmu_id`,`stage`,`item_name`) VALUES ('608','5','职业病危害严重的医疗机构建设项目设计阶段的放射性职业病防护设施设计的卫生审查') [ RunTime:0.0000s ]
SQL: INSERT INTO `one_first_stage` (`xiangmu_id`,`stage`,`item_name`) VALUES ('608','5','建设项目的规划选址测量') [ RunTime:0.0000s ]
SQL: INSERT INTO `one_first_stage` (`xiangmu_id`,`stage`,`item_name`) VALUES ('608','6','《大中型建设项目雷击风险评估报告》编制及技术审查') [ RunTime:0.0000s ]
SQL: INSERT INTO `one_first_stage` (`xiangmu_id`,`stage`,`item_name`) VALUES ('608','6','建设项目环境影响评价登记表（报告表、报告书）审批') [ RunTime:0.0000s ]
SQL: INSERT INTO `one_first_stage` (`xiangmu_id`,`stage`,`item_name`) VALUES ('608','6','确定抗震设防要求确定（一般工程）') [ RunTime:0.0000s ]
SQL: INSERT INTO `one_first_stage` (`xiangmu_id`,`stage`,`item_name`) VALUES ('608','6','建筑节能认定') [ RunTime:0.0000s ]
SQL: INSERT INTO `one_first_stage` (`xiangmu_id`,`stage`,`item_name`) VALUES ('608','6','固定资产投资项目节能评估审查') [ RunTime:0.0000s ]
SQL: INSERT INTO `one_first_stage` (`xiangmu_id`,`stage`,`item_name`) VALUES ('608','6','民用建筑项目合理用能审核') [ RunTime:0.0000s ]
SQL: INSERT INTO `one_first_stage` (`xiangmu_id`,`stage`,`item_name`) VALUES ('608','6','《项目建议书》、《可行性研究报告》和《初步设计及概算》评审') [ RunTime:0.0010s ]
SQL: INSERT INTO `one_first_stage` (`xiangmu_id`,`stage`,`item_name`) VALUES ('608','6','政府投资项目可行性研究报告审批') [ RunTime:0.0000s ]
SQL: INSERT INTO `one_first_stage` (`xiangmu_id`,`stage`,`item_name`) VALUES ('608','6','政府投资大中型建设项目（交通运输、水利等建设项目除外）初步设计审查') [ RunTime:0.0000s ]
SQL: INSERT INTO `one_first_stage` (`xiangmu_id`,`stage`,`item_name`) VALUES ('608','6','政府投资项目初步设计及概算审批') [ RunTime:0.0000s ]
SQL: INSERT INTO `one_first_stage` (`xiangmu_id`,`stage`,`item_name`) VALUES ('608','6','医疗机构放射诊疗建设项目职业病危害放射防护预评价审核') [ RunTime:0.0000s ]
SQL: INSERT INTO `one_first_stage` (`xiangmu_id`,`stage`,`item_name`) VALUES ('608','6','海域使用许可') [ RunTime:0.0000s ]
SQL: INSERT INTO `one_first_stage` (`xiangmu_id`,`stage`,`item_name`) VALUES ('608','6','海洋工程建设项目环境影响报告书核准') [ RunTime:0.0000s ]
SQL: INSERT INTO `one_first_stage` (`xiangmu_id`,`stage`,`item_name`) VALUES ('608','6','建设项目规划许可施工设计卫生审查') [ RunTime:0.0000s ]
SQL: INSERT INTO `one_first_stage` (`xiangmu_id`,`stage`,`item_name`) VALUES ('608','6','确定抗震设防要求核准（重大工程）') [ RunTime:0.0000s ]
SQL: INSERT INTO `one_first_stage` (`xiangmu_id`,`stage`,`item_name`) VALUES ('608','6','青岛市建设项目合理用能评估') [ RunTime:0.0000s ]
SQL: INSERT INTO `one_first_stage` (`xiangmu_id`,`stage`,`item_name`) VALUES ('608','6','危险化学品生产、储存建设项目安全审查') [ RunTime:0.0000s ]
SQL: INSERT INTO `one_first_stage` (`xiangmu_id`,`stage`,`item_name`) VALUES ('608','7','建设用地规划许可') [ RunTime:0.0010s ]
SQL: INSERT INTO `one_first_stage` (`xiangmu_id`,`stage`,`item_name`) VALUES ('608','7','国有土地使用、转让许可') [ RunTime:0.0000s ]
SQL: INSERT INTO `one_first_stage` (`xiangmu_id`,`stage`,`item_name`) VALUES ('608','7','集体建设用地审批') [ RunTime:0.0000s ]
SQL: INSERT INTO `one_first_stage` (`xiangmu_id`,`stage`,`item_name`) VALUES ('608','7','权限内使用非深水岸线建设港口设施许可（绿色通道）') [ RunTime:0.0000s ]
SQL: INSERT INTO `one_first_stage` (`xiangmu_id`,`stage`,`item_name`) VALUES ('608','2','规划（建筑）方案征集及专家评审') [ RunTime:0.0000s ]
SQL: INSERT INTO `one_first_stage` (`xiangmu_id`,`stage`,`item_name`) VALUES ('608','2','日照分析') [ RunTime:0.0000s ]
SQL: INSERT INTO `one_first_stage` (`xiangmu_id`,`stage`,`item_name`) VALUES ('608','2','修建性详细规划审查') [ RunTime:0.0000s ]
SQL: INSERT INTO `one_first_stage` (`xiangmu_id`,`stage`,`item_name`) VALUES ('608','2','雨水、污水设施及专用排水设施接入城市排水管网许可') [ RunTime:0.0010s ]
SQL: INSERT INTO `one_first_stage` (`xiangmu_id`,`stage`,`item_name`) VALUES ('608','2','建设工程设计方案') [ RunTime:0.0000s ]
SQL: INSERT INTO `one_first_stage` (`xiangmu_id`,`stage`,`item_name`) VALUES ('608','2','地质勘察报告审查') [ RunTime:0.0000s ]
SQL: INSERT INTO `one_first_stage` (`xiangmu_id`,`stage`,`item_name`) VALUES ('608','2','结合民用建筑修建防空地下室审核') [ RunTime:0.0000s ]
SQL: INSERT INTO `one_first_stage` (`xiangmu_id`,`stage`,`item_name`) VALUES ('608','2','建设工程设计方案审查') [ RunTime:0.0000s ]
SQL: INSERT INTO `one_first_stage` (`xiangmu_id`,`stage`,`item_name`) VALUES ('608','2','防空地下室方案设计文件审查') [ RunTime:0.0000s ]
SQL: INSERT INTO `one_first_stage` (`xiangmu_id`,`stage`,`item_name`) VALUES ('608','2','绿化工程（含绿地内工程建设）设计方案审核和竣工验收') [ RunTime:0.0000s ]
SQL: INSERT INTO `one_first_stage` (`xiangmu_id`,`stage`,`item_name`) VALUES ('608','2','建设工程规划许可') [ RunTime:0.0000s ]
SQL: INSERT INTO `one_first_stage` (`xiangmu_id`,`stage`,`item_name`) VALUES ('608','2','城市二次供水设计方案意见确定') [ RunTime:0.0010s ]
SQL: INSERT INTO `one_first_stage` (`xiangmu_id`,`stage`,`item_name`) VALUES ('608','2','市政公用设施规划设计条件确定') [ RunTime:0.0000s ]
SQL: INSERT INTO `one_first_stage` (`xiangmu_id`,`stage`,`item_name`) VALUES ('608','2','再生水利用设施建设工程的设计方案及其变更审查') [ RunTime:0.0000s ]
SQL: INSERT INTO `one_first_stage` (`xiangmu_id`,`stage`,`item_name`) VALUES ('608','2','建筑边坡与基坑工程评审') [ RunTime:0.0000s ]
SQL: INSERT INTO `one_first_stage` (`xiangmu_id`,`stage`,`item_name`) VALUES ('608','2','防空地下室易地建设许可') [ RunTime:0.0000s ]
SQL: INSERT INTO `one_first_stage` (`xiangmu_id`,`stage`,`item_name`) VALUES ('608','2','市政管线工程规划设计条件') [ RunTime:0.0000s ]
SQL: INSERT INTO `one_first_stage` (`xiangmu_id`,`stage`,`item_name`) VALUES ('608','2','建设项目规划条件变更许可') [ RunTime:0.0000s ]
SQL: INSERT INTO `one_first_stage` (`xiangmu_id`,`stage`,`item_name`) VALUES ('608','2','建设工程设计方案审批修改') [ RunTime:0.0000s ]
SQL: INSERT INTO `one_first_stage` (`xiangmu_id`,`stage`,`item_name`) VALUES ('608','3','建设工程施工图设计审查——建筑工程') [ RunTime:0.0010s ]
SQL: INSERT INTO `one_first_stage` (`xiangmu_id`,`stage`,`item_name`) VALUES ('608','3','人防施工图审查') [ RunTime:0.0000s ]
SQL: INSERT INTO `one_first_stage` (`xiangmu_id`,`stage`,`item_name`) VALUES ('608','3','建设项目防雷设计审图意见书') [ RunTime:0.0000s ]
SQL: INSERT INTO `one_first_stage` (`xiangmu_id`,`stage`,`item_name`) VALUES ('608','3','建设项目定位放（验）线') [ RunTime:0.0000s ]
SQL: INSERT INTO `one_first_stage` (`xiangmu_id`,`stage`,`item_name`) VALUES ('608','3','建设消防设计审核') [ RunTime:0.0000s ]
SQL: INSERT INTO `one_first_stage` (`xiangmu_id`,`stage`,`item_name`) VALUES ('608','3','建设项目建设条件意见书审批') [ RunTime:0.0000s ]
SQL: INSERT INTO `one_first_stage` (`xiangmu_id`,`stage`,`item_name`) VALUES ('608','3','港口工程施工图设计审批（绿色通道）') [ RunTime:0.0000s ]
SQL: INSERT INTO `one_first_stage` (`xiangmu_id`,`stage`,`item_name`) VALUES ('608','3','港口工程初步设计审批（绿色通道）') [ RunTime:0.0000s ]
SQL: INSERT INTO `one_first_stage` (`xiangmu_id`,`stage`,`item_name`) VALUES ('608','3','防空地下室建设许可') [ RunTime:0.0010s ]
SQL: INSERT INTO `one_first_stage` (`xiangmu_id`,`stage`,`item_name`) VALUES ('608','4','城市建筑垃圾处置核准（处置计划）') [ RunTime:0.0000s ]
SQL: INSERT INTO `one_first_stage` (`xiangmu_id`,`stage`,`item_name`) VALUES ('608','4','通航水域岸线安全使用许可业务') [ RunTime:0.0000s ]
SQL: INSERT INTO `one_first_stage` (`xiangmu_id`,`stage`,`item_name`) VALUES ('608','4','港口建设项目开工备案（绿色通道）') [ RunTime:0.0000s ]
SQL: INSERT INTO `one_first_stage` (`xiangmu_id`,`stage`,`item_name`) VALUES ('608','4','通航水域水上水下活动许可业务') [ RunTime:0.0000s ]
SQL: INSERT INTO `one_first_stage` (`xiangmu_id`,`stage`,`item_name`) VALUES ('608','4','建筑工程施工许可') [ RunTime:0.0000s ]

[ 2016-09-13T10:54:25+08:00 ] ::1 /aaaa/index.php?s=/Home/Index/index.html
INFO: [ app_init ] --START--
INFO: Run Behavior\BuildLiteBehavior [ RunTime:0.000000s ]
INFO: Run Common\Behavior\InitHookBehavior [ RunTime:0.001000s ]
INFO: [ app_init ] --END-- [ RunTime:0.001000s ]
INFO: [ app_begin ] --START--
INFO: Run Behavior\ReadHtmlCacheBehavior [ RunTime:0.000000s ]
INFO: [ app_begin ] --END-- [ RunTime:0.001000s ]
SQL: SHOW COLUMNS FROM `one_config` [ RunTime:0.0020s ]
SQL: SELECT `type`,`name`,`value` FROM `one_config` WHERE `status` = 1  [ RunTime:0.0000s ]
SQL: SHOW COLUMNS FROM `one_xiangmu_fenlei` [ RunTime:0.0010s ]
SQL: SELECT * FROM `one_xiangmu_fenlei`  [ RunTime:0.0010s ]
SQL: SHOW COLUMNS FROM `one_duty` [ RunTime:0.0010s ]
SQL: SELECT * FROM `one_duty` WHERE `user_uid` = 1  [ RunTime:0.0000s ]
NOTIC: [8] Undefined offset: 0 E:\phpStudy\WWW\aaaa\Application\Home\Controller\IndexController.class.php 第 43 行.
SQL: SHOW COLUMNS FROM `one_xiangmu` [ RunTime:0.0020s ]
SQL: SHOW COLUMNS FROM `one_xiangmu` [ RunTime:0.0010s ]
SQL: SELECT COUNT(*) AS tp_count FROM `one_xiangmu` WHERE `user_uid` = 1 LIMIT 1   [ RunTime:0.0000s ]
SQL: SELECT `id`,`name`,`fenlei`,`location`,`company`,`man`,`phone`,`work_progress`,`next_plan`,`problem`,`help`,`action`,`major`,`major2`,`major3`,`major4`,`haimian`,`shenpi`,`user_uid`,`time`,`create_time`,`construction_year`,`construction_content`,`current_week`,`finish_time1`,`finish_time2`,`finish_time3`,`finish_time4`,`finish_time5`,`finish_time6`,`finish_time7`,`finish_time8`,`finish_time9`,`finish_time10`,`finish_time11`,`plan_01`,`plan_02`,`plan_03`,`plan_04`,`plan_05`,`plan_06`,`plan_07`,`money_need`,`next_year_plan`,`money_need_next` FROM `one_xiangmu` WHERE `user_uid` = 1 ORDER BY create_time desc  LIMIT 0,12   [ RunTime:0.0000s ]
SQL: SELECT * FROM `one_xiangmu`  [ RunTime:0.0000s ]
NOTIC: [8] Undefined variable: i E:\phpStudy\WWW\aaaa\Application\Home\Controller\IndexController.class.php 第 308 行.
NOTIC: [8] Undefined variable: i E:\phpStudy\WWW\aaaa\Application\Home\Controller\IndexController.class.php 第 308 行.
NOTIC: [8] Undefined variable: i E:\phpStudy\WWW\aaaa\Application\Home\Controller\IndexController.class.php 第 310 行.
NOTIC: [8] Undefined offset: -1 E:\phpStudy\WWW\aaaa\Application\Home\Controller\IndexController.class.php 第 310 行.
NOTIC: [8] Undefined variable: i E:\phpStudy\WWW\aaaa\Application\Home\Controller\IndexController.class.php 第 310 行.
NOTIC: [8] Undefined variable: i E:\phpStudy\WWW\aaaa\Application\Home\Controller\IndexController.class.php 第 308 行.
SQL: SHOW COLUMNS FROM `one_duty` [ RunTime:0.0010s ]
SQL: SELECT * FROM `one_duty`  [ RunTime:0.0000s ]
NOTIC: [8] Undefined variable: i E:\phpStudy\WWW\aaaa\Application\Home\Controller\IndexController.class.php 第 340 行.
NOTIC: [8] Undefined variable: i E:\phpStudy\WWW\aaaa\Application\Home\Controller\IndexController.class.php 第 340 行.
NOTIC: [8] Undefined variable: i E:\phpStudy\WWW\aaaa\Application\Home\Controller\IndexController.class.php 第 342 行.
NOTIC: [8] Undefined offset: -1 E:\phpStudy\WWW\aaaa\Application\Home\Controller\IndexController.class.php 第 342 行.
NOTIC: [8] Undefined variable: i E:\phpStudy\WWW\aaaa\Application\Home\Controller\IndexController.class.php 第 342 行.
NOTIC: [8] Undefined variable: i E:\phpStudy\WWW\aaaa\Application\Home\Controller\IndexController.class.php 第 340 行.
SQL: SELECT * FROM `one_xiangmu`  [ RunTime:0.0010s ]
NOTIC: [8] Undefined variable: i E:\phpStudy\WWW\aaaa\Application\Home\Controller\IndexController.class.php 第 308 行.
NOTIC: [8] Undefined variable: i E:\phpStudy\WWW\aaaa\Application\Home\Controller\IndexController.class.php 第 308 行.
NOTIC: [8] Undefined variable: i E:\phpStudy\WWW\aaaa\Application\Home\Controller\IndexController.class.php 第 310 行.
NOTIC: [8] Undefined offset: -1 E:\phpStudy\WWW\aaaa\Application\Home\Controller\IndexController.class.php 第 310 行.
NOTIC: [8] Undefined variable: i E:\phpStudy\WWW\aaaa\Application\Home\Controller\IndexController.class.php 第 310 行.
NOTIC: [8] Undefined variable: i E:\phpStudy\WWW\aaaa\Application\Home\Controller\IndexController.class.php 第 308 行.
SQL: SELECT * FROM `one_duty`  [ RunTime:0.0000s ]
NOTIC: [8] Undefined variable: i E:\phpStudy\WWW\aaaa\Application\Home\Controller\IndexController.class.php 第 340 行.
NOTIC: [8] Undefined variable: i E:\phpStudy\WWW\aaaa\Application\Home\Controller\IndexController.class.php 第 340 行.
NOTIC: [8] Undefined variable: i E:\phpStudy\WWW\aaaa\Application\Home\Controller\IndexController.class.php 第 342 行.
NOTIC: [8] Undefined offset: -1 E:\phpStudy\WWW\aaaa\Application\Home\Controller\IndexController.class.php 第 342 行.
NOTIC: [8] Undefined variable: i E:\phpStudy\WWW\aaaa\Application\Home\Controller\IndexController.class.php 第 342 行.
NOTIC: [8] Undefined variable: i E:\phpStudy\WWW\aaaa\Application\Home\Controller\IndexController.class.php 第 340 行.
SQL: SELECT * FROM `one_xiangmu`  [ RunTime:0.0000s ]
NOTIC: [8] Undefined variable: i E:\phpStudy\WWW\aaaa\Application\Home\Controller\IndexController.class.php 第 308 行.
NOTIC: [8] Undefined variable: i E:\phpStudy\WWW\aaaa\Application\Home\Controller\IndexController.class.php 第 308 行.
NOTIC: [8] Undefined variable: i E:\phpStudy\WWW\aaaa\Application\Home\Controller\IndexController.class.php 第 310 行.
NOTIC: [8] Undefined offset: -1 E:\phpStudy\WWW\aaaa\Application\Home\Controller\IndexController.class.php 第 310 行.
NOTIC: [8] Undefined variable: i E:\phpStudy\WWW\aaaa\Application\Home\Controller\IndexController.class.php 第 310 行.
NOTIC: [8] Undefined variable: i E:\phpStudy\WWW\aaaa\Application\Home\Controller\IndexController.class.php 第 308 行.
SQL: SELECT * FROM `one_duty`  [ RunTime:0.0000s ]
NOTIC: [8] Undefined variable: i E:\phpStudy\WWW\aaaa\Application\Home\Controller\IndexController.class.php 第 340 行.
NOTIC: [8] Undefined variable: i E:\phpStudy\WWW\aaaa\Application\Home\Controller\IndexController.class.php 第 340 行.
NOTIC: [8] Undefined variable: i E:\phpStudy\WWW\aaaa\Application\Home\Controller\IndexController.class.php 第 342 行.
NOTIC: [8] Undefined offset: -1 E:\phpStudy\WWW\aaaa\Application\Home\Controller\IndexController.class.php 第 342 行.
NOTIC: [8] Undefined variable: i E:\phpStudy\WWW\aaaa\Application\Home\Controller\IndexController.class.php 第 342 行.
NOTIC: [8] Undefined variable: i E:\phpStudy\WWW\aaaa\Application\Home\Controller\IndexController.class.php 第 340 行.
SQL: SELECT * FROM `one_xiangmu`  [ RunTime:0.0010s ]
NOTIC: [8] Undefined variable: i E:\phpStudy\WWW\aaaa\Application\Home\Controller\IndexController.class.php 第 308 行.
NOTIC: [8] Undefined variable: i E:\phpStudy\WWW\aaaa\Application\Home\Controller\IndexController.class.php 第 308 行.
NOTIC: [8] Undefined variable: i E:\phpStudy\WWW\aaaa\Application\Home\Controller\IndexController.class.php 第 310 行.
NOTIC: [8] Undefined offset: -1 E:\phpStudy\WWW\aaaa\Application\Home\Controller\IndexController.class.php 第 310 行.
NOTIC: [8] Undefined variable: i E:\phpStudy\WWW\aaaa\Application\Home\Controller\IndexController.class.php 第 310 行.
NOTIC: [8] Undefined variable: i E:\phpStudy\WWW\aaaa\Application\Home\Controller\IndexController.class.php 第 308 行.
SQL: SELECT * FROM `one_duty`  [ RunTime:0.0000s ]
NOTIC: [8] Undefined variable: i E:\phpStudy\WWW\aaaa\Application\Home\Controller\IndexController.class.php 第 340 行.
NOTIC: [8] Undefined variable: i E:\phpStudy\WWW\aaaa\Application\Home\Controller\IndexController.class.php 第 340 行.
NOTIC: [8] Undefined variable: i E:\phpStudy\WWW\aaaa\Application\Home\Controller\IndexController.class.php 第 342 行.
NOTIC: [8] Undefined offset: -1 E:\phpStudy\WWW\aaaa\Application\Home\Controller\IndexController.class.php 第 342 行.
NOTIC: [8] Undefined variable: i E:\phpStudy\WWW\aaaa\Application\Home\Controller\IndexController.class.php 第 342 行.
NOTIC: [8] Undefined variable: i E:\phpStudy\WWW\aaaa\Application\Home\Controller\IndexController.class.php 第 340 行.
SQL: SELECT * FROM `one_xiangmu`  [ RunTime:0.0000s ]
NOTIC: [8] Undefined variable: i E:\phpStudy\WWW\aaaa\Application\Home\Controller\IndexController.class.php 第 308 行.
NOTIC: [8] Undefined variable: i E:\phpStudy\WWW\aaaa\Application\Home\Controller\IndexController.class.php 第 308 行.
NOTIC: [8] Undefined variable: i E:\phpStudy\WWW\aaaa\Application\Home\Controller\IndexController.class.php 第 310 行.
NOTIC: [8] Undefined offset: -1 E:\phpStudy\WWW\aaaa\Application\Home\Controller\IndexController.class.php 第 310 行.
NOTIC: [8] Undefined variable: i E:\phpStudy\WWW\aaaa\Application\Home\Controller\IndexController.class.php 第 310 行.
NOTIC: [8] Undefined variable: i E:\phpStudy\WWW\aaaa\Application\Home\Controller\IndexController.class.php 第 308 行.
SQL: SELECT * FROM `one_duty`  [ RunTime:0.0000s ]
NOTIC: [8] Undefined variable: i E:\phpStudy\WWW\aaaa\Application\Home\Controller\IndexController.class.php 第 340 行.
NOTIC: [8] Undefined variable: i E:\phpStudy\WWW\aaaa\Application\Home\Controller\IndexController.class.php 第 340 行.
NOTIC: [8] Undefined variable: i E:\phpStudy\WWW\aaaa\Application\Home\Controller\IndexController.class.php 第 342 行.
NOTIC: [8] Undefined offset: -1 E:\phpStudy\WWW\aaaa\Application\Home\Controller\IndexController.class.php 第 342 行.
NOTIC: [8] Undefined variable: i E:\phpStudy\WWW\aaaa\Application\Home\Controller\IndexController.class.php 第 342 行.
NOTIC: [8] Undefined variable: i E:\phpStudy\WWW\aaaa\Application\Home\Controller\IndexController.class.php 第 340 行.
INFO: [ view_parse ] --START--
INFO: [ template_filter ] --START--
INFO: Run Behavior\ContentReplaceBehavior [ RunTime:0.000000s ]
INFO: [ template_filter ] --END-- [ RunTime:0.000000s ]
SQL: SHOW COLUMNS FROM `one_channel` [ RunTime:0.0010s ]
SQL: SELECT `id`,`pid`,`title`,`url`,`sort`,`create_time`,`update_time`,`status`,`target` FROM `one_channel` WHERE ( status=1 ) ORDER BY sort  [ RunTime:0.0010s ]
NOTIC: [8] Undefined variable: now E:\phpStudy\WWW\aaaa\Runtime\Cache\Home\769e70f2e46f34ceb60619bbda5e4691.php 第 222 行.
INFO: Run Behavior\ParseTemplateBehavior [ RunTime:0.015000s ]
INFO: [ view_parse ] --END-- [ RunTime:0.015000s ]
INFO: [ view_filter ] --START--
INFO: Run Behavior\WriteHtmlCacheBehavior [ RunTime:0.000000s ]
INFO: [ view_filter ] --END-- [ RunTime:0.001000s ]
INFO: [ app_end ] --START--
INFO: Run Behavior\ShowPageTraceBehavior [ RunTime:0.000000s ]
INFO: [ app_end ] --END-- [ RunTime:0.000000s ]

