[ 2016-09-02T17:33:41+08:00 ] ::1 /aaaa/index.php?s=/Home/Index/xinjian.html
INFO: [ app_init ] --START--
INFO: Run Behavior\BuildLiteBehavior [ RunTime:0.000000s ]
INFO: Run Common\Behavior\InitHookBehavior [ RunTime:0.001000s ]
INFO: [ app_init ] --END-- [ RunTime:0.001000s ]
INFO: [ app_begin ] --START--
INFO: Run Behavior\ReadHtmlCacheBehavior [ RunTime:0.000000s ]
INFO: [ app_begin ] --END-- [ RunTime:0.000000s ]
SQL: SHOW COLUMNS FROM `one_config` [ RunTime:0.0020s ]
SQL: SELECT `type`,`name`,`value` FROM `one_config` WHERE `status` = 1  [ RunTime:0.0000s ]
SQL: SHOW COLUMNS FROM `one_xiangmu` [ RunTime:0.0020s ]
SQL: SHOW COLUMNS FROM `one_xiangmu_copy` [ RunTime:0.0020s ]
SQL: SHOW COLUMNS FROM `one_xiangmu_first` [ RunTime:0.0020s ]
SQL: SHOW COLUMNS FROM `one_duty` [ RunTime:0.0010s ]
SQL: SELECT * FROM `one_duty`  [ RunTime:0.0000s ]
NOTIC: [8] Undefined variable: i E:\phpStudy\WWW\aaaa\Application\Home\Controller\IndexController.class.php 第 290 行.
NOTIC: [8] Undefined variable: i E:\phpStudy\WWW\aaaa\Application\Home\Controller\IndexController.class.php 第 290 行.
NOTIC: [8] Undefined variable: i E:\phpStudy\WWW\aaaa\Application\Home\Controller\IndexController.class.php 第 292 行.
NOTIC: [8] Undefined offset: -1 E:\phpStudy\WWW\aaaa\Application\Home\Controller\IndexController.class.php 第 292 行.
NOTIC: [8] Undefined variable: i E:\phpStudy\WWW\aaaa\Application\Home\Controller\IndexController.class.php 第 292 行.
NOTIC: [8] Undefined variable: i E:\phpStudy\WWW\aaaa\Application\Home\Controller\IndexController.class.php 第 290 行.
SQL: SHOW COLUMNS FROM `one_xiangmu_fenlei` [ RunTime:0.0020s ]
SQL: SELECT * FROM `one_xiangmu_fenlei`  [ RunTime:0.0000s ]
SQL: SHOW COLUMNS FROM `one_fenlei_stage` [ RunTime:0.0050s ]
SQL: SELECT * FROM `one_fenlei_stage` WHERE `fenlei_name` = '工业投资类'  [ RunTime:0.0060s ]
SQL: SHOW COLUMNS FROM `one_item_name` [ RunTime:0.0050s ]
SQL: SELECT * FROM `one_item_name` WHERE `fenlei_id` = 1  [ RunTime:0.0190s ]
SQL: SHOW COLUMNS FROM `one_first_stage` [ RunTime:0.0020s ]
SQL: INSERT INTO `one_first_stage` (`xiangmu_id`,`stage`,`item_name`) VALUES ('1','1','建设项目的规划选址测量') [ RunTime:0.0090s ]
SQL: INSERT INTO `one_first_stage` (`xiangmu_id`,`stage`,`item_name`) VALUES ('1','1','建设项目用地预审') [ RunTime:0.0000s ]
SQL: INSERT INTO `one_first_stage` (`xiangmu_id`,`stage`,`item_name`) VALUES ('1','1','建设项目环境影响评价登记表（报告表、报告书）审批') [ RunTime:0.0010s ]
SQL: INSERT INTO `one_first_stage` (`xiangmu_id`,`stage`,`item_name`) VALUES ('1','1','工业类企业投资项目核准') [ RunTime:0.0000s ]
SQL: INSERT INTO `one_first_stage` (`xiangmu_id`,`stage`,`item_name`) VALUES ('1','1','集体建设用地审批') [ RunTime:0.0000s ]
SQL: INSERT INTO `one_first_stage` (`xiangmu_id`,`stage`,`item_name`) VALUES ('1','1','固定资产投资项目节能评估审查') [ RunTime:0.0000s ]
SQL: INSERT INTO `one_first_stage` (`xiangmu_id`,`stage`,`item_name`) VALUES ('1','1','海域使用许可') [ RunTime:0.0000s ]
SQL: INSERT INTO `one_first_stage` (`xiangmu_id`,`stage`,`item_name`) VALUES ('1','1','海洋工程建设项目环境影响报告书核准') [ RunTime:0.0000s ]
SQL: INSERT INTO `one_first_stage` (`xiangmu_id`,`stage`,`item_name`) VALUES ('1','1','建设项目选址许可') [ RunTime:0.0000s ]
SQL: INSERT INTO `one_first_stage` (`xiangmu_id`,`stage`,`item_name`) VALUES ('1','1','建设项目规划许可施工设计卫生审查') [ RunTime:0.0000s ]
SQL: INSERT INTO `one_first_stage` (`xiangmu_id`,`stage`,`item_name`) VALUES ('1','1','确定抗震设防要求核准（重大工程）') [ RunTime:0.0000s ]
SQL: INSERT INTO `one_first_stage` (`xiangmu_id`,`stage`,`item_name`) VALUES ('1','1','确定抗震设防要求确定（一般工程）') [ RunTime:0.0000s ]
SQL: INSERT INTO `one_first_stage` (`xiangmu_id`,`stage`,`item_name`) VALUES ('1','1','青岛市统一坐标和高程系统1:500地形图') [ RunTime:0.0000s ]
SQL: INSERT INTO `one_first_stage` (`xiangmu_id`,`stage`,`item_name`) VALUES ('1','1','青岛市建设项目合理用能评估') [ RunTime:0.0000s ]
SQL: INSERT INTO `one_first_stage` (`xiangmu_id`,`stage`,`item_name`) VALUES ('1','1','《大中型建设项目雷击风险评估报告》编制及技术审查') [ RunTime:0.0000s ]
SQL: INSERT INTO `one_first_stage` (`xiangmu_id`,`stage`,`item_name`) VALUES ('1','1','国有土地使用、转让许可') [ RunTime:0.0000s ]
SQL: INSERT INTO `one_first_stage` (`xiangmu_id`,`stage`,`item_name`) VALUES ('1','1','危险化学品生产、储存建设项目安全审查') [ RunTime:0.0000s ]
SQL: INSERT INTO `one_first_stage` (`xiangmu_id`,`stage`,`item_name`) VALUES ('1','1','权限内使用非深水岸线建设港口设施许可（绿色通道）') [ RunTime:0.0010s ]
SQL: INSERT INTO `one_first_stage` (`xiangmu_id`,`stage`,`item_name`) VALUES ('1','2','建设工程设计方案审查') [ RunTime:0.0000s ]
SQL: INSERT INTO `one_first_stage` (`xiangmu_id`,`stage`,`item_name`) VALUES ('1','2','结合民用建筑修建防空地下室审核') [ RunTime:0.0000s ]
SQL: INSERT INTO `one_first_stage` (`xiangmu_id`,`stage`,`item_name`) VALUES ('1','2','防空地下室方案设计文件审查') [ RunTime:0.0010s ]
SQL: INSERT INTO `one_first_stage` (`xiangmu_id`,`stage`,`item_name`) VALUES ('1','2','建设用地规划许可') [ RunTime:0.0000s ]
SQL: INSERT INTO `one_first_stage` (`xiangmu_id`,`stage`,`item_name`) VALUES ('1','2','建设工程规划许可') [ RunTime:0.0000s ]
SQL: INSERT INTO `one_first_stage` (`xiangmu_id`,`stage`,`item_name`) VALUES ('1','2','建设工程设计方案') [ RunTime:0.0000s ]
SQL: INSERT INTO `one_first_stage` (`xiangmu_id`,`stage`,`item_name`) VALUES ('1','2','绿化工程（含绿地内工程建设）设计方案审核和竣工验收') [ RunTime:0.0000s ]
SQL: INSERT INTO `one_first_stage` (`xiangmu_id`,`stage`,`item_name`) VALUES ('1','2','修建性详细规划审查') [ RunTime:0.0000s ]
SQL: INSERT INTO `one_first_stage` (`xiangmu_id`,`stage`,`item_name`) VALUES ('1','2','城市二次供水设计方案意见确定') [ RunTime:0.0000s ]
SQL: INSERT INTO `one_first_stage` (`xiangmu_id`,`stage`,`item_name`) VALUES ('1','2','市政公用设施规划设计条件确定') [ RunTime:0.0010s ]
SQL: INSERT INTO `one_first_stage` (`xiangmu_id`,`stage`,`item_name`) VALUES ('1','2','雨水、污水设施及专用排水设施接入城市排水管网许可') [ RunTime:0.0000s ]
SQL: INSERT INTO `one_first_stage` (`xiangmu_id`,`stage`,`item_name`) VALUES ('1','2','再生水利用设施建设工程的设计方案及其变更审查') [ RunTime:0.0000s ]
SQL: INSERT INTO `one_first_stage` (`xiangmu_id`,`stage`,`item_name`) VALUES ('1','2','规划（建筑）方案征集及专家评审') [ RunTime:0.0000s ]
SQL: INSERT INTO `one_first_stage` (`xiangmu_id`,`stage`,`item_name`) VALUES ('1','2','日照分析') [ RunTime:0.0010s ]
SQL: INSERT INTO `one_first_stage` (`xiangmu_id`,`stage`,`item_name`) VALUES ('1','2','建筑边坡与基坑工程评审') [ RunTime:0.0000s ]
SQL: INSERT INTO `one_first_stage` (`xiangmu_id`,`stage`,`item_name`) VALUES ('1','2','《项目建议书》、《可行性研究报告》和《初步设计及概算》评审') [ RunTime:0.0000s ]
SQL: INSERT INTO `one_first_stage` (`xiangmu_id`,`stage`,`item_name`) VALUES ('1','2','地质勘察报告审查') [ RunTime:0.0000s ]
SQL: INSERT INTO `one_first_stage` (`xiangmu_id`,`stage`,`item_name`) VALUES ('1','2','市政管线工程规划设计条件') [ RunTime:0.0010s ]
SQL: INSERT INTO `one_first_stage` (`xiangmu_id`,`stage`,`item_name`) VALUES ('1','2','建设项目规划条件变更许可') [ RunTime:0.0000s ]
SQL: INSERT INTO `one_first_stage` (`xiangmu_id`,`stage`,`item_name`) VALUES ('1','3','建设工程施工图设计审查——建筑工程') [ RunTime:0.0000s ]
SQL: INSERT INTO `one_first_stage` (`xiangmu_id`,`stage`,`item_name`) VALUES ('1','3','建设消防设计审核') [ RunTime:0.0000s ]
SQL: INSERT INTO `one_first_stage` (`xiangmu_id`,`stage`,`item_name`) VALUES ('1','3','人防施工图审查') [ RunTime:0.0000s ]
SQL: INSERT INTO `one_first_stage` (`xiangmu_id`,`stage`,`item_name`) VALUES ('1','3','建设项目防雷设计审图意见书') [ RunTime:0.0010s ]
SQL: INSERT INTO `one_first_stage` (`xiangmu_id`,`stage`,`item_name`) VALUES ('1','3','建设项目定位放（验）线') [ RunTime:0.0000s ]
SQL: INSERT INTO `one_first_stage` (`xiangmu_id`,`stage`,`item_name`) VALUES ('1','3','建设项目建设条件意见书审批') [ RunTime:0.0000s ]
SQL: INSERT INTO `one_first_stage` (`xiangmu_id`,`stage`,`item_name`) VALUES ('1','3','港口工程初步设计审批（绿色通道）') [ RunTime:0.0000s ]
SQL: INSERT INTO `one_first_stage` (`xiangmu_id`,`stage`,`item_name`) VALUES ('1','3','防空地下室建设许可') [ RunTime:0.0000s ]
SQL: INSERT INTO `one_first_stage` (`xiangmu_id`,`stage`,`item_name`) VALUES ('1','3','港口工程施工图设计审批（绿色通道）') [ RunTime:0.0000s ]
SQL: INSERT INTO `one_first_stage` (`xiangmu_id`,`stage`,`item_name`) VALUES ('1','4','城市建筑垃圾处置核准（处置计划）') [ RunTime:0.0000s ]
SQL: INSERT INTO `one_first_stage` (`xiangmu_id`,`stage`,`item_name`) VALUES ('1','4','通航水域岸线安全使用许可业务') [ RunTime:0.0000s ]
SQL: INSERT INTO `one_first_stage` (`xiangmu_id`,`stage`,`item_name`) VALUES ('1','4','港口建设项目开工备案（绿色通道）') [ RunTime:0.0000s ]
SQL: INSERT INTO `one_first_stage` (`xiangmu_id`,`stage`,`item_name`) VALUES ('1','4','通航水域水上水下活动许可业务') [ RunTime:0.0000s ]
SQL: INSERT INTO `one_first_stage` (`xiangmu_id`,`stage`,`item_name`) VALUES ('1','4','建筑工程施工许可') [ RunTime:0.0000s ]

[ 2016-09-02T17:37:55+08:00 ] ::1 /aaaa/index.php?s=/Home/Index/xinjian.html
INFO: [ app_init ] --START--
INFO: Run Behavior\BuildLiteBehavior [ RunTime:0.000000s ]
INFO: Run Common\Behavior\InitHookBehavior [ RunTime:0.001000s ]
INFO: [ app_init ] --END-- [ RunTime:0.001000s ]
INFO: [ app_begin ] --START--
INFO: Run Behavior\ReadHtmlCacheBehavior [ RunTime:0.000000s ]
INFO: [ app_begin ] --END-- [ RunTime:0.000000s ]
SQL: SHOW COLUMNS FROM `one_config` [ RunTime:0.0010s ]
SQL: SELECT `type`,`name`,`value` FROM `one_config` WHERE `status` = 1  [ RunTime:0.0010s ]
SQL: SHOW COLUMNS FROM `one_xiangmu` [ RunTime:0.0020s ]
SQL: SHOW COLUMNS FROM `one_xiangmu_copy` [ RunTime:0.0020s ]
SQL: SHOW COLUMNS FROM `one_xiangmu_first` [ RunTime:0.0020s ]
SQL: SHOW COLUMNS FROM `one_duty` [ RunTime:0.0020s ]
SQL: SELECT * FROM `one_duty`  [ RunTime:0.0000s ]
NOTIC: [8] Undefined variable: i E:\phpStudy\WWW\aaaa\Application\Home\Controller\IndexController.class.php 第 290 行.
NOTIC: [8] Undefined variable: i E:\phpStudy\WWW\aaaa\Application\Home\Controller\IndexController.class.php 第 290 行.
NOTIC: [8] Undefined variable: i E:\phpStudy\WWW\aaaa\Application\Home\Controller\IndexController.class.php 第 292 行.
NOTIC: [8] Undefined offset: -1 E:\phpStudy\WWW\aaaa\Application\Home\Controller\IndexController.class.php 第 292 行.
NOTIC: [8] Undefined variable: i E:\phpStudy\WWW\aaaa\Application\Home\Controller\IndexController.class.php 第 292 行.
NOTIC: [8] Undefined variable: i E:\phpStudy\WWW\aaaa\Application\Home\Controller\IndexController.class.php 第 290 行.
SQL: SHOW COLUMNS FROM `one_xiangmu_fenlei` [ RunTime:0.0020s ]
SQL: SELECT * FROM `one_xiangmu_fenlei`  [ RunTime:0.0000s ]
INFO: [ view_parse ] --START--
INFO: [ template_filter ] --START--
INFO: Run Behavior\ContentReplaceBehavior [ RunTime:0.000000s ]
INFO: [ template_filter ] --END-- [ RunTime:0.000000s ]
SQL: SHOW COLUMNS FROM `one_channel` [ RunTime:0.0020s ]
SQL: SELECT `id`,`pid`,`title`,`url`,`sort`,`create_time`,`update_time`,`status`,`target` FROM `one_channel` WHERE ( status=1 ) ORDER BY sort  [ RunTime:0.0000s ]
NOTIC: [8] Use of undefined constant Xiangmu - assumed 'Xiangmu' E:\phpStudy\WWW\aaaa\Runtime\Cache\Home\f9abadd9f5823ae3f704384070266d49.php 第 140 行.
NOTIC: [8] Use of undefined constant xinjian - assumed 'xinjian' E:\phpStudy\WWW\aaaa\Runtime\Cache\Home\f9abadd9f5823ae3f704384070266d49.php 第 140 行.
NOTIC: [2] Division by zero E:\phpStudy\WWW\aaaa\Runtime\Cache\Home\f9abadd9f5823ae3f704384070266d49.php 第 140 行.
NOTIC: [8] Undefined index: name E:\phpStudy\WWW\aaaa\Runtime\Cache\Home\f9abadd9f5823ae3f704384070266d49.php 第 144 行.
NOTIC: [8] Undefined variable: result_1 E:\phpStudy\WWW\aaaa\Runtime\Cache\Home\f9abadd9f5823ae3f704384070266d49.php 第 166 行.
NOTIC: [8] Undefined variable: result_1 E:\phpStudy\WWW\aaaa\Runtime\Cache\Home\f9abadd9f5823ae3f704384070266d49.php 第 195 行.
NOTIC: [8] Undefined variable: result_1 E:\phpStudy\WWW\aaaa\Runtime\Cache\Home\f9abadd9f5823ae3f704384070266d49.php 第 203 行.
NOTIC: [8] Undefined variable: result_1 E:\phpStudy\WWW\aaaa\Runtime\Cache\Home\f9abadd9f5823ae3f704384070266d49.php 第 210 行.
NOTIC: [8] Undefined variable: result_1 E:\phpStudy\WWW\aaaa\Runtime\Cache\Home\f9abadd9f5823ae3f704384070266d49.php 第 218 行.
NOTIC: [8] Undefined variable: result_1 E:\phpStudy\WWW\aaaa\Runtime\Cache\Home\f9abadd9f5823ae3f704384070266d49.php 第 223 行.
NOTIC: [8] Undefined variable: result_1 E:\phpStudy\WWW\aaaa\Runtime\Cache\Home\f9abadd9f5823ae3f704384070266d49.php 第 231 行.
NOTIC: [8] Undefined variable: result_1 E:\phpStudy\WWW\aaaa\Runtime\Cache\Home\f9abadd9f5823ae3f704384070266d49.php 第 238 行.
NOTIC: [8] Undefined variable: result_1 E:\phpStudy\WWW\aaaa\Runtime\Cache\Home\f9abadd9f5823ae3f704384070266d49.php 第 245 行.
NOTIC: [8] Undefined variable: result_1 E:\phpStudy\WWW\aaaa\Runtime\Cache\Home\f9abadd9f5823ae3f704384070266d49.php 第 251 行.
NOTIC: [8] Undefined variable: result_1 E:\phpStudy\WWW\aaaa\Runtime\Cache\Home\f9abadd9f5823ae3f704384070266d49.php 第 257 行.
NOTIC: [8] Undefined variable: result_1 E:\phpStudy\WWW\aaaa\Runtime\Cache\Home\f9abadd9f5823ae3f704384070266d49.php 第 264 行.
NOTIC: [8] Undefined variable: result_1 E:\phpStudy\WWW\aaaa\Runtime\Cache\Home\f9abadd9f5823ae3f704384070266d49.php 第 272 行.
NOTIC: [8] Undefined variable: result_1 E:\phpStudy\WWW\aaaa\Runtime\Cache\Home\f9abadd9f5823ae3f704384070266d49.php 第 280 行.
NOTIC: [8] Undefined variable: result_1 E:\phpStudy\WWW\aaaa\Runtime\Cache\Home\f9abadd9f5823ae3f704384070266d49.php 第 288 行.
NOTIC: [8] Undefined variable: result_1 E:\phpStudy\WWW\aaaa\Runtime\Cache\Home\f9abadd9f5823ae3f704384070266d49.php 第 296 行.
NOTIC: [8] Undefined variable: result_1 E:\phpStudy\WWW\aaaa\Runtime\Cache\Home\f9abadd9f5823ae3f704384070266d49.php 第 304 行.
NOTIC: [8] Undefined variable: result_1 E:\phpStudy\WWW\aaaa\Runtime\Cache\Home\f9abadd9f5823ae3f704384070266d49.php 第 312 行.
NOTIC: [8] Undefined variable: result_1 E:\phpStudy\WWW\aaaa\Runtime\Cache\Home\f9abadd9f5823ae3f704384070266d49.php 第 320 行.
NOTIC: [8] Undefined variable: result_1 E:\phpStudy\WWW\aaaa\Runtime\Cache\Home\f9abadd9f5823ae3f704384070266d49.php 第 328 行.
NOTIC: [8] Undefined variable: result_1 E:\phpStudy\WWW\aaaa\Runtime\Cache\Home\f9abadd9f5823ae3f704384070266d49.php 第 336 行.
NOTIC: [8] Undefined variable: result_1 E:\phpStudy\WWW\aaaa\Runtime\Cache\Home\f9abadd9f5823ae3f704384070266d49.php 第 344 行.
NOTIC: [8] Undefined variable: result_1 E:\phpStudy\WWW\aaaa\Runtime\Cache\Home\f9abadd9f5823ae3f704384070266d49.php 第 354 行.
NOTIC: [8] Undefined variable: result_1 E:\phpStudy\WWW\aaaa\Runtime\Cache\Home\f9abadd9f5823ae3f704384070266d49.php 第 362 行.
NOTIC: [8] Undefined variable: result_1 E:\phpStudy\WWW\aaaa\Runtime\Cache\Home\f9abadd9f5823ae3f704384070266d49.php 第 370 行.
NOTIC: [8] Undefined variable: result_1 E:\phpStudy\WWW\aaaa\Runtime\Cache\Home\f9abadd9f5823ae3f704384070266d49.php 第 378 行.
NOTIC: [8] Undefined variable: result_1 E:\phpStudy\WWW\aaaa\Runtime\Cache\Home\f9abadd9f5823ae3f704384070266d49.php 第 386 行.
NOTIC: [8] Undefined variable: result_1 E:\phpStudy\WWW\aaaa\Runtime\Cache\Home\f9abadd9f5823ae3f704384070266d49.php 第 394 行.
NOTIC: [8] Undefined variable: result_1 E:\phpStudy\WWW\aaaa\Runtime\Cache\Home\f9abadd9f5823ae3f704384070266d49.php 第 402 行.
NOTIC: [8] Undefined variable: result_1 E:\phpStudy\WWW\aaaa\Runtime\Cache\Home\f9abadd9f5823ae3f704384070266d49.php 第 410 行.
NOTIC: [8] Undefined variable: r1 E:\phpStudy\WWW\aaaa\Runtime\Cache\Home\f9abadd9f5823ae3f704384070266d49.php 第 418 行.
NOTIC: [8] Undefined variable: r1 E:\phpStudy\WWW\aaaa\Runtime\Cache\Home\f9abadd9f5823ae3f704384070266d49.php 第 421 行.
NOTIC: [8] Undefined variable: r1 E:\phpStudy\WWW\aaaa\Runtime\Cache\Home\f9abadd9f5823ae3f704384070266d49.php 第 425 行.
NOTIC: [8] Undefined variable: r1 E:\phpStudy\WWW\aaaa\Runtime\Cache\Home\f9abadd9f5823ae3f704384070266d49.php 第 436 行.
NOTIC: [8] Undefined variable: r1 E:\phpStudy\WWW\aaaa\Runtime\Cache\Home\f9abadd9f5823ae3f704384070266d49.php 第 442 行.
NOTIC: [8] Undefined variable: r1 E:\phpStudy\WWW\aaaa\Runtime\Cache\Home\f9abadd9f5823ae3f704384070266d49.php 第 448 行.
NOTIC: [8] Undefined variable: r1 E:\phpStudy\WWW\aaaa\Runtime\Cache\Home\f9abadd9f5823ae3f704384070266d49.php 第 454 行.
NOTIC: [8] Undefined variable: r1 E:\phpStudy\WWW\aaaa\Runtime\Cache\Home\f9abadd9f5823ae3f704384070266d49.php 第 460 行.
NOTIC: [8] Undefined variable: r1 E:\phpStudy\WWW\aaaa\Runtime\Cache\Home\f9abadd9f5823ae3f704384070266d49.php 第 466 行.
INFO: Run Behavior\ParseTemplateBehavior [ RunTime:0.015000s ]
INFO: [ view_parse ] --END-- [ RunTime:0.015000s ]
INFO: [ view_filter ] --START--
INFO: Run Behavior\WriteHtmlCacheBehavior [ RunTime:0.001000s ]
INFO: [ view_filter ] --END-- [ RunTime:0.001000s ]
INFO: [ app_end ] --START--
INFO: Run Behavior\ShowPageTraceBehavior [ RunTime:0.001000s ]
INFO: [ app_end ] --END-- [ RunTime:0.001000s ]

[ 2016-09-02T17:37:58+08:00 ] ::1 /aaaa/index.php?s=/Home/Index/index.html
INFO: [ app_init ] --START--
INFO: Run Behavior\BuildLiteBehavior [ RunTime:0.000000s ]
INFO: Run Common\Behavior\InitHookBehavior [ RunTime:0.001000s ]
INFO: [ app_init ] --END-- [ RunTime:0.001000s ]
INFO: [ app_begin ] --START--
INFO: Run Behavior\ReadHtmlCacheBehavior [ RunTime:0.001000s ]
INFO: [ app_begin ] --END-- [ RunTime:0.001000s ]
SQL: SHOW COLUMNS FROM `one_config` [ RunTime:0.0020s ]
SQL: SELECT `type`,`name`,`value` FROM `one_config` WHERE `status` = 1  [ RunTime:0.0000s ]
SQL: SHOW COLUMNS FROM `one_duty` [ RunTime:0.0020s ]
SQL: SELECT * FROM `one_duty` WHERE `user_uid` = 1  [ RunTime:0.0000s ]
NOTIC: [8] Undefined offset: 0 E:\phpStudy\WWW\aaaa\Application\Home\Controller\IndexController.class.php 第 40 行.
SQL: SHOW COLUMNS FROM `one_xiangmu` [ RunTime:0.0010s ]
SQL: SHOW COLUMNS FROM `one_xiangmu` [ RunTime:0.0010s ]
SQL: SELECT COUNT(*) AS tp_count FROM `one_xiangmu` WHERE `user_uid` = 1 LIMIT 1   [ RunTime:0.0000s ]
SQL: SELECT `id`,`name`,`fenlei`,`location`,`company`,`man`,`phone`,`work_progress`,`next_plan`,`problem`,`help`,`action`,`major`,`major2`,`major3`,`major4`,`haimian`,`shenpi`,`user_uid`,`time`,`create_time`,`construction_year`,`construction_content`,`current_week`,`finish_time1`,`finish_time2`,`finish_time3`,`finish_time4`,`finish_time5`,`finish_time6`,`finish_time7`,`finish_time8`,`finish_time9`,`finish_time10`,`finish_time11`,`plan_01`,`plan_02`,`plan_03`,`plan_04`,`plan_05`,`plan_06`,`plan_07`,`money_need`,`next_year_plan`,`money_need_next`,`fenlei_id` FROM `one_xiangmu` WHERE `user_uid` = 1 ORDER BY create_time desc  LIMIT 0,10   [ RunTime:0.0000s ]
SQL: SELECT * FROM `one_xiangmu`  [ RunTime:0.0010s ]
NOTIC: [8] Undefined variable: i E:\phpStudy\WWW\aaaa\Application\Home\Controller\IndexController.class.php 第 258 行.
NOTIC: [8] Undefined variable: i E:\phpStudy\WWW\aaaa\Application\Home\Controller\IndexController.class.php 第 258 行.
NOTIC: [8] Undefined variable: i E:\phpStudy\WWW\aaaa\Application\Home\Controller\IndexController.class.php 第 260 行.
NOTIC: [8] Undefined offset: -1 E:\phpStudy\WWW\aaaa\Application\Home\Controller\IndexController.class.php 第 260 行.
NOTIC: [8] Undefined variable: i E:\phpStudy\WWW\aaaa\Application\Home\Controller\IndexController.class.php 第 260 行.
NOTIC: [8] Undefined variable: i E:\phpStudy\WWW\aaaa\Application\Home\Controller\IndexController.class.php 第 258 行.
SQL: SHOW COLUMNS FROM `one_duty` [ RunTime:0.0020s ]
SQL: SELECT * FROM `one_duty`  [ RunTime:0.0000s ]
NOTIC: [8] Undefined variable: i E:\phpStudy\WWW\aaaa\Application\Home\Controller\IndexController.class.php 第 290 行.
NOTIC: [8] Undefined variable: i E:\phpStudy\WWW\aaaa\Application\Home\Controller\IndexController.class.php 第 290 行.
NOTIC: [8] Undefined variable: i E:\phpStudy\WWW\aaaa\Application\Home\Controller\IndexController.class.php 第 292 行.
NOTIC: [8] Undefined offset: -1 E:\phpStudy\WWW\aaaa\Application\Home\Controller\IndexController.class.php 第 292 行.
NOTIC: [8] Undefined variable: i E:\phpStudy\WWW\aaaa\Application\Home\Controller\IndexController.class.php 第 292 行.
NOTIC: [8] Undefined variable: i E:\phpStudy\WWW\aaaa\Application\Home\Controller\IndexController.class.php 第 290 行.
SQL: SELECT * FROM `one_xiangmu`  [ RunTime:0.0010s ]
NOTIC: [8] Undefined variable: i E:\phpStudy\WWW\aaaa\Application\Home\Controller\IndexController.class.php 第 258 行.
NOTIC: [8] Undefined variable: i E:\phpStudy\WWW\aaaa\Application\Home\Controller\IndexController.class.php 第 258 行.
NOTIC: [8] Undefined variable: i E:\phpStudy\WWW\aaaa\Application\Home\Controller\IndexController.class.php 第 260 行.
NOTIC: [8] Undefined offset: -1 E:\phpStudy\WWW\aaaa\Application\Home\Controller\IndexController.class.php 第 260 行.
NOTIC: [8] Undefined variable: i E:\phpStudy\WWW\aaaa\Application\Home\Controller\IndexController.class.php 第 260 行.
NOTIC: [8] Undefined variable: i E:\phpStudy\WWW\aaaa\Application\Home\Controller\IndexController.class.php 第 258 行.
SQL: SELECT * FROM `one_duty`  [ RunTime:0.0000s ]
NOTIC: [8] Undefined variable: i E:\phpStudy\WWW\aaaa\Application\Home\Controller\IndexController.class.php 第 290 行.
NOTIC: [8] Undefined variable: i E:\phpStudy\WWW\aaaa\Application\Home\Controller\IndexController.class.php 第 290 行.
NOTIC: [8] Undefined variable: i E:\phpStudy\WWW\aaaa\Application\Home\Controller\IndexController.class.php 第 292 行.
NOTIC: [8] Undefined offset: -1 E:\phpStudy\WWW\aaaa\Application\Home\Controller\IndexController.class.php 第 292 行.
NOTIC: [8] Undefined variable: i E:\phpStudy\WWW\aaaa\Application\Home\Controller\IndexController.class.php 第 292 行.
NOTIC: [8] Undefined variable: i E:\phpStudy\WWW\aaaa\Application\Home\Controller\IndexController.class.php 第 290 行.
SQL: SELECT * FROM `one_xiangmu`  [ RunTime:0.0000s ]
NOTIC: [8] Undefined variable: i E:\phpStudy\WWW\aaaa\Application\Home\Controller\IndexController.class.php 第 258 行.
NOTIC: [8] Undefined variable: i E:\phpStudy\WWW\aaaa\Application\Home\Controller\IndexController.class.php 第 258 行.
NOTIC: [8] Undefined variable: i E:\phpStudy\WWW\aaaa\Application\Home\Controller\IndexController.class.php 第 260 行.
NOTIC: [8] Undefined offset: -1 E:\phpStudy\WWW\aaaa\Application\Home\Controller\IndexController.class.php 第 260 行.
NOTIC: [8] Undefined variable: i E:\phpStudy\WWW\aaaa\Application\Home\Controller\IndexController.class.php 第 260 行.
NOTIC: [8] Undefined variable: i E:\phpStudy\WWW\aaaa\Application\Home\Controller\IndexController.class.php 第 258 行.
SQL: SELECT * FROM `one_duty`  [ RunTime:0.0010s ]
NOTIC: [8] Undefined variable: i E:\phpStudy\WWW\aaaa\Application\Home\Controller\IndexController.class.php 第 290 行.
NOTIC: [8] Undefined variable: i E:\phpStudy\WWW\aaaa\Application\Home\Controller\IndexController.class.php 第 290 行.
NOTIC: [8] Undefined variable: i E:\phpStudy\WWW\aaaa\Application\Home\Controller\IndexController.class.php 第 292 行.
NOTIC: [8] Undefined offset: -1 E:\phpStudy\WWW\aaaa\Application\Home\Controller\IndexController.class.php 第 292 行.
NOTIC: [8] Undefined variable: i E:\phpStudy\WWW\aaaa\Application\Home\Controller\IndexController.class.php 第 292 行.
NOTIC: [8] Undefined variable: i E:\phpStudy\WWW\aaaa\Application\Home\Controller\IndexController.class.php 第 290 行.
SQL: SELECT * FROM `one_xiangmu`  [ RunTime:0.0000s ]
NOTIC: [8] Undefined variable: i E:\phpStudy\WWW\aaaa\Application\Home\Controller\IndexController.class.php 第 258 行.
NOTIC: [8] Undefined variable: i E:\phpStudy\WWW\aaaa\Application\Home\Controller\IndexController.class.php 第 258 行.
NOTIC: [8] Undefined variable: i E:\phpStudy\WWW\aaaa\Application\Home\Controller\IndexController.class.php 第 260 行.
NOTIC: [8] Undefined offset: -1 E:\phpStudy\WWW\aaaa\Application\Home\Controller\IndexController.class.php 第 260 行.
NOTIC: [8] Undefined variable: i E:\phpStudy\WWW\aaaa\Application\Home\Controller\IndexController.class.php 第 260 行.
NOTIC: [8] Undefined variable: i E:\phpStudy\WWW\aaaa\Application\Home\Controller\IndexController.class.php 第 258 行.
SQL: SELECT * FROM `one_duty`  [ RunTime:0.0000s ]
NOTIC: [8] Undefined variable: i E:\phpStudy\WWW\aaaa\Application\Home\Controller\IndexController.class.php 第 290 行.
NOTIC: [8] Undefined variable: i E:\phpStudy\WWW\aaaa\Application\Home\Controller\IndexController.class.php 第 290 行.
NOTIC: [8] Undefined variable: i E:\phpStudy\WWW\aaaa\Application\Home\Controller\IndexController.class.php 第 292 行.
NOTIC: [8] Undefined offset: -1 E:\phpStudy\WWW\aaaa\Application\Home\Controller\IndexController.class.php 第 292 行.
NOTIC: [8] Undefined variable: i E:\phpStudy\WWW\aaaa\Application\Home\Controller\IndexController.class.php 第 292 行.
NOTIC: [8] Undefined variable: i E:\phpStudy\WWW\aaaa\Application\Home\Controller\IndexController.class.php 第 290 行.
SQL: SELECT * FROM `one_xiangmu`  [ RunTime:0.0000s ]
NOTIC: [8] Undefined variable: i E:\phpStudy\WWW\aaaa\Application\Home\Controller\IndexController.class.php 第 258 行.
NOTIC: [8] Undefined variable: i E:\phpStudy\WWW\aaaa\Application\Home\Controller\IndexController.class.php 第 258 行.
NOTIC: [8] Undefined variable: i E:\phpStudy\WWW\aaaa\Application\Home\Controller\IndexController.class.php 第 260 行.
NOTIC: [8] Undefined offset: -1 E:\phpStudy\WWW\aaaa\Application\Home\Controller\IndexController.class.php 第 260 行.
NOTIC: [8] Undefined variable: i E:\phpStudy\WWW\aaaa\Application\Home\Controller\IndexController.class.php 第 260 行.
NOTIC: [8] Undefined variable: i E:\phpStudy\WWW\aaaa\Application\Home\Controller\IndexController.class.php 第 258 行.
SQL: SELECT * FROM `one_duty`  [ RunTime:0.0000s ]
NOTIC: [8] Undefined variable: i E:\phpStudy\WWW\aaaa\Application\Home\Controller\IndexController.class.php 第 290 行.
NOTIC: [8] Undefined variable: i E:\phpStudy\WWW\aaaa\Application\Home\Controller\IndexController.class.php 第 290 行.
NOTIC: [8] Undefined variable: i E:\phpStudy\WWW\aaaa\Application\Home\Controller\IndexController.class.php 第 292 行.
NOTIC: [8] Undefined offset: -1 E:\phpStudy\WWW\aaaa\Application\Home\Controller\IndexController.class.php 第 292 行.
NOTIC: [8] Undefined variable: i E:\phpStudy\WWW\aaaa\Application\Home\Controller\IndexController.class.php 第 292 行.
NOTIC: [8] Undefined variable: i E:\phpStudy\WWW\aaaa\Application\Home\Controller\IndexController.class.php 第 290 行.
INFO: [ view_parse ] --START--
INFO: [ template_filter ] --START--
INFO: Run Behavior\ContentReplaceBehavior [ RunTime:0.000000s ]
INFO: [ template_filter ] --END-- [ RunTime:0.000000s ]
SQL: SHOW COLUMNS FROM `one_channel` [ RunTime:0.0010s ]
SQL: SELECT `id`,`pid`,`title`,`url`,`sort`,`create_time`,`update_time`,`status`,`target` FROM `one_channel` WHERE ( status=1 ) ORDER BY sort  [ RunTime:0.0000s ]
NOTIC: [8] Undefined variable: now E:\phpStudy\WWW\aaaa\Runtime\Cache\Home\769e70f2e46f34ceb60619bbda5e4691.php 第 188 行.
INFO: Run Behavior\ParseTemplateBehavior [ RunTime:0.029000s ]
INFO: [ view_parse ] --END-- [ RunTime:0.029000s ]
INFO: [ view_filter ] --START--
INFO: Run Behavior\WriteHtmlCacheBehavior [ RunTime:0.000000s ]
INFO: [ view_filter ] --END-- [ RunTime:0.000000s ]
INFO: [ app_end ] --START--
INFO: Run Behavior\ShowPageTraceBehavior [ RunTime:0.001000s ]
INFO: [ app_end ] --END-- [ RunTime:0.001000s ]

[ 2016-09-02T17:38:06+08:00 ] ::1 /aaaa/index.php?s=/Home/Index/next_index/PHPSESSID/rd23sbgojojkgfanu9bhh87m94.html
INFO: [ app_init ] --START--
INFO: Run Behavior\BuildLiteBehavior [ RunTime:0.000000s ]
INFO: Run Common\Behavior\InitHookBehavior [ RunTime:0.001000s ]
INFO: [ app_init ] --END-- [ RunTime:0.002000s ]
INFO: [ app_begin ] --START--
INFO: Run Behavior\ReadHtmlCacheBehavior [ RunTime:0.001000s ]
INFO: [ app_begin ] --END-- [ RunTime:0.001000s ]
SQL: SHOW COLUMNS FROM `one_config` [ RunTime:0.0010s ]
SQL: SELECT `type`,`name`,`value` FROM `one_config` WHERE `status` = 1  [ RunTime:0.0000s ]
SQL: SHOW COLUMNS FROM `one_title` [ RunTime:0.0290s ]
SQL: SELECT `name` FROM `one_title`  [ RunTime:0.0010s ]
SQL: SHOW COLUMNS FROM `one_duty` [ RunTime:0.0010s ]
SQL: SELECT * FROM `one_duty` WHERE `user_uid` = 1  [ RunTime:0.0000s ]
NOTIC: [8] Undefined offset: 0 E:\phpStudy\WWW\aaaa\Application\Home\Controller\IndexController.class.php 第 127 行.
SQL: SHOW COLUMNS FROM `one_xiangmu` [ RunTime:0.0020s ]
SQL: SHOW COLUMNS FROM `one_xiangmu` [ RunTime:0.0020s ]
SQL: SELECT COUNT(*) AS tp_count FROM `one_xiangmu` WHERE `user_uid` = 1 LIMIT 1   [ RunTime:0.0010s ]
SQL: SELECT `id`,`name`,`fenlei`,`location`,`company`,`man`,`phone`,`work_progress`,`next_plan`,`problem`,`help`,`action`,`major`,`major2`,`major3`,`major4`,`haimian`,`shenpi`,`user_uid`,`time`,`create_time`,`construction_year`,`construction_content`,`current_week`,`finish_time1`,`finish_time2`,`finish_time3`,`finish_time4`,`finish_time5`,`finish_time6`,`finish_time7`,`finish_time8`,`finish_time9`,`finish_time10`,`finish_time11`,`plan_01`,`plan_02`,`plan_03`,`plan_04`,`plan_05`,`plan_06`,`plan_07`,`money_need`,`next_year_plan`,`money_need_next`,`fenlei_id` FROM `one_xiangmu` WHERE `user_uid` = 1 ORDER BY create_time desc  LIMIT 0,10   [ RunTime:0.0010s ]
SQL: SELECT * FROM `one_xiangmu`  [ RunTime:0.0000s ]
NOTIC: [8] Undefined variable: i E:\phpStudy\WWW\aaaa\Application\Home\Controller\IndexController.class.php 第 258 行.
NOTIC: [8] Undefined variable: i E:\phpStudy\WWW\aaaa\Application\Home\Controller\IndexController.class.php 第 258 行.
NOTIC: [8] Undefined variable: i E:\phpStudy\WWW\aaaa\Application\Home\Controller\IndexController.class.php 第 260 行.
NOTIC: [8] Undefined offset: -1 E:\phpStudy\WWW\aaaa\Application\Home\Controller\IndexController.class.php 第 260 行.
NOTIC: [8] Undefined variable: i E:\phpStudy\WWW\aaaa\Application\Home\Controller\IndexController.class.php 第 260 行.
NOTIC: [8] Undefined variable: i E:\phpStudy\WWW\aaaa\Application\Home\Controller\IndexController.class.php 第 258 行.
SQL: SHOW COLUMNS FROM `one_duty` [ RunTime:0.0010s ]
SQL: SELECT * FROM `one_duty`  [ RunTime:0.0000s ]
NOTIC: [8] Undefined variable: i E:\phpStudy\WWW\aaaa\Application\Home\Controller\IndexController.class.php 第 290 行.
NOTIC: [8] Undefined variable: i E:\phpStudy\WWW\aaaa\Application\Home\Controller\IndexController.class.php 第 290 行.
NOTIC: [8] Undefined variable: i E:\phpStudy\WWW\aaaa\Application\Home\Controller\IndexController.class.php 第 292 行.
NOTIC: [8] Undefined offset: -1 E:\phpStudy\WWW\aaaa\Application\Home\Controller\IndexController.class.php 第 292 行.
NOTIC: [8] Undefined variable: i E:\phpStudy\WWW\aaaa\Application\Home\Controller\IndexController.class.php 第 292 行.
NOTIC: [8] Undefined variable: i E:\phpStudy\WWW\aaaa\Application\Home\Controller\IndexController.class.php 第 290 行.
SQL: SELECT * FROM `one_xiangmu`  [ RunTime:0.0010s ]
NOTIC: [8] Undefined variable: i E:\phpStudy\WWW\aaaa\Application\Home\Controller\IndexController.class.php 第 258 行.
NOTIC: [8] Undefined variable: i E:\phpStudy\WWW\aaaa\Application\Home\Controller\IndexController.class.php 第 258 行.
NOTIC: [8] Undefined variable: i E:\phpStudy\WWW\aaaa\Application\Home\Controller\IndexController.class.php 第 260 行.
NOTIC: [8] Undefined offset: -1 E:\phpStudy\WWW\aaaa\Application\Home\Controller\IndexController.class.php 第 260 行.
NOTIC: [8] Undefined variable: i E:\phpStudy\WWW\aaaa\Application\Home\Controller\IndexController.class.php 第 260 行.
NOTIC: [8] Undefined variable: i E:\phpStudy\WWW\aaaa\Application\Home\Controller\IndexController.class.php 第 258 行.
SQL: SELECT * FROM `one_duty`  [ RunTime:0.0000s ]
NOTIC: [8] Undefined variable: i E:\phpStudy\WWW\aaaa\Application\Home\Controller\IndexController.class.php 第 290 行.
NOTIC: [8] Undefined variable: i E:\phpStudy\WWW\aaaa\Application\Home\Controller\IndexController.class.php 第 290 行.
NOTIC: [8] Undefined variable: i E:\phpStudy\WWW\aaaa\Application\Home\Controller\IndexController.class.php 第 292 行.
NOTIC: [8] Undefined offset: -1 E:\phpStudy\WWW\aaaa\Application\Home\Controller\IndexController.class.php 第 292 行.
NOTIC: [8] Undefined variable: i E:\phpStudy\WWW\aaaa\Application\Home\Controller\IndexController.class.php 第 292 行.
NOTIC: [8] Undefined variable: i E:\phpStudy\WWW\aaaa\Application\Home\Controller\IndexController.class.php 第 290 行.
SQL: SELECT * FROM `one_xiangmu`  [ RunTime:0.0010s ]
NOTIC: [8] Undefined variable: i E:\phpStudy\WWW\aaaa\Application\Home\Controller\IndexController.class.php 第 258 行.
NOTIC: [8] Undefined variable: i E:\phpStudy\WWW\aaaa\Application\Home\Controller\IndexController.class.php 第 258 行.
NOTIC: [8] Undefined variable: i E:\phpStudy\WWW\aaaa\Application\Home\Controller\IndexController.class.php 第 260 行.
NOTIC: [8] Undefined offset: -1 E:\phpStudy\WWW\aaaa\Application\Home\Controller\IndexController.class.php 第 260 行.
NOTIC: [8] Undefined variable: i E:\phpStudy\WWW\aaaa\Application\Home\Controller\IndexController.class.php 第 260 行.
NOTIC: [8] Undefined variable: i E:\phpStudy\WWW\aaaa\Application\Home\Controller\IndexController.class.php 第 258 行.
SQL: SELECT * FROM `one_duty`  [ RunTime:0.0000s ]
NOTIC: [8] Undefined variable: i E:\phpStudy\WWW\aaaa\Application\Home\Controller\IndexController.class.php 第 290 行.
NOTIC: [8] Undefined variable: i E:\phpStudy\WWW\aaaa\Application\Home\Controller\IndexController.class.php 第 290 行.
NOTIC: [8] Undefined variable: i E:\phpStudy\WWW\aaaa\Application\Home\Controller\IndexController.class.php 第 292 行.
NOTIC: [8] Undefined offset: -1 E:\phpStudy\WWW\aaaa\Application\Home\Controller\IndexController.class.php 第 292 行.
NOTIC: [8] Undefined variable: i E:\phpStudy\WWW\aaaa\Application\Home\Controller\IndexController.class.php 第 292 行.
NOTIC: [8] Undefined variable: i E:\phpStudy\WWW\aaaa\Application\Home\Controller\IndexController.class.php 第 290 行.
SQL: SELECT * FROM `one_xiangmu`  [ RunTime:0.0010s ]
NOTIC: [8] Undefined variable: i E:\phpStudy\WWW\aaaa\Application\Home\Controller\IndexController.class.php 第 258 行.
NOTIC: [8] Undefined variable: i E:\phpStudy\WWW\aaaa\Application\Home\Controller\IndexController.class.php 第 258 行.
NOTIC: [8] Undefined variable: i E:\phpStudy\WWW\aaaa\Application\Home\Controller\IndexController.class.php 第 260 行.
NOTIC: [8] Undefined offset: -1 E:\phpStudy\WWW\aaaa\Application\Home\Controller\IndexController.class.php 第 260 行.
NOTIC: [8] Undefined variable: i E:\phpStudy\WWW\aaaa\Application\Home\Controller\IndexController.class.php 第 260 行.
NOTIC: [8] Undefined variable: i E:\phpStudy\WWW\aaaa\Application\Home\Controller\IndexController.class.php 第 258 行.
SQL: SELECT * FROM `one_duty`  [ RunTime:0.0000s ]
NOTIC: [8] Undefined variable: i E:\phpStudy\WWW\aaaa\Application\Home\Controller\IndexController.class.php 第 290 行.
NOTIC: [8] Undefined variable: i E:\phpStudy\WWW\aaaa\Application\Home\Controller\IndexController.class.php 第 290 行.
NOTIC: [8] Undefined variable: i E:\phpStudy\WWW\aaaa\Application\Home\Controller\IndexController.class.php 第 292 行.
NOTIC: [8] Undefined offset: -1 E:\phpStudy\WWW\aaaa\Application\Home\Controller\IndexController.class.php 第 292 行.
NOTIC: [8] Undefined variable: i E:\phpStudy\WWW\aaaa\Application\Home\Controller\IndexController.class.php 第 292 行.
NOTIC: [8] Undefined variable: i E:\phpStudy\WWW\aaaa\Application\Home\Controller\IndexController.class.php 第 290 行.
SQL: SELECT * FROM `one_xiangmu`  [ RunTime:0.0010s ]
NOTIC: [8] Undefined variable: i E:\phpStudy\WWW\aaaa\Application\Home\Controller\IndexController.class.php 第 258 行.
NOTIC: [8] Undefined variable: i E:\phpStudy\WWW\aaaa\Application\Home\Controller\IndexController.class.php 第 258 行.
NOTIC: [8] Undefined variable: i E:\phpStudy\WWW\aaaa\Application\Home\Controller\IndexController.class.php 第 260 行.
NOTIC: [8] Undefined offset: -1 E:\phpStudy\WWW\aaaa\Application\Home\Controller\IndexController.class.php 第 260 行.
NOTIC: [8] Undefined variable: i E:\phpStudy\WWW\aaaa\Application\Home\Controller\IndexController.class.php 第 260 行.
NOTIC: [8] Undefined variable: i E:\phpStudy\WWW\aaaa\Application\Home\Controller\IndexController.class.php 第 258 行.
SQL: SELECT * FROM `one_duty`  [ RunTime:0.0000s ]
NOTIC: [8] Undefined variable: i E:\phpStudy\WWW\aaaa\Application\Home\Controller\IndexController.class.php 第 290 行.
NOTIC: [8] Undefined variable: i E:\phpStudy\WWW\aaaa\Application\Home\Controller\IndexController.class.php 第 290 行.
NOTIC: [8] Undefined variable: i E:\phpStudy\WWW\aaaa\Application\Home\Controller\IndexController.class.php 第 292 行.
NOTIC: [8] Undefined offset: -1 E:\phpStudy\WWW\aaaa\Application\Home\Controller\IndexController.class.php 第 292 行.
NOTIC: [8] Undefined variable: i E:\phpStudy\WWW\aaaa\Application\Home\Controller\IndexController.class.php 第 292 行.
NOTIC: [8] Undefined variable: i E:\phpStudy\WWW\aaaa\Application\Home\Controller\IndexController.class.php 第 290 行.
INFO: [ view_parse ] --START--
INFO: [ template_filter ] --START--
INFO: Run Behavior\ContentReplaceBehavior [ RunTime:0.000000s ]
INFO: [ template_filter ] --END-- [ RunTime:0.000000s ]
SQL: SHOW COLUMNS FROM `one_channel` [ RunTime:0.0010s ]
SQL: SELECT `id`,`pid`,`title`,`url`,`sort`,`create_time`,`update_time`,`status`,`target` FROM `one_channel` WHERE ( status=1 ) ORDER BY sort  [ RunTime:0.0000s ]
NOTIC: [8] Undefined variable: next_now E:\phpStudy\WWW\aaaa\Runtime\Cache\Home\a15993092cbc885cb25234263004426b.php 第 184 行.
NOTIC: [8] Undefined index: finsih_time1 E:\phpStudy\WWW\aaaa\Runtime\Cache\Home\a15993092cbc885cb25234263004426b.php 第 259 行.
NOTIC: [8] Undefined index: finsih_time1 E:\phpStudy\WWW\aaaa\Runtime\Cache\Home\a15993092cbc885cb25234263004426b.php 第 259 行.
NOTIC: [8] Undefined index: finsih_time1 E:\phpStudy\WWW\aaaa\Runtime\Cache\Home\a15993092cbc885cb25234263004426b.php 第 259 行.
NOTIC: [8] Undefined index: finsih_time1 E:\phpStudy\WWW\aaaa\Runtime\Cache\Home\a15993092cbc885cb25234263004426b.php 第 259 行.
NOTIC: [8] Undefined index: finsih_time1 E:\phpStudy\WWW\aaaa\Runtime\Cache\Home\a15993092cbc885cb25234263004426b.php 第 259 行.
NOTIC: [8] Undefined index: finsih_time2 E:\phpStudy\WWW\aaaa\Runtime\Cache\Home\a15993092cbc885cb25234263004426b.php 第 264 行.
NOTIC: [8] Undefined index: finsih_time2 E:\phpStudy\WWW\aaaa\Runtime\Cache\Home\a15993092cbc885cb25234263004426b.php 第 264 行.
NOTIC: [8] Undefined index: finsih_time2 E:\phpStudy\WWW\aaaa\Runtime\Cache\Home\a15993092cbc885cb25234263004426b.php 第 264 行.
NOTIC: [8] Undefined index: finsih_time2 E:\phpStudy\WWW\aaaa\Runtime\Cache\Home\a15993092cbc885cb25234263004426b.php 第 264 行.
NOTIC: [8] Undefined index: finsih_time2 E:\phpStudy\WWW\aaaa\Runtime\Cache\Home\a15993092cbc885cb25234263004426b.php 第 264 行.
NOTIC: [8] Undefined index: finsih_time3 E:\phpStudy\WWW\aaaa\Runtime\Cache\Home\a15993092cbc885cb25234263004426b.php 第 270 行.
NOTIC: [8] Undefined index: finsih_time3 E:\phpStudy\WWW\aaaa\Runtime\Cache\Home\a15993092cbc885cb25234263004426b.php 第 270 行.
NOTIC: [8] Undefined index: finsih_time3 E:\phpStudy\WWW\aaaa\Runtime\Cache\Home\a15993092cbc885cb25234263004426b.php 第 270 行.
NOTIC: [8] Undefined index: finsih_time3 E:\phpStudy\WWW\aaaa\Runtime\Cache\Home\a15993092cbc885cb25234263004426b.php 第 270 行.
NOTIC: [8] Undefined index: finsih_time3 E:\phpStudy\WWW\aaaa\Runtime\Cache\Home\a15993092cbc885cb25234263004426b.php 第 270 行.
NOTIC: [8] Undefined index: finsih_time4 E:\phpStudy\WWW\aaaa\Runtime\Cache\Home\a15993092cbc885cb25234263004426b.php 第 276 行.
NOTIC: [8] Undefined index: finsih_time4 E:\phpStudy\WWW\aaaa\Runtime\Cache\Home\a15993092cbc885cb25234263004426b.php 第 276 行.
NOTIC: [8] Undefined index: finsih_time4 E:\phpStudy\WWW\aaaa\Runtime\Cache\Home\a15993092cbc885cb25234263004426b.php 第 276 行.
NOTIC: [8] Undefined index: finsih_time4 E:\phpStudy\WWW\aaaa\Runtime\Cache\Home\a15993092cbc885cb25234263004426b.php 第 276 行.
NOTIC: [8] Undefined index: finsih_time4 E:\phpStudy\WWW\aaaa\Runtime\Cache\Home\a15993092cbc885cb25234263004426b.php 第 276 行.
NOTIC: [8] Undefined index: finsih_time4 E:\phpStudy\WWW\aaaa\Runtime\Cache\Home\a15993092cbc885cb25234263004426b.php 第 282 行.
NOTIC: [8] Undefined index: finsih_time4 E:\phpStudy\WWW\aaaa\Runtime\Cache\Home\a15993092cbc885cb25234263004426b.php 第 282 行.
NOTIC: [8] Undefined index: finsih_time4 E:\phpStudy\WWW\aaaa\Runtime\Cache\Home\a15993092cbc885cb25234263004426b.php 第 282 行.
NOTIC: [8] Undefined index: finsih_time4 E:\phpStudy\WWW\aaaa\Runtime\Cache\Home\a15993092cbc885cb25234263004426b.php 第 282 行.
NOTIC: [8] Undefined index: finsih_time4 E:\phpStudy\WWW\aaaa\Runtime\Cache\Home\a15993092cbc885cb25234263004426b.php 第 282 行.
NOTIC: [8] Undefined index: finsih_time5 E:\phpStudy\WWW\aaaa\Runtime\Cache\Home\a15993092cbc885cb25234263004426b.php 第 287 行.
NOTIC: [8] Undefined index: finsih_time5 E:\phpStudy\WWW\aaaa\Runtime\Cache\Home\a15993092cbc885cb25234263004426b.php 第 287 行.
NOTIC: [8] Undefined index: finsih_time5 E:\phpStudy\WWW\aaaa\Runtime\Cache\Home\a15993092cbc885cb25234263004426b.php 第 287 行.
NOTIC: [8] Undefined index: finsih_time5 E:\phpStudy\WWW\aaaa\Runtime\Cache\Home\a15993092cbc885cb25234263004426b.php 第 287 行.
NOTIC: [8] Undefined index: finsih_time5 E:\phpStudy\WWW\aaaa\Runtime\Cache\Home\a15993092cbc885cb25234263004426b.php 第 287 行.
NOTIC: [8] Undefined index: finsih_time6 E:\phpStudy\WWW\aaaa\Runtime\Cache\Home\a15993092cbc885cb25234263004426b.php 第 292 行.
NOTIC: [8] Undefined index: finsih_time6 E:\phpStudy\WWW\aaaa\Runtime\Cache\Home\a15993092cbc885cb25234263004426b.php 第 292 行.
NOTIC: [8] Undefined index: finsih_time6 E:\phpStudy\WWW\aaaa\Runtime\Cache\Home\a15993092cbc885cb25234263004426b.php 第 292 行.
NOTIC: [8] Undefined index: finsih_time6 E:\phpStudy\WWW\aaaa\Runtime\Cache\Home\a15993092cbc885cb25234263004426b.php 第 292 行.
NOTIC: [8] Undefined index: finsih_time6 E:\phpStudy\WWW\aaaa\Runtime\Cache\Home\a15993092cbc885cb25234263004426b.php 第 292 行.
NOTIC: [8] Undefined index: finsih_time7 E:\phpStudy\WWW\aaaa\Runtime\Cache\Home\a15993092cbc885cb25234263004426b.php 第 297 行.
NOTIC: [8] Undefined index: finsih_time7 E:\phpStudy\WWW\aaaa\Runtime\Cache\Home\a15993092cbc885cb25234263004426b.php 第 297 行.
NOTIC: [8] Undefined index: finsih_time7 E:\phpStudy\WWW\aaaa\Runtime\Cache\Home\a15993092cbc885cb25234263004426b.php 第 297 行.
NOTIC: [8] Undefined index: finsih_time7 E:\phpStudy\WWW\aaaa\Runtime\Cache\Home\a15993092cbc885cb25234263004426b.php 第 297 行.
NOTIC: [8] Undefined index: finsih_time7 E:\phpStudy\WWW\aaaa\Runtime\Cache\Home\a15993092cbc885cb25234263004426b.php 第 297 行.
NOTIC: [8] Undefined index: finsih_time8 E:\phpStudy\WWW\aaaa\Runtime\Cache\Home\a15993092cbc885cb25234263004426b.php 第 302 行.
NOTIC: [8] Undefined index: finsih_time8 E:\phpStudy\WWW\aaaa\Runtime\Cache\Home\a15993092cbc885cb25234263004426b.php 第 302 行.
NOTIC: [8] Undefined index: finsih_time8 E:\phpStudy\WWW\aaaa\Runtime\Cache\Home\a15993092cbc885cb25234263004426b.php 第 302 行.
NOTIC: [8] Undefined index: finsih_time8 E:\phpStudy\WWW\aaaa\Runtime\Cache\Home\a15993092cbc885cb25234263004426b.php 第 302 行.
NOTIC: [8] Undefined index: finsih_time8 E:\phpStudy\WWW\aaaa\Runtime\Cache\Home\a15993092cbc885cb25234263004426b.php 第 302 行.
NOTIC: [8] Undefined index: finsih_time9 E:\phpStudy\WWW\aaaa\Runtime\Cache\Home\a15993092cbc885cb25234263004426b.php 第 307 行.
NOTIC: [8] Undefined index: finsih_time9 E:\phpStudy\WWW\aaaa\Runtime\Cache\Home\a15993092cbc885cb25234263004426b.php 第 307 行.
NOTIC: [8] Undefined index: finsih_time9 E:\phpStudy\WWW\aaaa\Runtime\Cache\Home\a15993092cbc885cb25234263004426b.php 第 307 行.
NOTIC: [8] Undefined index: finsih_time9 E:\phpStudy\WWW\aaaa\Runtime\Cache\Home\a15993092cbc885cb25234263004426b.php 第 307 行.
NOTIC: [8] Undefined index: finsih_time9 E:\phpStudy\WWW\aaaa\Runtime\Cache\Home\a15993092cbc885cb25234263004426b.php 第 307 行.
NOTIC: [8] Undefined index: finsih_time10 E:\phpStudy\WWW\aaaa\Runtime\Cache\Home\a15993092cbc885cb25234263004426b.php 第 312 行.
NOTIC: [8] Undefined index: finsih_time10 E:\phpStudy\WWW\aaaa\Runtime\Cache\Home\a15993092cbc885cb25234263004426b.php 第 312 行.
NOTIC: [8] Undefined index: finsih_time10 E:\phpStudy\WWW\aaaa\Runtime\Cache\Home\a15993092cbc885cb25234263004426b.php 第 312 行.
NOTIC: [8] Undefined index: finsih_time10 E:\phpStudy\WWW\aaaa\Runtime\Cache\Home\a15993092cbc885cb25234263004426b.php 第 312 行.
NOTIC: [8] Undefined index: finsih_time10 E:\phpStudy\WWW\aaaa\Runtime\Cache\Home\a15993092cbc885cb25234263004426b.php 第 312 行.
NOTIC: [8] Undefined index: finsih_time11 E:\phpStudy\WWW\aaaa\Runtime\Cache\Home\a15993092cbc885cb25234263004426b.php 第 317 行.
NOTIC: [8] Undefined index: finsih_time11 E:\phpStudy\WWW\aaaa\Runtime\Cache\Home\a15993092cbc885cb25234263004426b.php 第 317 行.
NOTIC: [8] Undefined index: finsih_time11 E:\phpStudy\WWW\aaaa\Runtime\Cache\Home\a15993092cbc885cb25234263004426b.php 第 317 行.
NOTIC: [8] Undefined index: finsih_time11 E:\phpStudy\WWW\aaaa\Runtime\Cache\Home\a15993092cbc885cb25234263004426b.php 第 317 行.
NOTIC: [8] Undefined index: finsih_time11 E:\phpStudy\WWW\aaaa\Runtime\Cache\Home\a15993092cbc885cb25234263004426b.php 第 317 行.
NOTIC: [8] Undefined index: finsih_time6 E:\phpStudy\WWW\aaaa\Runtime\Cache\Home\a15993092cbc885cb25234263004426b.php 第 423 行.
NOTIC: [8] Undefined index: finsih_time7 E:\phpStudy\WWW\aaaa\Runtime\Cache\Home\a15993092cbc885cb25234263004426b.php 第 424 行.
NOTIC: [8] Undefined index: finsih_time8 E:\phpStudy\WWW\aaaa\Runtime\Cache\Home\a15993092cbc885cb25234263004426b.php 第 425 行.
NOTIC: [8] Undefined index: finsih_time9 E:\phpStudy\WWW\aaaa\Runtime\Cache\Home\a15993092cbc885cb25234263004426b.php 第 426 行.
NOTIC: [8] Undefined index: finsih_time10 E:\phpStudy\WWW\aaaa\Runtime\Cache\Home\a15993092cbc885cb25234263004426b.php 第 427 行.
NOTIC: [8] Undefined index: finsih_time11 E:\phpStudy\WWW\aaaa\Runtime\Cache\Home\a15993092cbc885cb25234263004426b.php 第 428 行.
NOTIC: [8] Undefined index: finsih_time6 E:\phpStudy\WWW\aaaa\Runtime\Cache\Home\a15993092cbc885cb25234263004426b.php 第 423 行.
NOTIC: [8] Undefined index: finsih_time7 E:\phpStudy\WWW\aaaa\Runtime\Cache\Home\a15993092cbc885cb25234263004426b.php 第 424 行.
NOTIC: [8] Undefined index: finsih_time8 E:\phpStudy\WWW\aaaa\Runtime\Cache\Home\a15993092cbc885cb25234263004426b.php 第 425 行.
NOTIC: [8] Undefined index: finsih_time9 E:\phpStudy\WWW\aaaa\Runtime\Cache\Home\a15993092cbc885cb25234263004426b.php 第 426 行.
NOTIC: [8] Undefined index: finsih_time10 E:\phpStudy\WWW\aaaa\Runtime\Cache\Home\a15993092cbc885cb25234263004426b.php 第 427 行.
NOTIC: [8] Undefined index: finsih_time11 E:\phpStudy\WWW\aaaa\Runtime\Cache\Home\a15993092cbc885cb25234263004426b.php 第 428 行.
NOTIC: [8] Undefined index: finsih_time6 E:\phpStudy\WWW\aaaa\Runtime\Cache\Home\a15993092cbc885cb25234263004426b.php 第 423 行.
NOTIC: [8] Undefined index: finsih_time7 E:\phpStudy\WWW\aaaa\Runtime\Cache\Home\a15993092cbc885cb25234263004426b.php 第 424 行.
NOTIC: [8] Undefined index: finsih_time8 E:\phpStudy\WWW\aaaa\Runtime\Cache\Home\a15993092cbc885cb25234263004426b.php 第 425 行.
NOTIC: [8] Undefined index: finsih_time9 E:\phpStudy\WWW\aaaa\Runtime\Cache\Home\a15993092cbc885cb25234263004426b.php 第 426 行.
NOTIC: [8] Undefined index: finsih_time10 E:\phpStudy\WWW\aaaa\Runtime\Cache\Home\a15993092cbc885cb25234263004426b.php 第 427 行.
NOTIC: [8] Undefined index: finsih_time11 E:\phpStudy\WWW\aaaa\Runtime\Cache\Home\a15993092cbc885cb25234263004426b.php 第 428 行.
NOTIC: [8] Undefined index: finsih_time6 E:\phpStudy\WWW\aaaa\Runtime\Cache\Home\a15993092cbc885cb25234263004426b.php 第 423 行.
NOTIC: [8] Undefined index: finsih_time7 E:\phpStudy\WWW\aaaa\Runtime\Cache\Home\a15993092cbc885cb25234263004426b.php 第 424 行.
NOTIC: [8] Undefined index: finsih_time8 E:\phpStudy\WWW\aaaa\Runtime\Cache\Home\a15993092cbc885cb25234263004426b.php 第 425 行.
NOTIC: [8] Undefined index: finsih_time9 E:\phpStudy\WWW\aaaa\Runtime\Cache\Home\a15993092cbc885cb25234263004426b.php 第 426 行.
NOTIC: [8] Undefined index: finsih_time10 E:\phpStudy\WWW\aaaa\Runtime\Cache\Home\a15993092cbc885cb25234263004426b.php 第 427 行.
NOTIC: [8] Undefined index: finsih_time11 E:\phpStudy\WWW\aaaa\Runtime\Cache\Home\a15993092cbc885cb25234263004426b.php 第 428 行.
NOTIC: [8] Undefined index: finsih_time6 E:\phpStudy\WWW\aaaa\Runtime\Cache\Home\a15993092cbc885cb25234263004426b.php 第 423 行.
NOTIC: [8] Undefined index: finsih_time7 E:\phpStudy\WWW\aaaa\Runtime\Cache\Home\a15993092cbc885cb25234263004426b.php 第 424 行.
NOTIC: [8] Undefined index: finsih_time8 E:\phpStudy\WWW\aaaa\Runtime\Cache\Home\a15993092cbc885cb25234263004426b.php 第 425 行.
NOTIC: [8] Undefined index: finsih_time9 E:\phpStudy\WWW\aaaa\Runtime\Cache\Home\a15993092cbc885cb25234263004426b.php 第 426 行.
NOTIC: [8] Undefined index: finsih_time10 E:\phpStudy\WWW\aaaa\Runtime\Cache\Home\a15993092cbc885cb25234263004426b.php 第 427 行.
NOTIC: [8] Undefined index: finsih_time11 E:\phpStudy\WWW\aaaa\Runtime\Cache\Home\a15993092cbc885cb25234263004426b.php 第 428 行.
INFO: Run Behavior\ParseTemplateBehavior [ RunTime:0.036000s ]
INFO: [ view_parse ] --END-- [ RunTime:0.036000s ]
INFO: [ view_filter ] --START--
INFO: Run Behavior\WriteHtmlCacheBehavior [ RunTime:0.001000s ]
INFO: [ view_filter ] --END-- [ RunTime:0.001000s ]
INFO: [ app_end ] --START--
INFO: Run Behavior\ShowPageTraceBehavior [ RunTime:0.000000s ]
INFO: [ app_end ] --END-- [ RunTime:0.000000s ]

[ 2016-09-02T17:38:08+08:00 ] ::1 /aaaa/index.php?s=/Home/Index/index/PHPSESSID/rd23sbgojojkgfanu9bhh87m94.html
INFO: [ app_init ] --START--
INFO: Run Behavior\BuildLiteBehavior [ RunTime:0.000000s ]
INFO: Run Common\Behavior\InitHookBehavior [ RunTime:0.001000s ]
INFO: [ app_init ] --END-- [ RunTime:0.001000s ]
INFO: [ app_begin ] --START--
INFO: Run Behavior\ReadHtmlCacheBehavior [ RunTime:0.000000s ]
INFO: [ app_begin ] --END-- [ RunTime:0.000000s ]
SQL: SHOW COLUMNS FROM `one_config` [ RunTime:0.0020s ]
SQL: SELECT `type`,`name`,`value` FROM `one_config` WHERE `status` = 1  [ RunTime:0.0000s ]
SQL: SHOW COLUMNS FROM `one_duty` [ RunTime:0.0010s ]
SQL: SELECT * FROM `one_duty` WHERE `user_uid` = 1  [ RunTime:0.0010s ]
NOTIC: [8] Undefined offset: 0 E:\phpStudy\WWW\aaaa\Application\Home\Controller\IndexController.class.php 第 40 行.
SQL: SHOW COLUMNS FROM `one_xiangmu` [ RunTime:0.0020s ]
SQL: SHOW COLUMNS FROM `one_xiangmu` [ RunTime:0.0020s ]
SQL: SELECT COUNT(*) AS tp_count FROM `one_xiangmu` WHERE `user_uid` = 1 LIMIT 1   [ RunTime:0.0000s ]
SQL: SELECT `id`,`name`,`fenlei`,`location`,`company`,`man`,`phone`,`work_progress`,`next_plan`,`problem`,`help`,`action`,`major`,`major2`,`major3`,`major4`,`haimian`,`shenpi`,`user_uid`,`time`,`create_time`,`construction_year`,`construction_content`,`current_week`,`finish_time1`,`finish_time2`,`finish_time3`,`finish_time4`,`finish_time5`,`finish_time6`,`finish_time7`,`finish_time8`,`finish_time9`,`finish_time10`,`finish_time11`,`plan_01`,`plan_02`,`plan_03`,`plan_04`,`plan_05`,`plan_06`,`plan_07`,`money_need`,`next_year_plan`,`money_need_next`,`fenlei_id` FROM `one_xiangmu` WHERE `user_uid` = 1 ORDER BY create_time desc  LIMIT 0,10   [ RunTime:0.0000s ]
SQL: SELECT * FROM `one_xiangmu`  [ RunTime:0.0010s ]
NOTIC: [8] Undefined variable: i E:\phpStudy\WWW\aaaa\Application\Home\Controller\IndexController.class.php 第 258 行.
NOTIC: [8] Undefined variable: i E:\phpStudy\WWW\aaaa\Application\Home\Controller\IndexController.class.php 第 258 行.
NOTIC: [8] Undefined variable: i E:\phpStudy\WWW\aaaa\Application\Home\Controller\IndexController.class.php 第 260 行.
NOTIC: [8] Undefined offset: -1 E:\phpStudy\WWW\aaaa\Application\Home\Controller\IndexController.class.php 第 260 行.
NOTIC: [8] Undefined variable: i E:\phpStudy\WWW\aaaa\Application\Home\Controller\IndexController.class.php 第 260 行.
NOTIC: [8] Undefined variable: i E:\phpStudy\WWW\aaaa\Application\Home\Controller\IndexController.class.php 第 258 行.
SQL: SHOW COLUMNS FROM `one_duty` [ RunTime:0.0020s ]
SQL: SELECT * FROM `one_duty`  [ RunTime:0.0000s ]
NOTIC: [8] Undefined variable: i E:\phpStudy\WWW\aaaa\Application\Home\Controller\IndexController.class.php 第 290 行.
NOTIC: [8] Undefined variable: i E:\phpStudy\WWW\aaaa\Application\Home\Controller\IndexController.class.php 第 290 行.
NOTIC: [8] Undefined variable: i E:\phpStudy\WWW\aaaa\Application\Home\Controller\IndexController.class.php 第 292 行.
NOTIC: [8] Undefined offset: -1 E:\phpStudy\WWW\aaaa\Application\Home\Controller\IndexController.class.php 第 292 行.
NOTIC: [8] Undefined variable: i E:\phpStudy\WWW\aaaa\Application\Home\Controller\IndexController.class.php 第 292 行.
NOTIC: [8] Undefined variable: i E:\phpStudy\WWW\aaaa\Application\Home\Controller\IndexController.class.php 第 290 行.
SQL: SELECT * FROM `one_xiangmu`  [ RunTime:0.0010s ]
NOTIC: [8] Undefined variable: i E:\phpStudy\WWW\aaaa\Application\Home\Controller\IndexController.class.php 第 258 行.
NOTIC: [8] Undefined variable: i E:\phpStudy\WWW\aaaa\Application\Home\Controller\IndexController.class.php 第 258 行.
NOTIC: [8] Undefined variable: i E:\phpStudy\WWW\aaaa\Application\Home\Controller\IndexController.class.php 第 260 行.
NOTIC: [8] Undefined offset: -1 E:\phpStudy\WWW\aaaa\Application\Home\Controller\IndexController.class.php 第 260 行.
NOTIC: [8] Undefined variable: i E:\phpStudy\WWW\aaaa\Application\Home\Controller\IndexController.class.php 第 260 行.
NOTIC: [8] Undefined variable: i E:\phpStudy\WWW\aaaa\Application\Home\Controller\IndexController.class.php 第 258 行.
SQL: SELECT * FROM `one_duty`  [ RunTime:0.0000s ]
NOTIC: [8] Undefined variable: i E:\phpStudy\WWW\aaaa\Application\Home\Controller\IndexController.class.php 第 290 行.
NOTIC: [8] Undefined variable: i E:\phpStudy\WWW\aaaa\Application\Home\Controller\IndexController.class.php 第 290 行.
NOTIC: [8] Undefined variable: i E:\phpStudy\WWW\aaaa\Application\Home\Controller\IndexController.class.php 第 292 行.
NOTIC: [8] Undefined offset: -1 E:\phpStudy\WWW\aaaa\Application\Home\Controller\IndexController.class.php 第 292 行.
NOTIC: [8] Undefined variable: i E:\phpStudy\WWW\aaaa\Application\Home\Controller\IndexController.class.php 第 292 行.
NOTIC: [8] Undefined variable: i E:\phpStudy\WWW\aaaa\Application\Home\Controller\IndexController.class.php 第 290 行.
SQL: SELECT * FROM `one_xiangmu`  [ RunTime:0.0000s ]
NOTIC: [8] Undefined variable: i E:\phpStudy\WWW\aaaa\Application\Home\Controller\IndexController.class.php 第 258 行.
NOTIC: [8] Undefined variable: i E:\phpStudy\WWW\aaaa\Application\Home\Controller\IndexController.class.php 第 258 行.
NOTIC: [8] Undefined variable: i E:\phpStudy\WWW\aaaa\Application\Home\Controller\IndexController.class.php 第 260 行.
NOTIC: [8] Undefined offset: -1 E:\phpStudy\WWW\aaaa\Application\Home\Controller\IndexController.class.php 第 260 行.
NOTIC: [8] Undefined variable: i E:\phpStudy\WWW\aaaa\Application\Home\Controller\IndexController.class.php 第 260 行.
NOTIC: [8] Undefined variable: i E:\phpStudy\WWW\aaaa\Application\Home\Controller\IndexController.class.php 第 258 行.
SQL: SELECT * FROM `one_duty`  [ RunTime:0.0000s ]
NOTIC: [8] Undefined variable: i E:\phpStudy\WWW\aaaa\Application\Home\Controller\IndexController.class.php 第 290 行.
NOTIC: [8] Undefined variable: i E:\phpStudy\WWW\aaaa\Application\Home\Controller\IndexController.class.php 第 290 行.
NOTIC: [8] Undefined variable: i E:\phpStudy\WWW\aaaa\Application\Home\Controller\IndexController.class.php 第 292 行.
NOTIC: [8] Undefined offset: -1 E:\phpStudy\WWW\aaaa\Application\Home\Controller\IndexController.class.php 第 292 行.
NOTIC: [8] Undefined variable: i E:\phpStudy\WWW\aaaa\Application\Home\Controller\IndexController.class.php 第 292 行.
NOTIC: [8] Undefined variable: i E:\phpStudy\WWW\aaaa\Application\Home\Controller\IndexController.class.php 第 290 行.
SQL: SELECT * FROM `one_xiangmu`  [ RunTime:0.0000s ]
NOTIC: [8] Undefined variable: i E:\phpStudy\WWW\aaaa\Application\Home\Controller\IndexController.class.php 第 258 行.
NOTIC: [8] Undefined variable: i E:\phpStudy\WWW\aaaa\Application\Home\Controller\IndexController.class.php 第 258 行.
NOTIC: [8] Undefined variable: i E:\phpStudy\WWW\aaaa\Application\Home\Controller\IndexController.class.php 第 260 行.
NOTIC: [8] Undefined offset: -1 E:\phpStudy\WWW\aaaa\Application\Home\Controller\IndexController.class.php 第 260 行.
NOTIC: [8] Undefined variable: i E:\phpStudy\WWW\aaaa\Application\Home\Controller\IndexController.class.php 第 260 行.
NOTIC: [8] Undefined variable: i E:\phpStudy\WWW\aaaa\Application\Home\Controller\IndexController.class.php 第 258 行.
SQL: SELECT * FROM `one_duty`  [ RunTime:0.0000s ]
NOTIC: [8] Undefined variable: i E:\phpStudy\WWW\aaaa\Application\Home\Controller\IndexController.class.php 第 290 行.
NOTIC: [8] Undefined variable: i E:\phpStudy\WWW\aaaa\Application\Home\Controller\IndexController.class.php 第 290 行.
NOTIC: [8] Undefined variable: i E:\phpStudy\WWW\aaaa\Application\Home\Controller\IndexController.class.php 第 292 行.
NOTIC: [8] Undefined offset: -1 E:\phpStudy\WWW\aaaa\Application\Home\Controller\IndexController.class.php 第 292 行.
NOTIC: [8] Undefined variable: i E:\phpStudy\WWW\aaaa\Application\Home\Controller\IndexController.class.php 第 292 行.
NOTIC: [8] Undefined variable: i E:\phpStudy\WWW\aaaa\Application\Home\Controller\IndexController.class.php 第 290 行.
SQL: SELECT * FROM `one_xiangmu`  [ RunTime:0.0000s ]
NOTIC: [8] Undefined variable: i E:\phpStudy\WWW\aaaa\Application\Home\Controller\IndexController.class.php 第 258 行.
NOTIC: [8] Undefined variable: i E:\phpStudy\WWW\aaaa\Application\Home\Controller\IndexController.class.php 第 258 行.
NOTIC: [8] Undefined variable: i E:\phpStudy\WWW\aaaa\Application\Home\Controller\IndexController.class.php 第 260 行.
NOTIC: [8] Undefined offset: -1 E:\phpStudy\WWW\aaaa\Application\Home\Controller\IndexController.class.php 第 260 行.
NOTIC: [8] Undefined variable: i E:\phpStudy\WWW\aaaa\Application\Home\Controller\IndexController.class.php 第 260 行.
NOTIC: [8] Undefined variable: i E:\phpStudy\WWW\aaaa\Application\Home\Controller\IndexController.class.php 第 258 行.
SQL: SELECT * FROM `one_duty`  [ RunTime:0.0000s ]
NOTIC: [8] Undefined variable: i E:\phpStudy\WWW\aaaa\Application\Home\Controller\IndexController.class.php 第 290 行.
NOTIC: [8] Undefined variable: i E:\phpStudy\WWW\aaaa\Application\Home\Controller\IndexController.class.php 第 290 行.
NOTIC: [8] Undefined variable: i E:\phpStudy\WWW\aaaa\Application\Home\Controller\IndexController.class.php 第 292 行.
NOTIC: [8] Undefined offset: -1 E:\phpStudy\WWW\aaaa\Application\Home\Controller\IndexController.class.php 第 292 行.
NOTIC: [8] Undefined variable: i E:\phpStudy\WWW\aaaa\Application\Home\Controller\IndexController.class.php 第 292 行.
NOTIC: [8] Undefined variable: i E:\phpStudy\WWW\aaaa\Application\Home\Controller\IndexController.class.php 第 290 行.
INFO: [ view_parse ] --START--
INFO: [ template_filter ] --START--
INFO: Run Behavior\ContentReplaceBehavior [ RunTime:0.000000s ]
INFO: [ template_filter ] --END-- [ RunTime:0.000000s ]
SQL: SHOW COLUMNS FROM `one_channel` [ RunTime:0.0020s ]
SQL: SELECT `id`,`pid`,`title`,`url`,`sort`,`create_time`,`update_time`,`status`,`target` FROM `one_channel` WHERE ( status=1 ) ORDER BY sort  [ RunTime:0.0010s ]
NOTIC: [8] Undefined variable: now E:\phpStudy\WWW\aaaa\Runtime\Cache\Home\769e70f2e46f34ceb60619bbda5e4691.php 第 188 行.
INFO: Run Behavior\ParseTemplateBehavior [ RunTime:0.014000s ]
INFO: [ view_parse ] --END-- [ RunTime:0.014000s ]
INFO: [ view_filter ] --START--
INFO: Run Behavior\WriteHtmlCacheBehavior [ RunTime:0.000000s ]
INFO: [ view_filter ] --END-- [ RunTime:0.000000s ]
INFO: [ app_end ] --START--
INFO: Run Behavior\ShowPageTraceBehavior [ RunTime:0.001000s ]
INFO: [ app_end ] --END-- [ RunTime:0.001000s ]

