[ 2016-10-08T11:10:35+08:00 ] ::1 /aaaa/index.php?s=/Home/File/duqu
INFO: [ app_init ] --START--
INFO: Run Behavior\BuildLiteBehavior [ RunTime:0.000000s ]
INFO: Run Common\Behavior\InitHookBehavior [ RunTime:0.015000s ]
INFO: [ app_init ] --END-- [ RunTime:0.016000s ]
INFO: [ app_begin ] --START--
INFO: Run Behavior\ReadHtmlCacheBehavior [ RunTime:0.001000s ]
INFO: [ app_begin ] --END-- [ RunTime:0.001000s ]
SQL: SHOW COLUMNS FROM `one_config` [ RunTime:0.0710s ]
SQL: SELECT `type`,`name`,`value` FROM `one_config` WHERE `status` = 1  [ RunTime:0.0020s ]
NOTIC: [8] Undefined offset: 0 E:\phpStudy\WWW\aaaa\Application\Home\Controller\FileController.class.php 第 69 行.
NOTIC: [8] Undefined offset: 0 E:\phpStudy\WWW\aaaa\Application\Home\Controller\FileController.class.php 第 69 行.
INFO: [ view_parse ] --START--
INFO: [ template_filter ] --START--
INFO: Run Behavior\ContentReplaceBehavior [ RunTime:0.000000s ]
INFO: [ template_filter ] --END-- [ RunTime:0.000000s ]
INFO: Run Behavior\ParseTemplateBehavior [ RunTime:0.013000s ]
INFO: [ view_parse ] --END-- [ RunTime:0.013000s ]
INFO: [ view_filter ] --START--
INFO: Run Behavior\WriteHtmlCacheBehavior [ RunTime:0.001000s ]
INFO: [ view_filter ] --END-- [ RunTime:0.001000s ]
INFO: [ app_end ] --START--
INFO: Run Behavior\ShowPageTraceBehavior [ RunTime:0.002000s ]
INFO: [ app_end ] --END-- [ RunTime:0.002000s ]

