[ 2016-12-01T10:52:40+08:00 ] ::1 /aaaa/admin.php
INFO: [ app_init ] --START--
INFO: Run Behavior\BuildLiteBehavior [ RunTime:0.000000s ]
INFO: Run Common\Behavior\InitHookBehavior [ RunTime:0.002000s ]
INFO: [ app_init ] --END-- [ RunTime:0.003000s ]
INFO: [ app_begin ] --START--
INFO: Run Behavior\ReadHtmlCacheBehavior [ RunTime:0.001000s ]
INFO: [ app_begin ] --END-- [ RunTime:0.001000s ]

[ 2016-12-01T10:52:40+08:00 ] ::1 /aaaa/admin.php?s=/Public/login.html
INFO: [ app_init ] --START--
INFO: Run Behavior\BuildLiteBehavior [ RunTime:0.000000s ]
INFO: Run Common\Behavior\InitHookBehavior [ RunTime:0.002000s ]
INFO: [ app_init ] --END-- [ RunTime:0.003000s ]
INFO: [ app_begin ] --START--
INFO: Run Behavior\ReadHtmlCacheBehavior [ RunTime:0.000000s ]
INFO: [ app_begin ] --END-- [ RunTime:0.000000s ]
INFO: [ view_parse ] --START--
INFO: [ template_filter ] --START--
INFO: Run Behavior\ContentReplaceBehavior [ RunTime:0.000000s ]
INFO: [ template_filter ] --END-- [ RunTime:0.000000s ]
INFO: Run Behavior\ParseTemplateBehavior [ RunTime:0.005000s ]
INFO: [ view_parse ] --END-- [ RunTime:0.005000s ]
INFO: [ view_filter ] --START--
INFO: Run Behavior\WriteHtmlCacheBehavior [ RunTime:0.000000s ]
INFO: [ view_filter ] --END-- [ RunTime:0.000000s ]
INFO: [ app_end ] --START--
INFO: Run Behavior\ShowPageTraceBehavior [ RunTime:0.000000s ]
INFO: [ app_end ] --END-- [ RunTime:0.000000s ]

[ 2016-12-01T10:52:40+08:00 ] ::1 /aaaa/admin.php?s=/Public/verify.html
INFO: [ app_init ] --START--
INFO: Run Behavior\BuildLiteBehavior [ RunTime:0.000000s ]
INFO: Run Common\Behavior\InitHookBehavior [ RunTime:0.002000s ]
INFO: [ app_init ] --END-- [ RunTime:0.002000s ]
INFO: [ app_begin ] --START--
INFO: Run Behavior\ReadHtmlCacheBehavior [ RunTime:0.001000s ]
INFO: [ app_begin ] --END-- [ RunTime:0.001000s ]
INFO: [ app_end ] --START--
INFO: Run Behavior\ShowPageTraceBehavior [ RunTime:0.002000s ]
INFO: [ app_end ] --END-- [ RunTime:0.002000s ]

[ 2016-12-01T10:52:49+08:00 ] ::1 /aaaa/admin.php?s=/Public/login.html
INFO: [ app_init ] --START--
INFO: Run Behavior\BuildLiteBehavior [ RunTime:0.000000s ]
INFO: Run Common\Behavior\InitHookBehavior [ RunTime:0.002000s ]
INFO: [ app_init ] --END-- [ RunTime:0.003000s ]
INFO: [ app_begin ] --START--
INFO: Run Behavior\ReadHtmlCacheBehavior [ RunTime:0.001000s ]
INFO: [ app_begin ] --END-- [ RunTime:0.001000s ]

[ 2016-12-01T10:52:49+08:00 ] ::1 /aaaa/admin.php?s=/Public/verify.html&random=0.6257663490835825
INFO: [ app_init ] --START--
INFO: Run Behavior\BuildLiteBehavior [ RunTime:0.000000s ]
INFO: Run Common\Behavior\InitHookBehavior [ RunTime:0.002000s ]
INFO: [ app_init ] --END-- [ RunTime:0.002000s ]
INFO: [ app_begin ] --START--
INFO: Run Behavior\ReadHtmlCacheBehavior [ RunTime:0.000000s ]
INFO: [ app_begin ] --END-- [ RunTime:0.000000s ]
INFO: [ app_end ] --START--
INFO: Run Behavior\ShowPageTraceBehavior [ RunTime:0.001000s ]
INFO: [ app_end ] --END-- [ RunTime:0.001000s ]

[ 2016-12-01T10:52:54+08:00 ] ::1 /aaaa/admin.php?s=/Public/login.html
INFO: [ app_init ] --START--
INFO: Run Behavior\BuildLiteBehavior [ RunTime:0.000000s ]
INFO: Run Common\Behavior\InitHookBehavior [ RunTime:0.002000s ]
INFO: [ app_init ] --END-- [ RunTime:0.003000s ]
INFO: [ app_begin ] --START--
INFO: Run Behavior\ReadHtmlCacheBehavior [ RunTime:0.001000s ]
INFO: [ app_begin ] --END-- [ RunTime:0.001000s ]
SQL: SHOW COLUMNS FROM `one_member` [ RunTime:0.0070s ]
SQL: SELECT `uid`,`nickname`,`work_place`,`first_time`,`qq`,`score`,`login`,`reg_ip`,`reg_time`,`last_login_ip`,`last_login_time`,`status` FROM `one_member` WHERE `uid` = 1 LIMIT 1   [ RunTime:0.0010s ]
SQL: SHOW COLUMNS FROM `one_action` [ RunTime:0.0070s ]
SQL: SELECT * FROM `one_action` WHERE `name` = 'user_login' LIMIT 1   [ RunTime:0.0010s ]
SQL: SHOW COLUMNS FROM `one_action_log` [ RunTime:0.0110s ]
SQL: INSERT INTO `one_action_log` (`action_id`,`user_id`,`action_ip`,`model`,`record_id`,`create_time`,`remark`) VALUES ('1','1','0','member','1','1480560773','gaoyuan在2016-12-01 10:52登录了后台') [ RunTime:0.0120s ]
SQL: SELECT * FROM `one_action` WHERE `name` = 'user_login' LIMIT 1   [ RunTime:0.0010s ]
NOTIC: [8] Undefined offset: 1 E:\phpStudy\WWW\aaaa\Application\Common\Common\function.php 第 679 行.
NOTIC: [2] array_key_exists() expects parameter 2 to be array, null given E:\phpStudy\WWW\aaaa\Application\Common\Common\function.php 第 679 行.
SQL: SELECT COUNT(*) AS tp_count FROM `one_action_log` WHERE `action_id` = 1 AND `user_id` = 1 AND `create_time` > 1480474373 LIMIT 1   [ RunTime:0.0060s ]
SQL: SHOW COLUMNS FROM `one_member` [ RunTime:0.0040s ]
SQL: UPDATE `one_member` SET `score`=score+10 WHERE ( uid=1 AND status>-1 ) [ RunTime:0.0000s ]
SQL: UPDATE `one_member` SET `login`=`login`+1,`last_login_time`='1480560773',`last_login_ip`='0' WHERE `uid` = 1 [ RunTime:0.0010s ]

[ 2016-12-01T10:52:55+08:00 ] ::1 /aaaa/admin.php?s=/Xiangmu/index.html
INFO: [ app_init ] --START--
INFO: Run Behavior\BuildLiteBehavior [ RunTime:0.000000s ]
INFO: Run Common\Behavior\InitHookBehavior [ RunTime:0.003000s ]
INFO: [ app_init ] --END-- [ RunTime:0.003000s ]
INFO: [ app_begin ] --START--
INFO: Run Behavior\ReadHtmlCacheBehavior [ RunTime:0.001000s ]
INFO: [ app_begin ] --END-- [ RunTime:0.001000s ]
NOTIC: [2048] Declaration of Admin\Controller\XiangmuController::delete() should be compatible with Admin\Controller\AdminController::delete($model, $where = Array, $msg = Array) E:\phpStudy\WWW\aaaa\Application\Admin\Controller\XiangmuController.class.php 第 22 行.
SQL: SHOW COLUMNS FROM `one_menu` [ RunTime:0.0130s ]
SQL: SELECT `id`,`title`,`url` FROM `one_menu` WHERE `pid` = 0 AND `hide` = 0 ORDER BY sort asc  [ RunTime:0.0100s ]
SQL: SELECT `pid` FROM `one_menu` WHERE ( pid !=0 AND url like '%Xiangmu/index%' ) LIMIT 1   [ RunTime:0.0020s ]
SQL: SELECT * FROM `one_menu` WHERE `id` = 124 LIMIT 1   [ RunTime:0.0010s ]
SQL: SELECT DISTINCT  `group` FROM `one_menu` WHERE `group` <> '' AND `pid` = 124  [ RunTime:0.0010s ]
SQL: SELECT `id`,`url` FROM `one_menu` WHERE `pid` = 124 AND `hide` = 0  [ RunTime:0.0000s ]
SQL: SELECT `id`,`pid`,`title`,`url`,`tip` FROM `one_menu` WHERE `group` = '项目管理' AND `pid` = 124 AND `hide` = 0 ORDER BY sort asc  [ RunTime:0.0010s ]
SQL: SELECT `id`,`pid`,`title`,`url`,`tip` FROM `one_menu` WHERE `group` = '责任单位' AND `pid` = 124 AND `hide` = 0 ORDER BY sort asc  [ RunTime:0.0010s ]
SQL: SELECT `id`,`pid`,`title`,`url`,`tip` FROM `one_menu` WHERE `group` = '打印' AND `pid` = 124 AND `hide` = 0 ORDER BY sort asc  [ RunTime:0.0000s ]
SQL: SELECT `id`,`pid`,`title`,`url`,`tip` FROM `one_menu` WHERE `group` = '单位编辑' AND `pid` = 124 AND `hide` = 0 ORDER BY sort asc  [ RunTime:0.0010s ]
SQL: SELECT `id`,`pid`,`title`,`url`,`tip` FROM `one_menu` WHERE `group` = '单位删除' AND `pid` = 124 AND `hide` = 0 ORDER BY sort asc  [ RunTime:0.0010s ]
SQL: SHOW COLUMNS FROM `one_xiangmu` [ RunTime:0.0220s ]
SQL: SELECT * FROM `one_xiangmu`  [ RunTime:0.0020s ]
NOTIC: [8] Undefined variable: i E:\phpStudy\WWW\aaaa\Application\Admin\Controller\XiangmuController.class.php 第 77 行.
NOTIC: [8] Undefined variable: i E:\phpStudy\WWW\aaaa\Application\Admin\Controller\XiangmuController.class.php 第 77 行.
NOTIC: [8] Undefined variable: i E:\phpStudy\WWW\aaaa\Application\Admin\Controller\XiangmuController.class.php 第 79 行.
NOTIC: [8] Undefined offset: -1 E:\phpStudy\WWW\aaaa\Application\Admin\Controller\XiangmuController.class.php 第 79 行.
NOTIC: [8] Undefined variable: i E:\phpStudy\WWW\aaaa\Application\Admin\Controller\XiangmuController.class.php 第 79 行.
NOTIC: [8] Undefined variable: i E:\phpStudy\WWW\aaaa\Application\Admin\Controller\XiangmuController.class.php 第 77 行.
SQL: SHOW COLUMNS FROM `one_duty` [ RunTime:0.0160s ]
SQL: SELECT * FROM `one_duty`  [ RunTime:0.0010s ]
NOTIC: [8] Undefined offset: -1 E:\phpStudy\WWW\aaaa\Application\Admin\Controller\XiangmuController.class.php 第 110 行.
SQL: SHOW COLUMNS FROM `one_xiangmu_fenlei` [ RunTime:0.0040s ]
SQL: SELECT * FROM `one_xiangmu_fenlei`  [ RunTime:0.0010s ]
SQL: SHOW COLUMNS FROM `one_xiangmu` [ RunTime:0.0050s ]
SQL: SELECT COUNT(*) AS tp_count FROM `one_xiangmu` LIMIT 1   [ RunTime:0.0010s ]
SQL: SELECT `id`,`name`,`fenlei`,`location`,`company`,`man`,`phone`,`work_progress`,`next_plan`,`problem`,`help`,`action`,`major`,`major2`,`major3`,`major4`,`haimian`,`shenpi`,`user_uid`,`time`,`create_time`,`construction_year`,`construction_content`,`current_week`,`finish_time1`,`finish_time2`,`finish_time3`,`finish_time4`,`finish_time5`,`finish_time6`,`finish_time7`,`finish_time8`,`finish_time9`,`finish_time10`,`finish_time11`,`plan_01`,`plan_02`,`plan_03`,`plan_04`,`plan_05`,`plan_06`,`plan_07`,`money_need`,`next_year_plan`,`money_need_next`,`total_money` FROM `one_xiangmu` ORDER BY create_time desc LIMIT 0,15   [ RunTime:0.0020s ]
INFO: [ view_parse ] --START--
INFO: [ template_filter ] --START--
INFO: Run Behavior\ContentReplaceBehavior [ RunTime:0.000000s ]
INFO: [ template_filter ] --END-- [ RunTime:0.000000s ]
INFO: Run Behavior\ParseTemplateBehavior [ RunTime:0.048000s ]
INFO: [ view_parse ] --END-- [ RunTime:0.048000s ]
INFO: [ view_filter ] --START--
INFO: Run Behavior\WriteHtmlCacheBehavior [ RunTime:0.000000s ]
INFO: [ view_filter ] --END-- [ RunTime:0.001000s ]
INFO: [ app_end ] --START--
INFO: Run Behavior\ShowPageTraceBehavior [ RunTime:0.001000s ]
INFO: [ app_end ] --END-- [ RunTime:0.001000s ]

[ 2016-12-01T10:53:00+08:00 ] ::1 /aaaa/admin.php?s=/Xiangmu/jiaoti.html
INFO: [ app_init ] --START--
INFO: Run Behavior\BuildLiteBehavior [ RunTime:0.000000s ]
INFO: Run Common\Behavior\InitHookBehavior [ RunTime:0.003000s ]
INFO: [ app_init ] --END-- [ RunTime:0.003000s ]
INFO: [ app_begin ] --START--
INFO: Run Behavior\ReadHtmlCacheBehavior [ RunTime:0.001000s ]
INFO: [ app_begin ] --END-- [ RunTime:0.001000s ]
NOTIC: [2048] Declaration of Admin\Controller\XiangmuController::delete() should be compatible with Admin\Controller\AdminController::delete($model, $where = Array, $msg = Array) E:\phpStudy\WWW\aaaa\Application\Admin\Controller\XiangmuController.class.php 第 22 行.
SQL: SHOW COLUMNS FROM `one_xiangmu_fenlei` [ RunTime:0.0170s ]
SQL: SELECT * FROM `one_xiangmu_fenlei`  [ RunTime:0.0010s ]
SQL: SHOW COLUMNS FROM `one_xiangmu` [ RunTime:0.0140s ]
SQL: SHOW COLUMNS FROM `one_xiangmu` [ RunTime:0.0080s ]
SQL: SELECT COUNT(*) AS tp_count FROM `one_xiangmu` WHERE `company` = '区教体局' LIMIT 1   [ RunTime:0.0000s ]
SQL: SELECT `id`,`name`,`fenlei`,`location`,`company`,`man`,`phone`,`work_progress`,`next_plan`,`problem`,`help`,`action`,`major`,`major2`,`major3`,`major4`,`haimian`,`shenpi`,`user_uid`,`time`,`create_time`,`construction_year`,`construction_content`,`current_week`,`finish_time1`,`finish_time2`,`finish_time3`,`finish_time4`,`finish_time5`,`finish_time6`,`finish_time7`,`finish_time8`,`finish_time9`,`finish_time10`,`finish_time11`,`plan_01`,`plan_02`,`plan_03`,`plan_04`,`plan_05`,`plan_06`,`plan_07`,`money_need`,`next_year_plan`,`money_need_next`,`total_money` FROM `one_xiangmu` WHERE `company` = '区教体局' ORDER BY create_time LIMIT 0,15   [ RunTime:0.0010s ]
INFO: [ view_parse ] --START--
INFO: [ template_filter ] --START--
INFO: Run Behavior\ContentReplaceBehavior [ RunTime:0.000000s ]
INFO: [ template_filter ] --END-- [ RunTime:0.000000s ]
NOTIC: [8] Undefined variable: company E:\phpStudy\WWW\aaaa\Runtime\Cache\Admin\1d09454fc174f7c7d9daea616fcb5182.php 第 110 行.
NOTIC: [8] Undefined variable: q E:\phpStudy\WWW\aaaa\Runtime\Cache\Admin\1d09454fc174f7c7d9daea616fcb5182.php 第 117 行.
NOTIC: [8] Undefined index: finsih_time6 E:\phpStudy\WWW\aaaa\Runtime\Cache\Admin\1d09454fc174f7c7d9daea616fcb5182.php 第 288 行.
NOTIC: [8] Undefined index: finsih_time7 E:\phpStudy\WWW\aaaa\Runtime\Cache\Admin\1d09454fc174f7c7d9daea616fcb5182.php 第 289 行.
NOTIC: [8] Undefined index: finsih_time8 E:\phpStudy\WWW\aaaa\Runtime\Cache\Admin\1d09454fc174f7c7d9daea616fcb5182.php 第 290 行.
NOTIC: [8] Undefined index: finsih_time9 E:\phpStudy\WWW\aaaa\Runtime\Cache\Admin\1d09454fc174f7c7d9daea616fcb5182.php 第 291 行.
NOTIC: [8] Undefined index: finsih_time10 E:\phpStudy\WWW\aaaa\Runtime\Cache\Admin\1d09454fc174f7c7d9daea616fcb5182.php 第 292 行.
NOTIC: [8] Undefined index: finsih_time11 E:\phpStudy\WWW\aaaa\Runtime\Cache\Admin\1d09454fc174f7c7d9daea616fcb5182.php 第 293 行.
NOTIC: [8] Undefined index: finsih_time6 E:\phpStudy\WWW\aaaa\Runtime\Cache\Admin\1d09454fc174f7c7d9daea616fcb5182.php 第 288 行.
NOTIC: [8] Undefined index: finsih_time7 E:\phpStudy\WWW\aaaa\Runtime\Cache\Admin\1d09454fc174f7c7d9daea616fcb5182.php 第 289 行.
NOTIC: [8] Undefined index: finsih_time8 E:\phpStudy\WWW\aaaa\Runtime\Cache\Admin\1d09454fc174f7c7d9daea616fcb5182.php 第 290 行.
NOTIC: [8] Undefined index: finsih_time9 E:\phpStudy\WWW\aaaa\Runtime\Cache\Admin\1d09454fc174f7c7d9daea616fcb5182.php 第 291 行.
NOTIC: [8] Undefined index: finsih_time10 E:\phpStudy\WWW\aaaa\Runtime\Cache\Admin\1d09454fc174f7c7d9daea616fcb5182.php 第 292 行.
NOTIC: [8] Undefined index: finsih_time11 E:\phpStudy\WWW\aaaa\Runtime\Cache\Admin\1d09454fc174f7c7d9daea616fcb5182.php 第 293 行.
NOTIC: [8] Undefined index: finsih_time6 E:\phpStudy\WWW\aaaa\Runtime\Cache\Admin\1d09454fc174f7c7d9daea616fcb5182.php 第 288 行.
NOTIC: [8] Undefined index: finsih_time7 E:\phpStudy\WWW\aaaa\Runtime\Cache\Admin\1d09454fc174f7c7d9daea616fcb5182.php 第 289 行.
NOTIC: [8] Undefined index: finsih_time8 E:\phpStudy\WWW\aaaa\Runtime\Cache\Admin\1d09454fc174f7c7d9daea616fcb5182.php 第 290 行.
NOTIC: [8] Undefined index: finsih_time9 E:\phpStudy\WWW\aaaa\Runtime\Cache\Admin\1d09454fc174f7c7d9daea616fcb5182.php 第 291 行.
NOTIC: [8] Undefined index: finsih_time10 E:\phpStudy\WWW\aaaa\Runtime\Cache\Admin\1d09454fc174f7c7d9daea616fcb5182.php 第 292 行.
NOTIC: [8] Undefined index: finsih_time11 E:\phpStudy\WWW\aaaa\Runtime\Cache\Admin\1d09454fc174f7c7d9daea616fcb5182.php 第 293 行.
NOTIC: [8] Undefined index: finsih_time6 E:\phpStudy\WWW\aaaa\Runtime\Cache\Admin\1d09454fc174f7c7d9daea616fcb5182.php 第 288 行.
NOTIC: [8] Undefined index: finsih_time7 E:\phpStudy\WWW\aaaa\Runtime\Cache\Admin\1d09454fc174f7c7d9daea616fcb5182.php 第 289 行.
NOTIC: [8] Undefined index: finsih_time8 E:\phpStudy\WWW\aaaa\Runtime\Cache\Admin\1d09454fc174f7c7d9daea616fcb5182.php 第 290 行.
NOTIC: [8] Undefined index: finsih_time9 E:\phpStudy\WWW\aaaa\Runtime\Cache\Admin\1d09454fc174f7c7d9daea616fcb5182.php 第 291 行.
NOTIC: [8] Undefined index: finsih_time10 E:\phpStudy\WWW\aaaa\Runtime\Cache\Admin\1d09454fc174f7c7d9daea616fcb5182.php 第 292 行.
NOTIC: [8] Undefined index: finsih_time11 E:\phpStudy\WWW\aaaa\Runtime\Cache\Admin\1d09454fc174f7c7d9daea616fcb5182.php 第 293 行.
NOTIC: [8] Undefined index: finsih_time6 E:\phpStudy\WWW\aaaa\Runtime\Cache\Admin\1d09454fc174f7c7d9daea616fcb5182.php 第 288 行.
NOTIC: [8] Undefined index: finsih_time7 E:\phpStudy\WWW\aaaa\Runtime\Cache\Admin\1d09454fc174f7c7d9daea616fcb5182.php 第 289 行.
NOTIC: [8] Undefined index: finsih_time8 E:\phpStudy\WWW\aaaa\Runtime\Cache\Admin\1d09454fc174f7c7d9daea616fcb5182.php 第 290 行.
NOTIC: [8] Undefined index: finsih_time9 E:\phpStudy\WWW\aaaa\Runtime\Cache\Admin\1d09454fc174f7c7d9daea616fcb5182.php 第 291 行.
NOTIC: [8] Undefined index: finsih_time10 E:\phpStudy\WWW\aaaa\Runtime\Cache\Admin\1d09454fc174f7c7d9daea616fcb5182.php 第 292 行.
NOTIC: [8] Undefined index: finsih_time11 E:\phpStudy\WWW\aaaa\Runtime\Cache\Admin\1d09454fc174f7c7d9daea616fcb5182.php 第 293 行.
NOTIC: [8] Undefined index: finsih_time6 E:\phpStudy\WWW\aaaa\Runtime\Cache\Admin\1d09454fc174f7c7d9daea616fcb5182.php 第 288 行.
NOTIC: [8] Undefined index: finsih_time7 E:\phpStudy\WWW\aaaa\Runtime\Cache\Admin\1d09454fc174f7c7d9daea616fcb5182.php 第 289 行.
NOTIC: [8] Undefined index: finsih_time8 E:\phpStudy\WWW\aaaa\Runtime\Cache\Admin\1d09454fc174f7c7d9daea616fcb5182.php 第 290 行.
NOTIC: [8] Undefined index: finsih_time9 E:\phpStudy\WWW\aaaa\Runtime\Cache\Admin\1d09454fc174f7c7d9daea616fcb5182.php 第 291 行.
NOTIC: [8] Undefined index: finsih_time10 E:\phpStudy\WWW\aaaa\Runtime\Cache\Admin\1d09454fc174f7c7d9daea616fcb5182.php 第 292 行.
NOTIC: [8] Undefined index: finsih_time11 E:\phpStudy\WWW\aaaa\Runtime\Cache\Admin\1d09454fc174f7c7d9daea616fcb5182.php 第 293 行.
NOTIC: [8] Undefined index: finsih_time6 E:\phpStudy\WWW\aaaa\Runtime\Cache\Admin\1d09454fc174f7c7d9daea616fcb5182.php 第 288 行.
NOTIC: [8] Undefined index: finsih_time7 E:\phpStudy\WWW\aaaa\Runtime\Cache\Admin\1d09454fc174f7c7d9daea616fcb5182.php 第 289 行.
NOTIC: [8] Undefined index: finsih_time8 E:\phpStudy\WWW\aaaa\Runtime\Cache\Admin\1d09454fc174f7c7d9daea616fcb5182.php 第 290 行.
NOTIC: [8] Undefined index: finsih_time9 E:\phpStudy\WWW\aaaa\Runtime\Cache\Admin\1d09454fc174f7c7d9daea616fcb5182.php 第 291 行.
NOTIC: [8] Undefined index: finsih_time10 E:\phpStudy\WWW\aaaa\Runtime\Cache\Admin\1d09454fc174f7c7d9daea616fcb5182.php 第 292 行.
NOTIC: [8] Undefined index: finsih_time11 E:\phpStudy\WWW\aaaa\Runtime\Cache\Admin\1d09454fc174f7c7d9daea616fcb5182.php 第 293 行.
NOTIC: [8] Undefined index: finsih_time6 E:\phpStudy\WWW\aaaa\Runtime\Cache\Admin\1d09454fc174f7c7d9daea616fcb5182.php 第 288 行.
NOTIC: [8] Undefined index: finsih_time7 E:\phpStudy\WWW\aaaa\Runtime\Cache\Admin\1d09454fc174f7c7d9daea616fcb5182.php 第 289 行.
NOTIC: [8] Undefined index: finsih_time8 E:\phpStudy\WWW\aaaa\Runtime\Cache\Admin\1d09454fc174f7c7d9daea616fcb5182.php 第 290 行.
NOTIC: [8] Undefined index: finsih_time9 E:\phpStudy\WWW\aaaa\Runtime\Cache\Admin\1d09454fc174f7c7d9daea616fcb5182.php 第 291 行.
NOTIC: [8] Undefined index: finsih_time10 E:\phpStudy\WWW\aaaa\Runtime\Cache\Admin\1d09454fc174f7c7d9daea616fcb5182.php 第 292 行.
NOTIC: [8] Undefined index: finsih_time11 E:\phpStudy\WWW\aaaa\Runtime\Cache\Admin\1d09454fc174f7c7d9daea616fcb5182.php 第 293 行.
NOTIC: [8] Undefined index: finsih_time6 E:\phpStudy\WWW\aaaa\Runtime\Cache\Admin\1d09454fc174f7c7d9daea616fcb5182.php 第 288 行.
NOTIC: [8] Undefined index: finsih_time7 E:\phpStudy\WWW\aaaa\Runtime\Cache\Admin\1d09454fc174f7c7d9daea616fcb5182.php 第 289 行.
NOTIC: [8] Undefined index: finsih_time8 E:\phpStudy\WWW\aaaa\Runtime\Cache\Admin\1d09454fc174f7c7d9daea616fcb5182.php 第 290 行.
NOTIC: [8] Undefined index: finsih_time9 E:\phpStudy\WWW\aaaa\Runtime\Cache\Admin\1d09454fc174f7c7d9daea616fcb5182.php 第 291 行.
NOTIC: [8] Undefined index: finsih_time10 E:\phpStudy\WWW\aaaa\Runtime\Cache\Admin\1d09454fc174f7c7d9daea616fcb5182.php 第 292 行.
NOTIC: [8] Undefined index: finsih_time11 E:\phpStudy\WWW\aaaa\Runtime\Cache\Admin\1d09454fc174f7c7d9daea616fcb5182.php 第 293 行.
NOTIC: [8] Undefined index: finsih_time6 E:\phpStudy\WWW\aaaa\Runtime\Cache\Admin\1d09454fc174f7c7d9daea616fcb5182.php 第 288 行.
NOTIC: [8] Undefined index: finsih_time7 E:\phpStudy\WWW\aaaa\Runtime\Cache\Admin\1d09454fc174f7c7d9daea616fcb5182.php 第 289 行.
NOTIC: [8] Undefined index: finsih_time8 E:\phpStudy\WWW\aaaa\Runtime\Cache\Admin\1d09454fc174f7c7d9daea616fcb5182.php 第 290 行.
NOTIC: [8] Undefined index: finsih_time9 E:\phpStudy\WWW\aaaa\Runtime\Cache\Admin\1d09454fc174f7c7d9daea616fcb5182.php 第 291 行.
NOTIC: [8] Undefined index: finsih_time10 E:\phpStudy\WWW\aaaa\Runtime\Cache\Admin\1d09454fc174f7c7d9daea616fcb5182.php 第 292 行.
NOTIC: [8] Undefined index: finsih_time11 E:\phpStudy\WWW\aaaa\Runtime\Cache\Admin\1d09454fc174f7c7d9daea616fcb5182.php 第 293 行.
NOTIC: [8] Undefined index: finsih_time6 E:\phpStudy\WWW\aaaa\Runtime\Cache\Admin\1d09454fc174f7c7d9daea616fcb5182.php 第 288 行.
NOTIC: [8] Undefined index: finsih_time7 E:\phpStudy\WWW\aaaa\Runtime\Cache\Admin\1d09454fc174f7c7d9daea616fcb5182.php 第 289 行.
NOTIC: [8] Undefined index: finsih_time8 E:\phpStudy\WWW\aaaa\Runtime\Cache\Admin\1d09454fc174f7c7d9daea616fcb5182.php 第 290 行.
NOTIC: [8] Undefined index: finsih_time9 E:\phpStudy\WWW\aaaa\Runtime\Cache\Admin\1d09454fc174f7c7d9daea616fcb5182.php 第 291 行.
NOTIC: [8] Undefined index: finsih_time10 E:\phpStudy\WWW\aaaa\Runtime\Cache\Admin\1d09454fc174f7c7d9daea616fcb5182.php 第 292 行.
NOTIC: [8] Undefined index: finsih_time11 E:\phpStudy\WWW\aaaa\Runtime\Cache\Admin\1d09454fc174f7c7d9daea616fcb5182.php 第 293 行.
NOTIC: [8] Undefined index: finsih_time6 E:\phpStudy\WWW\aaaa\Runtime\Cache\Admin\1d09454fc174f7c7d9daea616fcb5182.php 第 288 行.
NOTIC: [8] Undefined index: finsih_time7 E:\phpStudy\WWW\aaaa\Runtime\Cache\Admin\1d09454fc174f7c7d9daea616fcb5182.php 第 289 行.
NOTIC: [8] Undefined index: finsih_time8 E:\phpStudy\WWW\aaaa\Runtime\Cache\Admin\1d09454fc174f7c7d9daea616fcb5182.php 第 290 行.
NOTIC: [8] Undefined index: finsih_time9 E:\phpStudy\WWW\aaaa\Runtime\Cache\Admin\1d09454fc174f7c7d9daea616fcb5182.php 第 291 行.
NOTIC: [8] Undefined index: finsih_time10 E:\phpStudy\WWW\aaaa\Runtime\Cache\Admin\1d09454fc174f7c7d9daea616fcb5182.php 第 292 行.
NOTIC: [8] Undefined index: finsih_time11 E:\phpStudy\WWW\aaaa\Runtime\Cache\Admin\1d09454fc174f7c7d9daea616fcb5182.php 第 293 行.
NOTIC: [8] Undefined index: finsih_time6 E:\phpStudy\WWW\aaaa\Runtime\Cache\Admin\1d09454fc174f7c7d9daea616fcb5182.php 第 288 行.
NOTIC: [8] Undefined index: finsih_time7 E:\phpStudy\WWW\aaaa\Runtime\Cache\Admin\1d09454fc174f7c7d9daea616fcb5182.php 第 289 行.
NOTIC: [8] Undefined index: finsih_time8 E:\phpStudy\WWW\aaaa\Runtime\Cache\Admin\1d09454fc174f7c7d9daea616fcb5182.php 第 290 行.
NOTIC: [8] Undefined index: finsih_time9 E:\phpStudy\WWW\aaaa\Runtime\Cache\Admin\1d09454fc174f7c7d9daea616fcb5182.php 第 291 行.
NOTIC: [8] Undefined index: finsih_time10 E:\phpStudy\WWW\aaaa\Runtime\Cache\Admin\1d09454fc174f7c7d9daea616fcb5182.php 第 292 行.
NOTIC: [8] Undefined index: finsih_time11 E:\phpStudy\WWW\aaaa\Runtime\Cache\Admin\1d09454fc174f7c7d9daea616fcb5182.php 第 293 行.
NOTIC: [8] Undefined index: finsih_time6 E:\phpStudy\WWW\aaaa\Runtime\Cache\Admin\1d09454fc174f7c7d9daea616fcb5182.php 第 288 行.
NOTIC: [8] Undefined index: finsih_time7 E:\phpStudy\WWW\aaaa\Runtime\Cache\Admin\1d09454fc174f7c7d9daea616fcb5182.php 第 289 行.
NOTIC: [8] Undefined index: finsih_time8 E:\phpStudy\WWW\aaaa\Runtime\Cache\Admin\1d09454fc174f7c7d9daea616fcb5182.php 第 290 行.
NOTIC: [8] Undefined index: finsih_time9 E:\phpStudy\WWW\aaaa\Runtime\Cache\Admin\1d09454fc174f7c7d9daea616fcb5182.php 第 291 行.
NOTIC: [8] Undefined index: finsih_time10 E:\phpStudy\WWW\aaaa\Runtime\Cache\Admin\1d09454fc174f7c7d9daea616fcb5182.php 第 292 行.
NOTIC: [8] Undefined index: finsih_time11 E:\phpStudy\WWW\aaaa\Runtime\Cache\Admin\1d09454fc174f7c7d9daea616fcb5182.php 第 293 行.
INFO: Run Behavior\ParseTemplateBehavior [ RunTime:0.043000s ]
INFO: [ view_parse ] --END-- [ RunTime:0.043000s ]
INFO: [ view_filter ] --START--
INFO: Run Behavior\WriteHtmlCacheBehavior [ RunTime:0.000000s ]
INFO: [ view_filter ] --END-- [ RunTime:0.000000s ]
INFO: [ app_end ] --START--
INFO: Run Behavior\ShowPageTraceBehavior [ RunTime:0.001000s ]
INFO: [ app_end ] --END-- [ RunTime:0.001000s ]

[ 2016-12-01T10:53:02+08:00 ] ::1 /aaaa/admin.php?s=/Xiangmu/jiaotong.html
INFO: [ app_init ] --START--
INFO: Run Behavior\BuildLiteBehavior [ RunTime:0.000000s ]
INFO: Run Common\Behavior\InitHookBehavior [ RunTime:0.003000s ]
INFO: [ app_init ] --END-- [ RunTime:0.003000s ]
INFO: [ app_begin ] --START--
INFO: Run Behavior\ReadHtmlCacheBehavior [ RunTime:0.001000s ]
INFO: [ app_begin ] --END-- [ RunTime:0.001000s ]
NOTIC: [2048] Declaration of Admin\Controller\XiangmuController::delete() should be compatible with Admin\Controller\AdminController::delete($model, $where = Array, $msg = Array) E:\phpStudy\WWW\aaaa\Application\Admin\Controller\XiangmuController.class.php 第 22 行.
SQL: SHOW COLUMNS FROM `one_xiangmu_fenlei` [ RunTime:0.0190s ]
SQL: SELECT * FROM `one_xiangmu_fenlei`  [ RunTime:0.0010s ]
SQL: SHOW COLUMNS FROM `one_xiangmu` [ RunTime:0.0130s ]
SQL: SHOW COLUMNS FROM `one_xiangmu` [ RunTime:0.0100s ]
SQL: SELECT COUNT(*) AS tp_count FROM `one_xiangmu` WHERE `company` = '交通商务办' LIMIT 1   [ RunTime:0.0010s ]
SQL: SELECT `id`,`name`,`fenlei`,`location`,`company`,`man`,`phone`,`work_progress`,`next_plan`,`problem`,`help`,`action`,`major`,`major2`,`major3`,`major4`,`haimian`,`shenpi`,`user_uid`,`time`,`create_time`,`construction_year`,`construction_content`,`current_week`,`finish_time1`,`finish_time2`,`finish_time3`,`finish_time4`,`finish_time5`,`finish_time6`,`finish_time7`,`finish_time8`,`finish_time9`,`finish_time10`,`finish_time11`,`plan_01`,`plan_02`,`plan_03`,`plan_04`,`plan_05`,`plan_06`,`plan_07`,`money_need`,`next_year_plan`,`money_need_next`,`total_money` FROM `one_xiangmu` WHERE `company` = '交通商务办' ORDER BY create_time LIMIT 0,15   [ RunTime:0.0010s ]
INFO: [ view_parse ] --START--
INFO: [ template_filter ] --START--
INFO: Run Behavior\ContentReplaceBehavior [ RunTime:0.000000s ]
INFO: [ template_filter ] --END-- [ RunTime:0.000000s ]
NOTIC: [8] Undefined variable: company E:\phpStudy\WWW\aaaa\Runtime\Cache\Admin\a8bf980459f97aec2f325996f8275549.php 第 110 行.
NOTIC: [8] Undefined variable: q E:\phpStudy\WWW\aaaa\Runtime\Cache\Admin\a8bf980459f97aec2f325996f8275549.php 第 117 行.
NOTIC: [8] Undefined index: finsih_time6 E:\phpStudy\WWW\aaaa\Runtime\Cache\Admin\a8bf980459f97aec2f325996f8275549.php 第 288 行.
NOTIC: [8] Undefined index: finsih_time7 E:\phpStudy\WWW\aaaa\Runtime\Cache\Admin\a8bf980459f97aec2f325996f8275549.php 第 289 行.
NOTIC: [8] Undefined index: finsih_time8 E:\phpStudy\WWW\aaaa\Runtime\Cache\Admin\a8bf980459f97aec2f325996f8275549.php 第 290 行.
NOTIC: [8] Undefined index: finsih_time9 E:\phpStudy\WWW\aaaa\Runtime\Cache\Admin\a8bf980459f97aec2f325996f8275549.php 第 291 行.
NOTIC: [8] Undefined index: finsih_time10 E:\phpStudy\WWW\aaaa\Runtime\Cache\Admin\a8bf980459f97aec2f325996f8275549.php 第 292 行.
NOTIC: [8] Undefined index: finsih_time11 E:\phpStudy\WWW\aaaa\Runtime\Cache\Admin\a8bf980459f97aec2f325996f8275549.php 第 293 行.
INFO: Run Behavior\ParseTemplateBehavior [ RunTime:0.036000s ]
INFO: [ view_parse ] --END-- [ RunTime:0.036000s ]
INFO: [ view_filter ] --START--
INFO: Run Behavior\WriteHtmlCacheBehavior [ RunTime:0.000000s ]
INFO: [ view_filter ] --END-- [ RunTime:0.000000s ]
INFO: [ app_end ] --START--
INFO: Run Behavior\ShowPageTraceBehavior [ RunTime:0.001000s ]
INFO: [ app_end ] --END-- [ RunTime:0.001000s ]

[ 2016-12-01T10:53:05+08:00 ] ::1 /aaaa/admin.php?s=/Xiangmu/jiaotong.html
INFO: [ app_init ] --START--
INFO: Run Behavior\BuildLiteBehavior [ RunTime:0.000000s ]
INFO: Run Common\Behavior\InitHookBehavior [ RunTime:0.002000s ]
INFO: [ app_init ] --END-- [ RunTime:0.002000s ]
INFO: [ app_begin ] --START--
INFO: Run Behavior\ReadHtmlCacheBehavior [ RunTime:0.001000s ]
INFO: [ app_begin ] --END-- [ RunTime:0.001000s ]
NOTIC: [2048] Declaration of Admin\Controller\XiangmuController::delete() should be compatible with Admin\Controller\AdminController::delete($model, $where = Array, $msg = Array) E:\phpStudy\WWW\aaaa\Application\Admin\Controller\XiangmuController.class.php 第 22 行.
SQL: SHOW COLUMNS FROM `one_xiangmu_fenlei` [ RunTime:0.0150s ]
SQL: SELECT * FROM `one_xiangmu_fenlei`  [ RunTime:0.0000s ]
SQL: SHOW COLUMNS FROM `one_xiangmu` [ RunTime:0.0170s ]
SQL: SHOW COLUMNS FROM `one_xiangmu` [ RunTime:0.0170s ]
SQL: SELECT COUNT(*) AS tp_count FROM `one_xiangmu` WHERE `company` = '交通商务办' LIMIT 1   [ RunTime:0.0010s ]
SQL: SELECT `id`,`name`,`fenlei`,`location`,`company`,`man`,`phone`,`work_progress`,`next_plan`,`problem`,`help`,`action`,`major`,`major2`,`major3`,`major4`,`haimian`,`shenpi`,`user_uid`,`time`,`create_time`,`construction_year`,`construction_content`,`current_week`,`finish_time1`,`finish_time2`,`finish_time3`,`finish_time4`,`finish_time5`,`finish_time6`,`finish_time7`,`finish_time8`,`finish_time9`,`finish_time10`,`finish_time11`,`plan_01`,`plan_02`,`plan_03`,`plan_04`,`plan_05`,`plan_06`,`plan_07`,`money_need`,`next_year_plan`,`money_need_next`,`total_money` FROM `one_xiangmu` WHERE `company` = '交通商务办' ORDER BY create_time LIMIT 0,15   [ RunTime:0.0010s ]
INFO: [ view_parse ] --START--
INFO: [ template_filter ] --START--
INFO: Run Behavior\ContentReplaceBehavior [ RunTime:0.001000s ]
INFO: [ template_filter ] --END-- [ RunTime:0.001000s ]
NOTIC: [8] Undefined variable: company E:\phpStudy\WWW\aaaa\Runtime\Cache\Admin\a8bf980459f97aec2f325996f8275549.php 第 110 行.
NOTIC: [8] Undefined variable: q E:\phpStudy\WWW\aaaa\Runtime\Cache\Admin\a8bf980459f97aec2f325996f8275549.php 第 117 行.
NOTIC: [8] Undefined index: finsih_time6 E:\phpStudy\WWW\aaaa\Runtime\Cache\Admin\a8bf980459f97aec2f325996f8275549.php 第 288 行.
NOTIC: [8] Undefined index: finsih_time7 E:\phpStudy\WWW\aaaa\Runtime\Cache\Admin\a8bf980459f97aec2f325996f8275549.php 第 289 行.
NOTIC: [8] Undefined index: finsih_time8 E:\phpStudy\WWW\aaaa\Runtime\Cache\Admin\a8bf980459f97aec2f325996f8275549.php 第 290 行.
NOTIC: [8] Undefined index: finsih_time9 E:\phpStudy\WWW\aaaa\Runtime\Cache\Admin\a8bf980459f97aec2f325996f8275549.php 第 291 行.
NOTIC: [8] Undefined index: finsih_time10 E:\phpStudy\WWW\aaaa\Runtime\Cache\Admin\a8bf980459f97aec2f325996f8275549.php 第 292 行.
NOTIC: [8] Undefined index: finsih_time11 E:\phpStudy\WWW\aaaa\Runtime\Cache\Admin\a8bf980459f97aec2f325996f8275549.php 第 293 行.
INFO: Run Behavior\ParseTemplateBehavior [ RunTime:0.035000s ]
INFO: [ view_parse ] --END-- [ RunTime:0.035000s ]
INFO: [ view_filter ] --START--
INFO: Run Behavior\WriteHtmlCacheBehavior [ RunTime:0.000000s ]
INFO: [ view_filter ] --END-- [ RunTime:0.000000s ]
INFO: [ app_end ] --START--
INFO: Run Behavior\ShowPageTraceBehavior [ RunTime:0.000000s ]
INFO: [ app_end ] --END-- [ RunTime:0.000000s ]

[ 2016-12-01T10:53:06+08:00 ] ::1 /aaaa/admin.php?s=/Xiangmu/shengtai.html
INFO: [ app_init ] --START--
INFO: Run Behavior\BuildLiteBehavior [ RunTime:0.000000s ]
INFO: Run Common\Behavior\InitHookBehavior [ RunTime:0.002000s ]
INFO: [ app_init ] --END-- [ RunTime:0.002000s ]
INFO: [ app_begin ] --START--
INFO: Run Behavior\ReadHtmlCacheBehavior [ RunTime:0.001000s ]
INFO: [ app_begin ] --END-- [ RunTime:0.001000s ]
NOTIC: [2048] Declaration of Admin\Controller\XiangmuController::delete() should be compatible with Admin\Controller\AdminController::delete($model, $where = Array, $msg = Array) E:\phpStudy\WWW\aaaa\Application\Admin\Controller\XiangmuController.class.php 第 22 行.
SQL: SHOW COLUMNS FROM `one_xiangmu_fenlei` [ RunTime:0.0180s ]
SQL: SELECT * FROM `one_xiangmu_fenlei`  [ RunTime:0.0010s ]
SQL: SHOW COLUMNS FROM `one_xiangmu` [ RunTime:0.0170s ]
SQL: SHOW COLUMNS FROM `one_xiangmu` [ RunTime:0.0100s ]
SQL: SELECT COUNT(*) AS tp_count FROM `one_xiangmu` WHERE `company` = '生态商住办' LIMIT 1   [ RunTime:0.0000s ]
SQL: SELECT `id`,`name`,`fenlei`,`location`,`company`,`man`,`phone`,`work_progress`,`next_plan`,`problem`,`help`,`action`,`major`,`major2`,`major3`,`major4`,`haimian`,`shenpi`,`user_uid`,`time`,`create_time`,`construction_year`,`construction_content`,`current_week`,`finish_time1`,`finish_time2`,`finish_time3`,`finish_time4`,`finish_time5`,`finish_time6`,`finish_time7`,`finish_time8`,`finish_time9`,`finish_time10`,`finish_time11`,`plan_01`,`plan_02`,`plan_03`,`plan_04`,`plan_05`,`plan_06`,`plan_07`,`money_need`,`next_year_plan`,`money_need_next`,`total_money` FROM `one_xiangmu` WHERE `company` = '生态商住办' ORDER BY create_time LIMIT 0,15   [ RunTime:0.0010s ]
INFO: [ view_parse ] --START--
INFO: [ template_filter ] --START--
INFO: Run Behavior\ContentReplaceBehavior [ RunTime:0.001000s ]
INFO: [ template_filter ] --END-- [ RunTime:0.001000s ]
NOTIC: [8] Undefined variable: company E:\phpStudy\WWW\aaaa\Runtime\Cache\Admin\901056704b5105b36b04cab3b29bc2d0.php 第 110 行.
NOTIC: [8] Undefined variable: q E:\phpStudy\WWW\aaaa\Runtime\Cache\Admin\901056704b5105b36b04cab3b29bc2d0.php 第 117 行.
INFO: Run Behavior\ParseTemplateBehavior [ RunTime:0.046000s ]
INFO: [ view_parse ] --END-- [ RunTime:0.046000s ]
INFO: [ view_filter ] --START--
INFO: Run Behavior\WriteHtmlCacheBehavior [ RunTime:0.001000s ]
INFO: [ view_filter ] --END-- [ RunTime:0.001000s ]
INFO: [ app_end ] --START--
INFO: Run Behavior\ShowPageTraceBehavior [ RunTime:0.001000s ]
INFO: [ app_end ] --END-- [ RunTime:0.001000s ]

[ 2016-12-01T10:54:19+08:00 ] ::1 /aaaa/admin.php?s=/Xiangmu/company.html
INFO: [ app_init ] --START--
INFO: Run Behavior\BuildLiteBehavior [ RunTime:0.000000s ]
INFO: Run Common\Behavior\InitHookBehavior [ RunTime:0.001000s ]
INFO: [ app_init ] --END-- [ RunTime:0.002000s ]
INFO: [ app_begin ] --START--
INFO: Run Behavior\ReadHtmlCacheBehavior [ RunTime:0.000000s ]
INFO: [ app_begin ] --END-- [ RunTime:0.000000s ]
NOTIC: [2048] Declaration of Admin\Controller\XiangmuController::delete() should be compatible with Admin\Controller\AdminController::delete($model, $where = Array, $msg = Array) E:\phpStudy\WWW\aaaa\Application\Admin\Controller\XiangmuController.class.php 第 22 行.
SQL: SHOW COLUMNS FROM `one_duty` [ RunTime:0.0190s ]
SQL: SHOW COLUMNS FROM `one_member` [ RunTime:0.0180s ]
SQL: SHOW COLUMNS FROM `one_duty_member` [ RunTime:0.0310s ]
SQL: SELECT * FROM `one_duty`  [ RunTime:0.0010s ]
SQL: SELECT `nickname` FROM `one_member` WHERE `uid` = 18  [ RunTime:0.0000s ]
SQL: SELECT `nickname` FROM `one_member` WHERE `uid` = 11  [ RunTime:0.0000s ]
SQL: SELECT `nickname` FROM `one_member` WHERE `uid` = 20  [ RunTime:0.0010s ]
SQL: SELECT `nickname` FROM `one_member` WHERE `uid` = 21  [ RunTime:0.0010s ]
SQL: SELECT `nickname` FROM `one_member` WHERE `uid` = 22  [ RunTime:0.0000s ]
SQL: SELECT `nickname` FROM `one_member` WHERE `uid` = 23  [ RunTime:0.0000s ]
SQL: SELECT `nickname` FROM `one_member` WHERE `uid` = 24  [ RunTime:0.0010s ]
SQL: SELECT `nickname` FROM `one_member` WHERE `uid` = 25  [ RunTime:0.0000s ]
NOTIC: [8] Undefined variable: result E:\phpStudy\WWW\aaaa\Application\Admin\Controller\XiangmuController.class.php 第 2898 行.
INFO: [ view_parse ] --START--
INFO: [ template_filter ] --START--
INFO: Run Behavior\ContentReplaceBehavior [ RunTime:0.000000s ]
INFO: [ template_filter ] --END-- [ RunTime:0.001000s ]
INFO: Run Behavior\ParseTemplateBehavior [ RunTime:0.033000s ]
INFO: [ view_parse ] --END-- [ RunTime:0.033000s ]
INFO: [ view_filter ] --START--
INFO: Run Behavior\WriteHtmlCacheBehavior [ RunTime:0.001000s ]
INFO: [ view_filter ] --END-- [ RunTime:0.001000s ]
INFO: [ app_end ] --START--
INFO: Run Behavior\ShowPageTraceBehavior [ RunTime:0.002000s ]
INFO: [ app_end ] --END-- [ RunTime:0.002000s ]

[ 2016-12-01T10:56:23+08:00 ] ::1 /aaaa/admin.php?s=/Xiangmu/xiandai.html
INFO: [ app_init ] --START--
INFO: Run Behavior\BuildLiteBehavior [ RunTime:0.000000s ]
INFO: Run Common\Behavior\InitHookBehavior [ RunTime:0.004000s ]
INFO: [ app_init ] --END-- [ RunTime:0.005000s ]
INFO: [ app_begin ] --START--
INFO: Run Behavior\ReadHtmlCacheBehavior [ RunTime:0.000000s ]
INFO: [ app_begin ] --END-- [ RunTime:0.001000s ]
NOTIC: [2048] Declaration of Admin\Controller\XiangmuController::delete() should be compatible with Admin\Controller\AdminController::delete($model, $where = Array, $msg = Array) E:\phpStudy\WWW\aaaa\Application\Admin\Controller\XiangmuController.class.php 第 22 行.
SQL: SHOW COLUMNS FROM `one_xiangmu_fenlei` [ RunTime:0.0190s ]
SQL: SELECT * FROM `one_xiangmu_fenlei`  [ RunTime:0.0000s ]
SQL: SHOW COLUMNS FROM `one_xiangmu` [ RunTime:0.0120s ]
SQL: SHOW COLUMNS FROM `one_xiangmu` [ RunTime:0.0100s ]
SQL: SELECT COUNT(*) AS tp_count FROM `one_xiangmu` WHERE `company` = '现代商贸办' LIMIT 1   [ RunTime:0.0000s ]
SQL: SELECT `id`,`name`,`fenlei`,`location`,`company`,`man`,`phone`,`work_progress`,`next_plan`,`problem`,`help`,`action`,`major`,`major2`,`major3`,`major4`,`haimian`,`shenpi`,`user_uid`,`time`,`create_time`,`construction_year`,`construction_content`,`current_week`,`finish_time1`,`finish_time2`,`finish_time3`,`finish_time4`,`finish_time5`,`finish_time6`,`finish_time7`,`finish_time8`,`finish_time9`,`finish_time10`,`finish_time11`,`plan_01`,`plan_02`,`plan_03`,`plan_04`,`plan_05`,`plan_06`,`plan_07`,`money_need`,`next_year_plan`,`money_need_next`,`total_money` FROM `one_xiangmu` WHERE `company` = '现代商贸办' ORDER BY create_time LIMIT 0,15   [ RunTime:0.0010s ]
INFO: [ view_parse ] --START--
INFO: [ template_filter ] --START--
INFO: Run Behavior\ContentReplaceBehavior [ RunTime:0.001000s ]
INFO: [ template_filter ] --END-- [ RunTime:0.001000s ]
NOTIC: [8] Undefined variable: company E:\phpStudy\WWW\aaaa\Runtime\Cache\Admin\9514ca61d59b6978f91e877a4949927f.php 第 110 行.
NOTIC: [8] Undefined variable: q E:\phpStudy\WWW\aaaa\Runtime\Cache\Admin\9514ca61d59b6978f91e877a4949927f.php 第 117 行.
INFO: Run Behavior\ParseTemplateBehavior [ RunTime:0.051000s ]
INFO: [ view_parse ] --END-- [ RunTime:0.051000s ]
INFO: [ view_filter ] --START--
INFO: Run Behavior\WriteHtmlCacheBehavior [ RunTime:0.000000s ]
INFO: [ view_filter ] --END-- [ RunTime:0.000000s ]
INFO: [ app_end ] --START--
INFO: Run Behavior\ShowPageTraceBehavior [ RunTime:0.001000s ]
INFO: [ app_end ] --END-- [ RunTime:0.001000s ]

[ 2016-12-01T10:56:24+08:00 ] ::1 /aaaa/admin.php?s=/Xiangmu/jiaotong.html
INFO: [ app_init ] --START--
INFO: Run Behavior\BuildLiteBehavior [ RunTime:0.000000s ]
INFO: Run Common\Behavior\InitHookBehavior [ RunTime:0.003000s ]
INFO: [ app_init ] --END-- [ RunTime:0.004000s ]
INFO: [ app_begin ] --START--
INFO: Run Behavior\ReadHtmlCacheBehavior [ RunTime:0.001000s ]
INFO: [ app_begin ] --END-- [ RunTime:0.001000s ]
NOTIC: [2048] Declaration of Admin\Controller\XiangmuController::delete() should be compatible with Admin\Controller\AdminController::delete($model, $where = Array, $msg = Array) E:\phpStudy\WWW\aaaa\Application\Admin\Controller\XiangmuController.class.php 第 22 行.
SQL: SHOW COLUMNS FROM `one_xiangmu_fenlei` [ RunTime:0.0190s ]
SQL: SELECT * FROM `one_xiangmu_fenlei`  [ RunTime:0.0000s ]
SQL: SHOW COLUMNS FROM `one_xiangmu` [ RunTime:0.0170s ]
SQL: SHOW COLUMNS FROM `one_xiangmu` [ RunTime:0.0120s ]
SQL: SELECT COUNT(*) AS tp_count FROM `one_xiangmu` WHERE `company` = '交通商务办' LIMIT 1   [ RunTime:0.0010s ]
SQL: SELECT `id`,`name`,`fenlei`,`location`,`company`,`man`,`phone`,`work_progress`,`next_plan`,`problem`,`help`,`action`,`major`,`major2`,`major3`,`major4`,`haimian`,`shenpi`,`user_uid`,`time`,`create_time`,`construction_year`,`construction_content`,`current_week`,`finish_time1`,`finish_time2`,`finish_time3`,`finish_time4`,`finish_time5`,`finish_time6`,`finish_time7`,`finish_time8`,`finish_time9`,`finish_time10`,`finish_time11`,`plan_01`,`plan_02`,`plan_03`,`plan_04`,`plan_05`,`plan_06`,`plan_07`,`money_need`,`next_year_plan`,`money_need_next`,`total_money` FROM `one_xiangmu` WHERE `company` = '交通商务办' ORDER BY create_time LIMIT 0,15   [ RunTime:0.0000s ]
INFO: [ view_parse ] --START--
INFO: [ template_filter ] --START--
INFO: Run Behavior\ContentReplaceBehavior [ RunTime:0.001000s ]
INFO: [ template_filter ] --END-- [ RunTime:0.001000s ]
NOTIC: [8] Undefined variable: company E:\phpStudy\WWW\aaaa\Runtime\Cache\Admin\a8bf980459f97aec2f325996f8275549.php 第 110 行.
NOTIC: [8] Undefined variable: q E:\phpStudy\WWW\aaaa\Runtime\Cache\Admin\a8bf980459f97aec2f325996f8275549.php 第 117 行.
NOTIC: [8] Undefined index: finsih_time6 E:\phpStudy\WWW\aaaa\Runtime\Cache\Admin\a8bf980459f97aec2f325996f8275549.php 第 288 行.
NOTIC: [8] Undefined index: finsih_time7 E:\phpStudy\WWW\aaaa\Runtime\Cache\Admin\a8bf980459f97aec2f325996f8275549.php 第 289 行.
NOTIC: [8] Undefined index: finsih_time8 E:\phpStudy\WWW\aaaa\Runtime\Cache\Admin\a8bf980459f97aec2f325996f8275549.php 第 290 行.
NOTIC: [8] Undefined index: finsih_time9 E:\phpStudy\WWW\aaaa\Runtime\Cache\Admin\a8bf980459f97aec2f325996f8275549.php 第 291 行.
NOTIC: [8] Undefined index: finsih_time10 E:\phpStudy\WWW\aaaa\Runtime\Cache\Admin\a8bf980459f97aec2f325996f8275549.php 第 292 行.
NOTIC: [8] Undefined index: finsih_time11 E:\phpStudy\WWW\aaaa\Runtime\Cache\Admin\a8bf980459f97aec2f325996f8275549.php 第 293 行.
INFO: Run Behavior\ParseTemplateBehavior [ RunTime:0.024000s ]
INFO: [ view_parse ] --END-- [ RunTime:0.024000s ]
INFO: [ view_filter ] --START--
INFO: Run Behavior\WriteHtmlCacheBehavior [ RunTime:0.000000s ]
INFO: [ view_filter ] --END-- [ RunTime:0.000000s ]
INFO: [ app_end ] --START--
INFO: Run Behavior\ShowPageTraceBehavior [ RunTime:0.000000s ]
INFO: [ app_end ] --END-- [ RunTime:0.000000s ]

[ 2016-12-01T10:56:26+08:00 ] ::1 /aaaa/admin.php?s=/Xiangmu/index.html
INFO: [ app_init ] --START--
INFO: Run Behavior\BuildLiteBehavior [ RunTime:0.000000s ]
INFO: Run Common\Behavior\InitHookBehavior [ RunTime:0.001000s ]
INFO: [ app_init ] --END-- [ RunTime:0.001000s ]
INFO: [ app_begin ] --START--
INFO: Run Behavior\ReadHtmlCacheBehavior [ RunTime:0.000000s ]
INFO: [ app_begin ] --END-- [ RunTime:0.000000s ]
NOTIC: [2048] Declaration of Admin\Controller\XiangmuController::delete() should be compatible with Admin\Controller\AdminController::delete($model, $where = Array, $msg = Array) E:\phpStudy\WWW\aaaa\Application\Admin\Controller\XiangmuController.class.php 第 22 行.
SQL: SHOW COLUMNS FROM `one_xiangmu` [ RunTime:0.0210s ]
SQL: SELECT * FROM `one_xiangmu`  [ RunTime:0.0010s ]
NOTIC: [8] Undefined variable: i E:\phpStudy\WWW\aaaa\Application\Admin\Controller\XiangmuController.class.php 第 77 行.
NOTIC: [8] Undefined variable: i E:\phpStudy\WWW\aaaa\Application\Admin\Controller\XiangmuController.class.php 第 77 行.
NOTIC: [8] Undefined variable: i E:\phpStudy\WWW\aaaa\Application\Admin\Controller\XiangmuController.class.php 第 79 行.
NOTIC: [8] Undefined offset: -1 E:\phpStudy\WWW\aaaa\Application\Admin\Controller\XiangmuController.class.php 第 79 行.
NOTIC: [8] Undefined variable: i E:\phpStudy\WWW\aaaa\Application\Admin\Controller\XiangmuController.class.php 第 79 行.
NOTIC: [8] Undefined variable: i E:\phpStudy\WWW\aaaa\Application\Admin\Controller\XiangmuController.class.php 第 77 行.
SQL: SHOW COLUMNS FROM `one_duty` [ RunTime:0.0110s ]
SQL: SELECT * FROM `one_duty`  [ RunTime:0.0000s ]
NOTIC: [8] Undefined offset: -1 E:\phpStudy\WWW\aaaa\Application\Admin\Controller\XiangmuController.class.php 第 110 行.
SQL: SHOW COLUMNS FROM `one_xiangmu_fenlei` [ RunTime:0.0100s ]
SQL: SELECT * FROM `one_xiangmu_fenlei`  [ RunTime:0.0010s ]
SQL: SHOW COLUMNS FROM `one_xiangmu` [ RunTime:0.0060s ]
SQL: SELECT COUNT(*) AS tp_count FROM `one_xiangmu` LIMIT 1   [ RunTime:0.0000s ]
SQL: SELECT `id`,`name`,`fenlei`,`location`,`company`,`man`,`phone`,`work_progress`,`next_plan`,`problem`,`help`,`action`,`major`,`major2`,`major3`,`major4`,`haimian`,`shenpi`,`user_uid`,`time`,`create_time`,`construction_year`,`construction_content`,`current_week`,`finish_time1`,`finish_time2`,`finish_time3`,`finish_time4`,`finish_time5`,`finish_time6`,`finish_time7`,`finish_time8`,`finish_time9`,`finish_time10`,`finish_time11`,`plan_01`,`plan_02`,`plan_03`,`plan_04`,`plan_05`,`plan_06`,`plan_07`,`money_need`,`next_year_plan`,`money_need_next`,`total_money` FROM `one_xiangmu` ORDER BY create_time desc LIMIT 0,15   [ RunTime:0.0010s ]
INFO: [ view_parse ] --START--
INFO: [ template_filter ] --START--
INFO: Run Behavior\ContentReplaceBehavior [ RunTime:0.000000s ]
INFO: [ template_filter ] --END-- [ RunTime:0.000000s ]
INFO: Run Behavior\ParseTemplateBehavior [ RunTime:0.014000s ]
INFO: [ view_parse ] --END-- [ RunTime:0.014000s ]
INFO: [ view_filter ] --START--
INFO: Run Behavior\WriteHtmlCacheBehavior [ RunTime:0.000000s ]
INFO: [ view_filter ] --END-- [ RunTime:0.000000s ]
INFO: [ app_end ] --START--
INFO: Run Behavior\ShowPageTraceBehavior [ RunTime:0.000000s ]
INFO: [ app_end ] --END-- [ RunTime:0.001000s ]

[ 2016-12-01T10:56:28+08:00 ] ::1 /aaaa/admin.php?s=/Xiangmu/company.html
INFO: [ app_init ] --START--
INFO: Run Behavior\BuildLiteBehavior [ RunTime:0.000000s ]
INFO: Run Common\Behavior\InitHookBehavior [ RunTime:0.001000s ]
INFO: [ app_init ] --END-- [ RunTime:0.001000s ]
INFO: [ app_begin ] --START--
INFO: Run Behavior\ReadHtmlCacheBehavior [ RunTime:0.001000s ]
INFO: [ app_begin ] --END-- [ RunTime:0.001000s ]
NOTIC: [2048] Declaration of Admin\Controller\XiangmuController::delete() should be compatible with Admin\Controller\AdminController::delete($model, $where = Array, $msg = Array) E:\phpStudy\WWW\aaaa\Application\Admin\Controller\XiangmuController.class.php 第 22 行.
SQL: SHOW COLUMNS FROM `one_duty` [ RunTime:0.0200s ]
SQL: SHOW COLUMNS FROM `one_member` [ RunTime:0.0140s ]
SQL: SHOW COLUMNS FROM `one_duty_member` [ RunTime:0.0100s ]
SQL: SELECT * FROM `one_duty`  [ RunTime:0.0000s ]
SQL: SELECT `nickname` FROM `one_member` WHERE `uid` = 18  [ RunTime:0.0010s ]
SQL: SELECT `nickname` FROM `one_member` WHERE `uid` = 11  [ RunTime:0.0000s ]
SQL: SELECT `nickname` FROM `one_member` WHERE `uid` = 20  [ RunTime:0.0010s ]
SQL: SELECT `nickname` FROM `one_member` WHERE `uid` = 21  [ RunTime:0.0000s ]
SQL: SELECT `nickname` FROM `one_member` WHERE `uid` = 22  [ RunTime:0.0000s ]
SQL: SELECT `nickname` FROM `one_member` WHERE `uid` = 23  [ RunTime:0.0000s ]
SQL: SELECT `nickname` FROM `one_member` WHERE `uid` = 24  [ RunTime:0.0010s ]
SQL: SELECT `nickname` FROM `one_member` WHERE `uid` = 25  [ RunTime:0.0000s ]
NOTIC: [8] Undefined variable: result E:\phpStudy\WWW\aaaa\Application\Admin\Controller\XiangmuController.class.php 第 2898 行.
INFO: [ view_parse ] --START--
INFO: [ template_filter ] --START--
INFO: Run Behavior\ContentReplaceBehavior [ RunTime:0.000000s ]
INFO: [ template_filter ] --END-- [ RunTime:0.000000s ]
INFO: Run Behavior\ParseTemplateBehavior [ RunTime:0.015000s ]
INFO: [ view_parse ] --END-- [ RunTime:0.015000s ]
INFO: [ view_filter ] --START--
INFO: Run Behavior\WriteHtmlCacheBehavior [ RunTime:0.001000s ]
INFO: [ view_filter ] --END-- [ RunTime:0.001000s ]
INFO: [ app_end ] --START--
INFO: Run Behavior\ShowPageTraceBehavior [ RunTime:0.000000s ]
INFO: [ app_end ] --END-- [ RunTime:0.000000s ]

[ 2016-12-01T10:56:29+08:00 ] ::1 /aaaa/admin.php?s=/Xiangmu/company.html
INFO: [ app_init ] --START--
INFO: Run Behavior\BuildLiteBehavior [ RunTime:0.000000s ]
INFO: Run Common\Behavior\InitHookBehavior [ RunTime:0.003000s ]
INFO: [ app_init ] --END-- [ RunTime:0.004000s ]
INFO: [ app_begin ] --START--
INFO: Run Behavior\ReadHtmlCacheBehavior [ RunTime:0.001000s ]
INFO: [ app_begin ] --END-- [ RunTime:0.001000s ]
NOTIC: [2048] Declaration of Admin\Controller\XiangmuController::delete() should be compatible with Admin\Controller\AdminController::delete($model, $where = Array, $msg = Array) E:\phpStudy\WWW\aaaa\Application\Admin\Controller\XiangmuController.class.php 第 22 行.
SQL: SHOW COLUMNS FROM `one_duty` [ RunTime:0.0170s ]
SQL: SHOW COLUMNS FROM `one_member` [ RunTime:0.0160s ]
SQL: SHOW COLUMNS FROM `one_duty_member` [ RunTime:0.0110s ]
SQL: SELECT * FROM `one_duty`  [ RunTime:0.0010s ]
SQL: SELECT `nickname` FROM `one_member` WHERE `uid` = 18  [ RunTime:0.0000s ]
SQL: SELECT `nickname` FROM `one_member` WHERE `uid` = 11  [ RunTime:0.0000s ]
SQL: SELECT `nickname` FROM `one_member` WHERE `uid` = 20  [ RunTime:0.0010s ]
SQL: SELECT `nickname` FROM `one_member` WHERE `uid` = 21  [ RunTime:0.0000s ]
SQL: SELECT `nickname` FROM `one_member` WHERE `uid` = 22  [ RunTime:0.0000s ]
SQL: SELECT `nickname` FROM `one_member` WHERE `uid` = 23  [ RunTime:0.0010s ]
SQL: SELECT `nickname` FROM `one_member` WHERE `uid` = 24  [ RunTime:0.0000s ]
SQL: SELECT `nickname` FROM `one_member` WHERE `uid` = 25  [ RunTime:0.0000s ]
NOTIC: [8] Undefined variable: result E:\phpStudy\WWW\aaaa\Application\Admin\Controller\XiangmuController.class.php 第 2898 行.
INFO: [ view_parse ] --START--
INFO: [ template_filter ] --START--
INFO: Run Behavior\ContentReplaceBehavior [ RunTime:0.000000s ]
INFO: [ template_filter ] --END-- [ RunTime:0.000000s ]
INFO: Run Behavior\ParseTemplateBehavior [ RunTime:0.013000s ]
INFO: [ view_parse ] --END-- [ RunTime:0.013000s ]
INFO: [ view_filter ] --START--
INFO: Run Behavior\WriteHtmlCacheBehavior [ RunTime:0.001000s ]
INFO: [ view_filter ] --END-- [ RunTime:0.001000s ]
INFO: [ app_end ] --START--
INFO: Run Behavior\ShowPageTraceBehavior [ RunTime:0.000000s ]
INFO: [ app_end ] --END-- [ RunTime:0.000000s ]

[ 2016-12-01T10:56:55+08:00 ] ::1 /aaaa/admin.php?s=/Xiangmu/new_1.html
INFO: [ app_init ] --START--
INFO: Run Behavior\BuildLiteBehavior [ RunTime:0.000000s ]
INFO: Run Common\Behavior\InitHookBehavior [ RunTime:0.002000s ]
INFO: [ app_init ] --END-- [ RunTime:0.003000s ]
INFO: [ app_begin ] --START--
INFO: Run Behavior\ReadHtmlCacheBehavior [ RunTime:0.001000s ]
INFO: [ app_begin ] --END-- [ RunTime:0.001000s ]
NOTIC: [2048] Declaration of Admin\Controller\XiangmuController::delete() should be compatible with Admin\Controller\AdminController::delete($model, $where = Array, $msg = Array) E:\phpStudy\WWW\aaaa\Application\Admin\Controller\XiangmuController.class.php 第 22 行.
SQL: SHOW COLUMNS FROM `one_xiangmu` [ RunTime:0.0170s ]
SQL: SHOW COLUMNS FROM `one_xiangmu_copy` [ RunTime:0.0480s ]
SQL: SHOW COLUMNS FROM `one_xiangmu_first` [ RunTime:0.0270s ]
SQL: SHOW COLUMNS FROM `one_duty` [ RunTime:0.0090s ]
SQL: SELECT * FROM `one_duty`  [ RunTime:0.0010s ]
NOTIC: [8] Undefined offset: -1 E:\phpStudy\WWW\aaaa\Application\Admin\Controller\XiangmuController.class.php 第 110 行.
SQL: SHOW COLUMNS FROM `one_xiangmu_fenlei` [ RunTime:0.0090s ]
SQL: SELECT * FROM `one_xiangmu_fenlei`  [ RunTime:0.0000s ]
INFO: [ view_parse ] --START--
INFO: [ template_filter ] --START--
INFO: Run Behavior\ContentReplaceBehavior [ RunTime:0.000000s ]
INFO: [ template_filter ] --END-- [ RunTime:0.000000s ]
NOTIC: [8] Use of undefined constant Xiangmu - assumed 'Xiangmu' E:\phpStudy\WWW\aaaa\Runtime\Cache\Admin\a0223ff119eb4b1539729d1c4bcd795d.php 第 90 行.
NOTIC: [8] Use of undefined constant xinjian - assumed 'xinjian' E:\phpStudy\WWW\aaaa\Runtime\Cache\Admin\a0223ff119eb4b1539729d1c4bcd795d.php 第 90 行.
NOTIC: [2] Division by zero E:\phpStudy\WWW\aaaa\Runtime\Cache\Admin\a0223ff119eb4b1539729d1c4bcd795d.php 第 90 行.
NOTIC: [8] Undefined index: name E:\phpStudy\WWW\aaaa\Runtime\Cache\Admin\a0223ff119eb4b1539729d1c4bcd795d.php 第 94 行.
NOTIC: [8] Undefined variable: result_1 E:\phpStudy\WWW\aaaa\Runtime\Cache\Admin\a0223ff119eb4b1539729d1c4bcd795d.php 第 116 行.
NOTIC: [8] Undefined variable: result_1 E:\phpStudy\WWW\aaaa\Runtime\Cache\Admin\a0223ff119eb4b1539729d1c4bcd795d.php 第 146 行.
NOTIC: [8] Undefined variable: result_1 E:\phpStudy\WWW\aaaa\Runtime\Cache\Admin\a0223ff119eb4b1539729d1c4bcd795d.php 第 154 行.
NOTIC: [8] Undefined variable: result_1 E:\phpStudy\WWW\aaaa\Runtime\Cache\Admin\a0223ff119eb4b1539729d1c4bcd795d.php 第 161 行.
NOTIC: [8] Undefined variable: result_1 E:\phpStudy\WWW\aaaa\Runtime\Cache\Admin\a0223ff119eb4b1539729d1c4bcd795d.php 第 169 行.
NOTIC: [8] Undefined variable: result_1 E:\phpStudy\WWW\aaaa\Runtime\Cache\Admin\a0223ff119eb4b1539729d1c4bcd795d.php 第 174 行.
NOTIC: [8] Undefined variable: result_1 E:\phpStudy\WWW\aaaa\Runtime\Cache\Admin\a0223ff119eb4b1539729d1c4bcd795d.php 第 182 行.
NOTIC: [8] Undefined variable: result_1 E:\phpStudy\WWW\aaaa\Runtime\Cache\Admin\a0223ff119eb4b1539729d1c4bcd795d.php 第 189 行.
NOTIC: [8] Undefined variable: result_1 E:\phpStudy\WWW\aaaa\Runtime\Cache\Admin\a0223ff119eb4b1539729d1c4bcd795d.php 第 196 行.
NOTIC: [8] Undefined variable: result_1 E:\phpStudy\WWW\aaaa\Runtime\Cache\Admin\a0223ff119eb4b1539729d1c4bcd795d.php 第 202 行.
NOTIC: [8] Undefined variable: result_1 E:\phpStudy\WWW\aaaa\Runtime\Cache\Admin\a0223ff119eb4b1539729d1c4bcd795d.php 第 208 行.
NOTIC: [8] Undefined variable: result_1 E:\phpStudy\WWW\aaaa\Runtime\Cache\Admin\a0223ff119eb4b1539729d1c4bcd795d.php 第 215 行.
NOTIC: [8] Undefined variable: result_1 E:\phpStudy\WWW\aaaa\Runtime\Cache\Admin\a0223ff119eb4b1539729d1c4bcd795d.php 第 223 行.
NOTIC: [8] Undefined variable: result_1 E:\phpStudy\WWW\aaaa\Runtime\Cache\Admin\a0223ff119eb4b1539729d1c4bcd795d.php 第 231 行.
NOTIC: [8] Undefined variable: result_1 E:\phpStudy\WWW\aaaa\Runtime\Cache\Admin\a0223ff119eb4b1539729d1c4bcd795d.php 第 239 行.
NOTIC: [8] Undefined variable: result_1 E:\phpStudy\WWW\aaaa\Runtime\Cache\Admin\a0223ff119eb4b1539729d1c4bcd795d.php 第 247 行.
NOTIC: [8] Undefined variable: result_1 E:\phpStudy\WWW\aaaa\Runtime\Cache\Admin\a0223ff119eb4b1539729d1c4bcd795d.php 第 255 行.
NOTIC: [8] Undefined variable: result_1 E:\phpStudy\WWW\aaaa\Runtime\Cache\Admin\a0223ff119eb4b1539729d1c4bcd795d.php 第 263 行.
NOTIC: [8] Undefined variable: result_1 E:\phpStudy\WWW\aaaa\Runtime\Cache\Admin\a0223ff119eb4b1539729d1c4bcd795d.php 第 271 行.
NOTIC: [8] Undefined variable: result_1 E:\phpStudy\WWW\aaaa\Runtime\Cache\Admin\a0223ff119eb4b1539729d1c4bcd795d.php 第 279 行.
NOTIC: [8] Undefined variable: result_1 E:\phpStudy\WWW\aaaa\Runtime\Cache\Admin\a0223ff119eb4b1539729d1c4bcd795d.php 第 287 行.
NOTIC: [8] Undefined variable: result_1 E:\phpStudy\WWW\aaaa\Runtime\Cache\Admin\a0223ff119eb4b1539729d1c4bcd795d.php 第 295 行.
NOTIC: [8] Undefined variable: result_1 E:\phpStudy\WWW\aaaa\Runtime\Cache\Admin\a0223ff119eb4b1539729d1c4bcd795d.php 第 305 行.
NOTIC: [8] Undefined variable: result_1 E:\phpStudy\WWW\aaaa\Runtime\Cache\Admin\a0223ff119eb4b1539729d1c4bcd795d.php 第 313 行.
NOTIC: [8] Undefined variable: result_1 E:\phpStudy\WWW\aaaa\Runtime\Cache\Admin\a0223ff119eb4b1539729d1c4bcd795d.php 第 321 行.
NOTIC: [8] Undefined variable: result_1 E:\phpStudy\WWW\aaaa\Runtime\Cache\Admin\a0223ff119eb4b1539729d1c4bcd795d.php 第 329 行.
NOTIC: [8] Undefined variable: result_1 E:\phpStudy\WWW\aaaa\Runtime\Cache\Admin\a0223ff119eb4b1539729d1c4bcd795d.php 第 337 行.
NOTIC: [8] Undefined variable: result_1 E:\phpStudy\WWW\aaaa\Runtime\Cache\Admin\a0223ff119eb4b1539729d1c4bcd795d.php 第 345 行.
NOTIC: [8] Undefined variable: result_1 E:\phpStudy\WWW\aaaa\Runtime\Cache\Admin\a0223ff119eb4b1539729d1c4bcd795d.php 第 352 行.
NOTIC: [8] Undefined variable: result_1 E:\phpStudy\WWW\aaaa\Runtime\Cache\Admin\a0223ff119eb4b1539729d1c4bcd795d.php 第 360 行.
NOTIC: [8] Undefined variable: result_1 E:\phpStudy\WWW\aaaa\Runtime\Cache\Admin\a0223ff119eb4b1539729d1c4bcd795d.php 第 368 行.
NOTIC: [8] Undefined variable: r1 E:\phpStudy\WWW\aaaa\Runtime\Cache\Admin\a0223ff119eb4b1539729d1c4bcd795d.php 第 376 行.
NOTIC: [8] Undefined variable: r1 E:\phpStudy\WWW\aaaa\Runtime\Cache\Admin\a0223ff119eb4b1539729d1c4bcd795d.php 第 379 行.
NOTIC: [8] Undefined variable: r1 E:\phpStudy\WWW\aaaa\Runtime\Cache\Admin\a0223ff119eb4b1539729d1c4bcd795d.php 第 383 行.
NOTIC: [8] Undefined variable: r1 E:\phpStudy\WWW\aaaa\Runtime\Cache\Admin\a0223ff119eb4b1539729d1c4bcd795d.php 第 394 行.
NOTIC: [8] Undefined variable: r1 E:\phpStudy\WWW\aaaa\Runtime\Cache\Admin\a0223ff119eb4b1539729d1c4bcd795d.php 第 400 行.
NOTIC: [8] Undefined variable: r1 E:\phpStudy\WWW\aaaa\Runtime\Cache\Admin\a0223ff119eb4b1539729d1c4bcd795d.php 第 406 行.
NOTIC: [8] Undefined variable: r1 E:\phpStudy\WWW\aaaa\Runtime\Cache\Admin\a0223ff119eb4b1539729d1c4bcd795d.php 第 412 行.
NOTIC: [8] Undefined variable: r1 E:\phpStudy\WWW\aaaa\Runtime\Cache\Admin\a0223ff119eb4b1539729d1c4bcd795d.php 第 418 行.
NOTIC: [8] Undefined variable: r1 E:\phpStudy\WWW\aaaa\Runtime\Cache\Admin\a0223ff119eb4b1539729d1c4bcd795d.php 第 424 行.
INFO: Run Behavior\ParseTemplateBehavior [ RunTime:0.024000s ]
INFO: [ view_parse ] --END-- [ RunTime:0.025000s ]
INFO: [ view_filter ] --START--
INFO: Run Behavior\WriteHtmlCacheBehavior [ RunTime:0.000000s ]
INFO: [ view_filter ] --END-- [ RunTime:0.000000s ]
INFO: [ app_end ] --START--
INFO: Run Behavior\ShowPageTraceBehavior [ RunTime:0.000000s ]
INFO: [ app_end ] --END-- [ RunTime:0.000000s ]

[ 2016-12-01T10:56:58+08:00 ] ::1 /aaaa/admin.php?s=/Xiangmu/chengjian.html
INFO: [ app_init ] --START--
INFO: Run Behavior\BuildLiteBehavior [ RunTime:0.000000s ]
INFO: Run Common\Behavior\InitHookBehavior [ RunTime:0.002000s ]
INFO: [ app_init ] --END-- [ RunTime:0.002000s ]
INFO: [ app_begin ] --START--
INFO: Run Behavior\ReadHtmlCacheBehavior [ RunTime:0.001000s ]
INFO: [ app_begin ] --END-- [ RunTime:0.001000s ]
NOTIC: [2048] Declaration of Admin\Controller\XiangmuController::delete() should be compatible with Admin\Controller\AdminController::delete($model, $where = Array, $msg = Array) E:\phpStudy\WWW\aaaa\Application\Admin\Controller\XiangmuController.class.php 第 22 行.
SQL: SHOW COLUMNS FROM `one_xiangmu_fenlei` [ RunTime:0.0180s ]
SQL: SELECT * FROM `one_xiangmu_fenlei`  [ RunTime:0.0000s ]
SQL: SHOW COLUMNS FROM `one_xiangmu` [ RunTime:0.0170s ]
SQL: SHOW COLUMNS FROM `one_xiangmu` [ RunTime:0.0160s ]
SQL: SELECT COUNT(*) AS tp_count FROM `one_xiangmu` WHERE `company` = '城建公司' LIMIT 1   [ RunTime:0.0000s ]
SQL: SELECT `id`,`name`,`fenlei`,`location`,`company`,`man`,`phone`,`work_progress`,`next_plan`,`problem`,`help`,`action`,`major`,`major2`,`major3`,`major4`,`haimian`,`shenpi`,`user_uid`,`time`,`create_time`,`construction_year`,`construction_content`,`current_week`,`finish_time1`,`finish_time2`,`finish_time3`,`finish_time4`,`finish_time5`,`finish_time6`,`finish_time7`,`finish_time8`,`finish_time9`,`finish_time10`,`finish_time11`,`plan_01`,`plan_02`,`plan_03`,`plan_04`,`plan_05`,`plan_06`,`plan_07`,`money_need`,`next_year_plan`,`money_need_next`,`total_money` FROM `one_xiangmu` WHERE `company` = '城建公司' ORDER BY create_time LIMIT 0,15   [ RunTime:0.0010s ]
INFO: [ view_parse ] --START--
INFO: [ template_filter ] --START--
INFO: Run Behavior\ContentReplaceBehavior [ RunTime:0.001000s ]
INFO: [ template_filter ] --END-- [ RunTime:0.001000s ]
NOTIC: [8] Undefined variable: company E:\phpStudy\WWW\aaaa\Runtime\Cache\Admin\6983ae02a846b0dfa8728ef5b33043c6.php 第 110 行.
NOTIC: [8] Undefined variable: q E:\phpStudy\WWW\aaaa\Runtime\Cache\Admin\6983ae02a846b0dfa8728ef5b33043c6.php 第 117 行.
NOTIC: [2] Illegal string offset 'name' E:\phpStudy\WWW\aaaa\Runtime\Cache\Admin\6983ae02a846b0dfa8728ef5b33043c6.php 第 195 行.
NOTIC: [2] Illegal string offset 'name' E:\phpStudy\WWW\aaaa\Runtime\Cache\Admin\6983ae02a846b0dfa8728ef5b33043c6.php 第 195 行.
NOTIC: [2] Illegal string offset 'name' E:\phpStudy\WWW\aaaa\Runtime\Cache\Admin\6983ae02a846b0dfa8728ef5b33043c6.php 第 195 行.
NOTIC: [2] Illegal string offset 'name' E:\phpStudy\WWW\aaaa\Runtime\Cache\Admin\6983ae02a846b0dfa8728ef5b33043c6.php 第 195 行.
NOTIC: [2] Illegal string offset 'name' E:\phpStudy\WWW\aaaa\Runtime\Cache\Admin\6983ae02a846b0dfa8728ef5b33043c6.php 第 195 行.
NOTIC: [2] Illegal string offset 'name' E:\phpStudy\WWW\aaaa\Runtime\Cache\Admin\6983ae02a846b0dfa8728ef5b33043c6.php 第 195 行.
INFO: Run Behavior\ParseTemplateBehavior [ RunTime:0.064000s ]
INFO: [ view_parse ] --END-- [ RunTime:0.065000s ]
INFO: [ view_filter ] --START--
INFO: Run Behavior\WriteHtmlCacheBehavior [ RunTime:0.001000s ]
INFO: [ view_filter ] --END-- [ RunTime:0.001000s ]
INFO: [ app_end ] --START--
INFO: Run Behavior\ShowPageTraceBehavior [ RunTime:0.001000s ]
INFO: [ app_end ] --END-- [ RunTime:0.001000s ]

[ 2016-12-01T10:57:00+08:00 ] ::1 /aaaa/admin.php?s=/Xiangmu/haichuang.html
INFO: [ app_init ] --START--
INFO: Run Behavior\BuildLiteBehavior [ RunTime:0.000000s ]
INFO: Run Common\Behavior\InitHookBehavior [ RunTime:0.002000s ]
INFO: [ app_init ] --END-- [ RunTime:0.003000s ]
INFO: [ app_begin ] --START--
INFO: Run Behavior\ReadHtmlCacheBehavior [ RunTime:0.000000s ]
INFO: [ app_begin ] --END-- [ RunTime:0.000000s ]
NOTIC: [2048] Declaration of Admin\Controller\XiangmuController::delete() should be compatible with Admin\Controller\AdminController::delete($model, $where = Array, $msg = Array) E:\phpStudy\WWW\aaaa\Application\Admin\Controller\XiangmuController.class.php 第 22 行.
SQL: SHOW COLUMNS FROM `one_xiangmu_fenlei` [ RunTime:0.0190s ]
SQL: SELECT * FROM `one_xiangmu_fenlei`  [ RunTime:0.0010s ]
SQL: SHOW COLUMNS FROM `one_xiangmu` [ RunTime:0.0130s ]
SQL: SHOW COLUMNS FROM `one_xiangmu` [ RunTime:0.0110s ]
SQL: SELECT COUNT(*) AS tp_count FROM `one_xiangmu` WHERE `company` = '海创公司' LIMIT 1   [ RunTime:0.0000s ]
SQL: SELECT `id`,`name`,`fenlei`,`location`,`company`,`man`,`phone`,`work_progress`,`next_plan`,`problem`,`help`,`action`,`major`,`major2`,`major3`,`major4`,`haimian`,`shenpi`,`user_uid`,`time`,`create_time`,`construction_year`,`construction_content`,`current_week`,`finish_time1`,`finish_time2`,`finish_time3`,`finish_time4`,`finish_time5`,`finish_time6`,`finish_time7`,`finish_time8`,`finish_time9`,`finish_time10`,`finish_time11`,`plan_01`,`plan_02`,`plan_03`,`plan_04`,`plan_05`,`plan_06`,`plan_07`,`money_need`,`next_year_plan`,`money_need_next`,`total_money` FROM `one_xiangmu` WHERE `company` = '海创公司' ORDER BY create_time LIMIT 0,15   [ RunTime:0.0010s ]
INFO: [ view_parse ] --START--
INFO: [ template_filter ] --START--
INFO: Run Behavior\ContentReplaceBehavior [ RunTime:0.000000s ]
INFO: [ template_filter ] --END-- [ RunTime:0.000000s ]
NOTIC: [8] Undefined variable: company E:\phpStudy\WWW\aaaa\Runtime\Cache\Admin\1b44df30321b6eec8dab8544e6962544.php 第 110 行.
NOTIC: [8] Undefined variable: q E:\phpStudy\WWW\aaaa\Runtime\Cache\Admin\1b44df30321b6eec8dab8544e6962544.php 第 117 行.
INFO: Run Behavior\ParseTemplateBehavior [ RunTime:0.039000s ]
INFO: [ view_parse ] --END-- [ RunTime:0.039000s ]
INFO: [ view_filter ] --START--
INFO: Run Behavior\WriteHtmlCacheBehavior [ RunTime:0.000000s ]
INFO: [ view_filter ] --END-- [ RunTime:0.000000s ]
INFO: [ app_end ] --START--
INFO: Run Behavior\ShowPageTraceBehavior [ RunTime:0.001000s ]
INFO: [ app_end ] --END-- [ RunTime:0.001000s ]

[ 2016-12-01T10:57:02+08:00 ] ::1 /aaaa/admin.php?s=/Xiangmu/xiandai.html
INFO: [ app_init ] --START--
INFO: Run Behavior\BuildLiteBehavior [ RunTime:0.000000s ]
INFO: Run Common\Behavior\InitHookBehavior [ RunTime:0.002000s ]
INFO: [ app_init ] --END-- [ RunTime:0.003000s ]
INFO: [ app_begin ] --START--
INFO: Run Behavior\ReadHtmlCacheBehavior [ RunTime:0.001000s ]
INFO: [ app_begin ] --END-- [ RunTime:0.001000s ]
NOTIC: [2048] Declaration of Admin\Controller\XiangmuController::delete() should be compatible with Admin\Controller\AdminController::delete($model, $where = Array, $msg = Array) E:\phpStudy\WWW\aaaa\Application\Admin\Controller\XiangmuController.class.php 第 22 行.
SQL: SHOW COLUMNS FROM `one_xiangmu_fenlei` [ RunTime:0.0170s ]
SQL: SELECT * FROM `one_xiangmu_fenlei`  [ RunTime:0.0010s ]
SQL: SHOW COLUMNS FROM `one_xiangmu` [ RunTime:0.0150s ]
SQL: SHOW COLUMNS FROM `one_xiangmu` [ RunTime:0.0100s ]
SQL: SELECT COUNT(*) AS tp_count FROM `one_xiangmu` WHERE `company` = '现代商贸办' LIMIT 1   [ RunTime:0.0000s ]
SQL: SELECT `id`,`name`,`fenlei`,`location`,`company`,`man`,`phone`,`work_progress`,`next_plan`,`problem`,`help`,`action`,`major`,`major2`,`major3`,`major4`,`haimian`,`shenpi`,`user_uid`,`time`,`create_time`,`construction_year`,`construction_content`,`current_week`,`finish_time1`,`finish_time2`,`finish_time3`,`finish_time4`,`finish_time5`,`finish_time6`,`finish_time7`,`finish_time8`,`finish_time9`,`finish_time10`,`finish_time11`,`plan_01`,`plan_02`,`plan_03`,`plan_04`,`plan_05`,`plan_06`,`plan_07`,`money_need`,`next_year_plan`,`money_need_next`,`total_money` FROM `one_xiangmu` WHERE `company` = '现代商贸办' ORDER BY create_time LIMIT 0,15   [ RunTime:0.0000s ]
INFO: [ view_parse ] --START--
INFO: [ template_filter ] --START--
INFO: Run Behavior\ContentReplaceBehavior [ RunTime:0.001000s ]
INFO: [ template_filter ] --END-- [ RunTime:0.001000s ]
NOTIC: [8] Undefined variable: company E:\phpStudy\WWW\aaaa\Runtime\Cache\Admin\9514ca61d59b6978f91e877a4949927f.php 第 110 行.
NOTIC: [8] Undefined variable: q E:\phpStudy\WWW\aaaa\Runtime\Cache\Admin\9514ca61d59b6978f91e877a4949927f.php 第 117 行.
INFO: Run Behavior\ParseTemplateBehavior [ RunTime:0.029000s ]
INFO: [ view_parse ] --END-- [ RunTime:0.029000s ]
INFO: [ view_filter ] --START--
INFO: Run Behavior\WriteHtmlCacheBehavior [ RunTime:0.000000s ]
INFO: [ view_filter ] --END-- [ RunTime:0.001000s ]
INFO: [ app_end ] --START--
INFO: Run Behavior\ShowPageTraceBehavior [ RunTime:0.000000s ]
INFO: [ app_end ] --END-- [ RunTime:0.001000s ]

[ 2016-12-01T10:57:03+08:00 ] ::1 /aaaa/admin.php?s=/Xiangmu/xiandai.html
INFO: [ app_init ] --START--
INFO: Run Behavior\BuildLiteBehavior [ RunTime:0.000000s ]
INFO: Run Common\Behavior\InitHookBehavior [ RunTime:0.004000s ]
INFO: [ app_init ] --END-- [ RunTime:0.004000s ]
INFO: [ app_begin ] --START--
INFO: Run Behavior\ReadHtmlCacheBehavior [ RunTime:0.001000s ]
INFO: [ app_begin ] --END-- [ RunTime:0.001000s ]
NOTIC: [2048] Declaration of Admin\Controller\XiangmuController::delete() should be compatible with Admin\Controller\AdminController::delete($model, $where = Array, $msg = Array) E:\phpStudy\WWW\aaaa\Application\Admin\Controller\XiangmuController.class.php 第 22 行.
SQL: SHOW COLUMNS FROM `one_xiangmu_fenlei` [ RunTime:0.0120s ]
SQL: SELECT * FROM `one_xiangmu_fenlei`  [ RunTime:0.0010s ]
SQL: SHOW COLUMNS FROM `one_xiangmu` [ RunTime:0.0120s ]
SQL: SHOW COLUMNS FROM `one_xiangmu` [ RunTime:0.0130s ]
SQL: SELECT COUNT(*) AS tp_count FROM `one_xiangmu` WHERE `company` = '现代商贸办' LIMIT 1   [ RunTime:0.0000s ]
SQL: SELECT `id`,`name`,`fenlei`,`location`,`company`,`man`,`phone`,`work_progress`,`next_plan`,`problem`,`help`,`action`,`major`,`major2`,`major3`,`major4`,`haimian`,`shenpi`,`user_uid`,`time`,`create_time`,`construction_year`,`construction_content`,`current_week`,`finish_time1`,`finish_time2`,`finish_time3`,`finish_time4`,`finish_time5`,`finish_time6`,`finish_time7`,`finish_time8`,`finish_time9`,`finish_time10`,`finish_time11`,`plan_01`,`plan_02`,`plan_03`,`plan_04`,`plan_05`,`plan_06`,`plan_07`,`money_need`,`next_year_plan`,`money_need_next`,`total_money` FROM `one_xiangmu` WHERE `company` = '现代商贸办' ORDER BY create_time LIMIT 0,15   [ RunTime:0.0010s ]
INFO: [ view_parse ] --START--
INFO: [ template_filter ] --START--
INFO: Run Behavior\ContentReplaceBehavior [ RunTime:0.001000s ]
INFO: [ template_filter ] --END-- [ RunTime:0.001000s ]
NOTIC: [8] Undefined variable: company E:\phpStudy\WWW\aaaa\Runtime\Cache\Admin\9514ca61d59b6978f91e877a4949927f.php 第 110 行.
NOTIC: [8] Undefined variable: q E:\phpStudy\WWW\aaaa\Runtime\Cache\Admin\9514ca61d59b6978f91e877a4949927f.php 第 117 行.
INFO: Run Behavior\ParseTemplateBehavior [ RunTime:0.025000s ]
INFO: [ view_parse ] --END-- [ RunTime:0.025000s ]
INFO: [ view_filter ] --START--
INFO: Run Behavior\WriteHtmlCacheBehavior [ RunTime:0.000000s ]
INFO: [ view_filter ] --END-- [ RunTime:0.000000s ]
INFO: [ app_end ] --START--
INFO: Run Behavior\ShowPageTraceBehavior [ RunTime:0.001000s ]
INFO: [ app_end ] --END-- [ RunTime:0.001000s ]

[ 2016-12-01T10:57:04+08:00 ] ::1 /aaaa/admin.php?s=/Xiangmu/company.html
INFO: [ app_init ] --START--
INFO: Run Behavior\BuildLiteBehavior [ RunTime:0.001000s ]
INFO: Run Common\Behavior\InitHookBehavior [ RunTime:0.001000s ]
INFO: [ app_init ] --END-- [ RunTime:0.002000s ]
INFO: [ app_begin ] --START--
INFO: Run Behavior\ReadHtmlCacheBehavior [ RunTime:0.000000s ]
INFO: [ app_begin ] --END-- [ RunTime:0.001000s ]
NOTIC: [2048] Declaration of Admin\Controller\XiangmuController::delete() should be compatible with Admin\Controller\AdminController::delete($model, $where = Array, $msg = Array) E:\phpStudy\WWW\aaaa\Application\Admin\Controller\XiangmuController.class.php 第 22 行.
SQL: SHOW COLUMNS FROM `one_duty` [ RunTime:0.0200s ]
SQL: SHOW COLUMNS FROM `one_member` [ RunTime:0.0160s ]
SQL: SHOW COLUMNS FROM `one_duty_member` [ RunTime:0.0130s ]
SQL: SELECT * FROM `one_duty`  [ RunTime:0.0000s ]
SQL: SELECT `nickname` FROM `one_member` WHERE `uid` = 18  [ RunTime:0.0010s ]
SQL: SELECT `nickname` FROM `one_member` WHERE `uid` = 11  [ RunTime:0.0000s ]
SQL: SELECT `nickname` FROM `one_member` WHERE `uid` = 20  [ RunTime:0.0000s ]
SQL: SELECT `nickname` FROM `one_member` WHERE `uid` = 21  [ RunTime:0.0000s ]
SQL: SELECT `nickname` FROM `one_member` WHERE `uid` = 22  [ RunTime:0.0000s ]
SQL: SELECT `nickname` FROM `one_member` WHERE `uid` = 23  [ RunTime:0.0000s ]
SQL: SELECT `nickname` FROM `one_member` WHERE `uid` = 24  [ RunTime:0.0000s ]
SQL: SELECT `nickname` FROM `one_member` WHERE `uid` = 25  [ RunTime:0.0010s ]
NOTIC: [8] Undefined variable: result E:\phpStudy\WWW\aaaa\Application\Admin\Controller\XiangmuController.class.php 第 2898 行.
INFO: [ view_parse ] --START--
INFO: [ template_filter ] --START--
INFO: Run Behavior\ContentReplaceBehavior [ RunTime:0.001000s ]
INFO: [ template_filter ] --END-- [ RunTime:0.001000s ]
INFO: Run Behavior\ParseTemplateBehavior [ RunTime:0.019000s ]
INFO: [ view_parse ] --END-- [ RunTime:0.019000s ]
INFO: [ view_filter ] --START--
INFO: Run Behavior\WriteHtmlCacheBehavior [ RunTime:0.000000s ]
INFO: [ view_filter ] --END-- [ RunTime:0.000000s ]
INFO: [ app_end ] --START--
INFO: Run Behavior\ShowPageTraceBehavior [ RunTime:0.001000s ]
INFO: [ app_end ] --END-- [ RunTime:0.001000s ]

