[ 2016-10-19T16:01:48+08:00 ] ::1 /aaaa/admin.php
INFO: [ app_init ] --START--
INFO: Run Behavior\BuildLiteBehavior [ RunTime:0.000000s ]
INFO: Run Common\Behavior\InitHookBehavior [ RunTime:0.017000s ]
INFO: [ app_init ] --END-- [ RunTime:0.018000s ]
INFO: [ app_begin ] --START--
INFO: Run Behavior\ReadHtmlCacheBehavior [ RunTime:0.001000s ]
INFO: [ app_begin ] --END-- [ RunTime:0.001000s ]

[ 2016-10-19T16:01:48+08:00 ] ::1 /aaaa/admin.php?s=/Public/login.html
INFO: [ app_init ] --START--
INFO: Run Behavior\BuildLiteBehavior [ RunTime:0.000000s ]
INFO: Run Common\Behavior\InitHookBehavior [ RunTime:0.001000s ]
INFO: [ app_init ] --END-- [ RunTime:0.001000s ]
INFO: [ app_begin ] --START--
INFO: Run Behavior\ReadHtmlCacheBehavior [ RunTime:0.000000s ]
INFO: [ app_begin ] --END-- [ RunTime:0.000000s ]
INFO: [ view_parse ] --START--
INFO: [ template_filter ] --START--
INFO: Run Behavior\ContentReplaceBehavior [ RunTime:0.000000s ]
INFO: [ template_filter ] --END-- [ RunTime:0.000000s ]
INFO: Run Behavior\ParseTemplateBehavior [ RunTime:0.026000s ]
INFO: [ view_parse ] --END-- [ RunTime:0.026000s ]
INFO: [ view_filter ] --START--
INFO: Run Behavior\WriteHtmlCacheBehavior [ RunTime:0.000000s ]
INFO: [ view_filter ] --END-- [ RunTime:0.000000s ]
INFO: [ app_end ] --START--
INFO: Run Behavior\ShowPageTraceBehavior [ RunTime:0.001000s ]
INFO: [ app_end ] --END-- [ RunTime:0.001000s ]

[ 2016-10-19T16:01:48+08:00 ] ::1 /aaaa/admin.php?s=/Public/verify.html
INFO: [ app_init ] --START--
INFO: Run Behavior\BuildLiteBehavior [ RunTime:0.000000s ]
INFO: Run Common\Behavior\InitHookBehavior [ RunTime:0.001000s ]
INFO: [ app_init ] --END-- [ RunTime:0.001000s ]
INFO: [ app_begin ] --START--
INFO: Run Behavior\ReadHtmlCacheBehavior [ RunTime:0.000000s ]
INFO: [ app_begin ] --END-- [ RunTime:0.000000s ]
INFO: [ app_end ] --START--
INFO: Run Behavior\ShowPageTraceBehavior [ RunTime:0.001000s ]
INFO: [ app_end ] --END-- [ RunTime:0.001000s ]

[ 2016-10-19T16:01:56+08:00 ] ::1 /aaaa/admin.php?s=/Public/login.html
INFO: [ app_init ] --START--
INFO: Run Behavior\BuildLiteBehavior [ RunTime:0.000000s ]
INFO: Run Common\Behavior\InitHookBehavior [ RunTime:0.002000s ]
INFO: [ app_init ] --END-- [ RunTime:0.002000s ]
INFO: [ app_begin ] --START--
INFO: Run Behavior\ReadHtmlCacheBehavior [ RunTime:0.001000s ]
INFO: [ app_begin ] --END-- [ RunTime:0.001000s ]

[ 2016-10-19T16:01:56+08:00 ] ::1 /aaaa/admin.php?s=/Public/verify.html&random=0.9678243447656927
INFO: [ app_init ] --START--
INFO: Run Behavior\BuildLiteBehavior [ RunTime:0.000000s ]
INFO: Run Common\Behavior\InitHookBehavior [ RunTime:0.001000s ]
INFO: [ app_init ] --END-- [ RunTime:0.001000s ]
INFO: [ app_begin ] --START--
INFO: Run Behavior\ReadHtmlCacheBehavior [ RunTime:0.000000s ]
INFO: [ app_begin ] --END-- [ RunTime:0.000000s ]
INFO: [ app_end ] --START--
INFO: Run Behavior\ShowPageTraceBehavior [ RunTime:0.000000s ]
INFO: [ app_end ] --END-- [ RunTime:0.000000s ]

[ 2016-10-19T16:02:05+08:00 ] ::1 /aaaa/admin.php?s=/Public/login.html
INFO: [ app_init ] --START--
INFO: Run Behavior\BuildLiteBehavior [ RunTime:0.000000s ]
INFO: Run Common\Behavior\InitHookBehavior [ RunTime:0.002000s ]
INFO: [ app_init ] --END-- [ RunTime:0.002000s ]
INFO: [ app_begin ] --START--
INFO: Run Behavior\ReadHtmlCacheBehavior [ RunTime:0.001000s ]
INFO: [ app_begin ] --END-- [ RunTime:0.001000s ]

[ 2016-10-19T16:02:05+08:00 ] ::1 /aaaa/admin.php?s=/Public/verify.html&random=0.5049665037746678
INFO: [ app_init ] --START--
INFO: Run Behavior\BuildLiteBehavior [ RunTime:0.000000s ]
INFO: Run Common\Behavior\InitHookBehavior [ RunTime:0.001000s ]
INFO: [ app_init ] --END-- [ RunTime:0.002000s ]
INFO: [ app_begin ] --START--
INFO: Run Behavior\ReadHtmlCacheBehavior [ RunTime:0.000000s ]
INFO: [ app_begin ] --END-- [ RunTime:0.000000s ]
INFO: [ app_end ] --START--
INFO: Run Behavior\ShowPageTraceBehavior [ RunTime:0.000000s ]
INFO: [ app_end ] --END-- [ RunTime:0.000000s ]

[ 2016-10-19T16:02:12+08:00 ] ::1 /aaaa/admin.php?s=/Public/login.html
INFO: [ app_init ] --START--
INFO: Run Behavior\BuildLiteBehavior [ RunTime:0.000000s ]
INFO: Run Common\Behavior\InitHookBehavior [ RunTime:0.001000s ]
INFO: [ app_init ] --END-- [ RunTime:0.001000s ]
INFO: [ app_begin ] --START--
INFO: Run Behavior\ReadHtmlCacheBehavior [ RunTime:0.000000s ]
INFO: [ app_begin ] --END-- [ RunTime:0.000000s ]
SQL: SHOW COLUMNS FROM `one_member` [ RunTime:0.0030s ]
SQL: SELECT `uid`,`nickname`,`work_place`,`first_time`,`qq`,`score`,`login`,`reg_ip`,`reg_time`,`last_login_ip`,`last_login_time`,`status` FROM `one_member` WHERE `uid` = 1 LIMIT 1   [ RunTime:0.0070s ]
SQL: SHOW COLUMNS FROM `one_action` [ RunTime:0.0100s ]
SQL: SELECT * FROM `one_action` WHERE `name` = 'user_login' LIMIT 1   [ RunTime:0.0000s ]
SQL: SHOW COLUMNS FROM `one_action_log` [ RunTime:0.0030s ]
SQL: INSERT INTO `one_action_log` (`action_id`,`user_id`,`action_ip`,`model`,`record_id`,`create_time`,`remark`) VALUES ('1','1','0','member','1','1476864131','gaoyuan在2016-10-19 16:02登录了后台') [ RunTime:0.0110s ]
SQL: SELECT * FROM `one_action` WHERE `name` = 'user_login' LIMIT 1   [ RunTime:0.0000s ]
NOTIC: [8] Undefined offset: 1 E:\phpStudy\WWW\aaaa\Application\Common\Common\function.php 第 679 行.
NOTIC: [2] array_key_exists() expects parameter 2 to be array, null given E:\phpStudy\WWW\aaaa\Application\Common\Common\function.php 第 679 行.
SQL: SELECT COUNT(*) AS tp_count FROM `one_action_log` WHERE `action_id` = 1 AND `user_id` = 1 AND `create_time` > 1476777731 LIMIT 1   [ RunTime:0.0320s ]
SQL: SHOW COLUMNS FROM `one_member` [ RunTime:0.0020s ]
SQL: UPDATE `one_member` SET `score`=score+10 WHERE ( uid=1 AND status>-1 ) [ RunTime:0.0000s ]
SQL: UPDATE `one_member` SET `login`=`login`+1,`last_login_time`='1476864131',`last_login_ip`='0' WHERE `uid` = 1 [ RunTime:0.0010s ]

[ 2016-10-19T16:02:13+08:00 ] ::1 /aaaa/admin.php?s=/Xiangmu/index.html
INFO: [ app_init ] --START--
INFO: Run Behavior\BuildLiteBehavior [ RunTime:0.000000s ]
INFO: Run Common\Behavior\InitHookBehavior [ RunTime:0.001000s ]
INFO: [ app_init ] --END-- [ RunTime:0.001000s ]
INFO: [ app_begin ] --START--
INFO: Run Behavior\ReadHtmlCacheBehavior [ RunTime:0.000000s ]
INFO: [ app_begin ] --END-- [ RunTime:0.000000s ]
NOTIC: [2048] Declaration of Admin\Controller\XiangmuController::delete() should be compatible with Admin\Controller\AdminController::delete($model, $where = Array, $msg = Array) E:\phpStudy\WWW\aaaa\Application\Admin\Controller\XiangmuController.class.php 第 21 行.
SQL: SHOW COLUMNS FROM `one_menu` [ RunTime:0.0030s ]
SQL: SELECT `id`,`title`,`url` FROM `one_menu` WHERE `pid` = 0 AND `hide` = 0 ORDER BY sort asc  [ RunTime:0.0150s ]
SQL: SELECT `pid` FROM `one_menu` WHERE ( pid !=0 AND url like '%Xiangmu/index%' ) LIMIT 1   [ RunTime:0.0010s ]
SQL: SELECT * FROM `one_menu` WHERE `id` = 124 LIMIT 1   [ RunTime:0.0000s ]
SQL: SELECT DISTINCT  `group` FROM `one_menu` WHERE `group` <> '' AND `pid` = 124  [ RunTime:0.0010s ]
SQL: SELECT `id`,`url` FROM `one_menu` WHERE `pid` = 124 AND `hide` = 0  [ RunTime:0.0000s ]
SQL: SELECT `id`,`pid`,`title`,`url`,`tip` FROM `one_menu` WHERE `group` = '项目管理' AND `pid` = 124 AND `hide` = 0 ORDER BY sort asc  [ RunTime:0.0000s ]
SQL: SELECT `id`,`pid`,`title`,`url`,`tip` FROM `one_menu` WHERE `group` = '责任单位' AND `pid` = 124 AND `hide` = 0 ORDER BY sort asc  [ RunTime:0.0000s ]
SQL: SELECT `id`,`pid`,`title`,`url`,`tip` FROM `one_menu` WHERE `group` = '打印' AND `pid` = 124 AND `hide` = 0 ORDER BY sort asc  [ RunTime:0.0000s ]
SQL: SELECT `id`,`pid`,`title`,`url`,`tip` FROM `one_menu` WHERE `group` = '单位编辑' AND `pid` = 124 AND `hide` = 0 ORDER BY sort asc  [ RunTime:0.0010s ]
SQL: SELECT `id`,`pid`,`title`,`url`,`tip` FROM `one_menu` WHERE `group` = '单位删除' AND `pid` = 124 AND `hide` = 0 ORDER BY sort asc  [ RunTime:0.0000s ]
SQL: SHOW COLUMNS FROM `one_xiangmu` [ RunTime:0.0120s ]
SQL: SELECT * FROM `one_xiangmu`  [ RunTime:0.0010s ]
NOTIC: [8] Undefined variable: i E:\phpStudy\WWW\aaaa\Application\Admin\Controller\XiangmuController.class.php 第 76 行.
NOTIC: [8] Undefined variable: i E:\phpStudy\WWW\aaaa\Application\Admin\Controller\XiangmuController.class.php 第 76 行.
NOTIC: [8] Undefined variable: i E:\phpStudy\WWW\aaaa\Application\Admin\Controller\XiangmuController.class.php 第 78 行.
NOTIC: [8] Undefined offset: -1 E:\phpStudy\WWW\aaaa\Application\Admin\Controller\XiangmuController.class.php 第 78 行.
NOTIC: [8] Undefined variable: i E:\phpStudy\WWW\aaaa\Application\Admin\Controller\XiangmuController.class.php 第 78 行.
NOTIC: [8] Undefined variable: i E:\phpStudy\WWW\aaaa\Application\Admin\Controller\XiangmuController.class.php 第 76 行.
SQL: SHOW COLUMNS FROM `one_duty` [ RunTime:0.0100s ]
SQL: SELECT * FROM `one_duty`  [ RunTime:0.0010s ]
NOTIC: [8] Undefined offset: -1 E:\phpStudy\WWW\aaaa\Application\Admin\Controller\XiangmuController.class.php 第 109 行.
SQL: SHOW COLUMNS FROM `one_xiangmu_fenlei` [ RunTime:0.0030s ]
SQL: SELECT * FROM `one_xiangmu_fenlei`  [ RunTime:0.0000s ]
SQL: SHOW COLUMNS FROM `one_xiangmu` [ RunTime:0.0020s ]
SQL: SELECT COUNT(*) AS tp_count FROM `one_xiangmu` LIMIT 1   [ RunTime:0.0010s ]
SQL: SELECT `id`,`name`,`fenlei`,`location`,`company`,`man`,`phone`,`work_progress`,`next_plan`,`problem`,`help`,`action`,`major`,`major2`,`major3`,`major4`,`haimian`,`shenpi`,`user_uid`,`time`,`create_time`,`construction_year`,`construction_content`,`current_week`,`finish_time1`,`finish_time2`,`finish_time3`,`finish_time4`,`finish_time5`,`finish_time6`,`finish_time7`,`finish_time8`,`finish_time9`,`finish_time10`,`finish_time11`,`plan_01`,`plan_02`,`plan_03`,`plan_04`,`plan_05`,`plan_06`,`plan_07`,`money_need`,`next_year_plan`,`money_need_next`,`total_money` FROM `one_xiangmu` ORDER BY create_time desc LIMIT 0,15   [ RunTime:0.0000s ]
INFO: [ view_parse ] --START--
INFO: [ template_filter ] --START--
INFO: Run Behavior\ContentReplaceBehavior [ RunTime:0.000000s ]
INFO: [ template_filter ] --END-- [ RunTime:0.000000s ]
INFO: Run Behavior\ParseTemplateBehavior [ RunTime:0.029000s ]
INFO: [ view_parse ] --END-- [ RunTime:0.030000s ]
INFO: [ view_filter ] --START--
INFO: Run Behavior\WriteHtmlCacheBehavior [ RunTime:0.000000s ]
INFO: [ view_filter ] --END-- [ RunTime:0.000000s ]
INFO: [ app_end ] --START--
INFO: Run Behavior\ShowPageTraceBehavior [ RunTime:0.000000s ]
INFO: [ app_end ] --END-- [ RunTime:0.000000s ]

[ 2016-10-19T16:04:49+08:00 ] ::1 /aaaa/admin.php?s=/Xiangmu/index/pgv_pvi/1329485824/Hm_lvt_90c03209a96512a48c732354120dc956/1476149731%2C1476162890/PHPSESSID/pt74ld2db11kil2cbvqbsu5pe1/p/2.html
INFO: [ app_init ] --START--
INFO: Run Behavior\BuildLiteBehavior [ RunTime:0.000000s ]
INFO: Run Common\Behavior\InitHookBehavior [ RunTime:0.001000s ]
INFO: [ app_init ] --END-- [ RunTime:0.001000s ]
INFO: [ app_begin ] --START--
INFO: Run Behavior\ReadHtmlCacheBehavior [ RunTime:0.001000s ]
INFO: [ app_begin ] --END-- [ RunTime:0.001000s ]
NOTIC: [2048] Declaration of Admin\Controller\XiangmuController::delete() should be compatible with Admin\Controller\AdminController::delete($model, $where = Array, $msg = Array) E:\phpStudy\WWW\aaaa\Application\Admin\Controller\XiangmuController.class.php 第 21 行.
SQL: SHOW COLUMNS FROM `one_xiangmu` [ RunTime:0.0020s ]
SQL: SELECT * FROM `one_xiangmu`  [ RunTime:0.0010s ]
NOTIC: [8] Undefined variable: i E:\phpStudy\WWW\aaaa\Application\Admin\Controller\XiangmuController.class.php 第 76 行.
NOTIC: [8] Undefined variable: i E:\phpStudy\WWW\aaaa\Application\Admin\Controller\XiangmuController.class.php 第 76 行.
NOTIC: [8] Undefined variable: i E:\phpStudy\WWW\aaaa\Application\Admin\Controller\XiangmuController.class.php 第 78 行.
NOTIC: [8] Undefined offset: -1 E:\phpStudy\WWW\aaaa\Application\Admin\Controller\XiangmuController.class.php 第 78 行.
NOTIC: [8] Undefined variable: i E:\phpStudy\WWW\aaaa\Application\Admin\Controller\XiangmuController.class.php 第 78 行.
NOTIC: [8] Undefined variable: i E:\phpStudy\WWW\aaaa\Application\Admin\Controller\XiangmuController.class.php 第 76 行.
SQL: SHOW COLUMNS FROM `one_duty` [ RunTime:0.0010s ]
SQL: SELECT * FROM `one_duty`  [ RunTime:0.0000s ]
NOTIC: [8] Undefined offset: -1 E:\phpStudy\WWW\aaaa\Application\Admin\Controller\XiangmuController.class.php 第 109 行.
SQL: SHOW COLUMNS FROM `one_xiangmu_fenlei` [ RunTime:0.0010s ]
SQL: SELECT * FROM `one_xiangmu_fenlei`  [ RunTime:0.0000s ]
SQL: SHOW COLUMNS FROM `one_xiangmu` [ RunTime:0.0020s ]
SQL: SELECT COUNT(*) AS tp_count FROM `one_xiangmu` LIMIT 1   [ RunTime:0.0000s ]
SQL: SELECT `id`,`name`,`fenlei`,`location`,`company`,`man`,`phone`,`work_progress`,`next_plan`,`problem`,`help`,`action`,`major`,`major2`,`major3`,`major4`,`haimian`,`shenpi`,`user_uid`,`time`,`create_time`,`construction_year`,`construction_content`,`current_week`,`finish_time1`,`finish_time2`,`finish_time3`,`finish_time4`,`finish_time5`,`finish_time6`,`finish_time7`,`finish_time8`,`finish_time9`,`finish_time10`,`finish_time11`,`plan_01`,`plan_02`,`plan_03`,`plan_04`,`plan_05`,`plan_06`,`plan_07`,`money_need`,`next_year_plan`,`money_need_next`,`total_money` FROM `one_xiangmu` ORDER BY create_time desc LIMIT 15,15   [ RunTime:0.0010s ]
INFO: [ view_parse ] --START--
INFO: [ template_filter ] --START--
INFO: Run Behavior\ContentReplaceBehavior [ RunTime:0.000000s ]
INFO: [ template_filter ] --END-- [ RunTime:0.000000s ]
INFO: Run Behavior\ParseTemplateBehavior [ RunTime:0.012000s ]
INFO: [ view_parse ] --END-- [ RunTime:0.012000s ]
INFO: [ view_filter ] --START--
INFO: Run Behavior\WriteHtmlCacheBehavior [ RunTime:0.001000s ]
INFO: [ view_filter ] --END-- [ RunTime:0.001000s ]
INFO: [ app_end ] --START--
INFO: Run Behavior\ShowPageTraceBehavior [ RunTime:0.001000s ]
INFO: [ app_end ] --END-- [ RunTime:0.001000s ]

[ 2016-10-19T16:04:52+08:00 ] ::1 /aaaa/admin.php?s=/Xiangmu/index/pgv_pvi/1329485824/Hm_lvt_90c03209a96512a48c732354120dc956/1476149731%2C1476162890/PHPSESSID/pt74ld2db11kil2cbvqbsu5pe1/p/1.html
INFO: [ app_init ] --START--
INFO: Run Behavior\BuildLiteBehavior [ RunTime:0.000000s ]
INFO: Run Common\Behavior\InitHookBehavior [ RunTime:0.001000s ]
INFO: [ app_init ] --END-- [ RunTime:0.001000s ]
INFO: [ app_begin ] --START--
INFO: Run Behavior\ReadHtmlCacheBehavior [ RunTime:0.000000s ]
INFO: [ app_begin ] --END-- [ RunTime:0.000000s ]
NOTIC: [2048] Declaration of Admin\Controller\XiangmuController::delete() should be compatible with Admin\Controller\AdminController::delete($model, $where = Array, $msg = Array) E:\phpStudy\WWW\aaaa\Application\Admin\Controller\XiangmuController.class.php 第 21 行.
SQL: SHOW COLUMNS FROM `one_xiangmu` [ RunTime:0.0020s ]
SQL: SELECT * FROM `one_xiangmu`  [ RunTime:0.0000s ]
NOTIC: [8] Undefined variable: i E:\phpStudy\WWW\aaaa\Application\Admin\Controller\XiangmuController.class.php 第 76 行.
NOTIC: [8] Undefined variable: i E:\phpStudy\WWW\aaaa\Application\Admin\Controller\XiangmuController.class.php 第 76 行.
NOTIC: [8] Undefined variable: i E:\phpStudy\WWW\aaaa\Application\Admin\Controller\XiangmuController.class.php 第 78 行.
NOTIC: [8] Undefined offset: -1 E:\phpStudy\WWW\aaaa\Application\Admin\Controller\XiangmuController.class.php 第 78 行.
NOTIC: [8] Undefined variable: i E:\phpStudy\WWW\aaaa\Application\Admin\Controller\XiangmuController.class.php 第 78 行.
NOTIC: [8] Undefined variable: i E:\phpStudy\WWW\aaaa\Application\Admin\Controller\XiangmuController.class.php 第 76 行.
SQL: SHOW COLUMNS FROM `one_duty` [ RunTime:0.0020s ]
SQL: SELECT * FROM `one_duty`  [ RunTime:0.0000s ]
NOTIC: [8] Undefined offset: -1 E:\phpStudy\WWW\aaaa\Application\Admin\Controller\XiangmuController.class.php 第 109 行.
SQL: SHOW COLUMNS FROM `one_xiangmu_fenlei` [ RunTime:0.0020s ]
SQL: SELECT * FROM `one_xiangmu_fenlei`  [ RunTime:0.0000s ]
SQL: SHOW COLUMNS FROM `one_xiangmu` [ RunTime:0.0020s ]
SQL: SELECT COUNT(*) AS tp_count FROM `one_xiangmu` LIMIT 1   [ RunTime:0.0000s ]
SQL: SELECT `id`,`name`,`fenlei`,`location`,`company`,`man`,`phone`,`work_progress`,`next_plan`,`problem`,`help`,`action`,`major`,`major2`,`major3`,`major4`,`haimian`,`shenpi`,`user_uid`,`time`,`create_time`,`construction_year`,`construction_content`,`current_week`,`finish_time1`,`finish_time2`,`finish_time3`,`finish_time4`,`finish_time5`,`finish_time6`,`finish_time7`,`finish_time8`,`finish_time9`,`finish_time10`,`finish_time11`,`plan_01`,`plan_02`,`plan_03`,`plan_04`,`plan_05`,`plan_06`,`plan_07`,`money_need`,`next_year_plan`,`money_need_next`,`total_money` FROM `one_xiangmu` ORDER BY create_time desc LIMIT 0,15   [ RunTime:0.0010s ]
INFO: [ view_parse ] --START--
INFO: [ template_filter ] --START--
INFO: Run Behavior\ContentReplaceBehavior [ RunTime:0.000000s ]
INFO: [ template_filter ] --END-- [ RunTime:0.000000s ]
INFO: Run Behavior\ParseTemplateBehavior [ RunTime:0.013000s ]
INFO: [ view_parse ] --END-- [ RunTime:0.013000s ]
INFO: [ view_filter ] --START--
INFO: Run Behavior\WriteHtmlCacheBehavior [ RunTime:0.000000s ]
INFO: [ view_filter ] --END-- [ RunTime:0.000000s ]
INFO: [ app_end ] --START--
INFO: Run Behavior\ShowPageTraceBehavior [ RunTime:0.000000s ]
INFO: [ app_end ] --END-- [ RunTime:0.000000s ]

[ 2016-10-19T16:05:00+08:00 ] ::1 /aaaa/admin.php?s=/Xiangmu/bianji/id/620.html
INFO: [ app_init ] --START--
INFO: Run Behavior\BuildLiteBehavior [ RunTime:0.000000s ]
INFO: Run Common\Behavior\InitHookBehavior [ RunTime:0.001000s ]
INFO: [ app_init ] --END-- [ RunTime:0.001000s ]
INFO: [ app_begin ] --START--
INFO: Run Behavior\ReadHtmlCacheBehavior [ RunTime:0.000000s ]
INFO: [ app_begin ] --END-- [ RunTime:0.000000s ]
NOTIC: [2048] Declaration of Admin\Controller\XiangmuController::delete() should be compatible with Admin\Controller\AdminController::delete($model, $where = Array, $msg = Array) E:\phpStudy\WWW\aaaa\Application\Admin\Controller\XiangmuController.class.php 第 21 行.
SQL: SHOW COLUMNS FROM `one_duty` [ RunTime:0.0020s ]
SQL: SELECT * FROM `one_duty`  [ RunTime:0.0000s ]
NOTIC: [8] Undefined offset: -1 E:\phpStudy\WWW\aaaa\Application\Admin\Controller\XiangmuController.class.php 第 550 行.
SQL: SHOW COLUMNS FROM `one_xiangmu` [ RunTime:0.0010s ]
SQL: SELECT * FROM `one_xiangmu` WHERE `id` = 620  [ RunTime:0.0000s ]
SQL: SHOW COLUMNS FROM `one_fenlei_stage` [ RunTime:0.0250s ]
SQL: SELECT `stage_id` FROM `one_fenlei_stage` WHERE `fenlei_name` = '社会投资类'  [ RunTime:0.0080s ]
NOTIC: [8] Use of undefined constant stage_id - assumed 'stage_id' E:\phpStudy\WWW\aaaa\Application\Admin\Controller\XiangmuController.class.php 第 587 行.
SQL: SHOW COLUMNS FROM `one_stage` [ RunTime:0.0160s ]
SQL: SELECT * FROM `one_stage` WHERE `id` IN ('1','2','3','4')  [ RunTime:0.0100s ]
SQL: SHOW COLUMNS FROM `one_first_stage` [ RunTime:0.0120s ]
SQL: SELECT * FROM `one_first_stage` WHERE `xiangmu_id` = 620 AND `stage` = 1  [ RunTime:0.0040s ]
SQL: SELECT * FROM `one_first_stage` WHERE `xiangmu_id` = 620 AND `stage` = 2  [ RunTime:0.0010s ]
SQL: SELECT * FROM `one_first_stage` WHERE `xiangmu_id` = 620 AND `stage` = 3  [ RunTime:0.0000s ]
SQL: SELECT * FROM `one_first_stage` WHERE `xiangmu_id` = 620 AND `stage` = 4  [ RunTime:0.0000s ]
SQL: SHOW COLUMNS FROM `one_xiangmu_fenlei` [ RunTime:0.0020s ]
SQL: SELECT * FROM `one_xiangmu_fenlei`  [ RunTime:0.0000s ]
SQL: SELECT `user_uid` FROM `one_xiangmu` WHERE `id` = 620  [ RunTime:0.0000s ]
INFO: [ view_parse ] --START--
INFO: [ template_filter ] --START--
INFO: Run Behavior\ContentReplaceBehavior [ RunTime:0.001000s ]
INFO: [ template_filter ] --END-- [ RunTime:0.001000s ]
NOTIC: [8] Use of undefined constant Xiangmu - assumed 'Xiangmu' E:\phpStudy\WWW\aaaa\Runtime\Cache\Admin\3d5eed2de6d2f1711c7a3f9b0c1ba3b2.php 第 91 行.
NOTIC: [8] Use of undefined constant bianji - assumed 'bianji' E:\phpStudy\WWW\aaaa\Runtime\Cache\Admin\3d5eed2de6d2f1711c7a3f9b0c1ba3b2.php 第 91 行.
NOTIC: [2] Division by zero E:\phpStudy\WWW\aaaa\Runtime\Cache\Admin\3d5eed2de6d2f1711c7a3f9b0c1ba3b2.php 第 91 行.
NOTIC: [8] Undefined index: name E:\phpStudy\WWW\aaaa\Runtime\Cache\Admin\3d5eed2de6d2f1711c7a3f9b0c1ba3b2.php 第 95 行.
NOTIC: [8] Undefined index: fenlei E:\phpStudy\WWW\aaaa\Runtime\Cache\Admin\3d5eed2de6d2f1711c7a3f9b0c1ba3b2.php 第 109 行.
NOTIC: [8] Undefined index: fenlei E:\phpStudy\WWW\aaaa\Runtime\Cache\Admin\3d5eed2de6d2f1711c7a3f9b0c1ba3b2.php 第 109 行.
NOTIC: [8] Undefined index: fenlei E:\phpStudy\WWW\aaaa\Runtime\Cache\Admin\3d5eed2de6d2f1711c7a3f9b0c1ba3b2.php 第 109 行.
NOTIC: [8] Undefined index: location E:\phpStudy\WWW\aaaa\Runtime\Cache\Admin\3d5eed2de6d2f1711c7a3f9b0c1ba3b2.php 第 122 行.
NOTIC: [8] Undefined variable: company E:\phpStudy\WWW\aaaa\Runtime\Cache\Admin\3d5eed2de6d2f1711c7a3f9b0c1ba3b2.php 第 134 行.
NOTIC: [8] Undefined index: man E:\phpStudy\WWW\aaaa\Runtime\Cache\Admin\3d5eed2de6d2f1711c7a3f9b0c1ba3b2.php 第 148 行.
NOTIC: [8] Undefined index: phone E:\phpStudy\WWW\aaaa\Runtime\Cache\Admin\3d5eed2de6d2f1711c7a3f9b0c1ba3b2.php 第 156 行.
NOTIC: [8] Undefined index: work_progress E:\phpStudy\WWW\aaaa\Runtime\Cache\Admin\3d5eed2de6d2f1711c7a3f9b0c1ba3b2.php 第 163 行.
NOTIC: [8] Undefined index: next_plan E:\phpStudy\WWW\aaaa\Runtime\Cache\Admin\3d5eed2de6d2f1711c7a3f9b0c1ba3b2.php 第 170 行.
NOTIC: [8] Undefined index: problem E:\phpStudy\WWW\aaaa\Runtime\Cache\Admin\3d5eed2de6d2f1711c7a3f9b0c1ba3b2.php 第 177 行.
NOTIC: [8] Undefined index: construction_year E:\phpStudy\WWW\aaaa\Runtime\Cache\Admin\3d5eed2de6d2f1711c7a3f9b0c1ba3b2.php 第 184 行.
NOTIC: [8] Undefined index: construction_content E:\phpStudy\WWW\aaaa\Runtime\Cache\Admin\3d5eed2de6d2f1711c7a3f9b0c1ba3b2.php 第 191 行.
NOTIC: [8] Undefined index: current_week E:\phpStudy\WWW\aaaa\Runtime\Cache\Admin\3d5eed2de6d2f1711c7a3f9b0c1ba3b2.php 第 198 行.
NOTIC: [8] Undefined index: finish_time1 E:\phpStudy\WWW\aaaa\Runtime\Cache\Admin\3d5eed2de6d2f1711c7a3f9b0c1ba3b2.php 第 205 行.
NOTIC: [8] Undefined index: finish_time2 E:\phpStudy\WWW\aaaa\Runtime\Cache\Admin\3d5eed2de6d2f1711c7a3f9b0c1ba3b2.php 第 212 行.
NOTIC: [8] Undefined index: finish_time3 E:\phpStudy\WWW\aaaa\Runtime\Cache\Admin\3d5eed2de6d2f1711c7a3f9b0c1ba3b2.php 第 219 行.
NOTIC: [8] Undefined index: finish_time4 E:\phpStudy\WWW\aaaa\Runtime\Cache\Admin\3d5eed2de6d2f1711c7a3f9b0c1ba3b2.php 第 225 行.
NOTIC: [8] Undefined index: finish_time5 E:\phpStudy\WWW\aaaa\Runtime\Cache\Admin\3d5eed2de6d2f1711c7a3f9b0c1ba3b2.php 第 231 行.
NOTIC: [8] Undefined index: finsih_time6 E:\phpStudy\WWW\aaaa\Runtime\Cache\Admin\3d5eed2de6d2f1711c7a3f9b0c1ba3b2.php 第 237 行.
NOTIC: [8] Undefined index: finish_time7 E:\phpStudy\WWW\aaaa\Runtime\Cache\Admin\3d5eed2de6d2f1711c7a3f9b0c1ba3b2.php 第 243 行.
NOTIC: [8] Undefined index: finsih_time8 E:\phpStudy\WWW\aaaa\Runtime\Cache\Admin\3d5eed2de6d2f1711c7a3f9b0c1ba3b2.php 第 249 行.
NOTIC: [8] Undefined index: finish_time9 E:\phpStudy\WWW\aaaa\Runtime\Cache\Admin\3d5eed2de6d2f1711c7a3f9b0c1ba3b2.php 第 255 行.
NOTIC: [8] Undefined index: finish_time10 E:\phpStudy\WWW\aaaa\Runtime\Cache\Admin\3d5eed2de6d2f1711c7a3f9b0c1ba3b2.php 第 261 行.
NOTIC: [8] Undefined index: finish_time11 E:\phpStudy\WWW\aaaa\Runtime\Cache\Admin\3d5eed2de6d2f1711c7a3f9b0c1ba3b2.php 第 267 行.
NOTIC: [8] Undefined index: plan_01 E:\phpStudy\WWW\aaaa\Runtime\Cache\Admin\3d5eed2de6d2f1711c7a3f9b0c1ba3b2.php 第 273 行.
NOTIC: [8] Undefined index: plan_02 E:\phpStudy\WWW\aaaa\Runtime\Cache\Admin\3d5eed2de6d2f1711c7a3f9b0c1ba3b2.php 第 279 行.
NOTIC: [8] Undefined index: plan_03 E:\phpStudy\WWW\aaaa\Runtime\Cache\Admin\3d5eed2de6d2f1711c7a3f9b0c1ba3b2.php 第 285 行.
NOTIC: [8] Undefined index: plan_04 E:\phpStudy\WWW\aaaa\Runtime\Cache\Admin\3d5eed2de6d2f1711c7a3f9b0c1ba3b2.php 第 291 行.
NOTIC: [8] Undefined index: plan_05 E:\phpStudy\WWW\aaaa\Runtime\Cache\Admin\3d5eed2de6d2f1711c7a3f9b0c1ba3b2.php 第 297 行.
NOTIC: [8] Undefined index: plan_06 E:\phpStudy\WWW\aaaa\Runtime\Cache\Admin\3d5eed2de6d2f1711c7a3f9b0c1ba3b2.php 第 303 行.
NOTIC: [8] Undefined index: plan_07 E:\phpStudy\WWW\aaaa\Runtime\Cache\Admin\3d5eed2de6d2f1711c7a3f9b0c1ba3b2.php 第 309 行.
NOTIC: [8] Undefined index: money_need E:\phpStudy\WWW\aaaa\Runtime\Cache\Admin\3d5eed2de6d2f1711c7a3f9b0c1ba3b2.php 第 315 行.
NOTIC: [8] Undefined index: next_year_plan E:\phpStudy\WWW\aaaa\Runtime\Cache\Admin\3d5eed2de6d2f1711c7a3f9b0c1ba3b2.php 第 321 行.
NOTIC: [8] Undefined index: money_need_next E:\phpStudy\WWW\aaaa\Runtime\Cache\Admin\3d5eed2de6d2f1711c7a3f9b0c1ba3b2.php 第 327 行.
NOTIC: [8] Undefined index: help E:\phpStudy\WWW\aaaa\Runtime\Cache\Admin\3d5eed2de6d2f1711c7a3f9b0c1ba3b2.php 第 337 行.
NOTIC: [8] Undefined index: action E:\phpStudy\WWW\aaaa\Runtime\Cache\Admin\3d5eed2de6d2f1711c7a3f9b0c1ba3b2.php 第 342 行.
NOTIC: [8] Undefined variable: r1 E:\phpStudy\WWW\aaaa\Runtime\Cache\Admin\3d5eed2de6d2f1711c7a3f9b0c1ba3b2.php 第 357 行.
NOTIC: [8] Undefined index: major2 E:\phpStudy\WWW\aaaa\Runtime\Cache\Admin\3d5eed2de6d2f1711c7a3f9b0c1ba3b2.php 第 361 行.
NOTIC: [8] Undefined index: major3 E:\phpStudy\WWW\aaaa\Runtime\Cache\Admin\3d5eed2de6d2f1711c7a3f9b0c1ba3b2.php 第 366 行.
NOTIC: [8] Undefined variable: r1 E:\phpStudy\WWW\aaaa\Runtime\Cache\Admin\3d5eed2de6d2f1711c7a3f9b0c1ba3b2.php 第 370 行.
NOTIC: [8] Undefined variable: r1 E:\phpStudy\WWW\aaaa\Runtime\Cache\Admin\3d5eed2de6d2f1711c7a3f9b0c1ba3b2.php 第 376 行.
NOTIC: [8] Undefined variable: res_id E:\phpStudy\WWW\aaaa\Runtime\Cache\Admin\3d5eed2de6d2f1711c7a3f9b0c1ba3b2.php 第 380 行.
NOTIC: [8] Undefined variable: jumpurl E:\phpStudy\WWW\aaaa\Runtime\Cache\Admin\3d5eed2de6d2f1711c7a3f9b0c1ba3b2.php 第 382 行.
NOTIC: [8] Use of undefined constant Index - assumed 'Index' E:\phpStudy\WWW\aaaa\Runtime\Cache\Admin\3d5eed2de6d2f1711c7a3f9b0c1ba3b2.php 第 386 行.
NOTIC: [8] Use of undefined constant bianji - assumed 'bianji' E:\phpStudy\WWW\aaaa\Runtime\Cache\Admin\3d5eed2de6d2f1711c7a3f9b0c1ba3b2.php 第 386 行.
NOTIC: [2] Division by zero E:\phpStudy\WWW\aaaa\Runtime\Cache\Admin\3d5eed2de6d2f1711c7a3f9b0c1ba3b2.php 第 386 行.
INFO: Run Behavior\ParseTemplateBehavior [ RunTime:0.037000s ]
INFO: [ view_parse ] --END-- [ RunTime:0.037000s ]
INFO: [ view_filter ] --START--
INFO: Run Behavior\WriteHtmlCacheBehavior [ RunTime:0.001000s ]
INFO: [ view_filter ] --END-- [ RunTime:0.001000s ]
INFO: [ app_end ] --START--
INFO: Run Behavior\ShowPageTraceBehavior [ RunTime:0.001000s ]
INFO: [ app_end ] --END-- [ RunTime:0.001000s ]

[ 2016-10-19T16:08:34+08:00 ] ::1 /aaaa/admin.php?s=/Xiangmu/index/pgv_pvi/1329485824/Hm_lvt_90c03209a96512a48c732354120dc956/1476149731%2C1476162890/PHPSESSID/pt74ld2db11kil2cbvqbsu5pe1/p/1.html
INFO: [ app_init ] --START--
INFO: Run Behavior\BuildLiteBehavior [ RunTime:0.000000s ]
INFO: Run Common\Behavior\InitHookBehavior [ RunTime:0.002000s ]
INFO: [ app_init ] --END-- [ RunTime:0.002000s ]
INFO: [ app_begin ] --START--
INFO: Run Behavior\ReadHtmlCacheBehavior [ RunTime:0.000000s ]
INFO: [ app_begin ] --END-- [ RunTime:0.000000s ]
NOTIC: [2048] Declaration of Admin\Controller\XiangmuController::delete() should be compatible with Admin\Controller\AdminController::delete($model, $where = Array, $msg = Array) E:\phpStudy\WWW\aaaa\Application\Admin\Controller\XiangmuController.class.php 第 21 行.
SQL: SHOW COLUMNS FROM `one_xiangmu` [ RunTime:0.0020s ]
SQL: SELECT * FROM `one_xiangmu`  [ RunTime:0.0010s ]
NOTIC: [8] Undefined variable: i E:\phpStudy\WWW\aaaa\Application\Admin\Controller\XiangmuController.class.php 第 76 行.
NOTIC: [8] Undefined variable: i E:\phpStudy\WWW\aaaa\Application\Admin\Controller\XiangmuController.class.php 第 76 行.
NOTIC: [8] Undefined variable: i E:\phpStudy\WWW\aaaa\Application\Admin\Controller\XiangmuController.class.php 第 78 行.
NOTIC: [8] Undefined offset: -1 E:\phpStudy\WWW\aaaa\Application\Admin\Controller\XiangmuController.class.php 第 78 行.
NOTIC: [8] Undefined variable: i E:\phpStudy\WWW\aaaa\Application\Admin\Controller\XiangmuController.class.php 第 78 行.
NOTIC: [8] Undefined variable: i E:\phpStudy\WWW\aaaa\Application\Admin\Controller\XiangmuController.class.php 第 76 行.
SQL: SHOW COLUMNS FROM `one_duty` [ RunTime:0.0020s ]
SQL: SELECT * FROM `one_duty`  [ RunTime:0.0000s ]
NOTIC: [8] Undefined offset: -1 E:\phpStudy\WWW\aaaa\Application\Admin\Controller\XiangmuController.class.php 第 109 行.
SQL: SHOW COLUMNS FROM `one_xiangmu_fenlei` [ RunTime:0.0010s ]
SQL: SELECT * FROM `one_xiangmu_fenlei`  [ RunTime:0.0000s ]
SQL: SHOW COLUMNS FROM `one_xiangmu` [ RunTime:0.0020s ]
SQL: SELECT COUNT(*) AS tp_count FROM `one_xiangmu` LIMIT 1   [ RunTime:0.0010s ]
SQL: SELECT `id`,`name`,`fenlei`,`location`,`company`,`man`,`phone`,`work_progress`,`next_plan`,`problem`,`help`,`action`,`major`,`major2`,`major3`,`major4`,`haimian`,`shenpi`,`user_uid`,`time`,`create_time`,`construction_year`,`construction_content`,`current_week`,`finish_time1`,`finish_time2`,`finish_time3`,`finish_time4`,`finish_time5`,`finish_time6`,`finish_time7`,`finish_time8`,`finish_time9`,`finish_time10`,`finish_time11`,`plan_01`,`plan_02`,`plan_03`,`plan_04`,`plan_05`,`plan_06`,`plan_07`,`money_need`,`next_year_plan`,`money_need_next`,`total_money` FROM `one_xiangmu` ORDER BY create_time desc LIMIT 0,15   [ RunTime:0.0010s ]
INFO: [ view_parse ] --START--
INFO: [ template_filter ] --START--
INFO: Run Behavior\ContentReplaceBehavior [ RunTime:0.000000s ]
INFO: [ template_filter ] --END-- [ RunTime:0.001000s ]
INFO: Run Behavior\ParseTemplateBehavior [ RunTime:0.014000s ]
INFO: [ view_parse ] --END-- [ RunTime:0.014000s ]
INFO: [ view_filter ] --START--
INFO: Run Behavior\WriteHtmlCacheBehavior [ RunTime:0.000000s ]
INFO: [ view_filter ] --END-- [ RunTime:0.000000s ]
INFO: [ app_end ] --START--
INFO: Run Behavior\ShowPageTraceBehavior [ RunTime:0.000000s ]
INFO: [ app_end ] --END-- [ RunTime:0.000000s ]

[ 2016-10-19T16:23:14+08:00 ] ::1 /aaaa/admin.php?s=/Xiangmu/index/pgv_pvi/1329485824/Hm_lvt_90c03209a96512a48c732354120dc956/1476149731%2C1476162890/PHPSESSID/pt74ld2db11kil2cbvqbsu5pe1/p/1.html
INFO: [ app_init ] --START--
INFO: Run Behavior\BuildLiteBehavior [ RunTime:0.000000s ]
INFO: Run Common\Behavior\InitHookBehavior [ RunTime:0.002000s ]
INFO: [ app_init ] --END-- [ RunTime:0.002000s ]
INFO: [ app_begin ] --START--
INFO: Run Behavior\ReadHtmlCacheBehavior [ RunTime:0.001000s ]
INFO: [ app_begin ] --END-- [ RunTime:0.001000s ]
NOTIC: [2048] Declaration of Admin\Controller\XiangmuController::delete() should be compatible with Admin\Controller\AdminController::delete($model, $where = Array, $msg = Array) E:\phpStudy\WWW\aaaa\Application\Admin\Controller\XiangmuController.class.php 第 21 行.
SQL: SHOW COLUMNS FROM `one_xiangmu` [ RunTime:0.0020s ]
SQL: SELECT * FROM `one_xiangmu`  [ RunTime:0.0000s ]
NOTIC: [8] Undefined variable: i E:\phpStudy\WWW\aaaa\Application\Admin\Controller\XiangmuController.class.php 第 76 行.
NOTIC: [8] Undefined variable: i E:\phpStudy\WWW\aaaa\Application\Admin\Controller\XiangmuController.class.php 第 76 行.
NOTIC: [8] Undefined variable: i E:\phpStudy\WWW\aaaa\Application\Admin\Controller\XiangmuController.class.php 第 78 行.
NOTIC: [8] Undefined offset: -1 E:\phpStudy\WWW\aaaa\Application\Admin\Controller\XiangmuController.class.php 第 78 行.
NOTIC: [8] Undefined variable: i E:\phpStudy\WWW\aaaa\Application\Admin\Controller\XiangmuController.class.php 第 78 行.
NOTIC: [8] Undefined variable: i E:\phpStudy\WWW\aaaa\Application\Admin\Controller\XiangmuController.class.php 第 76 行.
SQL: SHOW COLUMNS FROM `one_duty` [ RunTime:0.0020s ]
SQL: SELECT * FROM `one_duty`  [ RunTime:0.0000s ]
NOTIC: [8] Undefined offset: -1 E:\phpStudy\WWW\aaaa\Application\Admin\Controller\XiangmuController.class.php 第 109 行.
SQL: SHOW COLUMNS FROM `one_xiangmu_fenlei` [ RunTime:0.0010s ]
SQL: SELECT * FROM `one_xiangmu_fenlei`  [ RunTime:0.0000s ]
SQL: SHOW COLUMNS FROM `one_xiangmu` [ RunTime:0.0010s ]
SQL: SELECT COUNT(*) AS tp_count FROM `one_xiangmu` LIMIT 1   [ RunTime:0.0000s ]
SQL: SELECT `id`,`name`,`fenlei`,`location`,`company`,`man`,`phone`,`work_progress`,`next_plan`,`problem`,`help`,`action`,`major`,`major2`,`major3`,`major4`,`haimian`,`shenpi`,`user_uid`,`time`,`create_time`,`construction_year`,`construction_content`,`current_week`,`finish_time1`,`finish_time2`,`finish_time3`,`finish_time4`,`finish_time5`,`finish_time6`,`finish_time7`,`finish_time8`,`finish_time9`,`finish_time10`,`finish_time11`,`plan_01`,`plan_02`,`plan_03`,`plan_04`,`plan_05`,`plan_06`,`plan_07`,`money_need`,`next_year_plan`,`money_need_next`,`total_money` FROM `one_xiangmu` ORDER BY create_time desc LIMIT 0,15   [ RunTime:0.0010s ]
INFO: [ view_parse ] --START--
INFO: [ template_filter ] --START--
INFO: Run Behavior\ContentReplaceBehavior [ RunTime:0.000000s ]
INFO: [ template_filter ] --END-- [ RunTime:0.000000s ]
INFO: Run Behavior\ParseTemplateBehavior [ RunTime:0.026000s ]
INFO: [ view_parse ] --END-- [ RunTime:0.026000s ]
INFO: [ view_filter ] --START--
INFO: Run Behavior\WriteHtmlCacheBehavior [ RunTime:0.001000s ]
INFO: [ view_filter ] --END-- [ RunTime:0.001000s ]
INFO: [ app_end ] --START--
INFO: Run Behavior\ShowPageTraceBehavior [ RunTime:0.001000s ]
INFO: [ app_end ] --END-- [ RunTime:0.001000s ]

[ 2016-10-19T16:25:18+08:00 ] ::1 /aaaa/admin.php?s=/Xiangmu/bianji/id/620.html
INFO: [ app_init ] --START--
INFO: Run Behavior\BuildLiteBehavior [ RunTime:0.000000s ]
INFO: Run Common\Behavior\InitHookBehavior [ RunTime:0.001000s ]
INFO: [ app_init ] --END-- [ RunTime:0.002000s ]
INFO: [ app_begin ] --START--
INFO: Run Behavior\ReadHtmlCacheBehavior [ RunTime:0.001000s ]
INFO: [ app_begin ] --END-- [ RunTime:0.001000s ]
NOTIC: [2048] Declaration of Admin\Controller\XiangmuController::delete() should be compatible with Admin\Controller\AdminController::delete($model, $where = Array, $msg = Array) E:\phpStudy\WWW\aaaa\Application\Admin\Controller\XiangmuController.class.php 第 21 行.
SQL: SHOW COLUMNS FROM `one_duty` [ RunTime:0.0020s ]
SQL: SELECT * FROM `one_duty`  [ RunTime:0.0000s ]
NOTIC: [8] Undefined offset: -1 E:\phpStudy\WWW\aaaa\Application\Admin\Controller\XiangmuController.class.php 第 550 行.
SQL: SHOW COLUMNS FROM `one_xiangmu` [ RunTime:0.0020s ]
SQL: SELECT * FROM `one_xiangmu` WHERE `id` = 620  [ RunTime:0.0000s ]
SQL: SHOW COLUMNS FROM `one_fenlei_stage` [ RunTime:0.0010s ]
SQL: SELECT `stage_id` FROM `one_fenlei_stage` WHERE `fenlei_name` = '社会投资类'  [ RunTime:0.0010s ]
NOTIC: [8] Use of undefined constant stage_id - assumed 'stage_id' E:\phpStudy\WWW\aaaa\Application\Admin\Controller\XiangmuController.class.php 第 587 行.
SQL: SHOW COLUMNS FROM `one_stage` [ RunTime:0.0010s ]
SQL: SELECT * FROM `one_stage` WHERE `id` IN ('1','2','3','4')  [ RunTime:0.0000s ]
SQL: SHOW COLUMNS FROM `one_first_stage` [ RunTime:0.0020s ]
SQL: SELECT * FROM `one_first_stage` WHERE `xiangmu_id` = 620 AND `stage` = 1  [ RunTime:0.0000s ]
SQL: SELECT * FROM `one_first_stage` WHERE `xiangmu_id` = 620 AND `stage` = 2  [ RunTime:0.0000s ]
SQL: SELECT * FROM `one_first_stage` WHERE `xiangmu_id` = 620 AND `stage` = 3  [ RunTime:0.0010s ]
SQL: SELECT * FROM `one_first_stage` WHERE `xiangmu_id` = 620 AND `stage` = 4  [ RunTime:0.0000s ]
SQL: SHOW COLUMNS FROM `one_xiangmu_fenlei` [ RunTime:0.0010s ]
SQL: SELECT * FROM `one_xiangmu_fenlei`  [ RunTime:0.0000s ]
SQL: SELECT `user_uid` FROM `one_xiangmu` WHERE `id` = 620  [ RunTime:0.0000s ]
INFO: [ view_parse ] --START--
INFO: [ template_filter ] --START--
INFO: Run Behavior\ContentReplaceBehavior [ RunTime:0.000000s ]
INFO: [ template_filter ] --END-- [ RunTime:0.000000s ]
NOTIC: [8] Use of undefined constant Xiangmu - assumed 'Xiangmu' E:\phpStudy\WWW\aaaa\Runtime\Cache\Admin\3d5eed2de6d2f1711c7a3f9b0c1ba3b2.php 第 91 行.
NOTIC: [8] Use of undefined constant bianji - assumed 'bianji' E:\phpStudy\WWW\aaaa\Runtime\Cache\Admin\3d5eed2de6d2f1711c7a3f9b0c1ba3b2.php 第 91 行.
NOTIC: [2] Division by zero E:\phpStudy\WWW\aaaa\Runtime\Cache\Admin\3d5eed2de6d2f1711c7a3f9b0c1ba3b2.php 第 91 行.
NOTIC: [8] Undefined index: name E:\phpStudy\WWW\aaaa\Runtime\Cache\Admin\3d5eed2de6d2f1711c7a3f9b0c1ba3b2.php 第 95 行.
NOTIC: [8] Undefined index: fenlei E:\phpStudy\WWW\aaaa\Runtime\Cache\Admin\3d5eed2de6d2f1711c7a3f9b0c1ba3b2.php 第 109 行.
NOTIC: [8] Undefined index: fenlei E:\phpStudy\WWW\aaaa\Runtime\Cache\Admin\3d5eed2de6d2f1711c7a3f9b0c1ba3b2.php 第 109 行.
NOTIC: [8] Undefined index: fenlei E:\phpStudy\WWW\aaaa\Runtime\Cache\Admin\3d5eed2de6d2f1711c7a3f9b0c1ba3b2.php 第 109 行.
NOTIC: [8] Undefined index: location E:\phpStudy\WWW\aaaa\Runtime\Cache\Admin\3d5eed2de6d2f1711c7a3f9b0c1ba3b2.php 第 122 行.
NOTIC: [8] Undefined variable: company E:\phpStudy\WWW\aaaa\Runtime\Cache\Admin\3d5eed2de6d2f1711c7a3f9b0c1ba3b2.php 第 134 行.
NOTIC: [8] Undefined index: man E:\phpStudy\WWW\aaaa\Runtime\Cache\Admin\3d5eed2de6d2f1711c7a3f9b0c1ba3b2.php 第 148 行.
NOTIC: [8] Undefined index: phone E:\phpStudy\WWW\aaaa\Runtime\Cache\Admin\3d5eed2de6d2f1711c7a3f9b0c1ba3b2.php 第 156 行.
NOTIC: [8] Undefined index: work_progress E:\phpStudy\WWW\aaaa\Runtime\Cache\Admin\3d5eed2de6d2f1711c7a3f9b0c1ba3b2.php 第 163 行.
NOTIC: [8] Undefined index: next_plan E:\phpStudy\WWW\aaaa\Runtime\Cache\Admin\3d5eed2de6d2f1711c7a3f9b0c1ba3b2.php 第 170 行.
NOTIC: [8] Undefined index: problem E:\phpStudy\WWW\aaaa\Runtime\Cache\Admin\3d5eed2de6d2f1711c7a3f9b0c1ba3b2.php 第 177 行.
NOTIC: [8] Undefined index: construction_year E:\phpStudy\WWW\aaaa\Runtime\Cache\Admin\3d5eed2de6d2f1711c7a3f9b0c1ba3b2.php 第 184 行.
NOTIC: [8] Undefined index: construction_content E:\phpStudy\WWW\aaaa\Runtime\Cache\Admin\3d5eed2de6d2f1711c7a3f9b0c1ba3b2.php 第 191 行.
NOTIC: [8] Undefined index: current_week E:\phpStudy\WWW\aaaa\Runtime\Cache\Admin\3d5eed2de6d2f1711c7a3f9b0c1ba3b2.php 第 198 行.
NOTIC: [8] Undefined index: finish_time1 E:\phpStudy\WWW\aaaa\Runtime\Cache\Admin\3d5eed2de6d2f1711c7a3f9b0c1ba3b2.php 第 205 行.
NOTIC: [8] Undefined index: finish_time2 E:\phpStudy\WWW\aaaa\Runtime\Cache\Admin\3d5eed2de6d2f1711c7a3f9b0c1ba3b2.php 第 212 行.
NOTIC: [8] Undefined index: finish_time3 E:\phpStudy\WWW\aaaa\Runtime\Cache\Admin\3d5eed2de6d2f1711c7a3f9b0c1ba3b2.php 第 219 行.
NOTIC: [8] Undefined index: finish_time4 E:\phpStudy\WWW\aaaa\Runtime\Cache\Admin\3d5eed2de6d2f1711c7a3f9b0c1ba3b2.php 第 225 行.
NOTIC: [8] Undefined index: finish_time5 E:\phpStudy\WWW\aaaa\Runtime\Cache\Admin\3d5eed2de6d2f1711c7a3f9b0c1ba3b2.php 第 231 行.
NOTIC: [8] Undefined index: finsih_time6 E:\phpStudy\WWW\aaaa\Runtime\Cache\Admin\3d5eed2de6d2f1711c7a3f9b0c1ba3b2.php 第 237 行.
NOTIC: [8] Undefined index: finish_time7 E:\phpStudy\WWW\aaaa\Runtime\Cache\Admin\3d5eed2de6d2f1711c7a3f9b0c1ba3b2.php 第 243 行.
NOTIC: [8] Undefined index: finsih_time8 E:\phpStudy\WWW\aaaa\Runtime\Cache\Admin\3d5eed2de6d2f1711c7a3f9b0c1ba3b2.php 第 249 行.
NOTIC: [8] Undefined index: finish_time9 E:\phpStudy\WWW\aaaa\Runtime\Cache\Admin\3d5eed2de6d2f1711c7a3f9b0c1ba3b2.php 第 255 行.
NOTIC: [8] Undefined index: finish_time10 E:\phpStudy\WWW\aaaa\Runtime\Cache\Admin\3d5eed2de6d2f1711c7a3f9b0c1ba3b2.php 第 261 行.
NOTIC: [8] Undefined index: finish_time11 E:\phpStudy\WWW\aaaa\Runtime\Cache\Admin\3d5eed2de6d2f1711c7a3f9b0c1ba3b2.php 第 267 行.
NOTIC: [8] Undefined index: plan_01 E:\phpStudy\WWW\aaaa\Runtime\Cache\Admin\3d5eed2de6d2f1711c7a3f9b0c1ba3b2.php 第 273 行.
NOTIC: [8] Undefined index: plan_02 E:\phpStudy\WWW\aaaa\Runtime\Cache\Admin\3d5eed2de6d2f1711c7a3f9b0c1ba3b2.php 第 279 行.
NOTIC: [8] Undefined index: plan_03 E:\phpStudy\WWW\aaaa\Runtime\Cache\Admin\3d5eed2de6d2f1711c7a3f9b0c1ba3b2.php 第 285 行.
NOTIC: [8] Undefined index: plan_04 E:\phpStudy\WWW\aaaa\Runtime\Cache\Admin\3d5eed2de6d2f1711c7a3f9b0c1ba3b2.php 第 291 行.
NOTIC: [8] Undefined index: plan_05 E:\phpStudy\WWW\aaaa\Runtime\Cache\Admin\3d5eed2de6d2f1711c7a3f9b0c1ba3b2.php 第 297 行.
NOTIC: [8] Undefined index: plan_06 E:\phpStudy\WWW\aaaa\Runtime\Cache\Admin\3d5eed2de6d2f1711c7a3f9b0c1ba3b2.php 第 303 行.
NOTIC: [8] Undefined index: plan_07 E:\phpStudy\WWW\aaaa\Runtime\Cache\Admin\3d5eed2de6d2f1711c7a3f9b0c1ba3b2.php 第 309 行.
NOTIC: [8] Undefined index: money_need E:\phpStudy\WWW\aaaa\Runtime\Cache\Admin\3d5eed2de6d2f1711c7a3f9b0c1ba3b2.php 第 315 行.
NOTIC: [8] Undefined index: next_year_plan E:\phpStudy\WWW\aaaa\Runtime\Cache\Admin\3d5eed2de6d2f1711c7a3f9b0c1ba3b2.php 第 321 行.
NOTIC: [8] Undefined index: money_need_next E:\phpStudy\WWW\aaaa\Runtime\Cache\Admin\3d5eed2de6d2f1711c7a3f9b0c1ba3b2.php 第 327 行.
NOTIC: [8] Undefined index: help E:\phpStudy\WWW\aaaa\Runtime\Cache\Admin\3d5eed2de6d2f1711c7a3f9b0c1ba3b2.php 第 337 行.
NOTIC: [8] Undefined index: action E:\phpStudy\WWW\aaaa\Runtime\Cache\Admin\3d5eed2de6d2f1711c7a3f9b0c1ba3b2.php 第 342 行.
NOTIC: [8] Undefined variable: r1 E:\phpStudy\WWW\aaaa\Runtime\Cache\Admin\3d5eed2de6d2f1711c7a3f9b0c1ba3b2.php 第 357 行.
NOTIC: [8] Undefined index: major2 E:\phpStudy\WWW\aaaa\Runtime\Cache\Admin\3d5eed2de6d2f1711c7a3f9b0c1ba3b2.php 第 361 行.
NOTIC: [8] Undefined index: major3 E:\phpStudy\WWW\aaaa\Runtime\Cache\Admin\3d5eed2de6d2f1711c7a3f9b0c1ba3b2.php 第 366 行.
NOTIC: [8] Undefined variable: r1 E:\phpStudy\WWW\aaaa\Runtime\Cache\Admin\3d5eed2de6d2f1711c7a3f9b0c1ba3b2.php 第 370 行.
NOTIC: [8] Undefined variable: r1 E:\phpStudy\WWW\aaaa\Runtime\Cache\Admin\3d5eed2de6d2f1711c7a3f9b0c1ba3b2.php 第 376 行.
NOTIC: [8] Undefined variable: res_id E:\phpStudy\WWW\aaaa\Runtime\Cache\Admin\3d5eed2de6d2f1711c7a3f9b0c1ba3b2.php 第 380 行.
NOTIC: [8] Undefined variable: jumpurl E:\phpStudy\WWW\aaaa\Runtime\Cache\Admin\3d5eed2de6d2f1711c7a3f9b0c1ba3b2.php 第 382 行.
NOTIC: [8] Use of undefined constant Index - assumed 'Index' E:\phpStudy\WWW\aaaa\Runtime\Cache\Admin\3d5eed2de6d2f1711c7a3f9b0c1ba3b2.php 第 386 行.
NOTIC: [8] Use of undefined constant bianji - assumed 'bianji' E:\phpStudy\WWW\aaaa\Runtime\Cache\Admin\3d5eed2de6d2f1711c7a3f9b0c1ba3b2.php 第 386 行.
NOTIC: [2] Division by zero E:\phpStudy\WWW\aaaa\Runtime\Cache\Admin\3d5eed2de6d2f1711c7a3f9b0c1ba3b2.php 第 386 行.
INFO: Run Behavior\ParseTemplateBehavior [ RunTime:0.024000s ]
INFO: [ view_parse ] --END-- [ RunTime:0.024000s ]
INFO: [ view_filter ] --START--
INFO: Run Behavior\WriteHtmlCacheBehavior [ RunTime:0.000000s ]
INFO: [ view_filter ] --END-- [ RunTime:0.000000s ]
INFO: [ app_end ] --START--
INFO: Run Behavior\ShowPageTraceBehavior [ RunTime:0.000000s ]
INFO: [ app_end ] --END-- [ RunTime:0.000000s ]

